[0.175s] DEBUG:colcon:Command line arguments: ['/usr/bin/colcon', 'build', '--packages-select', 'ainex_interfaces']
[0.175s] DEBUG:colcon:Parsed command line arguments: Namespace(log_base=None, log_level=None, verb_name='build', build_base='build', install_base='install', merge_install=False, symlink_install=False, test_result_base=None, continue_on_error=False, executor='parallel', parallel_workers=4, event_handlers=None, ignore_user_meta=False, metas=['./colcon.meta'], base_paths=['.'], packages_ignore=None, packages_ignore_regex=None, paths=None, packages_up_to=None, packages_up_to_regex=None, packages_above=None, packages_above_and_dependencies=None, packages_above_depth=None, packages_select_by_dep=None, packages_skip_by_dep=None, packages_skip_up_to=None, packages_select_build_failed=False, packages_skip_build_finished=False, packages_select_test_failures=False, packages_skip_test_passed=False, packages_select=['ainex_interfaces'], packages_skip=None, packages_select_regex=None, packages_skip_regex=None, packages_start=None, packages_end=None, allow_overriding=[], cmake_args=None, cmake_target=None, cmake_target_skip_unavailable=False, cmake_clean_cache=False, cmake_clean_first=False, cmake_force_configure=False, ament_cmake_args=None, catkin_cmake_args=None, catkin_skip_building_tests=False, mixin_files=None, mixin=None, verb_parser=<colcon_mixin.mixin.mixin_argument.MixinArgumentDecorator object at 0xffffa933cce0>, verb_extension=<colcon_core.verb.build.BuildVerb object at 0xffffa9d93410>, main=<bound method BuildVerb.main of <colcon_core.verb.build.BuildVerb object at 0xffffa9d93410>>, mixin_verb=('build',))
[0.241s] Level 1:colcon.colcon_core.package_discovery:discover_packages(colcon_meta) check parameters
[0.241s] Level 1:colcon.colcon_core.package_discovery:discover_packages(recursive) check parameters
[0.241s] Level 1:colcon.colcon_core.package_discovery:discover_packages(ignore) check parameters
[0.242s] Level 1:colcon.colcon_core.package_discovery:discover_packages(path) check parameters
[0.242s] Level 1:colcon.colcon_core.package_discovery:discover_packages(colcon_meta) discover
[0.242s] Level 1:colcon.colcon_core.package_discovery:discover_packages(recursive) discover
[0.242s] INFO:colcon.colcon_core.package_discovery:Crawling recursively for packages in '/home/vgi/ainex_ws'
[0.242s] Level 1:colcon.colcon_core.package_identification:_identify(.) by extensions ['ignore', 'ignore_ament_install']
[0.242s] Level 1:colcon.colcon_core.package_identification:_identify(.) by extension 'ignore'
[0.242s] Level 1:colcon.colcon_core.package_identification:_identify(.) by extension 'ignore_ament_install'
[0.242s] Level 1:colcon.colcon_core.package_identification:_identify(.) by extensions ['colcon_pkg']
[0.243s] Level 1:colcon.colcon_core.package_identification:_identify(.) by extension 'colcon_pkg'
[0.243s] Level 1:colcon.colcon_core.package_identification:_identify(.) by extensions ['colcon_meta']
[0.243s] Level 1:colcon.colcon_core.package_identification:_identify(.) by extension 'colcon_meta'
[0.243s] Level 1:colcon.colcon_core.package_identification:_identify(.) by extensions ['ros']
[0.243s] Level 1:colcon.colcon_core.package_identification:_identify(.) by extension 'ros'
[0.296s] Level 1:colcon.colcon_core.package_identification:_identify(.) by extensions ['cmake', 'python']
[0.296s] Level 1:colcon.colcon_core.package_identification:_identify(.) by extension 'cmake'
[0.296s] Level 1:colcon.colcon_core.package_identification:_identify(.) by extension 'python'
[0.296s] Level 1:colcon.colcon_core.package_identification:_identify(.) by extensions ['python_setup_py']
[0.296s] Level 1:colcon.colcon_core.package_identification:_identify(.) by extension 'python_setup_py'
[0.296s] Level 1:colcon.colcon_core.package_identification:_identify(build) by extensions ['ignore', 'ignore_ament_install']
[0.296s] Level 1:colcon.colcon_core.package_identification:_identify(build) by extension 'ignore'
[0.296s] Level 1:colcon.colcon_core.package_identification:_identify(build) ignored
[0.297s] Level 1:colcon.colcon_core.package_identification:_identify(install) by extensions ['ignore', 'ignore_ament_install']
[0.297s] Level 1:colcon.colcon_core.package_identification:_identify(install) by extension 'ignore'
[0.297s] Level 1:colcon.colcon_core.package_identification:_identify(install) ignored
[0.297s] Level 1:colcon.colcon_core.package_identification:_identify(log) by extensions ['ignore', 'ignore_ament_install']
[0.297s] Level 1:colcon.colcon_core.package_identification:_identify(log) by extension 'ignore'
[0.297s] Level 1:colcon.colcon_core.package_identification:_identify(log) ignored
[0.297s] Level 1:colcon.colcon_core.package_identification:_identify(src) by extensions ['ignore', 'ignore_ament_install']
[0.297s] Level 1:colcon.colcon_core.package_identification:_identify(src) by extension 'ignore'
[0.297s] Level 1:colcon.colcon_core.package_identification:_identify(src) by extension 'ignore_ament_install'
[0.297s] Level 1:colcon.colcon_core.package_identification:_identify(src) by extensions ['colcon_pkg']
[0.297s] Level 1:colcon.colcon_core.package_identification:_identify(src) by extension 'colcon_pkg'
[0.297s] Level 1:colcon.colcon_core.package_identification:_identify(src) by extensions ['colcon_meta']
[0.297s] Level 1:colcon.colcon_core.package_identification:_identify(src) by extension 'colcon_meta'
[0.298s] Level 1:colcon.colcon_core.package_identification:_identify(src) by extensions ['ros']
[0.298s] Level 1:colcon.colcon_core.package_identification:_identify(src) by extension 'ros'
[0.298s] Level 1:colcon.colcon_core.package_identification:_identify(src) by extensions ['cmake', 'python']
[0.298s] Level 1:colcon.colcon_core.package_identification:_identify(src) by extension 'cmake'
[0.298s] Level 1:colcon.colcon_core.package_identification:_identify(src) by extension 'python'
[0.298s] Level 1:colcon.colcon_core.package_identification:_identify(src) by extensions ['python_setup_py']
[0.298s] Level 1:colcon.colcon_core.package_identification:_identify(src) by extension 'python_setup_py'
[0.298s] Level 1:colcon.colcon_core.package_identification:_identify(src/ainex_arm) by extensions ['ignore', 'ignore_ament_install']
[0.298s] Level 1:colcon.colcon_core.package_identification:_identify(src/ainex_arm) by extension 'ignore'
[0.298s] Level 1:colcon.colcon_core.package_identification:_identify(src/ainex_arm) by extension 'ignore_ament_install'
[0.298s] Level 1:colcon.colcon_core.package_identification:_identify(src/ainex_arm) by extensions ['colcon_pkg']
[0.298s] Level 1:colcon.colcon_core.package_identification:_identify(src/ainex_arm) by extension 'colcon_pkg'
[0.298s] Level 1:colcon.colcon_core.package_identification:_identify(src/ainex_arm) by extensions ['colcon_meta']
[0.298s] Level 1:colcon.colcon_core.package_identification:_identify(src/ainex_arm) by extension 'colcon_meta'
[0.298s] Level 1:colcon.colcon_core.package_identification:_identify(src/ainex_arm) by extensions ['ros']
[0.298s] Level 1:colcon.colcon_core.package_identification:_identify(src/ainex_arm) by extension 'ros'
[0.302s] DEBUG:colcon.colcon_core.package_identification:Package 'src/ainex_arm' with type 'ros.ament_python' and name 'ainex_arm'
[0.302s] Level 1:colcon.colcon_core.package_identification:_identify(src/ainex_interfaces) by extensions ['ignore', 'ignore_ament_install']
[0.302s] Level 1:colcon.colcon_core.package_identification:_identify(src/ainex_interfaces) by extension 'ignore'
[0.302s] Level 1:colcon.colcon_core.package_identification:_identify(src/ainex_interfaces) by extension 'ignore_ament_install'
[0.302s] Level 1:colcon.colcon_core.package_identification:_identify(src/ainex_interfaces) by extensions ['colcon_pkg']
[0.302s] Level 1:colcon.colcon_core.package_identification:_identify(src/ainex_interfaces) by extension 'colcon_pkg'
[0.302s] Level 1:colcon.colcon_core.package_identification:_identify(src/ainex_interfaces) by extensions ['colcon_meta']
[0.302s] Level 1:colcon.colcon_core.package_identification:_identify(src/ainex_interfaces) by extension 'colcon_meta'
[0.302s] Level 1:colcon.colcon_core.package_identification:_identify(src/ainex_interfaces) by extensions ['ros']
[0.302s] Level 1:colcon.colcon_core.package_identification:_identify(src/ainex_interfaces) by extension 'ros'
[0.303s] DEBUG:colcon.colcon_core.package_identification:Package 'src/ainex_interfaces' with type 'ros.ament_cmake' and name 'ainex_interfaces'
[0.303s] Level 1:colcon.colcon_core.package_discovery:discover_packages(recursive) using defaults
[0.303s] Level 1:colcon.colcon_core.package_discovery:discover_packages(ignore) discover
[0.303s] Level 1:colcon.colcon_core.package_discovery:discover_packages(ignore) using defaults
[0.303s] Level 1:colcon.colcon_core.package_discovery:discover_packages(path) discover
[0.303s] Level 1:colcon.colcon_core.package_discovery:discover_packages(path) using defaults
[0.331s] INFO:colcon.colcon_core.package_selection:Skipping not selected package 'ainex_arm' in 'src/ainex_arm'
[0.332s] Level 1:colcon.colcon_core.package_discovery:discover_packages(prefix_path) check parameters
[0.332s] Level 1:colcon.colcon_core.package_discovery:discover_packages(prefix_path) discover
[0.334s] DEBUG:colcon.colcon_installed_package_information.package_discovery:Found 2 installed packages in /home/vgi/ainex_ws/install
[0.335s] DEBUG:colcon.colcon_installed_package_information.package_discovery:Found 1 installed packages in /home/vgi/robot_ws/install
[0.337s] DEBUG:colcon.colcon_installed_package_information.package_discovery:Found 290 installed packages in /opt/ros/jazzy
[0.338s] Level 1:colcon.colcon_core.package_discovery:discover_packages(prefix_path) using defaults
[0.409s] Level 5:colcon.colcon_core.verb:set package 'ainex_interfaces' build argument 'cmake_args' from command line to 'None'
[0.409s] Level 5:colcon.colcon_core.verb:set package 'ainex_interfaces' build argument 'cmake_target' from command line to 'None'
[0.409s] Level 5:colcon.colcon_core.verb:set package 'ainex_interfaces' build argument 'cmake_target_skip_unavailable' from command line to 'False'
[0.409s] Level 5:colcon.colcon_core.verb:set package 'ainex_interfaces' build argument 'cmake_clean_cache' from command line to 'False'
[0.410s] Level 5:colcon.colcon_core.verb:set package 'ainex_interfaces' build argument 'cmake_clean_first' from command line to 'False'
[0.410s] Level 5:colcon.colcon_core.verb:set package 'ainex_interfaces' build argument 'cmake_force_configure' from command line to 'False'
[0.410s] Level 5:colcon.colcon_core.verb:set package 'ainex_interfaces' build argument 'ament_cmake_args' from command line to 'None'
[0.410s] Level 5:colcon.colcon_core.verb:set package 'ainex_interfaces' build argument 'catkin_cmake_args' from command line to 'None'
[0.410s] Level 5:colcon.colcon_core.verb:set package 'ainex_interfaces' build argument 'catkin_skip_building_tests' from command line to 'False'
[0.410s] DEBUG:colcon.colcon_core.verb:Building package 'ainex_interfaces' with the following arguments: {'ament_cmake_args': None, 'build_base': '/home/vgi/ainex_ws/build/ainex_interfaces', 'catkin_cmake_args': None, 'catkin_skip_building_tests': False, 'cmake_args': None, 'cmake_clean_cache': False, 'cmake_clean_first': False, 'cmake_force_configure': False, 'cmake_target': None, 'cmake_target_skip_unavailable': False, 'install_base': '/home/vgi/ainex_ws/install/ainex_interfaces', 'merge_install': False, 'path': '/home/vgi/ainex_ws/src/ainex_interfaces', 'symlink_install': False, 'test_result_base': None}
[0.410s] INFO:colcon.colcon_core.executor:Executing jobs using 'parallel' executor
[0.411s] DEBUG:colcon.colcon_parallel_executor.executor.parallel:run_until_complete
[0.412s] INFO:colcon.colcon_ros.task.ament_cmake.build:Building ROS package in '/home/vgi/ainex_ws/src/ainex_interfaces' with build type 'ament_cmake'
[0.412s] INFO:colcon.colcon_cmake.task.cmake.build:Building CMake package in '/home/vgi/ainex_ws/src/ainex_interfaces'
[0.416s] INFO:colcon.colcon_core.plugin_system:Skipping extension 'colcon_core.shell.bat': Not used on non-Windows systems
[0.416s] INFO:colcon.colcon_core.shell:Skip shell extension 'powershell' for command environment: Not usable outside of PowerShell
[0.416s] DEBUG:colcon.colcon_core.shell:Skip shell extension 'dsv' for command environment
[0.475s] DEBUG:colcon.colcon_core.event_handler.log_command:Invoking command in '/home/vgi/ainex_ws/build/ainex_interfaces': CMAKE_PREFIX_PATH=${CMAKE_PREFIX_PATH}:/home/vgi/ainex_ws/install/ainex_arm:/home/vgi/robot_ws/install/robot_arm:/opt/ros/jazzy DEBUGINFOD_URLS=https://debuginfod.ubuntu.com /usr/bin/cmake --build /home/vgi/ainex_ws/build/ainex_interfaces -- -j4 -l4
[1.716s] DEBUG:colcon.colcon_core.event_handler.log_command:Invoked command in '/home/vgi/ainex_ws/build/ainex_interfaces' returned '0': CMAKE_PREFIX_PATH=${CMAKE_PREFIX_PATH}:/home/vgi/ainex_ws/install/ainex_arm:/home/vgi/robot_ws/install/robot_arm:/opt/ros/jazzy DEBUGINFOD_URLS=https://debuginfod.ubuntu.com /usr/bin/cmake --build /home/vgi/ainex_ws/build/ainex_interfaces -- -j4 -l4
[1.743s] DEBUG:colcon.colcon_core.event_handler.log_command:Invoking command in '/home/vgi/ainex_ws/build/ainex_interfaces': CMAKE_PREFIX_PATH=${CMAKE_PREFIX_PATH}:/home/vgi/ainex_ws/install/ainex_arm:/home/vgi/robot_ws/install/robot_arm:/opt/ros/jazzy DEBUGINFOD_URLS=https://debuginfod.ubuntu.com /usr/bin/cmake --install /home/vgi/ainex_ws/build/ainex_interfaces
[1.908s] Level 1:colcon.colcon_core.environment:create_environment_scripts_only(ainex_interfaces)
[1.912s] DEBUG:colcon.colcon_core.event_handler.log_command:Invoked command in '/home/vgi/ainex_ws/build/ainex_interfaces' returned '0': CMAKE_PREFIX_PATH=${CMAKE_PREFIX_PATH}:/home/vgi/ainex_ws/install/ainex_arm:/home/vgi/robot_ws/install/robot_arm:/opt/ros/jazzy DEBUGINFOD_URLS=https://debuginfod.ubuntu.com /usr/bin/cmake --install /home/vgi/ainex_ws/build/ainex_interfaces
[1.922s] Level 1:colcon.colcon_core.environment:checking '/home/vgi/ainex_ws/install/ainex_interfaces' for CMake module files
[1.924s] Level 1:colcon.colcon_core.environment:checking '/home/vgi/ainex_ws/install/ainex_interfaces' for CMake config files
[1.925s] Level 1:colcon.colcon_core.shell:create_environment_hook('ainex_interfaces', 'cmake_prefix_path')
[1.926s] INFO:colcon.colcon_core.shell:Creating environment hook '/home/vgi/ainex_ws/install/ainex_interfaces/share/ainex_interfaces/hook/cmake_prefix_path.ps1'
[1.927s] INFO:colcon.colcon_core.shell:Creating environment descriptor '/home/vgi/ainex_ws/install/ainex_interfaces/share/ainex_interfaces/hook/cmake_prefix_path.dsv'
[1.951s] INFO:colcon.colcon_core.shell:Creating environment hook '/home/vgi/ainex_ws/install/ainex_interfaces/share/ainex_interfaces/hook/cmake_prefix_path.sh'
[1.954s] Level 1:colcon.colcon_core.environment:checking '/home/vgi/ainex_ws/install/ainex_interfaces/lib'
[1.955s] Level 1:colcon.colcon_core.shell:create_environment_hook('ainex_interfaces', 'ld_library_path_lib')
[1.956s] INFO:colcon.colcon_core.shell:Creating environment hook '/home/vgi/ainex_ws/install/ainex_interfaces/share/ainex_interfaces/hook/ld_library_path_lib.ps1'
[1.958s] INFO:colcon.colcon_core.shell:Creating environment descriptor '/home/vgi/ainex_ws/install/ainex_interfaces/share/ainex_interfaces/hook/ld_library_path_lib.dsv'
[1.959s] INFO:colcon.colcon_core.shell:Creating environment hook '/home/vgi/ainex_ws/install/ainex_interfaces/share/ainex_interfaces/hook/ld_library_path_lib.sh'
[1.961s] Level 1:colcon.colcon_core.environment:checking '/home/vgi/ainex_ws/install/ainex_interfaces/bin'
[1.961s] Level 1:colcon.colcon_core.environment:checking '/home/vgi/ainex_ws/install/ainex_interfaces/lib/pkgconfig/ainex_interfaces.pc'
[1.962s] Level 1:colcon.colcon_core.environment:checking '/home/vgi/ainex_ws/install/ainex_interfaces/lib/python3.12/site-packages'
[1.962s] Level 1:colcon.colcon_core.shell:create_environment_hook('ainex_interfaces', 'pythonpath')
[1.963s] INFO:colcon.colcon_core.shell:Creating environment hook '/home/vgi/ainex_ws/install/ainex_interfaces/share/ainex_interfaces/hook/pythonpath.ps1'
[1.965s] INFO:colcon.colcon_core.shell:Creating environment descriptor '/home/vgi/ainex_ws/install/ainex_interfaces/share/ainex_interfaces/hook/pythonpath.dsv'
[1.969s] INFO:colcon.colcon_core.shell:Creating environment hook '/home/vgi/ainex_ws/install/ainex_interfaces/share/ainex_interfaces/hook/pythonpath.sh'
[1.971s] Level 1:colcon.colcon_core.environment:checking '/home/vgi/ainex_ws/install/ainex_interfaces/bin'
[1.972s] INFO:colcon.colcon_core.shell:Creating package script '/home/vgi/ainex_ws/install/ainex_interfaces/share/ainex_interfaces/package.ps1'
[1.975s] INFO:colcon.colcon_core.shell:Creating package descriptor '/home/vgi/ainex_ws/install/ainex_interfaces/share/ainex_interfaces/package.dsv'
[1.977s] INFO:colcon.colcon_core.shell:Creating package script '/home/vgi/ainex_ws/install/ainex_interfaces/share/ainex_interfaces/package.sh'
[1.979s] INFO:colcon.colcon_core.shell:Creating package script '/home/vgi/ainex_ws/install/ainex_interfaces/share/ainex_interfaces/package.bash'
[1.982s] INFO:colcon.colcon_core.shell:Creating package script '/home/vgi/ainex_ws/install/ainex_interfaces/share/ainex_interfaces/package.zsh'
[1.984s] Level 1:colcon.colcon_core.environment:create_file_with_runtime_dependencies(/home/vgi/ainex_ws/install/ainex_interfaces/share/colcon-core/packages/ainex_interfaces)
[1.987s] Level 1:colcon.colcon_core.environment:create_environment_scripts_only(ainex_interfaces)
[1.988s] Level 1:colcon.colcon_core.environment:checking '/home/vgi/ainex_ws/install/ainex_interfaces' for CMake module files
[1.990s] Level 1:colcon.colcon_core.environment:checking '/home/vgi/ainex_ws/install/ainex_interfaces' for CMake config files
[1.991s] Level 1:colcon.colcon_core.shell:create_environment_hook('ainex_interfaces', 'cmake_prefix_path')
[1.992s] INFO:colcon.colcon_core.shell:Creating environment hook '/home/vgi/ainex_ws/install/ainex_interfaces/share/ainex_interfaces/hook/cmake_prefix_path.ps1'
[1.994s] INFO:colcon.colcon_core.shell:Creating environment descriptor '/home/vgi/ainex_ws/install/ainex_interfaces/share/ainex_interfaces/hook/cmake_prefix_path.dsv'
[1.995s] INFO:colcon.colcon_core.shell:Creating environment hook '/home/vgi/ainex_ws/install/ainex_interfaces/share/ainex_interfaces/hook/cmake_prefix_path.sh'
[1.998s] Level 1:colcon.colcon_core.environment:checking '/home/vgi/ainex_ws/install/ainex_interfaces/lib'
[1.998s] Level 1:colcon.colcon_core.shell:create_environment_hook('ainex_interfaces', 'ld_library_path_lib')
[1.999s] INFO:colcon.colcon_core.shell:Creating environment hook '/home/vgi/ainex_ws/install/ainex_interfaces/share/ainex_interfaces/hook/ld_library_path_lib.ps1'
[2.000s] INFO:colcon.colcon_core.shell:Creating environment descriptor '/home/vgi/ainex_ws/install/ainex_interfaces/share/ainex_interfaces/hook/ld_library_path_lib.dsv'
[2.001s] INFO:colcon.colcon_core.shell:Creating environment hook '/home/vgi/ainex_ws/install/ainex_interfaces/share/ainex_interfaces/hook/ld_library_path_lib.sh'
[2.002s] Level 1:colcon.colcon_core.environment:checking '/home/vgi/ainex_ws/install/ainex_interfaces/bin'
[2.002s] Level 1:colcon.colcon_core.environment:checking '/home/vgi/ainex_ws/install/ainex_interfaces/lib/pkgconfig/ainex_interfaces.pc'
[2.002s] Level 1:colcon.colcon_core.environment:checking '/home/vgi/ainex_ws/install/ainex_interfaces/lib/python3.12/site-packages'
[2.003s] Level 1:colcon.colcon_core.shell:create_environment_hook('ainex_interfaces', 'pythonpath')
[2.003s] INFO:colcon.colcon_core.shell:Creating environment hook '/home/vgi/ainex_ws/install/ainex_interfaces/share/ainex_interfaces/hook/pythonpath.ps1'
[2.004s] INFO:colcon.colcon_core.shell:Creating environment descriptor '/home/vgi/ainex_ws/install/ainex_interfaces/share/ainex_interfaces/hook/pythonpath.dsv'
[2.005s] INFO:colcon.colcon_core.shell:Creating environment hook '/home/vgi/ainex_ws/install/ainex_interfaces/share/ainex_interfaces/hook/pythonpath.sh'
[2.007s] Level 1:colcon.colcon_core.environment:checking '/home/vgi/ainex_ws/install/ainex_interfaces/bin'
[2.008s] INFO:colcon.colcon_core.shell:Creating package script '/home/vgi/ainex_ws/install/ainex_interfaces/share/ainex_interfaces/package.ps1'
[2.010s] INFO:colcon.colcon_core.shell:Creating package descriptor '/home/vgi/ainex_ws/install/ainex_interfaces/share/ainex_interfaces/package.dsv'
[2.011s] INFO:colcon.colcon_core.shell:Creating package script '/home/vgi/ainex_ws/install/ainex_interfaces/share/ainex_interfaces/package.sh'
[2.013s] INFO:colcon.colcon_core.shell:Creating package script '/home/vgi/ainex_ws/install/ainex_interfaces/share/ainex_interfaces/package.bash'
[2.016s] INFO:colcon.colcon_core.shell:Creating package script '/home/vgi/ainex_ws/install/ainex_interfaces/share/ainex_interfaces/package.zsh'
[2.017s] Level 1:colcon.colcon_core.environment:create_file_with_runtime_dependencies(/home/vgi/ainex_ws/install/ainex_interfaces/share/colcon-core/packages/ainex_interfaces)
[2.019s] DEBUG:colcon.colcon_parallel_executor.executor.parallel:closing loop
[2.020s] DEBUG:colcon.colcon_parallel_executor.executor.parallel:loop closed
[2.020s] DEBUG:colcon.colcon_parallel_executor.executor.parallel:run_until_complete finished with '0'
[2.020s] DEBUG:colcon.colcon_core.event_reactor:joining thread
[2.034s] INFO:colcon.colcon_core.plugin_system:Skipping extension 'colcon_notification.desktop_notification.terminal_notifier': Not used on non-Darwin systems
[2.034s] INFO:colcon.colcon_core.plugin_system:Skipping extension 'colcon_notification.desktop_notification.win32': Not used on non-Windows systems
[2.034s] INFO:colcon.colcon_notification.desktop_notification:Sending desktop notification using 'notify2'
[2.087s] DEBUG:colcon.colcon_core.event_reactor:joined thread
[2.088s] INFO:colcon.colcon_core.shell:Creating prefix script '/home/vgi/ainex_ws/install/local_setup.ps1'
[2.089s] INFO:colcon.colcon_core.shell:Creating prefix util module '/home/vgi/ainex_ws/install/_local_setup_util_ps1.py'
[2.093s] INFO:colcon.colcon_core.shell:Creating prefix chain script '/home/vgi/ainex_ws/install/setup.ps1'
[2.096s] INFO:colcon.colcon_core.shell:Creating prefix script '/home/vgi/ainex_ws/install/local_setup.sh'
[2.097s] INFO:colcon.colcon_core.shell:Creating prefix util module '/home/vgi/ainex_ws/install/_local_setup_util_sh.py'
[2.098s] INFO:colcon.colcon_core.shell:Creating prefix chain script '/home/vgi/ainex_ws/install/setup.sh'
[2.103s] INFO:colcon.colcon_core.shell:Creating prefix script '/home/vgi/ainex_ws/install/local_setup.bash'
[2.105s] INFO:colcon.colcon_core.shell:Creating prefix chain script '/home/vgi/ainex_ws/install/setup.bash'
[2.108s] INFO:colcon.colcon_core.shell:Creating prefix script '/home/vgi/ainex_ws/install/local_setup.zsh'
[2.109s] INFO:colcon.colcon_core.shell:Creating prefix chain script '/home/vgi/ainex_ws/install/setup.zsh'
