[1.537s] Invoking command in '/home/vgi/ainex_ws/src/ainex_arm': DEBUGINFOD_URLS=https://debuginfod.ubuntu.com PYTHONPATH=/home/vgi/ainex_ws/build/ainex_arm/prefix_override:/usr/lib/python3/dist-packages/colcon_core/task/python/colcon_distutils_commands:/home/vgi/ainex_ws/install/ainex_arm/lib/python3.12/site-packages:${PYTHONPATH} /usr/bin/python3 -W ignore:setup.py install is deprecated -W ignore:easy_install command is deprecated setup.py egg_info --egg-base ../../build/ainex_arm build --build-base /home/vgi/ainex_ws/build/ainex_arm/build install --record /home/vgi/ainex_ws/build/ainex_arm/install.log --single-version-externally-managed install_data
[1.972s] running egg_info
[2.000s] writing ../../build/ainex_arm/ainex_arm.egg-info/PKG-INFO
[2.000s] writing dependency_links to ../../build/ainex_arm/ainex_arm.egg-info/dependency_links.txt
[2.001s] writing entry points to ../../build/ainex_arm/ainex_arm.egg-info/entry_points.txt
[2.002s] writing requirements to ../../build/ainex_arm/ainex_arm.egg-info/requires.txt
[2.003s] writing top-level names to ../../build/ainex_arm/ainex_arm.egg-info/top_level.txt
[2.072s] reading manifest file '../../build/ainex_arm/ainex_arm.egg-info/SOURCES.txt'
[2.073s] writing manifest file '../../build/ainex_arm/ainex_arm.egg-info/SOURCES.txt'
[2.076s] running build
[2.077s] running build_py
[2.077s] copying ainex_arm/hand_node.py -> /home/vgi/ainex_ws/build/ainex_arm/build/lib/ainex_arm
[2.077s] running install
[2.085s] running install_lib
[2.118s] copying /home/vgi/ainex_ws/build/ainex_arm/build/lib/ainex_arm/hand_node.py -> /home/vgi/ainex_ws/install/ainex_arm/lib/python3.12/site-packages/ainex_arm
[2.119s] byte-compiling /home/vgi/ainex_ws/install/ainex_arm/lib/python3.12/site-packages/ainex_arm/hand_node.py to hand_node.cpython-312.pyc
[2.129s] running install_data
[2.129s] running install_egg_info
[2.166s] removing '/home/vgi/ainex_ws/install/ainex_arm/lib/python3.12/site-packages/ainex_arm-0.0.0-py3.12.egg-info' (and everything under it)
[2.167s] Copying ../../build/ainex_arm/ainex_arm.egg-info to /home/vgi/ainex_ws/install/ainex_arm/lib/python3.12/site-packages/ainex_arm-0.0.0-py3.12.egg-info
[2.168s] running install_scripts
[2.392s] Installing hand_node script to /home/vgi/ainex_ws/install/ainex_arm/lib/ainex_arm
[2.392s] Installing left_hand_salute script to /home/vgi/ainex_ws/install/ainex_arm/lib/ainex_arm
[2.397s] Installing left_hand_wave script to /home/vgi/ainex_ws/install/ainex_arm/lib/ainex_arm
[2.397s] Installing salute_node script to /home/vgi/ainex_ws/install/ainex_arm/lib/ainex_arm
[2.399s] Installing wave_node script to /home/vgi/ainex_ws/install/ainex_arm/lib/ainex_arm
[2.400s] writing list of installed files to '/home/vgi/ainex_ws/build/ainex_arm/install.log'
[2.530s] Invoked command in '/home/vgi/ainex_ws/src/ainex_arm' returned '0': DEBUGINFOD_URLS=https://debuginfod.ubuntu.com PYTHONPATH=/home/vgi/ainex_ws/build/ainex_arm/prefix_override:/usr/lib/python3/dist-packages/colcon_core/task/python/colcon_distutils_commands:/home/vgi/ainex_ws/install/ainex_arm/lib/python3.12/site-packages:${PYTHONPATH} /usr/bin/python3 -W ignore:setup.py install is deprecated -W ignore:easy_install command is deprecated setup.py egg_info --egg-base ../../build/ainex_arm build --build-base /home/vgi/ainex_ws/build/ainex_arm/build install --record /home/vgi/ainex_ws/build/ainex_arm/install.log --single-version-externally-managed install_data
