[1.896s] Invoking command in '/home/vgi/ainex_ws/src/ainex_arm': DEBUGINFOD_URLS=https://debuginfod.ubuntu.com PYTHONPATH=/home/vgi/ainex_ws/build/ainex_arm/prefix_override:/usr/lib/python3/dist-packages/colcon_core/task/python/colcon_distutils_commands:/home/vgi/ainex_ws/install/ainex_arm/lib/python3.12/site-packages:${PYTHONPATH} /usr/bin/python3 -W ignore:setup.py install is deprecated -W ignore:easy_install command is deprecated setup.py egg_info --egg-base ../../build/ainex_arm build --build-base /home/vgi/ainex_ws/build/ainex_arm/build install --record /home/vgi/ainex_ws/build/ainex_arm/install.log --single-version-externally-managed install_data
[2.286s] running egg_info
[2.311s] writing ../../build/ainex_arm/ainex_arm.egg-info/PKG-INFO
[2.311s] writing dependency_links to ../../build/ainex_arm/ainex_arm.egg-info/dependency_links.txt
[2.312s] writing entry points to ../../build/ainex_arm/ainex_arm.egg-info/entry_points.txt
[2.313s] writing requirements to ../../build/ainex_arm/ainex_arm.egg-info/requires.txt
[2.316s] writing top-level names to ../../build/ainex_arm/ainex_arm.egg-info/top_level.txt
[2.378s] reading manifest file '../../build/ainex_arm/ainex_arm.egg-info/SOURCES.txt'
[2.380s] writing manifest file '../../build/ainex_arm/ainex_arm.egg-info/SOURCES.txt'
[2.380s] running build
[2.380s] running build_py
[2.380s] copying ainex_arm/hand_node.py -> /home/vgi/ainex_ws/build/ainex_arm/build/lib/ainex_arm
[2.381s] running install
[2.391s] running install_lib
[2.421s] copying /home/vgi/ainex_ws/build/ainex_arm/build/lib/ainex_arm/hand_node.py -> /home/vgi/ainex_ws/install/ainex_arm/lib/python3.12/site-packages/ainex_arm
[2.423s] byte-compiling /home/vgi/ainex_ws/install/ainex_arm/lib/python3.12/site-packages/ainex_arm/hand_node.py to hand_node.cpython-312.pyc
[2.429s] running install_data
[2.429s] copying package.xml -> /home/vgi/ainex_ws/install/ainex_arm/share/ainex_arm
[2.429s] creating /home/vgi/ainex_ws/install/ainex_arm/share/ainex_arm/launch
[2.429s] copying launch/hand_node.launch.xml -> /home/vgi/ainex_ws/install/ainex_arm/share/ainex_arm/launch
[2.429s] creating /home/vgi/ainex_ws/install/ainex_arm/share/ainex_arm/urdf
[2.430s] copying urdf/robot.urdf -> /home/vgi/ainex_ws/install/ainex_arm/share/ainex_arm/urdf
[2.430s] copying urdf/robot2.urdf -> /home/vgi/ainex_ws/install/ainex_arm/share/ainex_arm/urdf
[2.430s] copying urdf/ainex_arm.urdf -> /home/vgi/ainex_ws/install/ainex_arm/share/ainex_arm/urdf
[2.430s] copying urdf/basic_arm.urdf -> /home/vgi/ainex_ws/install/ainex_arm/share/ainex_arm/urdf
[2.430s] running install_egg_info
[2.462s] removing '/home/vgi/ainex_ws/install/ainex_arm/lib/python3.12/site-packages/ainex_arm-0.0.0-py3.12.egg-info' (and everything under it)
[2.462s] Copying ../../build/ainex_arm/ainex_arm.egg-info to /home/vgi/ainex_ws/install/ainex_arm/lib/python3.12/site-packages/ainex_arm-0.0.0-py3.12.egg-info
[2.465s] running install_scripts
[2.679s] Installing hand_node script to /home/vgi/ainex_ws/install/ainex_arm/lib/ainex_arm
[2.680s] writing list of installed files to '/home/vgi/ainex_ws/build/ainex_arm/install.log'
[2.764s] Invoked command in '/home/vgi/ainex_ws/src/ainex_arm' returned '0': DEBUGINFOD_URLS=https://debuginfod.ubuntu.com PYTHONPATH=/home/vgi/ainex_ws/build/ainex_arm/prefix_override:/usr/lib/python3/dist-packages/colcon_core/task/python/colcon_distutils_commands:/home/vgi/ainex_ws/install/ainex_arm/lib/python3.12/site-packages:${PYTHONPATH} /usr/bin/python3 -W ignore:setup.py install is deprecated -W ignore:easy_install command is deprecated setup.py egg_info --egg-base ../../build/ainex_arm build --build-base /home/vgi/ainex_ws/build/ainex_arm/build install --record /home/vgi/ainex_ws/build/ainex_arm/install.log --single-version-externally-managed install_data
