[0.170s] DEBUG:colcon:Command line arguments: ['/usr/bin/colcon', 'build', '--packages-select', 'ainex_interfaces']
[0.170s] DEBUG:colcon:Parsed command line arguments: Namespace(log_base=None, log_level=None, verb_name='build', build_base='build', install_base='install', merge_install=False, symlink_install=False, test_result_base=None, continue_on_error=False, executor='parallel', parallel_workers=4, event_handlers=None, ignore_user_meta=False, metas=['./colcon.meta'], base_paths=['.'], packages_ignore=None, packages_ignore_regex=None, paths=None, packages_up_to=None, packages_up_to_regex=None, packages_above=None, packages_above_and_dependencies=None, packages_above_depth=None, packages_select_by_dep=None, packages_skip_by_dep=None, packages_skip_up_to=None, packages_select_build_failed=False, packages_skip_build_finished=False, packages_select_test_failures=False, packages_skip_test_passed=False, packages_select=['ainex_interfaces'], packages_skip=None, packages_select_regex=None, packages_skip_regex=None, packages_start=None, packages_end=None, allow_overriding=[], cmake_args=None, cmake_target=None, cmake_target_skip_unavailable=False, cmake_clean_cache=False, cmake_clean_first=False, cmake_force_configure=False, ament_cmake_args=None, catkin_cmake_args=None, catkin_skip_building_tests=False, mixin_files=None, mixin=None, verb_parser=<colcon_mixin.mixin.mixin_argument.MixinArgumentDecorator object at 0xffff803bcc50>, verb_extension=<colcon_core.verb.build.BuildVerb object at 0xffff806ac4a0>, main=<bound method BuildVerb.main of <colcon_core.verb.build.BuildVerb object at 0xffff806ac4a0>>, mixin_verb=('build',))
[0.239s] Level 1:colcon.colcon_core.package_discovery:discover_packages(colcon_meta) check parameters
[0.239s] Level 1:colcon.colcon_core.package_discovery:discover_packages(recursive) check parameters
[0.240s] Level 1:colcon.colcon_core.package_discovery:discover_packages(ignore) check parameters
[0.240s] Level 1:colcon.colcon_core.package_discovery:discover_packages(path) check parameters
[0.240s] Level 1:colcon.colcon_core.package_discovery:discover_packages(colcon_meta) discover
[0.240s] Level 1:colcon.colcon_core.package_discovery:discover_packages(recursive) discover
[0.240s] INFO:colcon.colcon_core.package_discovery:Crawling recursively for packages in '/home/vgi/ainex_ws'
[0.240s] Level 1:colcon.colcon_core.package_identification:_identify(.) by extensions ['ignore', 'ignore_ament_install']
[0.240s] Level 1:colcon.colcon_core.package_identification:_identify(.) by extension 'ignore'
[0.240s] Level 1:colcon.colcon_core.package_identification:_identify(.) by extension 'ignore_ament_install'
[0.240s] Level 1:colcon.colcon_core.package_identification:_identify(.) by extensions ['colcon_pkg']
[0.240s] Level 1:colcon.colcon_core.package_identification:_identify(.) by extension 'colcon_pkg'
[0.240s] Level 1:colcon.colcon_core.package_identification:_identify(.) by extensions ['colcon_meta']
[0.240s] Level 1:colcon.colcon_core.package_identification:_identify(.) by extension 'colcon_meta'
[0.240s] Level 1:colcon.colcon_core.package_identification:_identify(.) by extensions ['ros']
[0.240s] Level 1:colcon.colcon_core.package_identification:_identify(.) by extension 'ros'
[0.284s] Level 1:colcon.colcon_core.package_identification:_identify(.) by extensions ['cmake', 'python']
[0.285s] Level 1:colcon.colcon_core.package_identification:_identify(.) by extension 'cmake'
[0.285s] Level 1:colcon.colcon_core.package_identification:_identify(.) by extension 'python'
[0.285s] Level 1:colcon.colcon_core.package_identification:_identify(.) by extensions ['python_setup_py']
[0.285s] Level 1:colcon.colcon_core.package_identification:_identify(.) by extension 'python_setup_py'
[0.285s] Level 1:colcon.colcon_core.package_identification:_identify(build) by extensions ['ignore', 'ignore_ament_install']
[0.285s] Level 1:colcon.colcon_core.package_identification:_identify(build) by extension 'ignore'
[0.285s] Level 1:colcon.colcon_core.package_identification:_identify(build) ignored
[0.285s] Level 1:colcon.colcon_core.package_identification:_identify(install) by extensions ['ignore', 'ignore_ament_install']
[0.285s] Level 1:colcon.colcon_core.package_identification:_identify(install) by extension 'ignore'
[0.285s] Level 1:colcon.colcon_core.package_identification:_identify(install) ignored
[0.286s] Level 1:colcon.colcon_core.package_identification:_identify(log) by extensions ['ignore', 'ignore_ament_install']
[0.286s] Level 1:colcon.colcon_core.package_identification:_identify(log) by extension 'ignore'
[0.286s] Level 1:colcon.colcon_core.package_identification:_identify(log) ignored
[0.286s] Level 1:colcon.colcon_core.package_identification:_identify(src) by extensions ['ignore', 'ignore_ament_install']
[0.286s] Level 1:colcon.colcon_core.package_identification:_identify(src) by extension 'ignore'
[0.286s] Level 1:colcon.colcon_core.package_identification:_identify(src) by extension 'ignore_ament_install'
[0.286s] Level 1:colcon.colcon_core.package_identification:_identify(src) by extensions ['colcon_pkg']
[0.286s] Level 1:colcon.colcon_core.package_identification:_identify(src) by extension 'colcon_pkg'
[0.286s] Level 1:colcon.colcon_core.package_identification:_identify(src) by extensions ['colcon_meta']
[0.286s] Level 1:colcon.colcon_core.package_identification:_identify(src) by extension 'colcon_meta'
[0.286s] Level 1:colcon.colcon_core.package_identification:_identify(src) by extensions ['ros']
[0.286s] Level 1:colcon.colcon_core.package_identification:_identify(src) by extension 'ros'
[0.286s] Level 1:colcon.colcon_core.package_identification:_identify(src) by extensions ['cmake', 'python']
[0.286s] Level 1:colcon.colcon_core.package_identification:_identify(src) by extension 'cmake'
[0.286s] Level 1:colcon.colcon_core.package_identification:_identify(src) by extension 'python'
[0.286s] Level 1:colcon.colcon_core.package_identification:_identify(src) by extensions ['python_setup_py']
[0.286s] Level 1:colcon.colcon_core.package_identification:_identify(src) by extension 'python_setup_py'
[0.287s] Level 1:colcon.colcon_core.package_identification:_identify(src/ainex_arm) by extensions ['ignore', 'ignore_ament_install']
[0.287s] Level 1:colcon.colcon_core.package_identification:_identify(src/ainex_arm) by extension 'ignore'
[0.287s] Level 1:colcon.colcon_core.package_identification:_identify(src/ainex_arm) by extension 'ignore_ament_install'
[0.287s] Level 1:colcon.colcon_core.package_identification:_identify(src/ainex_arm) by extensions ['colcon_pkg']
[0.287s] Level 1:colcon.colcon_core.package_identification:_identify(src/ainex_arm) by extension 'colcon_pkg'
[0.287s] Level 1:colcon.colcon_core.package_identification:_identify(src/ainex_arm) by extensions ['colcon_meta']
[0.287s] Level 1:colcon.colcon_core.package_identification:_identify(src/ainex_arm) by extension 'colcon_meta'
[0.287s] Level 1:colcon.colcon_core.package_identification:_identify(src/ainex_arm) by extensions ['ros']
[0.287s] Level 1:colcon.colcon_core.package_identification:_identify(src/ainex_arm) by extension 'ros'
[0.290s] DEBUG:colcon.colcon_core.package_identification:Package 'src/ainex_arm' with type 'ros.ament_python' and name 'ainex_arm'
[0.290s] Level 1:colcon.colcon_core.package_identification:_identify(src/ainex_interfaces) by extensions ['ignore', 'ignore_ament_install']
[0.291s] Level 1:colcon.colcon_core.package_identification:_identify(src/ainex_interfaces) by extension 'ignore'
[0.291s] Level 1:colcon.colcon_core.package_identification:_identify(src/ainex_interfaces) by extension 'ignore_ament_install'
[0.291s] Level 1:colcon.colcon_core.package_identification:_identify(src/ainex_interfaces) by extensions ['colcon_pkg']
[0.291s] Level 1:colcon.colcon_core.package_identification:_identify(src/ainex_interfaces) by extension 'colcon_pkg'
[0.291s] Level 1:colcon.colcon_core.package_identification:_identify(src/ainex_interfaces) by extensions ['colcon_meta']
[0.291s] Level 1:colcon.colcon_core.package_identification:_identify(src/ainex_interfaces) by extension 'colcon_meta'
[0.291s] Level 1:colcon.colcon_core.package_identification:_identify(src/ainex_interfaces) by extensions ['ros']
[0.291s] Level 1:colcon.colcon_core.package_identification:_identify(src/ainex_interfaces) by extension 'ros'
[0.292s] DEBUG:colcon.colcon_core.package_identification:Package 'src/ainex_interfaces' with type 'ros.ament_cmake' and name 'ainex_interfaces'
[0.292s] Level 1:colcon.colcon_core.package_discovery:discover_packages(recursive) using defaults
[0.292s] Level 1:colcon.colcon_core.package_discovery:discover_packages(ignore) discover
[0.292s] Level 1:colcon.colcon_core.package_discovery:discover_packages(ignore) using defaults
[0.292s] Level 1:colcon.colcon_core.package_discovery:discover_packages(path) discover
[0.292s] Level 1:colcon.colcon_core.package_discovery:discover_packages(path) using defaults
[0.322s] INFO:colcon.colcon_core.package_selection:Skipping not selected package 'ainex_arm' in 'src/ainex_arm'
[0.322s] Level 1:colcon.colcon_core.package_discovery:discover_packages(prefix_path) check parameters
[0.322s] Level 1:colcon.colcon_core.package_discovery:discover_packages(prefix_path) discover
[0.324s] DEBUG:colcon.colcon_installed_package_information.package_discovery:Found 2 installed packages in /home/vgi/ainex_ws/install
[0.325s] DEBUG:colcon.colcon_installed_package_information.package_discovery:Found 1 installed packages in /home/vgi/robot_ws/install
[0.327s] DEBUG:colcon.colcon_installed_package_information.package_discovery:Found 290 installed packages in /opt/ros/jazzy
[0.329s] Level 1:colcon.colcon_core.package_discovery:discover_packages(prefix_path) using defaults
[0.395s] Level 5:colcon.colcon_core.verb:set package 'ainex_interfaces' build argument 'cmake_args' from command line to 'None'
[0.395s] Level 5:colcon.colcon_core.verb:set package 'ainex_interfaces' build argument 'cmake_target' from command line to 'None'
[0.395s] Level 5:colcon.colcon_core.verb:set package 'ainex_interfaces' build argument 'cmake_target_skip_unavailable' from command line to 'False'
[0.395s] Level 5:colcon.colcon_core.verb:set package 'ainex_interfaces' build argument 'cmake_clean_cache' from command line to 'False'
[0.395s] Level 5:colcon.colcon_core.verb:set package 'ainex_interfaces' build argument 'cmake_clean_first' from command line to 'False'
[0.395s] Level 5:colcon.colcon_core.verb:set package 'ainex_interfaces' build argument 'cmake_force_configure' from command line to 'False'
[0.395s] Level 5:colcon.colcon_core.verb:set package 'ainex_interfaces' build argument 'ament_cmake_args' from command line to 'None'
[0.395s] Level 5:colcon.colcon_core.verb:set package 'ainex_interfaces' build argument 'catkin_cmake_args' from command line to 'None'
[0.395s] Level 5:colcon.colcon_core.verb:set package 'ainex_interfaces' build argument 'catkin_skip_building_tests' from command line to 'False'
[0.395s] DEBUG:colcon.colcon_core.verb:Building package 'ainex_interfaces' with the following arguments: {'ament_cmake_args': None, 'build_base': '/home/vgi/ainex_ws/build/ainex_interfaces', 'catkin_cmake_args': None, 'catkin_skip_building_tests': False, 'cmake_args': None, 'cmake_clean_cache': False, 'cmake_clean_first': False, 'cmake_force_configure': False, 'cmake_target': None, 'cmake_target_skip_unavailable': False, 'install_base': '/home/vgi/ainex_ws/install/ainex_interfaces', 'merge_install': False, 'path': '/home/vgi/ainex_ws/src/ainex_interfaces', 'symlink_install': False, 'test_result_base': None}
[0.396s] INFO:colcon.colcon_core.executor:Executing jobs using 'parallel' executor
[0.398s] DEBUG:colcon.colcon_parallel_executor.executor.parallel:run_until_complete
[0.399s] INFO:colcon.colcon_ros.task.ament_cmake.build:Building ROS package in '/home/vgi/ainex_ws/src/ainex_interfaces' with build type 'ament_cmake'
[0.400s] INFO:colcon.colcon_cmake.task.cmake.build:Building CMake package in '/home/vgi/ainex_ws/src/ainex_interfaces'
[0.404s] INFO:colcon.colcon_core.plugin_system:Skipping extension 'colcon_core.shell.bat': Not used on non-Windows systems
[0.405s] INFO:colcon.colcon_core.shell:Skip shell extension 'powershell' for command environment: Not usable outside of PowerShell
[0.405s] DEBUG:colcon.colcon_core.shell:Skip shell extension 'dsv' for command environment
[0.423s] DEBUG:colcon.colcon_core.event_handler.log_command:Invoking command in '/home/vgi/ainex_ws/build/ainex_interfaces': CMAKE_PREFIX_PATH=${CMAKE_PREFIX_PATH}:/home/vgi/ainex_ws/install/ainex_arm:/home/vgi/robot_ws/install/robot_arm:/opt/ros/jazzy DEBUGINFOD_URLS=https://debuginfod.ubuntu.com /usr/bin/cmake --build /home/vgi/ainex_ws/build/ainex_interfaces -- -j4 -l4
[1.560s] DEBUG:colcon.colcon_core.event_handler.log_command:Invoked command in '/home/vgi/ainex_ws/build/ainex_interfaces' returned '0': CMAKE_PREFIX_PATH=${CMAKE_PREFIX_PATH}:/home/vgi/ainex_ws/install/ainex_arm:/home/vgi/robot_ws/install/robot_arm:/opt/ros/jazzy DEBUGINFOD_URLS=https://debuginfod.ubuntu.com /usr/bin/cmake --build /home/vgi/ainex_ws/build/ainex_interfaces -- -j4 -l4
[1.581s] DEBUG:colcon.colcon_core.event_handler.log_command:Invoking command in '/home/vgi/ainex_ws/build/ainex_interfaces': CMAKE_PREFIX_PATH=${CMAKE_PREFIX_PATH}:/home/vgi/ainex_ws/install/ainex_arm:/home/vgi/robot_ws/install/robot_arm:/opt/ros/jazzy DEBUGINFOD_URLS=https://debuginfod.ubuntu.com /usr/bin/cmake --install /home/vgi/ainex_ws/build/ainex_interfaces
[1.760s] Level 1:colcon.colcon_core.environment:create_environment_scripts_only(ainex_interfaces)
[1.761s] DEBUG:colcon.colcon_core.event_handler.log_command:Invoked command in '/home/vgi/ainex_ws/build/ainex_interfaces' returned '0': CMAKE_PREFIX_PATH=${CMAKE_PREFIX_PATH}:/home/vgi/ainex_ws/install/ainex_arm:/home/vgi/robot_ws/install/robot_arm:/opt/ros/jazzy DEBUGINFOD_URLS=https://debuginfod.ubuntu.com /usr/bin/cmake --install /home/vgi/ainex_ws/build/ainex_interfaces
[1.765s] Level 1:colcon.colcon_core.environment:checking '/home/vgi/ainex_ws/install/ainex_interfaces' for CMake module files
[1.766s] Level 1:colcon.colcon_core.environment:checking '/home/vgi/ainex_ws/install/ainex_interfaces' for CMake config files
[1.768s] Level 1:colcon.colcon_core.shell:create_environment_hook('ainex_interfaces', 'cmake_prefix_path')
[1.768s] INFO:colcon.colcon_core.shell:Creating environment hook '/home/vgi/ainex_ws/install/ainex_interfaces/share/ainex_interfaces/hook/cmake_prefix_path.ps1'
[1.770s] INFO:colcon.colcon_core.shell:Creating environment descriptor '/home/vgi/ainex_ws/install/ainex_interfaces/share/ainex_interfaces/hook/cmake_prefix_path.dsv'
[1.771s] INFO:colcon.colcon_core.shell:Creating environment hook '/home/vgi/ainex_ws/install/ainex_interfaces/share/ainex_interfaces/hook/cmake_prefix_path.sh'
[1.776s] Level 1:colcon.colcon_core.environment:checking '/home/vgi/ainex_ws/install/ainex_interfaces/lib'
[1.776s] Level 1:colcon.colcon_core.shell:create_environment_hook('ainex_interfaces', 'ld_library_path_lib')
[1.777s] INFO:colcon.colcon_core.shell:Creating environment hook '/home/vgi/ainex_ws/install/ainex_interfaces/share/ainex_interfaces/hook/ld_library_path_lib.ps1'
[1.777s] INFO:colcon.colcon_core.shell:Creating environment descriptor '/home/vgi/ainex_ws/install/ainex_interfaces/share/ainex_interfaces/hook/ld_library_path_lib.dsv'
[1.779s] INFO:colcon.colcon_core.shell:Creating environment hook '/home/vgi/ainex_ws/install/ainex_interfaces/share/ainex_interfaces/hook/ld_library_path_lib.sh'
[1.781s] Level 1:colcon.colcon_core.environment:checking '/home/vgi/ainex_ws/install/ainex_interfaces/bin'
[1.781s] Level 1:colcon.colcon_core.environment:checking '/home/vgi/ainex_ws/install/ainex_interfaces/lib/pkgconfig/ainex_interfaces.pc'
[1.782s] Level 1:colcon.colcon_core.environment:checking '/home/vgi/ainex_ws/install/ainex_interfaces/lib/python3.12/site-packages'
[1.782s] Level 1:colcon.colcon_core.shell:create_environment_hook('ainex_interfaces', 'pythonpath')
[1.783s] INFO:colcon.colcon_core.shell:Creating environment hook '/home/vgi/ainex_ws/install/ainex_interfaces/share/ainex_interfaces/hook/pythonpath.ps1'
[1.784s] INFO:colcon.colcon_core.shell:Creating environment descriptor '/home/vgi/ainex_ws/install/ainex_interfaces/share/ainex_interfaces/hook/pythonpath.dsv'
[1.785s] INFO:colcon.colcon_core.shell:Creating environment hook '/home/vgi/ainex_ws/install/ainex_interfaces/share/ainex_interfaces/hook/pythonpath.sh'
[1.788s] Level 1:colcon.colcon_core.environment:checking '/home/vgi/ainex_ws/install/ainex_interfaces/bin'
[1.789s] INFO:colcon.colcon_core.shell:Creating package script '/home/vgi/ainex_ws/install/ainex_interfaces/share/ainex_interfaces/package.ps1'
[1.790s] INFO:colcon.colcon_core.shell:Creating package descriptor '/home/vgi/ainex_ws/install/ainex_interfaces/share/ainex_interfaces/package.dsv'
[1.793s] INFO:colcon.colcon_core.shell:Creating package script '/home/vgi/ainex_ws/install/ainex_interfaces/share/ainex_interfaces/package.sh'
[1.795s] INFO:colcon.colcon_core.shell:Creating package script '/home/vgi/ainex_ws/install/ainex_interfaces/share/ainex_interfaces/package.bash'
[1.796s] INFO:colcon.colcon_core.shell:Creating package script '/home/vgi/ainex_ws/install/ainex_interfaces/share/ainex_interfaces/package.zsh'
[1.799s] Level 1:colcon.colcon_core.environment:create_file_with_runtime_dependencies(/home/vgi/ainex_ws/install/ainex_interfaces/share/colcon-core/packages/ainex_interfaces)
[1.805s] Level 1:colcon.colcon_core.environment:create_environment_scripts_only(ainex_interfaces)
[1.806s] Level 1:colcon.colcon_core.environment:checking '/home/vgi/ainex_ws/install/ainex_interfaces' for CMake module files
[1.809s] Level 1:colcon.colcon_core.environment:checking '/home/vgi/ainex_ws/install/ainex_interfaces' for CMake config files
[1.811s] Level 1:colcon.colcon_core.shell:create_environment_hook('ainex_interfaces', 'cmake_prefix_path')
[1.812s] INFO:colcon.colcon_core.shell:Creating environment hook '/home/vgi/ainex_ws/install/ainex_interfaces/share/ainex_interfaces/hook/cmake_prefix_path.ps1'
[1.813s] INFO:colcon.colcon_core.shell:Creating environment descriptor '/home/vgi/ainex_ws/install/ainex_interfaces/share/ainex_interfaces/hook/cmake_prefix_path.dsv'
[1.816s] INFO:colcon.colcon_core.shell:Creating environment hook '/home/vgi/ainex_ws/install/ainex_interfaces/share/ainex_interfaces/hook/cmake_prefix_path.sh'
[1.818s] Level 1:colcon.colcon_core.environment:checking '/home/vgi/ainex_ws/install/ainex_interfaces/lib'
[1.819s] Level 1:colcon.colcon_core.shell:create_environment_hook('ainex_interfaces', 'ld_library_path_lib')
[1.819s] INFO:colcon.colcon_core.shell:Creating environment hook '/home/vgi/ainex_ws/install/ainex_interfaces/share/ainex_interfaces/hook/ld_library_path_lib.ps1'
[1.821s] INFO:colcon.colcon_core.shell:Creating environment descriptor '/home/vgi/ainex_ws/install/ainex_interfaces/share/ainex_interfaces/hook/ld_library_path_lib.dsv'
[1.822s] INFO:colcon.colcon_core.shell:Creating environment hook '/home/vgi/ainex_ws/install/ainex_interfaces/share/ainex_interfaces/hook/ld_library_path_lib.sh'
[1.823s] Level 1:colcon.colcon_core.environment:checking '/home/vgi/ainex_ws/install/ainex_interfaces/bin'
[1.824s] Level 1:colcon.colcon_core.environment:checking '/home/vgi/ainex_ws/install/ainex_interfaces/lib/pkgconfig/ainex_interfaces.pc'
[1.824s] Level 1:colcon.colcon_core.environment:checking '/home/vgi/ainex_ws/install/ainex_interfaces/lib/python3.12/site-packages'
[1.824s] Level 1:colcon.colcon_core.shell:create_environment_hook('ainex_interfaces', 'pythonpath')
[1.825s] INFO:colcon.colcon_core.shell:Creating environment hook '/home/vgi/ainex_ws/install/ainex_interfaces/share/ainex_interfaces/hook/pythonpath.ps1'
[1.826s] INFO:colcon.colcon_core.shell:Creating environment descriptor '/home/vgi/ainex_ws/install/ainex_interfaces/share/ainex_interfaces/hook/pythonpath.dsv'
[1.830s] INFO:colcon.colcon_core.shell:Creating environment hook '/home/vgi/ainex_ws/install/ainex_interfaces/share/ainex_interfaces/hook/pythonpath.sh'
[1.832s] Level 1:colcon.colcon_core.environment:checking '/home/vgi/ainex_ws/install/ainex_interfaces/bin'
[1.834s] INFO:colcon.colcon_core.shell:Creating package script '/home/vgi/ainex_ws/install/ainex_interfaces/share/ainex_interfaces/package.ps1'
[1.835s] INFO:colcon.colcon_core.shell:Creating package descriptor '/home/vgi/ainex_ws/install/ainex_interfaces/share/ainex_interfaces/package.dsv'
[1.837s] INFO:colcon.colcon_core.shell:Creating package script '/home/vgi/ainex_ws/install/ainex_interfaces/share/ainex_interfaces/package.sh'
[1.838s] INFO:colcon.colcon_core.shell:Creating package script '/home/vgi/ainex_ws/install/ainex_interfaces/share/ainex_interfaces/package.bash'
[1.839s] INFO:colcon.colcon_core.shell:Creating package script '/home/vgi/ainex_ws/install/ainex_interfaces/share/ainex_interfaces/package.zsh'
[1.840s] Level 1:colcon.colcon_core.environment:create_file_with_runtime_dependencies(/home/vgi/ainex_ws/install/ainex_interfaces/share/colcon-core/packages/ainex_interfaces)
[1.842s] DEBUG:colcon.colcon_parallel_executor.executor.parallel:closing loop
[1.843s] DEBUG:colcon.colcon_parallel_executor.executor.parallel:loop closed
[1.843s] DEBUG:colcon.colcon_parallel_executor.executor.parallel:run_until_complete finished with '0'
[1.843s] DEBUG:colcon.colcon_core.event_reactor:joining thread
[1.858s] INFO:colcon.colcon_core.plugin_system:Skipping extension 'colcon_notification.desktop_notification.terminal_notifier': Not used on non-Darwin systems
[1.858s] INFO:colcon.colcon_core.plugin_system:Skipping extension 'colcon_notification.desktop_notification.win32': Not used on non-Windows systems
[1.858s] INFO:colcon.colcon_notification.desktop_notification:Sending desktop notification using 'notify2'
[1.892s] DEBUG:colcon.colcon_core.event_reactor:joined thread
[1.892s] INFO:colcon.colcon_core.shell:Creating prefix script '/home/vgi/ainex_ws/install/local_setup.ps1'
[1.894s] INFO:colcon.colcon_core.shell:Creating prefix util module '/home/vgi/ainex_ws/install/_local_setup_util_ps1.py'
[1.898s] INFO:colcon.colcon_core.shell:Creating prefix chain script '/home/vgi/ainex_ws/install/setup.ps1'
[1.902s] INFO:colcon.colcon_core.shell:Creating prefix script '/home/vgi/ainex_ws/install/local_setup.sh'
[1.903s] INFO:colcon.colcon_core.shell:Creating prefix util module '/home/vgi/ainex_ws/install/_local_setup_util_sh.py'
[1.905s] INFO:colcon.colcon_core.shell:Creating prefix chain script '/home/vgi/ainex_ws/install/setup.sh'
[1.907s] INFO:colcon.colcon_core.shell:Creating prefix script '/home/vgi/ainex_ws/install/local_setup.bash'
[1.908s] INFO:colcon.colcon_core.shell:Creating prefix chain script '/home/vgi/ainex_ws/install/setup.bash'
[1.910s] INFO:colcon.colcon_core.shell:Creating prefix script '/home/vgi/ainex_ws/install/local_setup.zsh'
[1.912s] INFO:colcon.colcon_core.shell:Creating prefix chain script '/home/vgi/ainex_ws/install/setup.zsh'
