[0.150s] DEBUG:colcon:Command line arguments: ['/usr/bin/colcon', 'build']
[0.150s] DEBUG:colcon:Parsed command line arguments: Namespace(log_base=None, log_level=None, verb_name='build', build_base='build', install_base='install', merge_install=False, symlink_install=False, test_result_base=None, continue_on_error=False, executor='parallel', parallel_workers=4, event_handlers=None, ignore_user_meta=False, metas=['./colcon.meta'], base_paths=['.'], packages_ignore=None, packages_ignore_regex=None, paths=None, packages_up_to=None, packages_up_to_regex=None, packages_above=None, packages_above_and_dependencies=None, packages_above_depth=None, packages_select_by_dep=None, packages_skip_by_dep=None, packages_skip_up_to=None, packages_select_build_failed=False, packages_skip_build_finished=False, packages_select_test_failures=False, packages_skip_test_passed=False, packages_select=None, packages_skip=None, packages_select_regex=None, packages_skip_regex=None, packages_start=None, packages_end=None, allow_overriding=[], cmake_args=None, cmake_target=None, cmake_target_skip_unavailable=False, cmake_clean_cache=False, cmake_clean_first=False, cmake_force_configure=False, ament_cmake_args=None, catkin_cmake_args=None, catkin_skip_building_tests=False, mixin_files=None, mixin=None, verb_parser=<colcon_mixin.mixin.mixin_argument.MixinArgumentDecorator object at 0xffff9bf04a70>, verb_extension=<colcon_core.verb.build.BuildVerb object at 0xffff9c0c1160>, main=<bound method BuildVerb.main of <colcon_core.verb.build.BuildVerb object at 0xffff9c0c1160>>, mixin_verb=('build',))
[0.212s] Level 1:colcon.colcon_core.package_discovery:discover_packages(colcon_meta) check parameters
[0.212s] Level 1:colcon.colcon_core.package_discovery:discover_packages(recursive) check parameters
[0.212s] Level 1:colcon.colcon_core.package_discovery:discover_packages(ignore) check parameters
[0.212s] Level 1:colcon.colcon_core.package_discovery:discover_packages(path) check parameters
[0.212s] Level 1:colcon.colcon_core.package_discovery:discover_packages(colcon_meta) discover
[0.212s] Level 1:colcon.colcon_core.package_discovery:discover_packages(recursive) discover
[0.212s] INFO:colcon.colcon_core.package_discovery:Crawling recursively for packages in '/home/vgi/ainex_ws'
[0.212s] Level 1:colcon.colcon_core.package_identification:_identify(.) by extensions ['ignore', 'ignore_ament_install']
[0.212s] Level 1:colcon.colcon_core.package_identification:_identify(.) by extension 'ignore'
[0.212s] Level 1:colcon.colcon_core.package_identification:_identify(.) by extension 'ignore_ament_install'
[0.212s] Level 1:colcon.colcon_core.package_identification:_identify(.) by extensions ['colcon_pkg']
[0.212s] Level 1:colcon.colcon_core.package_identification:_identify(.) by extension 'colcon_pkg'
[0.212s] Level 1:colcon.colcon_core.package_identification:_identify(.) by extensions ['colcon_meta']
[0.213s] Level 1:colcon.colcon_core.package_identification:_identify(.) by extension 'colcon_meta'
[0.213s] Level 1:colcon.colcon_core.package_identification:_identify(.) by extensions ['ros']
[0.213s] Level 1:colcon.colcon_core.package_identification:_identify(.) by extension 'ros'
[0.253s] Level 1:colcon.colcon_core.package_identification:_identify(.) by extensions ['cmake', 'python']
[0.254s] Level 1:colcon.colcon_core.package_identification:_identify(.) by extension 'cmake'
[0.254s] Level 1:colcon.colcon_core.package_identification:_identify(.) by extension 'python'
[0.254s] Level 1:colcon.colcon_core.package_identification:_identify(.) by extensions ['python_setup_py']
[0.254s] Level 1:colcon.colcon_core.package_identification:_identify(.) by extension 'python_setup_py'
[0.254s] Level 1:colcon.colcon_core.package_identification:_identify(build) by extensions ['ignore', 'ignore_ament_install']
[0.254s] Level 1:colcon.colcon_core.package_identification:_identify(build) by extension 'ignore'
[0.254s] Level 1:colcon.colcon_core.package_identification:_identify(build) ignored
[0.254s] Level 1:colcon.colcon_core.package_identification:_identify(install) by extensions ['ignore', 'ignore_ament_install']
[0.254s] Level 1:colcon.colcon_core.package_identification:_identify(install) by extension 'ignore'
[0.255s] Level 1:colcon.colcon_core.package_identification:_identify(install) ignored
[0.255s] Level 1:colcon.colcon_core.package_identification:_identify(log) by extensions ['ignore', 'ignore_ament_install']
[0.255s] Level 1:colcon.colcon_core.package_identification:_identify(log) by extension 'ignore'
[0.255s] Level 1:colcon.colcon_core.package_identification:_identify(log) ignored
[0.255s] Level 1:colcon.colcon_core.package_identification:_identify(src) by extensions ['ignore', 'ignore_ament_install']
[0.255s] Level 1:colcon.colcon_core.package_identification:_identify(src) by extension 'ignore'
[0.255s] Level 1:colcon.colcon_core.package_identification:_identify(src) by extension 'ignore_ament_install'
[0.255s] Level 1:colcon.colcon_core.package_identification:_identify(src) by extensions ['colcon_pkg']
[0.255s] Level 1:colcon.colcon_core.package_identification:_identify(src) by extension 'colcon_pkg'
[0.255s] Level 1:colcon.colcon_core.package_identification:_identify(src) by extensions ['colcon_meta']
[0.255s] Level 1:colcon.colcon_core.package_identification:_identify(src) by extension 'colcon_meta'
[0.255s] Level 1:colcon.colcon_core.package_identification:_identify(src) by extensions ['ros']
[0.255s] Level 1:colcon.colcon_core.package_identification:_identify(src) by extension 'ros'
[0.255s] Level 1:colcon.colcon_core.package_identification:_identify(src) by extensions ['cmake', 'python']
[0.255s] Level 1:colcon.colcon_core.package_identification:_identify(src) by extension 'cmake'
[0.255s] Level 1:colcon.colcon_core.package_identification:_identify(src) by extension 'python'
[0.255s] Level 1:colcon.colcon_core.package_identification:_identify(src) by extensions ['python_setup_py']
[0.255s] Level 1:colcon.colcon_core.package_identification:_identify(src) by extension 'python_setup_py'
[0.256s] Level 1:colcon.colcon_core.package_identification:_identify(src/ainex_arm) by extensions ['ignore', 'ignore_ament_install']
[0.256s] Level 1:colcon.colcon_core.package_identification:_identify(src/ainex_arm) by extension 'ignore'
[0.256s] Level 1:colcon.colcon_core.package_identification:_identify(src/ainex_arm) by extension 'ignore_ament_install'
[0.256s] Level 1:colcon.colcon_core.package_identification:_identify(src/ainex_arm) by extensions ['colcon_pkg']
[0.256s] Level 1:colcon.colcon_core.package_identification:_identify(src/ainex_arm) by extension 'colcon_pkg'
[0.256s] Level 1:colcon.colcon_core.package_identification:_identify(src/ainex_arm) by extensions ['colcon_meta']
[0.256s] Level 1:colcon.colcon_core.package_identification:_identify(src/ainex_arm) by extension 'colcon_meta'
[0.256s] Level 1:colcon.colcon_core.package_identification:_identify(src/ainex_arm) by extensions ['ros']
[0.256s] Level 1:colcon.colcon_core.package_identification:_identify(src/ainex_arm) by extension 'ros'
[0.259s] DEBUG:colcon.colcon_core.package_identification:Package 'src/ainex_arm' with type 'ros.ament_python' and name 'ainex_arm'
[0.259s] Level 1:colcon.colcon_core.package_identification:_identify(src/ainex_interfaces) by extensions ['ignore', 'ignore_ament_install']
[0.259s] Level 1:colcon.colcon_core.package_identification:_identify(src/ainex_interfaces) by extension 'ignore'
[0.260s] Level 1:colcon.colcon_core.package_identification:_identify(src/ainex_interfaces) by extension 'ignore_ament_install'
[0.260s] Level 1:colcon.colcon_core.package_identification:_identify(src/ainex_interfaces) by extensions ['colcon_pkg']
[0.260s] Level 1:colcon.colcon_core.package_identification:_identify(src/ainex_interfaces) by extension 'colcon_pkg'
[0.260s] Level 1:colcon.colcon_core.package_identification:_identify(src/ainex_interfaces) by extensions ['colcon_meta']
[0.260s] Level 1:colcon.colcon_core.package_identification:_identify(src/ainex_interfaces) by extension 'colcon_meta'
[0.260s] Level 1:colcon.colcon_core.package_identification:_identify(src/ainex_interfaces) by extensions ['ros']
[0.260s] Level 1:colcon.colcon_core.package_identification:_identify(src/ainex_interfaces) by extension 'ros'
[0.260s] DEBUG:colcon.colcon_core.package_identification:Package 'src/ainex_interfaces' with type 'ros.ament_cmake' and name 'ainex_interfaces'
[0.260s] Level 1:colcon.colcon_core.package_discovery:discover_packages(recursive) using defaults
[0.261s] Level 1:colcon.colcon_core.package_discovery:discover_packages(ignore) discover
[0.261s] Level 1:colcon.colcon_core.package_discovery:discover_packages(ignore) using defaults
[0.261s] Level 1:colcon.colcon_core.package_discovery:discover_packages(path) discover
[0.261s] Level 1:colcon.colcon_core.package_discovery:discover_packages(path) using defaults
[0.285s] Level 1:colcon.colcon_core.package_discovery:discover_packages(prefix_path) check parameters
[0.285s] Level 1:colcon.colcon_core.package_discovery:discover_packages(prefix_path) discover
[0.287s] DEBUG:colcon.colcon_installed_package_information.package_discovery:Found 2 installed packages in /home/vgi/ainex_ws/install
[0.287s] DEBUG:colcon.colcon_installed_package_information.package_discovery:Found 1 installed packages in /home/vgi/robot_ws/install
[0.289s] DEBUG:colcon.colcon_installed_package_information.package_discovery:Found 290 installed packages in /opt/ros/jazzy
[0.290s] Level 1:colcon.colcon_core.package_discovery:discover_packages(prefix_path) using defaults
[0.352s] Level 5:colcon.colcon_core.verb:set package 'ainex_arm' build argument 'cmake_args' from command line to 'None'
[0.352s] Level 5:colcon.colcon_core.verb:set package 'ainex_arm' build argument 'cmake_target' from command line to 'None'
[0.352s] Level 5:colcon.colcon_core.verb:set package 'ainex_arm' build argument 'cmake_target_skip_unavailable' from command line to 'False'
[0.352s] Level 5:colcon.colcon_core.verb:set package 'ainex_arm' build argument 'cmake_clean_cache' from command line to 'False'
[0.352s] Level 5:colcon.colcon_core.verb:set package 'ainex_arm' build argument 'cmake_clean_first' from command line to 'False'
[0.352s] Level 5:colcon.colcon_core.verb:set package 'ainex_arm' build argument 'cmake_force_configure' from command line to 'False'
[0.352s] Level 5:colcon.colcon_core.verb:set package 'ainex_arm' build argument 'ament_cmake_args' from command line to 'None'
[0.352s] Level 5:colcon.colcon_core.verb:set package 'ainex_arm' build argument 'catkin_cmake_args' from command line to 'None'
[0.352s] Level 5:colcon.colcon_core.verb:set package 'ainex_arm' build argument 'catkin_skip_building_tests' from command line to 'False'
[0.352s] DEBUG:colcon.colcon_core.verb:Building package 'ainex_arm' with the following arguments: {'ament_cmake_args': None, 'build_base': '/home/vgi/ainex_ws/build/ainex_arm', 'catkin_cmake_args': None, 'catkin_skip_building_tests': False, 'cmake_args': None, 'cmake_clean_cache': False, 'cmake_clean_first': False, 'cmake_force_configure': False, 'cmake_target': None, 'cmake_target_skip_unavailable': False, 'install_base': '/home/vgi/ainex_ws/install/ainex_arm', 'merge_install': False, 'path': '/home/vgi/ainex_ws/src/ainex_arm', 'symlink_install': False, 'test_result_base': None}
[0.352s] Level 5:colcon.colcon_core.verb:set package 'ainex_interfaces' build argument 'cmake_args' from command line to 'None'
[0.352s] Level 5:colcon.colcon_core.verb:set package 'ainex_interfaces' build argument 'cmake_target' from command line to 'None'
[0.352s] Level 5:colcon.colcon_core.verb:set package 'ainex_interfaces' build argument 'cmake_target_skip_unavailable' from command line to 'False'
[0.352s] Level 5:colcon.colcon_core.verb:set package 'ainex_interfaces' build argument 'cmake_clean_cache' from command line to 'False'
[0.353s] Level 5:colcon.colcon_core.verb:set package 'ainex_interfaces' build argument 'cmake_clean_first' from command line to 'False'
[0.353s] Level 5:colcon.colcon_core.verb:set package 'ainex_interfaces' build argument 'cmake_force_configure' from command line to 'False'
[0.353s] Level 5:colcon.colcon_core.verb:set package 'ainex_interfaces' build argument 'ament_cmake_args' from command line to 'None'
[0.353s] Level 5:colcon.colcon_core.verb:set package 'ainex_interfaces' build argument 'catkin_cmake_args' from command line to 'None'
[0.353s] Level 5:colcon.colcon_core.verb:set package 'ainex_interfaces' build argument 'catkin_skip_building_tests' from command line to 'False'
[0.353s] DEBUG:colcon.colcon_core.verb:Building package 'ainex_interfaces' with the following arguments: {'ament_cmake_args': None, 'build_base': '/home/vgi/ainex_ws/build/ainex_interfaces', 'catkin_cmake_args': None, 'catkin_skip_building_tests': False, 'cmake_args': None, 'cmake_clean_cache': False, 'cmake_clean_first': False, 'cmake_force_configure': False, 'cmake_target': None, 'cmake_target_skip_unavailable': False, 'install_base': '/home/vgi/ainex_ws/install/ainex_interfaces', 'merge_install': False, 'path': '/home/vgi/ainex_ws/src/ainex_interfaces', 'symlink_install': False, 'test_result_base': None}
[0.353s] INFO:colcon.colcon_core.executor:Executing jobs using 'parallel' executor
[0.354s] DEBUG:colcon.colcon_parallel_executor.executor.parallel:run_until_complete
[0.355s] INFO:colcon.colcon_ros.task.ament_python.build:Building ROS package in '/home/vgi/ainex_ws/src/ainex_arm' with build type 'ament_python'
[0.355s] Level 1:colcon.colcon_core.shell:create_environment_hook('ainex_arm', 'ament_prefix_path')
[0.359s] INFO:colcon.colcon_core.plugin_system:Skipping extension 'colcon_core.shell.bat': Not used on non-Windows systems
[0.360s] INFO:colcon.colcon_core.shell:Creating environment hook '/home/vgi/ainex_ws/install/ainex_arm/share/ainex_arm/hook/ament_prefix_path.ps1'
[0.361s] INFO:colcon.colcon_core.shell:Creating environment descriptor '/home/vgi/ainex_ws/install/ainex_arm/share/ainex_arm/hook/ament_prefix_path.dsv'
[0.363s] INFO:colcon.colcon_core.shell:Creating environment hook '/home/vgi/ainex_ws/install/ainex_arm/share/ainex_arm/hook/ament_prefix_path.sh'
[0.365s] INFO:colcon.colcon_core.shell:Skip shell extension 'powershell' for command environment: Not usable outside of PowerShell
[0.365s] DEBUG:colcon.colcon_core.shell:Skip shell extension 'dsv' for command environment
[0.373s] INFO:colcon.colcon_ros.task.ament_cmake.build:Building ROS package in '/home/vgi/ainex_ws/src/ainex_interfaces' with build type 'ament_cmake'
[0.373s] INFO:colcon.colcon_cmake.task.cmake.build:Building CMake package in '/home/vgi/ainex_ws/src/ainex_interfaces'
[0.374s] INFO:colcon.colcon_core.shell:Skip shell extension 'powershell' for command environment: Not usable outside of PowerShell
[0.374s] DEBUG:colcon.colcon_core.shell:Skip shell extension 'dsv' for command environment
[0.747s] INFO:colcon.colcon_core.task.python.build:Building Python package in '/home/vgi/ainex_ws/src/ainex_arm'
[0.747s] INFO:colcon.colcon_core.shell:Skip shell extension 'powershell' for command environment: Not usable outside of PowerShell
[0.747s] DEBUG:colcon.colcon_core.shell:Skip shell extension 'dsv' for command environment
[0.763s] DEBUG:colcon.colcon_core.event_handler.log_command:Invoking command in '/home/vgi/ainex_ws/build/ainex_interfaces': CMAKE_PREFIX_PATH=${CMAKE_PREFIX_PATH}:/home/vgi/ainex_ws/install/ainex_arm:/home/vgi/robot_ws/install/robot_arm:/opt/ros/jazzy DEBUGINFOD_URLS=https://debuginfod.ubuntu.com /usr/bin/cmake --build /home/vgi/ainex_ws/build/ainex_interfaces -- -j4 -l4
[1.691s] DEBUG:colcon.colcon_core.event_handler.log_command:Invoked command in '/home/vgi/ainex_ws/build/ainex_interfaces' returned '0': CMAKE_PREFIX_PATH=${CMAKE_PREFIX_PATH}:/home/vgi/ainex_ws/install/ainex_arm:/home/vgi/robot_ws/install/robot_arm:/opt/ros/jazzy DEBUGINFOD_URLS=https://debuginfod.ubuntu.com /usr/bin/cmake --build /home/vgi/ainex_ws/build/ainex_interfaces -- -j4 -l4
[1.718s] DEBUG:colcon.colcon_core.event_handler.log_command:Invoking command in '/home/vgi/ainex_ws/build/ainex_interfaces': CMAKE_PREFIX_PATH=${CMAKE_PREFIX_PATH}:/home/vgi/ainex_ws/install/ainex_arm:/home/vgi/robot_ws/install/robot_arm:/opt/ros/jazzy DEBUGINFOD_URLS=https://debuginfod.ubuntu.com /usr/bin/cmake --install /home/vgi/ainex_ws/build/ainex_interfaces
[1.820s] Level 1:colcon.colcon_core.environment:create_environment_scripts_only(ainex_interfaces)
[1.822s] DEBUG:colcon.colcon_core.event_handler.log_command:Invoked command in '/home/vgi/ainex_ws/build/ainex_interfaces' returned '0': CMAKE_PREFIX_PATH=${CMAKE_PREFIX_PATH}:/home/vgi/ainex_ws/install/ainex_arm:/home/vgi/robot_ws/install/robot_arm:/opt/ros/jazzy DEBUGINFOD_URLS=https://debuginfod.ubuntu.com /usr/bin/cmake --install /home/vgi/ainex_ws/build/ainex_interfaces
[1.824s] Level 1:colcon.colcon_core.environment:checking '/home/vgi/ainex_ws/install/ainex_interfaces' for CMake module files
[1.825s] Level 1:colcon.colcon_core.environment:checking '/home/vgi/ainex_ws/install/ainex_interfaces' for CMake config files
[1.826s] Level 1:colcon.colcon_core.shell:create_environment_hook('ainex_interfaces', 'cmake_prefix_path')
[1.826s] INFO:colcon.colcon_core.shell:Creating environment hook '/home/vgi/ainex_ws/install/ainex_interfaces/share/ainex_interfaces/hook/cmake_prefix_path.ps1'
[1.827s] INFO:colcon.colcon_core.shell:Creating environment descriptor '/home/vgi/ainex_ws/install/ainex_interfaces/share/ainex_interfaces/hook/cmake_prefix_path.dsv'
[1.828s] INFO:colcon.colcon_core.shell:Creating environment hook '/home/vgi/ainex_ws/install/ainex_interfaces/share/ainex_interfaces/hook/cmake_prefix_path.sh'
[1.829s] Level 1:colcon.colcon_core.environment:checking '/home/vgi/ainex_ws/install/ainex_interfaces/lib'
[1.829s] Level 1:colcon.colcon_core.shell:create_environment_hook('ainex_interfaces', 'ld_library_path_lib')
[1.829s] INFO:colcon.colcon_core.shell:Creating environment hook '/home/vgi/ainex_ws/install/ainex_interfaces/share/ainex_interfaces/hook/ld_library_path_lib.ps1'
[1.830s] INFO:colcon.colcon_core.shell:Creating environment descriptor '/home/vgi/ainex_ws/install/ainex_interfaces/share/ainex_interfaces/hook/ld_library_path_lib.dsv'
[1.830s] INFO:colcon.colcon_core.shell:Creating environment hook '/home/vgi/ainex_ws/install/ainex_interfaces/share/ainex_interfaces/hook/ld_library_path_lib.sh'
[1.831s] Level 1:colcon.colcon_core.environment:checking '/home/vgi/ainex_ws/install/ainex_interfaces/bin'
[1.831s] Level 1:colcon.colcon_core.environment:checking '/home/vgi/ainex_ws/install/ainex_interfaces/lib/pkgconfig/ainex_interfaces.pc'
[1.832s] Level 1:colcon.colcon_core.environment:checking '/home/vgi/ainex_ws/install/ainex_interfaces/lib/python3.12/site-packages'
[1.832s] Level 1:colcon.colcon_core.shell:create_environment_hook('ainex_interfaces', 'pythonpath')
[1.832s] INFO:colcon.colcon_core.shell:Creating environment hook '/home/vgi/ainex_ws/install/ainex_interfaces/share/ainex_interfaces/hook/pythonpath.ps1'
[1.833s] INFO:colcon.colcon_core.shell:Creating environment descriptor '/home/vgi/ainex_ws/install/ainex_interfaces/share/ainex_interfaces/hook/pythonpath.dsv'
[1.833s] INFO:colcon.colcon_core.shell:Creating environment hook '/home/vgi/ainex_ws/install/ainex_interfaces/share/ainex_interfaces/hook/pythonpath.sh'
[1.834s] Level 1:colcon.colcon_core.environment:checking '/home/vgi/ainex_ws/install/ainex_interfaces/bin'
[1.835s] INFO:colcon.colcon_core.shell:Creating package script '/home/vgi/ainex_ws/install/ainex_interfaces/share/ainex_interfaces/package.ps1'
[1.838s] INFO:colcon.colcon_core.shell:Creating package descriptor '/home/vgi/ainex_ws/install/ainex_interfaces/share/ainex_interfaces/package.dsv'
[1.839s] INFO:colcon.colcon_core.shell:Creating package script '/home/vgi/ainex_ws/install/ainex_interfaces/share/ainex_interfaces/package.sh'
[1.840s] INFO:colcon.colcon_core.shell:Creating package script '/home/vgi/ainex_ws/install/ainex_interfaces/share/ainex_interfaces/package.bash'
[1.841s] INFO:colcon.colcon_core.shell:Creating package script '/home/vgi/ainex_ws/install/ainex_interfaces/share/ainex_interfaces/package.zsh'
[1.845s] Level 1:colcon.colcon_core.environment:create_file_with_runtime_dependencies(/home/vgi/ainex_ws/install/ainex_interfaces/share/colcon-core/packages/ainex_interfaces)
[1.846s] Level 1:colcon.colcon_core.environment:create_environment_scripts_only(ainex_interfaces)
[1.847s] Level 1:colcon.colcon_core.environment:checking '/home/vgi/ainex_ws/install/ainex_interfaces' for CMake module files
[1.848s] Level 1:colcon.colcon_core.environment:checking '/home/vgi/ainex_ws/install/ainex_interfaces' for CMake config files
[1.848s] Level 1:colcon.colcon_core.shell:create_environment_hook('ainex_interfaces', 'cmake_prefix_path')
[1.849s] INFO:colcon.colcon_core.shell:Creating environment hook '/home/vgi/ainex_ws/install/ainex_interfaces/share/ainex_interfaces/hook/cmake_prefix_path.ps1'
[1.849s] INFO:colcon.colcon_core.shell:Creating environment descriptor '/home/vgi/ainex_ws/install/ainex_interfaces/share/ainex_interfaces/hook/cmake_prefix_path.dsv'
[1.851s] INFO:colcon.colcon_core.shell:Creating environment hook '/home/vgi/ainex_ws/install/ainex_interfaces/share/ainex_interfaces/hook/cmake_prefix_path.sh'
[1.852s] Level 1:colcon.colcon_core.environment:checking '/home/vgi/ainex_ws/install/ainex_interfaces/lib'
[1.852s] Level 1:colcon.colcon_core.shell:create_environment_hook('ainex_interfaces', 'ld_library_path_lib')
[1.853s] INFO:colcon.colcon_core.shell:Creating environment hook '/home/vgi/ainex_ws/install/ainex_interfaces/share/ainex_interfaces/hook/ld_library_path_lib.ps1'
[1.853s] INFO:colcon.colcon_core.shell:Creating environment descriptor '/home/vgi/ainex_ws/install/ainex_interfaces/share/ainex_interfaces/hook/ld_library_path_lib.dsv'
[1.854s] INFO:colcon.colcon_core.shell:Creating environment hook '/home/vgi/ainex_ws/install/ainex_interfaces/share/ainex_interfaces/hook/ld_library_path_lib.sh'
[1.856s] Level 1:colcon.colcon_core.environment:checking '/home/vgi/ainex_ws/install/ainex_interfaces/bin'
[1.856s] Level 1:colcon.colcon_core.environment:checking '/home/vgi/ainex_ws/install/ainex_interfaces/lib/pkgconfig/ainex_interfaces.pc'
[1.856s] Level 1:colcon.colcon_core.environment:checking '/home/vgi/ainex_ws/install/ainex_interfaces/lib/python3.12/site-packages'
[1.856s] Level 1:colcon.colcon_core.shell:create_environment_hook('ainex_interfaces', 'pythonpath')
[1.857s] INFO:colcon.colcon_core.shell:Creating environment hook '/home/vgi/ainex_ws/install/ainex_interfaces/share/ainex_interfaces/hook/pythonpath.ps1'
[1.861s] INFO:colcon.colcon_core.shell:Creating environment descriptor '/home/vgi/ainex_ws/install/ainex_interfaces/share/ainex_interfaces/hook/pythonpath.dsv'
[1.884s] INFO:colcon.colcon_core.shell:Creating environment hook '/home/vgi/ainex_ws/install/ainex_interfaces/share/ainex_interfaces/hook/pythonpath.sh'
[1.886s] Level 1:colcon.colcon_core.environment:checking '/home/vgi/ainex_ws/install/ainex_interfaces/bin'
[1.886s] INFO:colcon.colcon_core.shell:Creating package script '/home/vgi/ainex_ws/install/ainex_interfaces/share/ainex_interfaces/package.ps1'
[1.887s] INFO:colcon.colcon_core.shell:Creating package descriptor '/home/vgi/ainex_ws/install/ainex_interfaces/share/ainex_interfaces/package.dsv'
[1.888s] INFO:colcon.colcon_core.shell:Creating package script '/home/vgi/ainex_ws/install/ainex_interfaces/share/ainex_interfaces/package.sh'
[1.889s] INFO:colcon.colcon_core.shell:Creating package script '/home/vgi/ainex_ws/install/ainex_interfaces/share/ainex_interfaces/package.bash'
[1.890s] INFO:colcon.colcon_core.shell:Creating package script '/home/vgi/ainex_ws/install/ainex_interfaces/share/ainex_interfaces/package.zsh'
[1.891s] Level 1:colcon.colcon_core.environment:create_file_with_runtime_dependencies(/home/vgi/ainex_ws/install/ainex_interfaces/share/colcon-core/packages/ainex_interfaces)
[1.998s] DEBUG:colcon.colcon_core.event_handler.log_command:Invoking command in '/home/vgi/ainex_ws/src/ainex_arm': DEBUGINFOD_URLS=https://debuginfod.ubuntu.com PYTHONPATH=/home/vgi/ainex_ws/build/ainex_arm/prefix_override:/usr/lib/python3/dist-packages/colcon_core/task/python/colcon_distutils_commands:/home/vgi/ainex_ws/install/ainex_arm/lib/python3.12/site-packages:${PYTHONPATH} /usr/bin/python3 -W ignore:setup.py install is deprecated -W ignore:easy_install command is deprecated setup.py egg_info --egg-base ../../build/ainex_arm build --build-base /home/vgi/ainex_ws/build/ainex_arm/build install --record /home/vgi/ainex_ws/build/ainex_arm/install.log --single-version-externally-managed install_data
[2.961s] Level 1:colcon.colcon_core.environment:checking '/home/vgi/ainex_ws/install/ainex_arm' for CMake module files
[2.962s] DEBUG:colcon.colcon_core.event_handler.log_command:Invoked command in '/home/vgi/ainex_ws/src/ainex_arm' returned '0': DEBUGINFOD_URLS=https://debuginfod.ubuntu.com PYTHONPATH=/home/vgi/ainex_ws/build/ainex_arm/prefix_override:/usr/lib/python3/dist-packages/colcon_core/task/python/colcon_distutils_commands:/home/vgi/ainex_ws/install/ainex_arm/lib/python3.12/site-packages:${PYTHONPATH} /usr/bin/python3 -W ignore:setup.py install is deprecated -W ignore:easy_install command is deprecated setup.py egg_info --egg-base ../../build/ainex_arm build --build-base /home/vgi/ainex_ws/build/ainex_arm/build install --record /home/vgi/ainex_ws/build/ainex_arm/install.log --single-version-externally-managed install_data
[2.963s] Level 1:colcon.colcon_core.environment:checking '/home/vgi/ainex_ws/install/ainex_arm' for CMake config files
[2.963s] Level 1:colcon.colcon_core.environment:checking '/home/vgi/ainex_ws/install/ainex_arm/lib'
[2.964s] Level 1:colcon.colcon_core.environment:checking '/home/vgi/ainex_ws/install/ainex_arm/bin'
[2.964s] Level 1:colcon.colcon_core.environment:checking '/home/vgi/ainex_ws/install/ainex_arm/lib/pkgconfig/ainex_arm.pc'
[2.964s] Level 1:colcon.colcon_core.environment:checking '/home/vgi/ainex_ws/install/ainex_arm/lib/python3.12/site-packages'
[2.964s] Level 1:colcon.colcon_core.shell:create_environment_hook('ainex_arm', 'pythonpath')
[2.964s] INFO:colcon.colcon_core.shell:Creating environment hook '/home/vgi/ainex_ws/install/ainex_arm/share/ainex_arm/hook/pythonpath.ps1'
[2.965s] INFO:colcon.colcon_core.shell:Creating environment descriptor '/home/vgi/ainex_ws/install/ainex_arm/share/ainex_arm/hook/pythonpath.dsv'
[2.966s] INFO:colcon.colcon_core.shell:Creating environment hook '/home/vgi/ainex_ws/install/ainex_arm/share/ainex_arm/hook/pythonpath.sh'
[2.967s] Level 1:colcon.colcon_core.environment:checking '/home/vgi/ainex_ws/install/ainex_arm/bin'
[2.967s] Level 1:colcon.colcon_core.environment:create_environment_scripts_only(ainex_arm)
[2.968s] INFO:colcon.colcon_core.shell:Creating package script '/home/vgi/ainex_ws/install/ainex_arm/share/ainex_arm/package.ps1'
[2.970s] INFO:colcon.colcon_core.shell:Creating package descriptor '/home/vgi/ainex_ws/install/ainex_arm/share/ainex_arm/package.dsv'
[2.972s] INFO:colcon.colcon_core.shell:Creating package script '/home/vgi/ainex_ws/install/ainex_arm/share/ainex_arm/package.sh'
[2.974s] INFO:colcon.colcon_core.shell:Creating package script '/home/vgi/ainex_ws/install/ainex_arm/share/ainex_arm/package.bash'
[2.975s] INFO:colcon.colcon_core.shell:Creating package script '/home/vgi/ainex_ws/install/ainex_arm/share/ainex_arm/package.zsh'
[2.976s] Level 1:colcon.colcon_core.environment:create_file_with_runtime_dependencies(/home/vgi/ainex_ws/install/ainex_arm/share/colcon-core/packages/ainex_arm)
[2.977s] DEBUG:colcon.colcon_parallel_executor.executor.parallel:closing loop
[2.978s] DEBUG:colcon.colcon_parallel_executor.executor.parallel:loop closed
[2.979s] DEBUG:colcon.colcon_parallel_executor.executor.parallel:run_until_complete finished with '0'
[2.979s] DEBUG:colcon.colcon_core.event_reactor:joining thread
[2.993s] INFO:colcon.colcon_core.plugin_system:Skipping extension 'colcon_notification.desktop_notification.terminal_notifier': Not used on non-Darwin systems
[2.993s] INFO:colcon.colcon_core.plugin_system:Skipping extension 'colcon_notification.desktop_notification.win32': Not used on non-Windows systems
[2.993s] INFO:colcon.colcon_notification.desktop_notification:Sending desktop notification using 'notify2'
[3.018s] DEBUG:colcon.colcon_core.event_reactor:joined thread
[3.018s] INFO:colcon.colcon_core.shell:Creating prefix script '/home/vgi/ainex_ws/install/local_setup.ps1'
[3.019s] INFO:colcon.colcon_core.shell:Creating prefix util module '/home/vgi/ainex_ws/install/_local_setup_util_ps1.py'
[3.021s] INFO:colcon.colcon_core.shell:Creating prefix chain script '/home/vgi/ainex_ws/install/setup.ps1'
[3.023s] INFO:colcon.colcon_core.shell:Creating prefix script '/home/vgi/ainex_ws/install/local_setup.sh'
[3.024s] INFO:colcon.colcon_core.shell:Creating prefix util module '/home/vgi/ainex_ws/install/_local_setup_util_sh.py'
[3.025s] INFO:colcon.colcon_core.shell:Creating prefix chain script '/home/vgi/ainex_ws/install/setup.sh'
[3.027s] INFO:colcon.colcon_core.shell:Creating prefix script '/home/vgi/ainex_ws/install/local_setup.bash'
[3.029s] INFO:colcon.colcon_core.shell:Creating prefix chain script '/home/vgi/ainex_ws/install/setup.bash'
[3.032s] INFO:colcon.colcon_core.shell:Creating prefix script '/home/vgi/ainex_ws/install/local_setup.zsh'
[3.033s] INFO:colcon.colcon_core.shell:Creating prefix chain script '/home/vgi/ainex_ws/install/setup.zsh'
