running egg_info
creating ../../build/ainex_arm/ainex_arm.egg-info
writing ../../build/ainex_arm/ainex_arm.egg-info/PKG-INFO
writing dependency_links to ../../build/ainex_arm/ainex_arm.egg-info/dependency_links.txt
writing entry points to ../../build/ainex_arm/ainex_arm.egg-info/entry_points.txt
writing requirements to ../../build/ainex_arm/ainex_arm.egg-info/requires.txt
writing top-level names to ../../build/ainex_arm/ainex_arm.egg-info/top_level.txt
writing manifest file '../../build/ainex_arm/ainex_arm.egg-info/SOURCES.txt'
reading manifest file '../../build/ainex_arm/ainex_arm.egg-info/SOURCES.txt'
writing manifest file '../../build/ainex_arm/ainex_arm.egg-info/SOURCES.txt'
running build
running build_py
creating /home/vgi/ainex_ws/build/ainex_arm/build
creating /home/vgi/ainex_ws/build/ainex_arm/build/lib
creating /home/vgi/ainex_ws/build/ainex_arm/build/lib/ainex_arm
copying ainex_arm/__init__.py -> /home/vgi/ainex_ws/build/ainex_arm/build/lib/ainex_arm
copying ainex_arm/hand_node.py -> /home/vgi/ainex_ws/build/ainex_arm/build/lib/ainex_arm
creating /home/vgi/ainex_ws/build/ainex_arm/build/lib/ainex_arm/scservo_sdk
copying ainex_arm/scservo_sdk/scservo_def.py -> /home/vgi/ainex_ws/build/ainex_arm/build/lib/ainex_arm/scservo_sdk
copying ainex_arm/scservo_sdk/packet_handler.py -> /home/vgi/ainex_ws/build/ainex_arm/build/lib/ainex_arm/scservo_sdk
copying ainex_arm/scservo_sdk/group_sync_write.py -> /home/vgi/ainex_ws/build/ainex_arm/build/lib/ainex_arm/scservo_sdk
copying ainex_arm/scservo_sdk/group_sync_read.py -> /home/vgi/ainex_ws/build/ainex_arm/build/lib/ainex_arm/scservo_sdk
copying ainex_arm/scservo_sdk/__init__.py -> /home/vgi/ainex_ws/build/ainex_arm/build/lib/ainex_arm/scservo_sdk
copying ainex_arm/scservo_sdk/port_handler.py -> /home/vgi/ainex_ws/build/ainex_arm/build/lib/ainex_arm/scservo_sdk
copying ainex_arm/scservo_sdk/protocol_packet_handler.py -> /home/vgi/ainex_ws/build/ainex_arm/build/lib/ainex_arm/scservo_sdk
running install
running install_lib
creating /home/vgi/ainex_ws/install/ainex_arm/lib/python3.12/site-packages/ainex_arm
copying /home/vgi/ainex_ws/build/ainex_arm/build/lib/ainex_arm/__init__.py -> /home/vgi/ainex_ws/install/ainex_arm/lib/python3.12/site-packages/ainex_arm
creating /home/vgi/ainex_ws/install/ainex_arm/lib/python3.12/site-packages/ainex_arm/scservo_sdk
copying /home/vgi/ainex_ws/build/ainex_arm/build/lib/ainex_arm/scservo_sdk/scservo_def.py -> /home/vgi/ainex_ws/install/ainex_arm/lib/python3.12/site-packages/ainex_arm/scservo_sdk
copying /home/vgi/ainex_ws/build/ainex_arm/build/lib/ainex_arm/scservo_sdk/packet_handler.py -> /home/vgi/ainex_ws/install/ainex_arm/lib/python3.12/site-packages/ainex_arm/scservo_sdk
copying /home/vgi/ainex_ws/build/ainex_arm/build/lib/ainex_arm/scservo_sdk/group_sync_write.py -> /home/vgi/ainex_ws/install/ainex_arm/lib/python3.12/site-packages/ainex_arm/scservo_sdk
copying /home/vgi/ainex_ws/build/ainex_arm/build/lib/ainex_arm/scservo_sdk/group_sync_read.py -> /home/vgi/ainex_ws/install/ainex_arm/lib/python3.12/site-packages/ainex_arm/scservo_sdk
copying /home/vgi/ainex_ws/build/ainex_arm/build/lib/ainex_arm/scservo_sdk/__init__.py -> /home/vgi/ainex_ws/install/ainex_arm/lib/python3.12/site-packages/ainex_arm/scservo_sdk
copying /home/vgi/ainex_ws/build/ainex_arm/build/lib/ainex_arm/scservo_sdk/port_handler.py -> /home/vgi/ainex_ws/install/ainex_arm/lib/python3.12/site-packages/ainex_arm/scservo_sdk
copying /home/vgi/ainex_ws/build/ainex_arm/build/lib/ainex_arm/scservo_sdk/protocol_packet_handler.py -> /home/vgi/ainex_ws/install/ainex_arm/lib/python3.12/site-packages/ainex_arm/scservo_sdk
copying /home/vgi/ainex_ws/build/ainex_arm/build/lib/ainex_arm/hand_node.py -> /home/vgi/ainex_ws/install/ainex_arm/lib/python3.12/site-packages/ainex_arm
byte-compiling /home/vgi/ainex_ws/install/ainex_arm/lib/python3.12/site-packages/ainex_arm/__init__.py to __init__.cpython-312.pyc
byte-compiling /home/vgi/ainex_ws/install/ainex_arm/lib/python3.12/site-packages/ainex_arm/scservo_sdk/scservo_def.py to scservo_def.cpython-312.pyc
byte-compiling /home/vgi/ainex_ws/install/ainex_arm/lib/python3.12/site-packages/ainex_arm/scservo_sdk/packet_handler.py to packet_handler.cpython-312.pyc
byte-compiling /home/vgi/ainex_ws/install/ainex_arm/lib/python3.12/site-packages/ainex_arm/scservo_sdk/group_sync_write.py to group_sync_write.cpython-312.pyc
byte-compiling /home/vgi/ainex_ws/install/ainex_arm/lib/python3.12/site-packages/ainex_arm/scservo_sdk/group_sync_read.py to group_sync_read.cpython-312.pyc
byte-compiling /home/vgi/ainex_ws/install/ainex_arm/lib/python3.12/site-packages/ainex_arm/scservo_sdk/__init__.py to __init__.cpython-312.pyc
byte-compiling /home/vgi/ainex_ws/install/ainex_arm/lib/python3.12/site-packages/ainex_arm/scservo_sdk/port_handler.py to port_handler.cpython-312.pyc
byte-compiling /home/vgi/ainex_ws/install/ainex_arm/lib/python3.12/site-packages/ainex_arm/scservo_sdk/protocol_packet_handler.py to protocol_packet_handler.cpython-312.pyc
byte-compiling /home/vgi/ainex_ws/install/ainex_arm/lib/python3.12/site-packages/ainex_arm/hand_node.py to hand_node.cpython-312.pyc
running install_data
creating /home/vgi/ainex_ws/install/ainex_arm/share/ament_index
creating /home/vgi/ainex_ws/install/ainex_arm/share/ament_index/resource_index
creating /home/vgi/ainex_ws/install/ainex_arm/share/ament_index/resource_index/packages
copying resource/ainex_arm -> /home/vgi/ainex_ws/install/ainex_arm/share/ament_index/resource_index/packages
copying package.xml -> /home/vgi/ainex_ws/install/ainex_arm/share/ainex_arm
creating /home/vgi/ainex_ws/install/ainex_arm/share/ainex_arm/launch
copying launch/test.launch.py -> /home/vgi/ainex_ws/install/ainex_arm/share/ainex_arm/launch
copying launch/hand_node.launch.py -> /home/vgi/ainex_ws/install/ainex_arm/share/ainex_arm/launch
creating /home/vgi/ainex_ws/install/ainex_arm/share/ainex_arm/urdf
copying urdf/robot.urdf -> /home/vgi/ainex_ws/install/ainex_arm/share/ainex_arm/urdf
copying urdf/robot2.urdf -> /home/vgi/ainex_ws/install/ainex_arm/share/ainex_arm/urdf
copying urdf/ainex_arm.urdf -> /home/vgi/ainex_ws/install/ainex_arm/share/ainex_arm/urdf
copying urdf/basic_arm.urdf -> /home/vgi/ainex_ws/install/ainex_arm/share/ainex_arm/urdf
running install_egg_info
Copying ../../build/ainex_arm/ainex_arm.egg-info to /home/vgi/ainex_ws/install/ainex_arm/lib/python3.12/site-packages/ainex_arm-0.0.0-py3.12.egg-info
running install_scripts
Installing hand_node script to /home/vgi/ainex_ws/install/ainex_arm/lib/ainex_arm
writing list of installed files to '/home/vgi/ainex_ws/build/ainex_arm/install.log'
