[0.152s] DEBUG:colcon:Command line arguments: ['/usr/bin/colcon', 'build']
[0.152s] DEBUG:colcon:Parsed command line arguments: Namespace(log_base=None, log_level=None, verb_name='build', build_base='build', install_base='install', merge_install=False, symlink_install=False, test_result_base=None, continue_on_error=False, executor='parallel', parallel_workers=4, event_handlers=None, ignore_user_meta=False, metas=['./colcon.meta'], base_paths=['.'], packages_ignore=None, packages_ignore_regex=None, paths=None, packages_up_to=None, packages_up_to_regex=None, packages_above=None, packages_above_and_dependencies=None, packages_above_depth=None, packages_select_by_dep=None, packages_skip_by_dep=None, packages_skip_up_to=None, packages_select_build_failed=False, packages_skip_build_finished=False, packages_select_test_failures=False, packages_skip_test_passed=False, packages_select=None, packages_skip=None, packages_select_regex=None, packages_skip_regex=None, packages_start=None, packages_end=None, allow_overriding=[], cmake_args=None, cmake_target=None, cmake_target_skip_unavailable=False, cmake_clean_cache=False, cmake_clean_first=False, cmake_force_configure=False, ament_cmake_args=None, catkin_cmake_args=None, catkin_skip_building_tests=False, mixin_files=None, mixin=None, verb_parser=<colcon_mixin.mixin.mixin_argument.MixinArgumentDecorator object at 0xffff8149cb00>, verb_extension=<colcon_core.verb.build.BuildVerb object at 0xffff816592b0>, main=<bound method BuildVerb.main of <colcon_core.verb.build.BuildVerb object at 0xffff816592b0>>, mixin_verb=('build',))
[0.210s] Level 1:colcon.colcon_core.package_discovery:discover_packages(colcon_meta) check parameters
[0.211s] Level 1:colcon.colcon_core.package_discovery:discover_packages(recursive) check parameters
[0.211s] Level 1:colcon.colcon_core.package_discovery:discover_packages(ignore) check parameters
[0.211s] Level 1:colcon.colcon_core.package_discovery:discover_packages(path) check parameters
[0.211s] Level 1:colcon.colcon_core.package_discovery:discover_packages(colcon_meta) discover
[0.211s] Level 1:colcon.colcon_core.package_discovery:discover_packages(recursive) discover
[0.211s] INFO:colcon.colcon_core.package_discovery:Crawling recursively for packages in '/home/vgi/ainex_ws'
[0.211s] Level 1:colcon.colcon_core.package_identification:_identify(.) by extensions ['ignore', 'ignore_ament_install']
[0.211s] Level 1:colcon.colcon_core.package_identification:_identify(.) by extension 'ignore'
[0.211s] Level 1:colcon.colcon_core.package_identification:_identify(.) by extension 'ignore_ament_install'
[0.211s] Level 1:colcon.colcon_core.package_identification:_identify(.) by extensions ['colcon_pkg']
[0.211s] Level 1:colcon.colcon_core.package_identification:_identify(.) by extension 'colcon_pkg'
[0.211s] Level 1:colcon.colcon_core.package_identification:_identify(.) by extensions ['colcon_meta']
[0.211s] Level 1:colcon.colcon_core.package_identification:_identify(.) by extension 'colcon_meta'
[0.211s] Level 1:colcon.colcon_core.package_identification:_identify(.) by extensions ['ros']
[0.211s] Level 1:colcon.colcon_core.package_identification:_identify(.) by extension 'ros'
[0.253s] Level 1:colcon.colcon_core.package_identification:_identify(.) by extensions ['cmake', 'python']
[0.253s] Level 1:colcon.colcon_core.package_identification:_identify(.) by extension 'cmake'
[0.253s] Level 1:colcon.colcon_core.package_identification:_identify(.) by extension 'python'
[0.253s] Level 1:colcon.colcon_core.package_identification:_identify(.) by extensions ['python_setup_py']
[0.253s] Level 1:colcon.colcon_core.package_identification:_identify(.) by extension 'python_setup_py'
[0.254s] Level 1:colcon.colcon_core.package_identification:_identify(build) by extensions ['ignore', 'ignore_ament_install']
[0.254s] Level 1:colcon.colcon_core.package_identification:_identify(build) by extension 'ignore'
[0.254s] Level 1:colcon.colcon_core.package_identification:_identify(build) ignored
[0.254s] Level 1:colcon.colcon_core.package_identification:_identify(install) by extensions ['ignore', 'ignore_ament_install']
[0.254s] Level 1:colcon.colcon_core.package_identification:_identify(install) by extension 'ignore'
[0.254s] Level 1:colcon.colcon_core.package_identification:_identify(install) ignored
[0.254s] Level 1:colcon.colcon_core.package_identification:_identify(log) by extensions ['ignore', 'ignore_ament_install']
[0.254s] Level 1:colcon.colcon_core.package_identification:_identify(log) by extension 'ignore'
[0.254s] Level 1:colcon.colcon_core.package_identification:_identify(log) ignored
[0.254s] Level 1:colcon.colcon_core.package_identification:_identify(src) by extensions ['ignore', 'ignore_ament_install']
[0.255s] Level 1:colcon.colcon_core.package_identification:_identify(src) by extension 'ignore'
[0.255s] Level 1:colcon.colcon_core.package_identification:_identify(src) by extension 'ignore_ament_install'
[0.255s] Level 1:colcon.colcon_core.package_identification:_identify(src) by extensions ['colcon_pkg']
[0.255s] Level 1:colcon.colcon_core.package_identification:_identify(src) by extension 'colcon_pkg'
[0.255s] Level 1:colcon.colcon_core.package_identification:_identify(src) by extensions ['colcon_meta']
[0.255s] Level 1:colcon.colcon_core.package_identification:_identify(src) by extension 'colcon_meta'
[0.255s] Level 1:colcon.colcon_core.package_identification:_identify(src) by extensions ['ros']
[0.255s] Level 1:colcon.colcon_core.package_identification:_identify(src) by extension 'ros'
[0.255s] Level 1:colcon.colcon_core.package_identification:_identify(src) by extensions ['cmake', 'python']
[0.255s] Level 1:colcon.colcon_core.package_identification:_identify(src) by extension 'cmake'
[0.255s] Level 1:colcon.colcon_core.package_identification:_identify(src) by extension 'python'
[0.255s] Level 1:colcon.colcon_core.package_identification:_identify(src) by extensions ['python_setup_py']
[0.255s] Level 1:colcon.colcon_core.package_identification:_identify(src) by extension 'python_setup_py'
[0.255s] Level 1:colcon.colcon_core.package_identification:_identify(src/ainex_arm) by extensions ['ignore', 'ignore_ament_install']
[0.255s] Level 1:colcon.colcon_core.package_identification:_identify(src/ainex_arm) by extension 'ignore'
[0.255s] Level 1:colcon.colcon_core.package_identification:_identify(src/ainex_arm) by extension 'ignore_ament_install'
[0.255s] Level 1:colcon.colcon_core.package_identification:_identify(src/ainex_arm) by extensions ['colcon_pkg']
[0.255s] Level 1:colcon.colcon_core.package_identification:_identify(src/ainex_arm) by extension 'colcon_pkg'
[0.256s] Level 1:colcon.colcon_core.package_identification:_identify(src/ainex_arm) by extensions ['colcon_meta']
[0.256s] Level 1:colcon.colcon_core.package_identification:_identify(src/ainex_arm) by extension 'colcon_meta'
[0.256s] Level 1:colcon.colcon_core.package_identification:_identify(src/ainex_arm) by extensions ['ros']
[0.256s] Level 1:colcon.colcon_core.package_identification:_identify(src/ainex_arm) by extension 'ros'
[0.259s] DEBUG:colcon.colcon_core.package_identification:Package 'src/ainex_arm' with type 'ros.ament_python' and name 'ainex_arm'
[0.259s] Level 1:colcon.colcon_core.package_identification:_identify(src/ainex_interfaces) by extensions ['ignore', 'ignore_ament_install']
[0.259s] Level 1:colcon.colcon_core.package_identification:_identify(src/ainex_interfaces) by extension 'ignore'
[0.259s] Level 1:colcon.colcon_core.package_identification:_identify(src/ainex_interfaces) by extension 'ignore_ament_install'
[0.259s] Level 1:colcon.colcon_core.package_identification:_identify(src/ainex_interfaces) by extensions ['colcon_pkg']
[0.259s] Level 1:colcon.colcon_core.package_identification:_identify(src/ainex_interfaces) by extension 'colcon_pkg'
[0.259s] Level 1:colcon.colcon_core.package_identification:_identify(src/ainex_interfaces) by extensions ['colcon_meta']
[0.259s] Level 1:colcon.colcon_core.package_identification:_identify(src/ainex_interfaces) by extension 'colcon_meta'
[0.259s] Level 1:colcon.colcon_core.package_identification:_identify(src/ainex_interfaces) by extensions ['ros']
[0.259s] Level 1:colcon.colcon_core.package_identification:_identify(src/ainex_interfaces) by extension 'ros'
[0.260s] DEBUG:colcon.colcon_core.package_identification:Package 'src/ainex_interfaces' with type 'ros.ament_cmake' and name 'ainex_interfaces'
[0.260s] Level 1:colcon.colcon_core.package_discovery:discover_packages(recursive) using defaults
[0.260s] Level 1:colcon.colcon_core.package_discovery:discover_packages(ignore) discover
[0.260s] Level 1:colcon.colcon_core.package_discovery:discover_packages(ignore) using defaults
[0.260s] Level 1:colcon.colcon_core.package_discovery:discover_packages(path) discover
[0.260s] Level 1:colcon.colcon_core.package_discovery:discover_packages(path) using defaults
[0.285s] Level 1:colcon.colcon_core.package_discovery:discover_packages(prefix_path) check parameters
[0.285s] Level 1:colcon.colcon_core.package_discovery:discover_packages(prefix_path) discover
[0.287s] DEBUG:colcon.colcon_installed_package_information.package_discovery:Found 2 installed packages in /home/vgi/ainex_ws/install
[0.287s] DEBUG:colcon.colcon_installed_package_information.package_discovery:Found 1 installed packages in /home/vgi/robot_ws/install
[0.289s] DEBUG:colcon.colcon_installed_package_information.package_discovery:Found 290 installed packages in /opt/ros/jazzy
[0.290s] Level 1:colcon.colcon_core.package_discovery:discover_packages(prefix_path) using defaults
[0.353s] Level 5:colcon.colcon_core.verb:set package 'ainex_arm' build argument 'cmake_args' from command line to 'None'
[0.353s] Level 5:colcon.colcon_core.verb:set package 'ainex_arm' build argument 'cmake_target' from command line to 'None'
[0.353s] Level 5:colcon.colcon_core.verb:set package 'ainex_arm' build argument 'cmake_target_skip_unavailable' from command line to 'False'
[0.353s] Level 5:colcon.colcon_core.verb:set package 'ainex_arm' build argument 'cmake_clean_cache' from command line to 'False'
[0.353s] Level 5:colcon.colcon_core.verb:set package 'ainex_arm' build argument 'cmake_clean_first' from command line to 'False'
[0.353s] Level 5:colcon.colcon_core.verb:set package 'ainex_arm' build argument 'cmake_force_configure' from command line to 'False'
[0.353s] Level 5:colcon.colcon_core.verb:set package 'ainex_arm' build argument 'ament_cmake_args' from command line to 'None'
[0.353s] Level 5:colcon.colcon_core.verb:set package 'ainex_arm' build argument 'catkin_cmake_args' from command line to 'None'
[0.353s] Level 5:colcon.colcon_core.verb:set package 'ainex_arm' build argument 'catkin_skip_building_tests' from command line to 'False'
[0.353s] DEBUG:colcon.colcon_core.verb:Building package 'ainex_arm' with the following arguments: {'ament_cmake_args': None, 'build_base': '/home/vgi/ainex_ws/build/ainex_arm', 'catkin_cmake_args': None, 'catkin_skip_building_tests': False, 'cmake_args': None, 'cmake_clean_cache': False, 'cmake_clean_first': False, 'cmake_force_configure': False, 'cmake_target': None, 'cmake_target_skip_unavailable': False, 'install_base': '/home/vgi/ainex_ws/install/ainex_arm', 'merge_install': False, 'path': '/home/vgi/ainex_ws/src/ainex_arm', 'symlink_install': False, 'test_result_base': None}
[0.353s] Level 5:colcon.colcon_core.verb:set package 'ainex_interfaces' build argument 'cmake_args' from command line to 'None'
[0.354s] Level 5:colcon.colcon_core.verb:set package 'ainex_interfaces' build argument 'cmake_target' from command line to 'None'
[0.354s] Level 5:colcon.colcon_core.verb:set package 'ainex_interfaces' build argument 'cmake_target_skip_unavailable' from command line to 'False'
[0.354s] Level 5:colcon.colcon_core.verb:set package 'ainex_interfaces' build argument 'cmake_clean_cache' from command line to 'False'
[0.354s] Level 5:colcon.colcon_core.verb:set package 'ainex_interfaces' build argument 'cmake_clean_first' from command line to 'False'
[0.354s] Level 5:colcon.colcon_core.verb:set package 'ainex_interfaces' build argument 'cmake_force_configure' from command line to 'False'
[0.354s] Level 5:colcon.colcon_core.verb:set package 'ainex_interfaces' build argument 'ament_cmake_args' from command line to 'None'
[0.354s] Level 5:colcon.colcon_core.verb:set package 'ainex_interfaces' build argument 'catkin_cmake_args' from command line to 'None'
[0.354s] Level 5:colcon.colcon_core.verb:set package 'ainex_interfaces' build argument 'catkin_skip_building_tests' from command line to 'False'
[0.354s] DEBUG:colcon.colcon_core.verb:Building package 'ainex_interfaces' with the following arguments: {'ament_cmake_args': None, 'build_base': '/home/vgi/ainex_ws/build/ainex_interfaces', 'catkin_cmake_args': None, 'catkin_skip_building_tests': False, 'cmake_args': None, 'cmake_clean_cache': False, 'cmake_clean_first': False, 'cmake_force_configure': False, 'cmake_target': None, 'cmake_target_skip_unavailable': False, 'install_base': '/home/vgi/ainex_ws/install/ainex_interfaces', 'merge_install': False, 'path': '/home/vgi/ainex_ws/src/ainex_interfaces', 'symlink_install': False, 'test_result_base': None}
[0.354s] INFO:colcon.colcon_core.executor:Executing jobs using 'parallel' executor
[0.355s] DEBUG:colcon.colcon_parallel_executor.executor.parallel:run_until_complete
[0.355s] INFO:colcon.colcon_ros.task.ament_python.build:Building ROS package in '/home/vgi/ainex_ws/src/ainex_arm' with build type 'ament_python'
[0.356s] Level 1:colcon.colcon_core.shell:create_environment_hook('ainex_arm', 'ament_prefix_path')
[0.360s] INFO:colcon.colcon_core.plugin_system:Skipping extension 'colcon_core.shell.bat': Not used on non-Windows systems
[0.361s] INFO:colcon.colcon_core.shell:Creating environment hook '/home/vgi/ainex_ws/install/ainex_arm/share/ainex_arm/hook/ament_prefix_path.ps1'
[0.363s] INFO:colcon.colcon_core.shell:Creating environment descriptor '/home/vgi/ainex_ws/install/ainex_arm/share/ainex_arm/hook/ament_prefix_path.dsv'
[0.406s] INFO:colcon.colcon_core.shell:Creating environment hook '/home/vgi/ainex_ws/install/ainex_arm/share/ainex_arm/hook/ament_prefix_path.sh'
[0.408s] INFO:colcon.colcon_core.shell:Skip shell extension 'powershell' for command environment: Not usable outside of PowerShell
[0.408s] DEBUG:colcon.colcon_core.shell:Skip shell extension 'dsv' for command environment
[0.415s] INFO:colcon.colcon_ros.task.ament_cmake.build:Building ROS package in '/home/vgi/ainex_ws/src/ainex_interfaces' with build type 'ament_cmake'
[0.415s] INFO:colcon.colcon_cmake.task.cmake.build:Building CMake package in '/home/vgi/ainex_ws/src/ainex_interfaces'
[0.416s] INFO:colcon.colcon_core.shell:Skip shell extension 'powershell' for command environment: Not usable outside of PowerShell
[0.416s] DEBUG:colcon.colcon_core.shell:Skip shell extension 'dsv' for command environment
[0.776s] INFO:colcon.colcon_core.task.python.build:Building Python package in '/home/vgi/ainex_ws/src/ainex_arm'
[0.776s] INFO:colcon.colcon_core.shell:Skip shell extension 'powershell' for command environment: Not usable outside of PowerShell
[0.776s] DEBUG:colcon.colcon_core.shell:Skip shell extension 'dsv' for command environment
[0.793s] DEBUG:colcon.colcon_core.event_handler.log_command:Invoking command in '/home/vgi/ainex_ws/build/ainex_interfaces': CMAKE_PREFIX_PATH=${CMAKE_PREFIX_PATH}:/home/vgi/ainex_ws/install/ainex_arm:/home/vgi/robot_ws/install/robot_arm:/opt/ros/jazzy DEBUGINFOD_URLS=https://debuginfod.ubuntu.com /usr/bin/cmake /home/vgi/ainex_ws/src/ainex_interfaces -DCMAKE_INSTALL_PREFIX=/home/vgi/ainex_ws/install/ainex_interfaces
[1.821s] DEBUG:colcon.colcon_core.event_handler.log_command:Invoking command in '/home/vgi/ainex_ws/src/ainex_arm': DEBUGINFOD_URLS=https://debuginfod.ubuntu.com PYTHONPATH=/home/vgi/ainex_ws/build/ainex_arm/prefix_override:/usr/lib/python3/dist-packages/colcon_core/task/python/colcon_distutils_commands:/home/vgi/ainex_ws/install/ainex_arm/lib/python3.12/site-packages:${PYTHONPATH} /usr/bin/python3 -W ignore:setup.py install is deprecated -W ignore:easy_install command is deprecated setup.py egg_info --egg-base ../../build/ainex_arm build --build-base /home/vgi/ainex_ws/build/ainex_arm/build install --record /home/vgi/ainex_ws/build/ainex_arm/install.log --single-version-externally-managed install_data
[2.746s] DEBUG:colcon.colcon_core.event_handler.log_command:Invoked command in '/home/vgi/ainex_ws/src/ainex_arm' returned '0': DEBUGINFOD_URLS=https://debuginfod.ubuntu.com PYTHONPATH=/home/vgi/ainex_ws/build/ainex_arm/prefix_override:/usr/lib/python3/dist-packages/colcon_core/task/python/colcon_distutils_commands:/home/vgi/ainex_ws/install/ainex_arm/lib/python3.12/site-packages:${PYTHONPATH} /usr/bin/python3 -W ignore:setup.py install is deprecated -W ignore:easy_install command is deprecated setup.py egg_info --egg-base ../../build/ainex_arm build --build-base /home/vgi/ainex_ws/build/ainex_arm/build install --record /home/vgi/ainex_ws/build/ainex_arm/install.log --single-version-externally-managed install_data
[2.749s] Level 1:colcon.colcon_core.environment:checking '/home/vgi/ainex_ws/install/ainex_arm' for CMake module files
[2.749s] Level 1:colcon.colcon_core.environment:checking '/home/vgi/ainex_ws/install/ainex_arm' for CMake config files
[2.750s] Level 1:colcon.colcon_core.environment:checking '/home/vgi/ainex_ws/install/ainex_arm/lib'
[2.751s] Level 1:colcon.colcon_core.environment:checking '/home/vgi/ainex_ws/install/ainex_arm/bin'
[2.751s] Level 1:colcon.colcon_core.environment:checking '/home/vgi/ainex_ws/install/ainex_arm/lib/pkgconfig/ainex_arm.pc'
[2.751s] Level 1:colcon.colcon_core.environment:checking '/home/vgi/ainex_ws/install/ainex_arm/lib/python3.12/site-packages'
[2.751s] Level 1:colcon.colcon_core.shell:create_environment_hook('ainex_arm', 'pythonpath')
[2.751s] INFO:colcon.colcon_core.shell:Creating environment hook '/home/vgi/ainex_ws/install/ainex_arm/share/ainex_arm/hook/pythonpath.ps1'
[2.753s] INFO:colcon.colcon_core.shell:Creating environment descriptor '/home/vgi/ainex_ws/install/ainex_arm/share/ainex_arm/hook/pythonpath.dsv'
[2.757s] INFO:colcon.colcon_core.shell:Creating environment hook '/home/vgi/ainex_ws/install/ainex_arm/share/ainex_arm/hook/pythonpath.sh'
[2.758s] Level 1:colcon.colcon_core.environment:checking '/home/vgi/ainex_ws/install/ainex_arm/bin'
[2.758s] Level 1:colcon.colcon_core.environment:create_environment_scripts_only(ainex_arm)
[2.759s] INFO:colcon.colcon_core.shell:Creating package script '/home/vgi/ainex_ws/install/ainex_arm/share/ainex_arm/package.ps1'
[2.761s] INFO:colcon.colcon_core.shell:Creating package descriptor '/home/vgi/ainex_ws/install/ainex_arm/share/ainex_arm/package.dsv'
[2.762s] INFO:colcon.colcon_core.shell:Creating package script '/home/vgi/ainex_ws/install/ainex_arm/share/ainex_arm/package.sh'
[2.766s] INFO:colcon.colcon_core.shell:Creating package script '/home/vgi/ainex_ws/install/ainex_arm/share/ainex_arm/package.bash'
[2.769s] INFO:colcon.colcon_core.shell:Creating package script '/home/vgi/ainex_ws/install/ainex_arm/share/ainex_arm/package.zsh'
[2.771s] Level 1:colcon.colcon_core.environment:create_file_with_runtime_dependencies(/home/vgi/ainex_ws/install/ainex_arm/share/colcon-core/packages/ainex_arm)
[5.506s] DEBUG:colcon.colcon_core.event_handler.log_command:Invoked command in '/home/vgi/ainex_ws/build/ainex_interfaces' returned '0': CMAKE_PREFIX_PATH=${CMAKE_PREFIX_PATH}:/home/vgi/ainex_ws/install/ainex_arm:/home/vgi/robot_ws/install/robot_arm:/opt/ros/jazzy DEBUGINFOD_URLS=https://debuginfod.ubuntu.com /usr/bin/cmake /home/vgi/ainex_ws/src/ainex_interfaces -DCMAKE_INSTALL_PREFIX=/home/vgi/ainex_ws/install/ainex_interfaces
[5.508s] DEBUG:colcon.colcon_core.event_handler.log_command:Invoking command in '/home/vgi/ainex_ws/build/ainex_interfaces': CMAKE_PREFIX_PATH=${CMAKE_PREFIX_PATH}:/home/vgi/ainex_ws/install/ainex_arm:/home/vgi/robot_ws/install/robot_arm:/opt/ros/jazzy DEBUGINFOD_URLS=https://debuginfod.ubuntu.com /usr/bin/cmake --build /home/vgi/ainex_ws/build/ainex_interfaces -- -j4 -l4
[12.376s] DEBUG:colcon.colcon_core.event_handler.log_command:Invoked command in '/home/vgi/ainex_ws/build/ainex_interfaces' returned '0': CMAKE_PREFIX_PATH=${CMAKE_PREFIX_PATH}:/home/vgi/ainex_ws/install/ainex_arm:/home/vgi/robot_ws/install/robot_arm:/opt/ros/jazzy DEBUGINFOD_URLS=https://debuginfod.ubuntu.com /usr/bin/cmake --build /home/vgi/ainex_ws/build/ainex_interfaces -- -j4 -l4
[12.397s] DEBUG:colcon.colcon_core.event_handler.log_command:Invoking command in '/home/vgi/ainex_ws/build/ainex_interfaces': CMAKE_PREFIX_PATH=${CMAKE_PREFIX_PATH}:/home/vgi/ainex_ws/install/ainex_arm:/home/vgi/robot_ws/install/robot_arm:/opt/ros/jazzy DEBUGINFOD_URLS=https://debuginfod.ubuntu.com /usr/bin/cmake --install /home/vgi/ainex_ws/build/ainex_interfaces
[12.522s] Level 1:colcon.colcon_core.environment:create_environment_scripts_only(ainex_interfaces)
[12.523s] Level 1:colcon.colcon_core.environment:checking '/home/vgi/ainex_ws/install/ainex_interfaces' for CMake module files
[12.523s] DEBUG:colcon.colcon_core.event_handler.log_command:Invoked command in '/home/vgi/ainex_ws/build/ainex_interfaces' returned '0': CMAKE_PREFIX_PATH=${CMAKE_PREFIX_PATH}:/home/vgi/ainex_ws/install/ainex_arm:/home/vgi/robot_ws/install/robot_arm:/opt/ros/jazzy DEBUGINFOD_URLS=https://debuginfod.ubuntu.com /usr/bin/cmake --install /home/vgi/ainex_ws/build/ainex_interfaces
[12.524s] Level 1:colcon.colcon_core.environment:checking '/home/vgi/ainex_ws/install/ainex_interfaces' for CMake config files
[12.525s] Level 1:colcon.colcon_core.shell:create_environment_hook('ainex_interfaces', 'cmake_prefix_path')
[12.525s] INFO:colcon.colcon_core.shell:Creating environment hook '/home/vgi/ainex_ws/install/ainex_interfaces/share/ainex_interfaces/hook/cmake_prefix_path.ps1'
[12.526s] INFO:colcon.colcon_core.shell:Creating environment descriptor '/home/vgi/ainex_ws/install/ainex_interfaces/share/ainex_interfaces/hook/cmake_prefix_path.dsv'
[12.526s] INFO:colcon.colcon_core.shell:Creating environment hook '/home/vgi/ainex_ws/install/ainex_interfaces/share/ainex_interfaces/hook/cmake_prefix_path.sh'
[12.527s] Level 1:colcon.colcon_core.environment:checking '/home/vgi/ainex_ws/install/ainex_interfaces/lib'
[12.527s] Level 1:colcon.colcon_core.shell:create_environment_hook('ainex_interfaces', 'ld_library_path_lib')
[12.527s] INFO:colcon.colcon_core.shell:Creating environment hook '/home/vgi/ainex_ws/install/ainex_interfaces/share/ainex_interfaces/hook/ld_library_path_lib.ps1'
[12.528s] INFO:colcon.colcon_core.shell:Creating environment descriptor '/home/vgi/ainex_ws/install/ainex_interfaces/share/ainex_interfaces/hook/ld_library_path_lib.dsv'
[12.528s] INFO:colcon.colcon_core.shell:Creating environment hook '/home/vgi/ainex_ws/install/ainex_interfaces/share/ainex_interfaces/hook/ld_library_path_lib.sh'
[12.528s] Level 1:colcon.colcon_core.environment:checking '/home/vgi/ainex_ws/install/ainex_interfaces/bin'
[12.528s] Level 1:colcon.colcon_core.environment:checking '/home/vgi/ainex_ws/install/ainex_interfaces/lib/pkgconfig/ainex_interfaces.pc'
[12.529s] Level 1:colcon.colcon_core.environment:checking '/home/vgi/ainex_ws/install/ainex_interfaces/lib/python3.12/site-packages'
[12.529s] Level 1:colcon.colcon_core.shell:create_environment_hook('ainex_interfaces', 'pythonpath')
[12.529s] INFO:colcon.colcon_core.shell:Creating environment hook '/home/vgi/ainex_ws/install/ainex_interfaces/share/ainex_interfaces/hook/pythonpath.ps1'
[12.530s] INFO:colcon.colcon_core.shell:Creating environment descriptor '/home/vgi/ainex_ws/install/ainex_interfaces/share/ainex_interfaces/hook/pythonpath.dsv'
[12.530s] INFO:colcon.colcon_core.shell:Creating environment hook '/home/vgi/ainex_ws/install/ainex_interfaces/share/ainex_interfaces/hook/pythonpath.sh'
[12.531s] Level 1:colcon.colcon_core.environment:checking '/home/vgi/ainex_ws/install/ainex_interfaces/bin'
[12.531s] INFO:colcon.colcon_core.shell:Creating package script '/home/vgi/ainex_ws/install/ainex_interfaces/share/ainex_interfaces/package.ps1'
[12.532s] INFO:colcon.colcon_core.shell:Creating package descriptor '/home/vgi/ainex_ws/install/ainex_interfaces/share/ainex_interfaces/package.dsv'
[12.534s] INFO:colcon.colcon_core.shell:Creating package script '/home/vgi/ainex_ws/install/ainex_interfaces/share/ainex_interfaces/package.sh'
[12.535s] INFO:colcon.colcon_core.shell:Creating package script '/home/vgi/ainex_ws/install/ainex_interfaces/share/ainex_interfaces/package.bash'
[12.535s] INFO:colcon.colcon_core.shell:Creating package script '/home/vgi/ainex_ws/install/ainex_interfaces/share/ainex_interfaces/package.zsh'
[12.539s] Level 1:colcon.colcon_core.environment:create_file_with_runtime_dependencies(/home/vgi/ainex_ws/install/ainex_interfaces/share/colcon-core/packages/ainex_interfaces)
[12.541s] Level 1:colcon.colcon_core.environment:create_environment_scripts_only(ainex_interfaces)
[12.542s] Level 1:colcon.colcon_core.environment:checking '/home/vgi/ainex_ws/install/ainex_interfaces' for CMake module files
[12.543s] Level 1:colcon.colcon_core.environment:checking '/home/vgi/ainex_ws/install/ainex_interfaces' for CMake config files
[12.543s] Level 1:colcon.colcon_core.shell:create_environment_hook('ainex_interfaces', 'cmake_prefix_path')
[12.543s] INFO:colcon.colcon_core.shell:Creating environment hook '/home/vgi/ainex_ws/install/ainex_interfaces/share/ainex_interfaces/hook/cmake_prefix_path.ps1'
[12.544s] INFO:colcon.colcon_core.shell:Creating environment descriptor '/home/vgi/ainex_ws/install/ainex_interfaces/share/ainex_interfaces/hook/cmake_prefix_path.dsv'
[12.545s] INFO:colcon.colcon_core.shell:Creating environment hook '/home/vgi/ainex_ws/install/ainex_interfaces/share/ainex_interfaces/hook/cmake_prefix_path.sh'
[12.549s] Level 1:colcon.colcon_core.environment:checking '/home/vgi/ainex_ws/install/ainex_interfaces/lib'
[12.549s] Level 1:colcon.colcon_core.shell:create_environment_hook('ainex_interfaces', 'ld_library_path_lib')
[12.550s] INFO:colcon.colcon_core.shell:Creating environment hook '/home/vgi/ainex_ws/install/ainex_interfaces/share/ainex_interfaces/hook/ld_library_path_lib.ps1'
[12.550s] INFO:colcon.colcon_core.shell:Creating environment descriptor '/home/vgi/ainex_ws/install/ainex_interfaces/share/ainex_interfaces/hook/ld_library_path_lib.dsv'
[12.551s] INFO:colcon.colcon_core.shell:Creating environment hook '/home/vgi/ainex_ws/install/ainex_interfaces/share/ainex_interfaces/hook/ld_library_path_lib.sh'
[12.553s] Level 1:colcon.colcon_core.environment:checking '/home/vgi/ainex_ws/install/ainex_interfaces/bin'
[12.553s] Level 1:colcon.colcon_core.environment:checking '/home/vgi/ainex_ws/install/ainex_interfaces/lib/pkgconfig/ainex_interfaces.pc'
[12.553s] Level 1:colcon.colcon_core.environment:checking '/home/vgi/ainex_ws/install/ainex_interfaces/lib/python3.12/site-packages'
[12.553s] Level 1:colcon.colcon_core.shell:create_environment_hook('ainex_interfaces', 'pythonpath')
[12.554s] INFO:colcon.colcon_core.shell:Creating environment hook '/home/vgi/ainex_ws/install/ainex_interfaces/share/ainex_interfaces/hook/pythonpath.ps1'
[12.554s] INFO:colcon.colcon_core.shell:Creating environment descriptor '/home/vgi/ainex_ws/install/ainex_interfaces/share/ainex_interfaces/hook/pythonpath.dsv'
[12.555s] INFO:colcon.colcon_core.shell:Creating environment hook '/home/vgi/ainex_ws/install/ainex_interfaces/share/ainex_interfaces/hook/pythonpath.sh'
[12.557s] Level 1:colcon.colcon_core.environment:checking '/home/vgi/ainex_ws/install/ainex_interfaces/bin'
[12.557s] INFO:colcon.colcon_core.shell:Creating package script '/home/vgi/ainex_ws/install/ainex_interfaces/share/ainex_interfaces/package.ps1'
[12.558s] INFO:colcon.colcon_core.shell:Creating package descriptor '/home/vgi/ainex_ws/install/ainex_interfaces/share/ainex_interfaces/package.dsv'
[12.559s] INFO:colcon.colcon_core.shell:Creating package script '/home/vgi/ainex_ws/install/ainex_interfaces/share/ainex_interfaces/package.sh'
[12.560s] INFO:colcon.colcon_core.shell:Creating package script '/home/vgi/ainex_ws/install/ainex_interfaces/share/ainex_interfaces/package.bash'
[12.561s] INFO:colcon.colcon_core.shell:Creating package script '/home/vgi/ainex_ws/install/ainex_interfaces/share/ainex_interfaces/package.zsh'
[12.563s] Level 1:colcon.colcon_core.environment:create_file_with_runtime_dependencies(/home/vgi/ainex_ws/install/ainex_interfaces/share/colcon-core/packages/ainex_interfaces)
[12.564s] DEBUG:colcon.colcon_parallel_executor.executor.parallel:closing loop
[12.564s] DEBUG:colcon.colcon_parallel_executor.executor.parallel:loop closed
[12.565s] DEBUG:colcon.colcon_parallel_executor.executor.parallel:run_until_complete finished with '0'
[12.566s] DEBUG:colcon.colcon_core.event_reactor:joining thread
[12.579s] INFO:colcon.colcon_core.plugin_system:Skipping extension 'colcon_notification.desktop_notification.terminal_notifier': Not used on non-Darwin systems
[12.579s] INFO:colcon.colcon_core.plugin_system:Skipping extension 'colcon_notification.desktop_notification.win32': Not used on non-Windows systems
[12.579s] INFO:colcon.colcon_notification.desktop_notification:Sending desktop notification using 'notify2'
[12.608s] DEBUG:colcon.colcon_core.event_reactor:joined thread
[12.608s] INFO:colcon.colcon_core.shell:Creating prefix script '/home/vgi/ainex_ws/install/local_setup.ps1'
[12.610s] INFO:colcon.colcon_core.shell:Creating prefix util module '/home/vgi/ainex_ws/install/_local_setup_util_ps1.py'
[12.611s] INFO:colcon.colcon_core.shell:Creating prefix chain script '/home/vgi/ainex_ws/install/setup.ps1'
[12.614s] INFO:colcon.colcon_core.shell:Creating prefix script '/home/vgi/ainex_ws/install/local_setup.sh'
[12.615s] INFO:colcon.colcon_core.shell:Creating prefix util module '/home/vgi/ainex_ws/install/_local_setup_util_sh.py'
[12.619s] INFO:colcon.colcon_core.shell:Creating prefix chain script '/home/vgi/ainex_ws/install/setup.sh'
[12.623s] INFO:colcon.colcon_core.shell:Creating prefix script '/home/vgi/ainex_ws/install/local_setup.bash'
[12.625s] INFO:colcon.colcon_core.shell:Creating prefix chain script '/home/vgi/ainex_ws/install/setup.bash'
[12.627s] INFO:colcon.colcon_core.shell:Creating prefix script '/home/vgi/ainex_ws/install/local_setup.zsh'
[12.628s] INFO:colcon.colcon_core.shell:Creating prefix chain script '/home/vgi/ainex_ws/install/setup.zsh'
