/home/vgi/ainex_ws/install/ainex_arm/lib/python3.12/site-packages/ainex_arm/__init__.py
/home/vgi/ainex_ws/install/ainex_arm/lib/python3.12/site-packages/ainex_arm/hand_node.py
/home/vgi/ainex_ws/install/ainex_arm/lib/python3.12/site-packages/ainex_arm/scservo_sdk/scservo_def.py
/home/vgi/ainex_ws/install/ainex_arm/lib/python3.12/site-packages/ainex_arm/scservo_sdk/packet_handler.py
/home/vgi/ainex_ws/install/ainex_arm/lib/python3.12/site-packages/ainex_arm/scservo_sdk/group_sync_write.py
/home/vgi/ainex_ws/install/ainex_arm/lib/python3.12/site-packages/ainex_arm/scservo_sdk/group_sync_read.py
/home/vgi/ainex_ws/install/ainex_arm/lib/python3.12/site-packages/ainex_arm/scservo_sdk/__init__.py
/home/vgi/ainex_ws/install/ainex_arm/lib/python3.12/site-packages/ainex_arm/scservo_sdk/port_handler.py
/home/vgi/ainex_ws/install/ainex_arm/lib/python3.12/site-packages/ainex_arm/scservo_sdk/protocol_packet_handler.py
/home/vgi/ainex_ws/install/ainex_arm/lib/python3.12/site-packages/ainex_arm/__pycache__/__init__.cpython-312.pyc
/home/vgi/ainex_ws/install/ainex_arm/lib/python3.12/site-packages/ainex_arm/__pycache__/hand_node.cpython-312.pyc
/home/vgi/ainex_ws/install/ainex_arm/lib/python3.12/site-packages/ainex_arm/scservo_sdk/__pycache__/scservo_def.cpython-312.pyc
/home/vgi/ainex_ws/install/ainex_arm/lib/python3.12/site-packages/ainex_arm/scservo_sdk/__pycache__/packet_handler.cpython-312.pyc
/home/vgi/ainex_ws/install/ainex_arm/lib/python3.12/site-packages/ainex_arm/scservo_sdk/__pycache__/group_sync_write.cpython-312.pyc
/home/vgi/ainex_ws/install/ainex_arm/lib/python3.12/site-packages/ainex_arm/scservo_sdk/__pycache__/group_sync_read.cpython-312.pyc
/home/vgi/ainex_ws/install/ainex_arm/lib/python3.12/site-packages/ainex_arm/scservo_sdk/__pycache__/__init__.cpython-312.pyc
/home/vgi/ainex_ws/install/ainex_arm/lib/python3.12/site-packages/ainex_arm/scservo_sdk/__pycache__/port_handler.cpython-312.pyc
/home/vgi/ainex_ws/install/ainex_arm/lib/python3.12/site-packages/ainex_arm/scservo_sdk/__pycache__/protocol_packet_handler.cpython-312.pyc
/home/vgi/ainex_ws/install/ainex_arm/share/ament_index/resource_index/packages/ainex_arm
/home/vgi/ainex_ws/install/ainex_arm/share/ainex_arm/package.xml
/home/vgi/ainex_ws/install/ainex_arm/share/ainex_arm/launch/test.launch.py
/home/vgi/ainex_ws/install/ainex_arm/share/ainex_arm/launch/hand_node.launch.py
/home/vgi/ainex_ws/install/ainex_arm/share/ainex_arm/urdf/robot.urdf
/home/vgi/ainex_ws/install/ainex_arm/share/ainex_arm/urdf/robot2.urdf
/home/vgi/ainex_ws/install/ainex_arm/share/ainex_arm/urdf/ainex_arm.urdf
/home/vgi/ainex_ws/install/ainex_arm/share/ainex_arm/urdf/basic_arm.urdf
/home/vgi/ainex_ws/install/ainex_arm/lib/python3.12/site-packages/ainex_arm-0.0.0-py3.12.egg-info/dependency_links.txt
/home/vgi/ainex_ws/install/ainex_arm/lib/python3.12/site-packages/ainex_arm-0.0.0-py3.12.egg-info/PKG-INFO
/home/vgi/ainex_ws/install/ainex_arm/lib/python3.12/site-packages/ainex_arm-0.0.0-py3.12.egg-info/entry_points.txt
/home/vgi/ainex_ws/install/ainex_arm/lib/python3.12/site-packages/ainex_arm-0.0.0-py3.12.egg-info/requires.txt
/home/vgi/ainex_ws/install/ainex_arm/lib/python3.12/site-packages/ainex_arm-0.0.0-py3.12.egg-info/top_level.txt
/home/vgi/ainex_ws/install/ainex_arm/lib/python3.12/site-packages/ainex_arm-0.0.0-py3.12.egg-info/zip-safe
/home/vgi/ainex_ws/install/ainex_arm/lib/python3.12/site-packages/ainex_arm-0.0.0-py3.12.egg-info/SOURCES.txt
/home/vgi/ainex_ws/install/ainex_arm/lib/ainex_arm/hand_node
