[0.555s] Invoking command in '/home/vgi/ainex_ws/build/ainex_interfaces': CMAKE_PREFIX_PATH=${CMAKE_PREFIX_PATH}:/home/vgi/ainex_ws/install/ainex_arm:/home/vgi/robot_ws/install/robot_arm:/opt/ros/jazzy DEBUGINFOD_URLS=https://debuginfod.ubuntu.com /usr/bin/cmake --build /home/vgi/ainex_ws/build/ainex_interfaces -- -j4 -l4
[0.622s] -- Found ament_cmake: 2.5.4 (/opt/ros/jazzy/share/ament_cmake/cmake)
[0.903s] -- Found rosidl_default_generators: 1.6.0 (/opt/ros/jazzy/share/rosidl_default_generators/cmake)
[0.905s] -- Using all available rosidl_typesupport_c: rosidl_typesupport_fastrtps_c;rosidl_typesupport_introspection_c
[0.966s] -- Using all available rosidl_typesupport_cpp: rosidl_typesupport_fastrtps_cpp;rosidl_typesupport_introspection_cpp
[1.020s] -- Found rosidl_adapter: 4.6.5 (/opt/ros/jazzy/share/rosidl_adapter/cmake)
[1.841s] -- Found ament_cmake_ros: 0.12.0 (/opt/ros/jazzy/share/ament_cmake_ros/cmake)
[2.158s] -- Using all available rosidl_typesupport_c: rosidl_typesupport_fastrtps_c;rosidl_typesupport_introspection_c
[2.452s] -- Using all available rosidl_typesupport_cpp: rosidl_typesupport_fastrtps_cpp;rosidl_typesupport_introspection_cpp
[2.459s] -- Found python_cmake_module: 0.11.1 (/opt/ros/jazzy/share/python_cmake_module/cmake)
[3.175s] -- Found Python3: /usr/bin/python3 (found version "3.12.3") found components: Interpreter Development NumPy Development.Module Development.Embed 
[3.205s] -- Found ament_lint_auto: 0.17.2 (/opt/ros/jazzy/share/ament_lint_auto/cmake)
[3.246s] -- Added test 'lint_cmake' to check CMake code style
[3.249s] -- Added test 'xmllint' to check XML markup files
[3.262s] -- Configuring done (2.7s)
[3.473s] -- Generating done (0.2s)
[3.529s] -- Build files have been written to: /home/vgi/ainex_ws/build/ainex_interfaces
[3.623s] [  1%] [34m[1mGenerating type hashes for ROS interfaces[0m
[3.655s] [  1%] Built target ament_cmake_python_copy_ainex_interfaces
[4.433s] running egg_info
[4.498s] [  1%] Built target ainex_interfaces__rosidl_generator_type_description
[4.519s] writing ainex_interfaces.egg-info/PKG-INFO
[4.520s] writing dependency_links to ainex_interfaces.egg-info/dependency_links.txt
[4.526s] writing top-level names to ainex_interfaces.egg-info/top_level.txt
[4.564s] [  3%] [34m[1mGenerating C code for ROS interfaces[0m
[4.612s] [  4%] [34m[1mGenerating C++ code for ROS interfaces[0m
[4.754s] reading manifest file 'ainex_interfaces.egg-info/SOURCES.txt'
[4.755s] writing manifest file 'ainex_interfaces.egg-info/SOURCES.txt'
[5.251s] [  4%] Built target ament_cmake_python_build_ainex_interfaces_egg
[6.982s] [  4%] Built target ainex_interfaces__cpp
[7.242s] [  7%] [32mBuilding C object CMakeFiles/ainex_interfaces__rosidl_generator_c.dir/rosidl_generator_c/ainex_interfaces/srv/detail/run_gesture__description.c.o[0m
[7.247s] [  7%] [32mBuilding C object CMakeFiles/ainex_interfaces__rosidl_generator_c.dir/rosidl_generator_c/ainex_interfaces/srv/detail/move_hand__functions.c.o[0m
[7.255s] [  9%] [32mBuilding C object CMakeFiles/ainex_interfaces__rosidl_generator_c.dir/rosidl_generator_c/ainex_interfaces/srv/detail/move_hand__description.c.o[0m
[7.266s] [ 10%] [32mBuilding C object CMakeFiles/ainex_interfaces__rosidl_generator_c.dir/rosidl_generator_c/ainex_interfaces/srv/detail/move_hand__type_support.c.o[0m
[7.699s] [ 12%] [32mBuilding C object CMakeFiles/ainex_interfaces__rosidl_generator_c.dir/rosidl_generator_c/ainex_interfaces/srv/detail/run_gesture__functions.c.o[0m
[7.708s] [ 14%] [32mBuilding C object CMakeFiles/ainex_interfaces__rosidl_generator_c.dir/rosidl_generator_c/ainex_interfaces/srv/detail/run_gesture__type_support.c.o[0m
[7.713s] [ 15%] [32mBuilding C object CMakeFiles/ainex_interfaces__rosidl_generator_c.dir/rosidl_generator_c/ainex_interfaces/srv/detail/set_motion_params__description.c.o[0m
[7.730s] [ 17%] [32mBuilding C object CMakeFiles/ainex_interfaces__rosidl_generator_c.dir/rosidl_generator_c/ainex_interfaces/srv/detail/set_motion_params__functions.c.o[0m
[7.904s] [ 18%] [32mBuilding C object CMakeFiles/ainex_interfaces__rosidl_generator_c.dir/rosidl_generator_c/ainex_interfaces/srv/detail/set_motion_params__type_support.c.o[0m
[7.997s] [ 20%] [32mBuilding C object CMakeFiles/ainex_interfaces__rosidl_generator_c.dir/rosidl_generator_c/ainex_interfaces/action/detail/execute_gesture__description.c.o[0m
[8.010s] [ 21%] [32mBuilding C object CMakeFiles/ainex_interfaces__rosidl_generator_c.dir/rosidl_generator_c/ainex_interfaces/action/detail/execute_gesture__functions.c.o[0m
[8.068s] [ 23%] [32mBuilding C object CMakeFiles/ainex_interfaces__rosidl_generator_c.dir/rosidl_generator_c/ainex_interfaces/action/detail/execute_gesture__type_support.c.o[0m
[8.489s] [ 25%] [32m[1mLinking C shared library libainex_interfaces__rosidl_generator_c.so[0m
[8.655s] [ 25%] Built target ainex_interfaces__rosidl_generator_c
[8.689s] [ 26%] [34m[1mGenerating C++ introspection for ROS interfaces[0m
[8.695s] [ 28%] [34m[1mGenerating C++ type support dispatch for ROS interfaces[0m
[8.704s] [ 29%] [34m[1mGenerating C type support for eProsima Fast-RTPS[0m
[8.707s] [ 31%] [34m[1mGenerating C++ type support for eProsima Fast-RTPS[0m
[10.655s] [ 32%] [32mBuilding CXX object CMakeFiles/ainex_interfaces__rosidl_typesupport_introspection_cpp.dir/rosidl_typesupport_introspection_cpp/ainex_interfaces/srv/detail/move_hand__type_support.cpp.o[0m
[10.680s] [ 34%] [32mBuilding CXX object CMakeFiles/ainex_interfaces__rosidl_typesupport_cpp.dir/rosidl_typesupport_cpp/ainex_interfaces/srv/move_hand__type_support.cpp.o[0m
[11.260s] [ 35%] [32mBuilding CXX object CMakeFiles/ainex_interfaces__rosidl_typesupport_fastrtps_cpp.dir/rosidl_typesupport_fastrtps_cpp/ainex_interfaces/srv/detail/dds_fastrtps/move_hand__type_support.cpp.o[0m
[11.397s] [ 37%] [32mBuilding CXX object CMakeFiles/ainex_interfaces__rosidl_typesupport_fastrtps_c.dir/rosidl_typesupport_fastrtps_c/ainex_interfaces/srv/detail/move_hand__type_support_c.cpp.o[0m
[13.806s] [ 39%] [32mBuilding CXX object CMakeFiles/ainex_interfaces__rosidl_typesupport_cpp.dir/rosidl_typesupport_cpp/ainex_interfaces/srv/run_gesture__type_support.cpp.o[0m
[13.950s] [ 40%] [32mBuilding CXX object CMakeFiles/ainex_interfaces__rosidl_typesupport_introspection_cpp.dir/rosidl_typesupport_introspection_cpp/ainex_interfaces/srv/detail/run_gesture__type_support.cpp.o[0m
[14.077s] [ 42%] [32mBuilding CXX object CMakeFiles/ainex_interfaces__rosidl_typesupport_fastrtps_c.dir/rosidl_typesupport_fastrtps_c/ainex_interfaces/srv/detail/run_gesture__type_support_c.cpp.o[0m
[15.007s] [ 43%] [32mBuilding CXX object CMakeFiles/ainex_interfaces__rosidl_typesupport_fastrtps_cpp.dir/rosidl_typesupport_fastrtps_cpp/ainex_interfaces/srv/detail/dds_fastrtps/run_gesture__type_support.cpp.o[0m
[15.535s] [ 45%] [32mBuilding CXX object CMakeFiles/ainex_interfaces__rosidl_typesupport_cpp.dir/rosidl_typesupport_cpp/ainex_interfaces/srv/set_motion_params__type_support.cpp.o[0m
[16.154s] [ 46%] [32mBuilding CXX object CMakeFiles/ainex_interfaces__rosidl_typesupport_introspection_cpp.dir/rosidl_typesupport_introspection_cpp/ainex_interfaces/srv/detail/set_motion_params__type_support.cpp.o[0m
[17.005s] [ 48%] [32mBuilding CXX object CMakeFiles/ainex_interfaces__rosidl_typesupport_fastrtps_c.dir/rosidl_typesupport_fastrtps_c/ainex_interfaces/srv/detail/set_motion_params__type_support_c.cpp.o[0m
[17.379s] [ 50%] [32mBuilding CXX object CMakeFiles/ainex_interfaces__rosidl_typesupport_cpp.dir/rosidl_typesupport_cpp/ainex_interfaces/action/execute_gesture__type_support.cpp.o[0m
[17.935s] [ 51%] [32mBuilding CXX object CMakeFiles/ainex_interfaces__rosidl_typesupport_fastrtps_cpp.dir/rosidl_typesupport_fastrtps_cpp/ainex_interfaces/srv/detail/dds_fastrtps/set_motion_params__type_support.cpp.o[0m
[18.416s] [ 53%] [32mBuilding CXX object CMakeFiles/ainex_interfaces__rosidl_typesupport_introspection_cpp.dir/rosidl_typesupport_introspection_cpp/ainex_interfaces/action/detail/execute_gesture__type_support.cpp.o[0m
[20.439s] [ 54%] [32mBuilding CXX object CMakeFiles/ainex_interfaces__rosidl_typesupport_fastrtps_c.dir/rosidl_typesupport_fastrtps_c/ainex_interfaces/action/detail/execute_gesture__type_support_c.cpp.o[0m
[21.459s] [ 56%] [32m[1mLinking CXX shared library libainex_interfaces__rosidl_typesupport_cpp.so[0m
[21.772s] [ 57%] [32mBuilding CXX object CMakeFiles/ainex_interfaces__rosidl_typesupport_fastrtps_cpp.dir/rosidl_typesupport_fastrtps_cpp/ainex_interfaces/action/detail/dds_fastrtps/execute_gesture__type_support.cpp.o[0m
[22.079s] [ 57%] Built target ainex_interfaces__rosidl_typesupport_cpp
[22.149s] [ 59%] [34m[1mGenerating C introspection for ROS interfaces[0m
[22.674s] [ 60%] [32m[1mLinking CXX shared library libainex_interfaces__rosidl_typesupport_introspection_cpp.so[0m
[23.091s] [ 60%] Built target ainex_interfaces__rosidl_typesupport_introspection_cpp
[23.148s] [ 62%] [34m[1mGenerating C type support dispatch for ROS interfaces[0m
[23.852s] [ 64%] [32m[1mLinking CXX shared library libainex_interfaces__rosidl_typesupport_fastrtps_c.so[0m
[24.222s] [ 64%] Built target ainex_interfaces__rosidl_typesupport_fastrtps_c
[24.525s] [ 65%] [32mBuilding C object CMakeFiles/ainex_interfaces__rosidl_typesupport_introspection_c.dir/rosidl_typesupport_introspection_c/ainex_interfaces/srv/detail/move_hand__type_support.c.o[0m
[24.563s] [ 67%] [32mBuilding C object CMakeFiles/ainex_interfaces__rosidl_typesupport_introspection_c.dir/rosidl_typesupport_introspection_c/ainex_interfaces/srv/detail/run_gesture__type_support.c.o[0m
[24.790s] [ 68%] [32mBuilding C object CMakeFiles/ainex_interfaces__rosidl_typesupport_introspection_c.dir/rosidl_typesupport_introspection_c/ainex_interfaces/srv/detail/set_motion_params__type_support.c.o[0m
[24.894s] [ 70%] [32mBuilding C object CMakeFiles/ainex_interfaces__rosidl_typesupport_introspection_c.dir/rosidl_typesupport_introspection_c/ainex_interfaces/action/detail/execute_gesture__type_support.c.o[0m
[25.044s] [ 71%] [32mBuilding CXX object CMakeFiles/ainex_interfaces__rosidl_typesupport_c.dir/rosidl_typesupport_c/ainex_interfaces/srv/move_hand__type_support.cpp.o[0m
[25.099s] [ 73%] [32mBuilding CXX object CMakeFiles/ainex_interfaces__rosidl_typesupport_c.dir/rosidl_typesupport_c/ainex_interfaces/srv/run_gesture__type_support.cpp.o[0m
[25.193s] [ 75%] [32m[1mLinking C shared library libainex_interfaces__rosidl_typesupport_introspection_c.so[0m
[25.243s] [ 76%] [32mBuilding CXX object CMakeFiles/ainex_interfaces__rosidl_typesupport_c.dir/rosidl_typesupport_c/ainex_interfaces/srv/set_motion_params__type_support.cpp.o[0m
[25.349s] [ 76%] Built target ainex_interfaces__rosidl_typesupport_introspection_c
[25.376s] [ 78%] [32mBuilding CXX object CMakeFiles/ainex_interfaces__rosidl_typesupport_c.dir/rosidl_typesupport_c/ainex_interfaces/action/execute_gesture__type_support.cpp.o[0m
[25.627s] [ 79%] [32m[1mLinking CXX shared library libainex_interfaces__rosidl_typesupport_c.so[0m
[25.869s] [ 79%] Built target ainex_interfaces__rosidl_typesupport_c
[26.518s] [ 81%] [32m[1mLinking CXX shared library libainex_interfaces__rosidl_typesupport_fastrtps_cpp.so[0m
[26.778s] [ 81%] Built target ainex_interfaces__rosidl_typesupport_fastrtps_cpp
[26.828s] [ 81%] Built target ainex_interfaces
[26.879s] [ 82%] [34m[1mGenerating Python code for ROS interfaces[0m
[29.148s] [ 82%] Built target ainex_interfaces__py
[29.232s] [ 84%] [32mBuilding C object CMakeFiles/ainex_interfaces__rosidl_generator_py.dir/rosidl_generator_py/ainex_interfaces/srv/_move_hand_s.c.o[0m
[30.059s] [ 85%] [32mBuilding C object CMakeFiles/ainex_interfaces__rosidl_generator_py.dir/rosidl_generator_py/ainex_interfaces/action/_execute_gesture_s.c.o[0m
[30.860s] [ 87%] [32mBuilding C object CMakeFiles/ainex_interfaces__rosidl_generator_py.dir/rosidl_generator_py/ainex_interfaces/srv/_set_motion_params_s.c.o[0m
[31.363s] [ 89%] [32mBuilding C object CMakeFiles/ainex_interfaces__rosidl_generator_py.dir/rosidl_generator_py/ainex_interfaces/srv/_run_gesture_s.c.o[0m
[31.989s] [ 90%] [32m[1mLinking C shared library libainex_interfaces__rosidl_generator_py.so[0m
[32.190s] [ 90%] Built target ainex_interfaces__rosidl_generator_py
[32.302s] [ 92%] [32mBuilding C object CMakeFiles/ainex_interfaces_s__rosidl_typesupport_fastrtps_c.dir/rosidl_generator_py/ainex_interfaces/_ainex_interfaces_s.ep.rosidl_typesupport_fastrtps_c.c.o[0m
[32.901s] [ 93%] [32m[1mLinking C shared module rosidl_generator_py/ainex_interfaces/ainex_interfaces_s__rosidl_typesupport_fastrtps_c.so[0m
[33.059s] [ 93%] Built target ainex_interfaces_s__rosidl_typesupport_fastrtps_c
[33.165s] [ 95%] [32mBuilding C object CMakeFiles/ainex_interfaces_s__rosidl_typesupport_c.dir/rosidl_generator_py/ainex_interfaces/_ainex_interfaces_s.ep.rosidl_typesupport_c.c.o[0m
[34.376s] [ 96%] [32m[1mLinking C shared module rosidl_generator_py/ainex_interfaces/ainex_interfaces_s__rosidl_typesupport_c.so[0m
[34.529s] [ 96%] Built target ainex_interfaces_s__rosidl_typesupport_c
[34.650s] [ 98%] [32mBuilding C object CMakeFiles/ainex_interfaces_s__rosidl_typesupport_introspection_c.dir/rosidl_generator_py/ainex_interfaces/_ainex_interfaces_s.ep.rosidl_typesupport_introspection_c.c.o[0m
[35.189s] [100%] [32m[1mLinking C shared module rosidl_generator_py/ainex_interfaces/ainex_interfaces_s__rosidl_typesupport_introspection_c.so[0m
[35.311s] [100%] Built target ainex_interfaces_s__rosidl_typesupport_introspection_c
[35.381s] Invoked command in '/home/vgi/ainex_ws/build/ainex_interfaces' returned '0': CMAKE_PREFIX_PATH=${CMAKE_PREFIX_PATH}:/home/vgi/ainex_ws/install/ainex_arm:/home/vgi/robot_ws/install/robot_arm:/opt/ros/jazzy DEBUGINFOD_URLS=https://debuginfod.ubuntu.com /usr/bin/cmake --build /home/vgi/ainex_ws/build/ainex_interfaces -- -j4 -l4
[35.434s] Invoking command in '/home/vgi/ainex_ws/build/ainex_interfaces': CMAKE_PREFIX_PATH=${CMAKE_PREFIX_PATH}:/home/vgi/ainex_ws/install/ainex_arm:/home/vgi/robot_ws/install/robot_arm:/opt/ros/jazzy DEBUGINFOD_URLS=https://debuginfod.ubuntu.com /usr/bin/cmake --install /home/vgi/ainex_ws/build/ainex_interfaces
[35.469s] -- Install configuration: ""
[35.470s] -- Installing: /home/vgi/ainex_ws/install/ainex_interfaces/share/ament_index/resource_index/rosidl_interfaces/ainex_interfaces
[35.473s] -- Installing: /home/vgi/ainex_ws/install/ainex_interfaces/share/ainex_interfaces/srv/MoveHand.json
[35.476s] -- Installing: /home/vgi/ainex_ws/install/ainex_interfaces/share/ainex_interfaces/srv/RunGesture.json
[35.477s] -- Installing: /home/vgi/ainex_ws/install/ainex_interfaces/share/ainex_interfaces/srv/SetMotionParams.json
[35.480s] -- Installing: /home/vgi/ainex_ws/install/ainex_interfaces/share/ainex_interfaces/action/ExecuteGesture.json
[35.480s] -- Up-to-date: /home/vgi/ainex_ws/install/ainex_interfaces/include/ainex_interfaces/ainex_interfaces
[35.483s] -- Up-to-date: /home/vgi/ainex_ws/install/ainex_interfaces/include/ainex_interfaces/ainex_interfaces/srv
[35.488s] -- Installing: /home/vgi/ainex_ws/install/ainex_interfaces/include/ainex_interfaces/ainex_interfaces/srv/set_motion_params.h
[35.489s] -- Up-to-date: /home/vgi/ainex_ws/install/ainex_interfaces/include/ainex_interfaces/ainex_interfaces/srv/detail
[35.492s] -- Installing: /home/vgi/ainex_ws/install/ainex_interfaces/include/ainex_interfaces/ainex_interfaces/srv/detail/run_gesture__functions.h
[35.493s] -- Installing: /home/vgi/ainex_ws/install/ainex_interfaces/include/ainex_interfaces/ainex_interfaces/srv/detail/set_motion_params__type_support.c
[35.493s] -- Installing: /home/vgi/ainex_ws/install/ainex_interfaces/include/ainex_interfaces/ainex_interfaces/srv/detail/move_hand__description.c
[35.493s] -- Installing: /home/vgi/ainex_ws/install/ainex_interfaces/include/ainex_interfaces/ainex_interfaces/srv/detail/run_gesture__type_support.c
[35.493s] -- Installing: /home/vgi/ainex_ws/install/ainex_interfaces/include/ainex_interfaces/ainex_interfaces/srv/detail/move_hand__struct.h
[35.502s] -- Installing: /home/vgi/ainex_ws/install/ainex_interfaces/include/ainex_interfaces/ainex_interfaces/srv/detail/set_motion_params__description.c
[35.506s] -- Installing: /home/vgi/ainex_ws/install/ainex_interfaces/include/ainex_interfaces/ainex_interfaces/srv/detail/run_gesture__type_support.h
[35.507s] -- Installing: /home/vgi/ainex_ws/install/ainex_interfaces/include/ainex_interfaces/ainex_interfaces/srv/detail/set_motion_params__functions.c
[35.507s] -- Installing: /home/vgi/ainex_ws/install/ainex_interfaces/include/ainex_interfaces/ainex_interfaces/srv/detail/run_gesture__description.c
[35.509s] -- Installing: /home/vgi/ainex_ws/install/ainex_interfaces/include/ainex_interfaces/ainex_interfaces/srv/detail/move_hand__type_support.h
[35.509s] -- Installing: /home/vgi/ainex_ws/install/ainex_interfaces/include/ainex_interfaces/ainex_interfaces/srv/detail/set_motion_params__type_support.h
[35.510s] -- Installing: /home/vgi/ainex_ws/install/ainex_interfaces/include/ainex_interfaces/ainex_interfaces/srv/detail/run_gesture__struct.h
[35.510s] -- Installing: /home/vgi/ainex_ws/install/ainex_interfaces/include/ainex_interfaces/ainex_interfaces/srv/detail/move_hand__type_support.c
[35.510s] -- Installing: /home/vgi/ainex_ws/install/ainex_interfaces/include/ainex_interfaces/ainex_interfaces/srv/detail/move_hand__functions.c
[35.510s] -- Installing: /home/vgi/ainex_ws/install/ainex_interfaces/include/ainex_interfaces/ainex_interfaces/srv/detail/set_motion_params__functions.h
[35.511s] -- Installing: /home/vgi/ainex_ws/install/ainex_interfaces/include/ainex_interfaces/ainex_interfaces/srv/detail/run_gesture__functions.c
[35.511s] -- Installing: /home/vgi/ainex_ws/install/ainex_interfaces/include/ainex_interfaces/ainex_interfaces/srv/detail/set_motion_params__struct.h
[35.514s] -- Installing: /home/vgi/ainex_ws/install/ainex_interfaces/include/ainex_interfaces/ainex_interfaces/srv/detail/move_hand__functions.h
[35.520s] -- Installing: /home/vgi/ainex_ws/install/ainex_interfaces/include/ainex_interfaces/ainex_interfaces/srv/move_hand.h
[35.520s] -- Installing: /home/vgi/ainex_ws/install/ainex_interfaces/include/ainex_interfaces/ainex_interfaces/srv/run_gesture.h
[35.520s] -- Up-to-date: /home/vgi/ainex_ws/install/ainex_interfaces/include/ainex_interfaces/ainex_interfaces/action
[35.521s] -- Up-to-date: /home/vgi/ainex_ws/install/ainex_interfaces/include/ainex_interfaces/ainex_interfaces/action/detail
[35.521s] -- Installing: /home/vgi/ainex_ws/install/ainex_interfaces/include/ainex_interfaces/ainex_interfaces/action/detail/execute_gesture__struct.h
[35.521s] -- Installing: /home/vgi/ainex_ws/install/ainex_interfaces/include/ainex_interfaces/ainex_interfaces/action/detail/execute_gesture__functions.h
[35.521s] -- Installing: /home/vgi/ainex_ws/install/ainex_interfaces/include/ainex_interfaces/ainex_interfaces/action/detail/execute_gesture__functions.c
[35.521s] -- Installing: /home/vgi/ainex_ws/install/ainex_interfaces/include/ainex_interfaces/ainex_interfaces/action/detail/execute_gesture__type_support.c
[35.521s] -- Installing: /home/vgi/ainex_ws/install/ainex_interfaces/include/ainex_interfaces/ainex_interfaces/action/detail/execute_gesture__type_support.h
[35.522s] -- Installing: /home/vgi/ainex_ws/install/ainex_interfaces/include/ainex_interfaces/ainex_interfaces/action/detail/execute_gesture__description.c
[35.522s] -- Installing: /home/vgi/ainex_ws/install/ainex_interfaces/include/ainex_interfaces/ainex_interfaces/action/execute_gesture.h
[35.522s] -- Up-to-date: /home/vgi/ainex_ws/install/ainex_interfaces/include/ainex_interfaces/ainex_interfaces/msg
[35.522s] -- Up-to-date: /home/vgi/ainex_ws/install/ainex_interfaces/include/ainex_interfaces/ainex_interfaces/msg/rosidl_generator_c__visibility_control.h
[35.522s] -- Up-to-date: /home/vgi/ainex_ws/install/ainex_interfaces/share/ainex_interfaces/environment/library_path.sh
[35.523s] -- Up-to-date: /home/vgi/ainex_ws/install/ainex_interfaces/share/ainex_interfaces/environment/library_path.dsv
[35.523s] -- Installing: /home/vgi/ainex_ws/install/ainex_interfaces/lib/libainex_interfaces__rosidl_generator_c.so
[35.534s] -- Set non-toolchain portion of runtime path of "/home/vgi/ainex_ws/install/ainex_interfaces/lib/libainex_interfaces__rosidl_generator_c.so" to ""
[35.535s] -- Up-to-date: /home/vgi/ainex_ws/install/ainex_interfaces/include/ainex_interfaces/ainex_interfaces
[35.535s] -- Up-to-date: /home/vgi/ainex_ws/install/ainex_interfaces/include/ainex_interfaces/ainex_interfaces/srv
[35.536s] -- Up-to-date: /home/vgi/ainex_ws/install/ainex_interfaces/include/ainex_interfaces/ainex_interfaces/srv/detail
[35.538s] -- Installing: /home/vgi/ainex_ws/install/ainex_interfaces/include/ainex_interfaces/ainex_interfaces/srv/detail/run_gesture__rosidl_typesupport_fastrtps_c.h
[35.539s] -- Installing: /home/vgi/ainex_ws/install/ainex_interfaces/include/ainex_interfaces/ainex_interfaces/srv/detail/move_hand__rosidl_typesupport_fastrtps_c.h
[35.539s] -- Installing: /home/vgi/ainex_ws/install/ainex_interfaces/include/ainex_interfaces/ainex_interfaces/srv/detail/set_motion_params__rosidl_typesupport_fastrtps_c.h
[35.540s] -- Up-to-date: /home/vgi/ainex_ws/install/ainex_interfaces/include/ainex_interfaces/ainex_interfaces/action
[35.540s] -- Up-to-date: /home/vgi/ainex_ws/install/ainex_interfaces/include/ainex_interfaces/ainex_interfaces/action/detail
[35.540s] -- Installing: /home/vgi/ainex_ws/install/ainex_interfaces/include/ainex_interfaces/ainex_interfaces/action/detail/execute_gesture__rosidl_typesupport_fastrtps_c.h
[35.540s] -- Up-to-date: /home/vgi/ainex_ws/install/ainex_interfaces/include/ainex_interfaces/ainex_interfaces/msg
[35.540s] -- Up-to-date: /home/vgi/ainex_ws/install/ainex_interfaces/include/ainex_interfaces/ainex_interfaces/msg/rosidl_typesupport_fastrtps_c__visibility_control.h
[35.547s] -- Installing: /home/vgi/ainex_ws/install/ainex_interfaces/lib/libainex_interfaces__rosidl_typesupport_fastrtps_c.so
[35.550s] -- Set non-toolchain portion of runtime path of "/home/vgi/ainex_ws/install/ainex_interfaces/lib/libainex_interfaces__rosidl_typesupport_fastrtps_c.so" to ""
[35.551s] -- Up-to-date: /home/vgi/ainex_ws/install/ainex_interfaces/include/ainex_interfaces/ainex_interfaces
[35.557s] -- Up-to-date: /home/vgi/ainex_ws/install/ainex_interfaces/include/ainex_interfaces/ainex_interfaces/srv
[35.558s] -- Up-to-date: /home/vgi/ainex_ws/install/ainex_interfaces/include/ainex_interfaces/ainex_interfaces/srv/detail
[35.558s] -- Installing: /home/vgi/ainex_ws/install/ainex_interfaces/include/ainex_interfaces/ainex_interfaces/srv/detail/set_motion_params__type_support.c
[35.565s] -- Installing: /home/vgi/ainex_ws/install/ainex_interfaces/include/ainex_interfaces/ainex_interfaces/srv/detail/run_gesture__type_support.c
[35.565s] -- Installing: /home/vgi/ainex_ws/install/ainex_interfaces/include/ainex_interfaces/ainex_interfaces/srv/detail/move_hand__type_support.c
[35.566s] -- Installing: /home/vgi/ainex_ws/install/ainex_interfaces/include/ainex_interfaces/ainex_interfaces/srv/detail/move_hand__rosidl_typesupport_introspection_c.h
[35.566s] -- Installing: /home/vgi/ainex_ws/install/ainex_interfaces/include/ainex_interfaces/ainex_interfaces/srv/detail/set_motion_params__rosidl_typesupport_introspection_c.h
[35.566s] -- Installing: /home/vgi/ainex_ws/install/ainex_interfaces/include/ainex_interfaces/ainex_interfaces/srv/detail/run_gesture__rosidl_typesupport_introspection_c.h
[35.566s] -- Up-to-date: /home/vgi/ainex_ws/install/ainex_interfaces/include/ainex_interfaces/ainex_interfaces/action
[35.566s] -- Up-to-date: /home/vgi/ainex_ws/install/ainex_interfaces/include/ainex_interfaces/ainex_interfaces/action/detail
[35.566s] -- Installing: /home/vgi/ainex_ws/install/ainex_interfaces/include/ainex_interfaces/ainex_interfaces/action/detail/execute_gesture__type_support.c
[35.567s] -- Installing: /home/vgi/ainex_ws/install/ainex_interfaces/include/ainex_interfaces/ainex_interfaces/action/detail/execute_gesture__rosidl_typesupport_introspection_c.h
[35.567s] -- Up-to-date: /home/vgi/ainex_ws/install/ainex_interfaces/include/ainex_interfaces/ainex_interfaces/msg
[35.567s] -- Up-to-date: /home/vgi/ainex_ws/install/ainex_interfaces/include/ainex_interfaces/ainex_interfaces/msg/rosidl_typesupport_introspection_c__visibility_control.h
[35.567s] -- Installing: /home/vgi/ainex_ws/install/ainex_interfaces/lib/libainex_interfaces__rosidl_typesupport_introspection_c.so
[35.567s] -- Set non-toolchain portion of runtime path of "/home/vgi/ainex_ws/install/ainex_interfaces/lib/libainex_interfaces__rosidl_typesupport_introspection_c.so" to ""
[35.567s] -- Installing: /home/vgi/ainex_ws/install/ainex_interfaces/lib/libainex_interfaces__rosidl_typesupport_c.so
[35.568s] -- Set non-toolchain portion of runtime path of "/home/vgi/ainex_ws/install/ainex_interfaces/lib/libainex_interfaces__rosidl_typesupport_c.so" to ""
[35.568s] -- Up-to-date: /home/vgi/ainex_ws/install/ainex_interfaces/include/ainex_interfaces/ainex_interfaces
[35.572s] -- Up-to-date: /home/vgi/ainex_ws/install/ainex_interfaces/include/ainex_interfaces/ainex_interfaces/srv
[35.572s] -- Installing: /home/vgi/ainex_ws/install/ainex_interfaces/include/ainex_interfaces/ainex_interfaces/srv/move_hand.hpp
[35.572s] -- Installing: /home/vgi/ainex_ws/install/ainex_interfaces/include/ainex_interfaces/ainex_interfaces/srv/set_motion_params.hpp
[35.574s] -- Up-to-date: /home/vgi/ainex_ws/install/ainex_interfaces/include/ainex_interfaces/ainex_interfaces/srv/detail
[35.581s] -- Installing: /home/vgi/ainex_ws/install/ainex_interfaces/include/ainex_interfaces/ainex_interfaces/srv/detail/run_gesture__builder.hpp
[35.581s] -- Installing: /home/vgi/ainex_ws/install/ainex_interfaces/include/ainex_interfaces/ainex_interfaces/srv/detail/move_hand__struct.hpp
[35.582s] -- Installing: /home/vgi/ainex_ws/install/ainex_interfaces/include/ainex_interfaces/ainex_interfaces/srv/detail/run_gesture__type_support.hpp
[35.582s] -- Installing: /home/vgi/ainex_ws/install/ainex_interfaces/include/ainex_interfaces/ainex_interfaces/srv/detail/move_hand__type_support.hpp
[35.582s] -- Installing: /home/vgi/ainex_ws/install/ainex_interfaces/include/ainex_interfaces/ainex_interfaces/srv/detail/set_motion_params__builder.hpp
[35.582s] -- Installing: /home/vgi/ainex_ws/install/ainex_interfaces/include/ainex_interfaces/ainex_interfaces/srv/detail/run_gesture__struct.hpp
[35.582s] -- Installing: /home/vgi/ainex_ws/install/ainex_interfaces/include/ainex_interfaces/ainex_interfaces/srv/detail/set_motion_params__struct.hpp
[35.582s] -- Installing: /home/vgi/ainex_ws/install/ainex_interfaces/include/ainex_interfaces/ainex_interfaces/srv/detail/move_hand__builder.hpp
[35.584s] -- Installing: /home/vgi/ainex_ws/install/ainex_interfaces/include/ainex_interfaces/ainex_interfaces/srv/detail/run_gesture__traits.hpp
[35.585s] -- Installing: /home/vgi/ainex_ws/install/ainex_interfaces/include/ainex_interfaces/ainex_interfaces/srv/detail/set_motion_params__type_support.hpp
[35.585s] -- Installing: /home/vgi/ainex_ws/install/ainex_interfaces/include/ainex_interfaces/ainex_interfaces/srv/detail/move_hand__traits.hpp
[35.585s] -- Installing: /home/vgi/ainex_ws/install/ainex_interfaces/include/ainex_interfaces/ainex_interfaces/srv/detail/set_motion_params__traits.hpp
[35.586s] -- Installing: /home/vgi/ainex_ws/install/ainex_interfaces/include/ainex_interfaces/ainex_interfaces/srv/run_gesture.hpp
[35.587s] -- Up-to-date: /home/vgi/ainex_ws/install/ainex_interfaces/include/ainex_interfaces/ainex_interfaces/action
[35.589s] -- Installing: /home/vgi/ainex_ws/install/ainex_interfaces/include/ainex_interfaces/ainex_interfaces/action/execute_gesture.hpp
[35.589s] -- Up-to-date: /home/vgi/ainex_ws/install/ainex_interfaces/include/ainex_interfaces/ainex_interfaces/action/detail
[35.589s] -- Installing: /home/vgi/ainex_ws/install/ainex_interfaces/include/ainex_interfaces/ainex_interfaces/action/detail/execute_gesture__type_support.hpp
[35.589s] -- Installing: /home/vgi/ainex_ws/install/ainex_interfaces/include/ainex_interfaces/ainex_interfaces/action/detail/execute_gesture__struct.hpp
[35.589s] -- Installing: /home/vgi/ainex_ws/install/ainex_interfaces/include/ainex_interfaces/ainex_interfaces/action/detail/execute_gesture__builder.hpp
[35.590s] -- Installing: /home/vgi/ainex_ws/install/ainex_interfaces/include/ainex_interfaces/ainex_interfaces/action/detail/execute_gesture__traits.hpp
[35.590s] -- Up-to-date: /home/vgi/ainex_ws/install/ainex_interfaces/include/ainex_interfaces/ainex_interfaces/msg
[35.590s] -- Installing: /home/vgi/ainex_ws/install/ainex_interfaces/include/ainex_interfaces/ainex_interfaces/msg/rosidl_generator_cpp__visibility_control.hpp
[35.592s] -- Up-to-date: /home/vgi/ainex_ws/install/ainex_interfaces/include/ainex_interfaces/ainex_interfaces
[35.592s] -- Up-to-date: /home/vgi/ainex_ws/install/ainex_interfaces/include/ainex_interfaces/ainex_interfaces/srv
[35.593s] -- Up-to-date: /home/vgi/ainex_ws/install/ainex_interfaces/include/ainex_interfaces/ainex_interfaces/srv/detail
[35.593s] -- Up-to-date: /home/vgi/ainex_ws/install/ainex_interfaces/include/ainex_interfaces/ainex_interfaces/srv/detail/dds_fastrtps
[35.593s] -- Installing: /home/vgi/ainex_ws/install/ainex_interfaces/include/ainex_interfaces/ainex_interfaces/srv/detail/set_motion_params__rosidl_typesupport_fastrtps_cpp.hpp
[35.593s] -- Installing: /home/vgi/ainex_ws/install/ainex_interfaces/include/ainex_interfaces/ainex_interfaces/srv/detail/move_hand__rosidl_typesupport_fastrtps_cpp.hpp
[35.593s] -- Installing: /home/vgi/ainex_ws/install/ainex_interfaces/include/ainex_interfaces/ainex_interfaces/srv/detail/run_gesture__rosidl_typesupport_fastrtps_cpp.hpp
[35.593s] -- Up-to-date: /home/vgi/ainex_ws/install/ainex_interfaces/include/ainex_interfaces/ainex_interfaces/action
[35.593s] -- Up-to-date: /home/vgi/ainex_ws/install/ainex_interfaces/include/ainex_interfaces/ainex_interfaces/action/detail
[35.593s] -- Up-to-date: /home/vgi/ainex_ws/install/ainex_interfaces/include/ainex_interfaces/ainex_interfaces/action/detail/dds_fastrtps
[35.594s] -- Installing: /home/vgi/ainex_ws/install/ainex_interfaces/include/ainex_interfaces/ainex_interfaces/action/detail/execute_gesture__rosidl_typesupport_fastrtps_cpp.hpp
[35.594s] -- Up-to-date: /home/vgi/ainex_ws/install/ainex_interfaces/include/ainex_interfaces/ainex_interfaces/msg
[35.594s] -- Up-to-date: /home/vgi/ainex_ws/install/ainex_interfaces/include/ainex_interfaces/ainex_interfaces/msg/rosidl_typesupport_fastrtps_cpp__visibility_control.h
[35.594s] -- Installing: /home/vgi/ainex_ws/install/ainex_interfaces/lib/libainex_interfaces__rosidl_typesupport_fastrtps_cpp.so
[35.594s] -- Set non-toolchain portion of runtime path of "/home/vgi/ainex_ws/install/ainex_interfaces/lib/libainex_interfaces__rosidl_typesupport_fastrtps_cpp.so" to ""
[35.594s] -- Up-to-date: /home/vgi/ainex_ws/install/ainex_interfaces/include/ainex_interfaces/ainex_interfaces
[35.594s] -- Up-to-date: /home/vgi/ainex_ws/install/ainex_interfaces/include/ainex_interfaces/ainex_interfaces/srv
[35.595s] -- Up-to-date: /home/vgi/ainex_ws/install/ainex_interfaces/include/ainex_interfaces/ainex_interfaces/srv/detail
[35.595s] -- Installing: /home/vgi/ainex_ws/install/ainex_interfaces/include/ainex_interfaces/ainex_interfaces/srv/detail/move_hand__rosidl_typesupport_introspection_cpp.hpp
[35.595s] -- Installing: /home/vgi/ainex_ws/install/ainex_interfaces/include/ainex_interfaces/ainex_interfaces/srv/detail/move_hand__type_support.cpp
[35.595s] -- Installing: /home/vgi/ainex_ws/install/ainex_interfaces/include/ainex_interfaces/ainex_interfaces/srv/detail/run_gesture__type_support.cpp
[35.599s] -- Installing: /home/vgi/ainex_ws/install/ainex_interfaces/include/ainex_interfaces/ainex_interfaces/srv/detail/set_motion_params__rosidl_typesupport_introspection_cpp.hpp
[35.599s] -- Installing: /home/vgi/ainex_ws/install/ainex_interfaces/include/ainex_interfaces/ainex_interfaces/srv/detail/run_gesture__rosidl_typesupport_introspection_cpp.hpp
[35.599s] -- Installing: /home/vgi/ainex_ws/install/ainex_interfaces/include/ainex_interfaces/ainex_interfaces/srv/detail/set_motion_params__type_support.cpp
[35.600s] -- Up-to-date: /home/vgi/ainex_ws/install/ainex_interfaces/include/ainex_interfaces/ainex_interfaces/action
[35.600s] -- Up-to-date: /home/vgi/ainex_ws/install/ainex_interfaces/include/ainex_interfaces/ainex_interfaces/action/detail
[35.600s] -- Installing: /home/vgi/ainex_ws/install/ainex_interfaces/include/ainex_interfaces/ainex_interfaces/action/detail/execute_gesture__type_support.cpp
[35.600s] -- Installing: /home/vgi/ainex_ws/install/ainex_interfaces/include/ainex_interfaces/ainex_interfaces/action/detail/execute_gesture__rosidl_typesupport_introspection_cpp.hpp
[35.600s] -- Installing: /home/vgi/ainex_ws/install/ainex_interfaces/lib/libainex_interfaces__rosidl_typesupport_introspection_cpp.so
[35.600s] -- Set non-toolchain portion of runtime path of "/home/vgi/ainex_ws/install/ainex_interfaces/lib/libainex_interfaces__rosidl_typesupport_introspection_cpp.so" to ""
[35.601s] -- Installing: /home/vgi/ainex_ws/install/ainex_interfaces/lib/libainex_interfaces__rosidl_typesupport_cpp.so
[35.601s] -- Set non-toolchain portion of runtime path of "/home/vgi/ainex_ws/install/ainex_interfaces/lib/libainex_interfaces__rosidl_typesupport_cpp.so" to ""
[35.606s] -- Up-to-date: /home/vgi/ainex_ws/install/ainex_interfaces/share/ainex_interfaces/environment/pythonpath.sh
[35.606s] -- Up-to-date: /home/vgi/ainex_ws/install/ainex_interfaces/share/ainex_interfaces/environment/pythonpath.dsv
[35.607s] -- Up-to-date: /home/vgi/ainex_ws/install/ainex_interfaces/lib/python3.12/site-packages/ainex_interfaces-0.0.0-py3.12.egg-info
[35.607s] -- Installing: /home/vgi/ainex_ws/install/ainex_interfaces/lib/python3.12/site-packages/ainex_interfaces-0.0.0-py3.12.egg-info/dependency_links.txt
[35.607s] -- Installing: /home/vgi/ainex_ws/install/ainex_interfaces/lib/python3.12/site-packages/ainex_interfaces-0.0.0-py3.12.egg-info/PKG-INFO
[35.607s] -- Installing: /home/vgi/ainex_ws/install/ainex_interfaces/lib/python3.12/site-packages/ainex_interfaces-0.0.0-py3.12.egg-info/top_level.txt
[35.607s] -- Installing: /home/vgi/ainex_ws/install/ainex_interfaces/lib/python3.12/site-packages/ainex_interfaces-0.0.0-py3.12.egg-info/SOURCES.txt
[35.607s] -- Up-to-date: /home/vgi/ainex_ws/install/ainex_interfaces/lib/python3.12/site-packages/ainex_interfaces
[35.607s] -- Installing: /home/vgi/ainex_ws/install/ainex_interfaces/lib/python3.12/site-packages/ainex_interfaces/ainex_interfaces_s__rosidl_typesupport_introspection_c.so
[35.607s] -- Installing: /home/vgi/ainex_ws/install/ainex_interfaces/lib/python3.12/site-packages/ainex_interfaces/ainex_interfaces_s__rosidl_typesupport_fastrtps_c.so
[35.608s] -- Up-to-date: /home/vgi/ainex_ws/install/ainex_interfaces/lib/python3.12/site-packages/ainex_interfaces/srv
[35.608s] -- Installing: /home/vgi/ainex_ws/install/ainex_interfaces/lib/python3.12/site-packages/ainex_interfaces/srv/_move_hand.py
[35.608s] -- Installing: /home/vgi/ainex_ws/install/ainex_interfaces/lib/python3.12/site-packages/ainex_interfaces/srv/_set_motion_params_s.c
[35.608s] -- Installing: /home/vgi/ainex_ws/install/ainex_interfaces/lib/python3.12/site-packages/ainex_interfaces/srv/_set_motion_params.py
[35.609s] -- Installing: /home/vgi/ainex_ws/install/ainex_interfaces/lib/python3.12/site-packages/ainex_interfaces/srv/_run_gesture_s.c
[35.610s] -- Installing: /home/vgi/ainex_ws/install/ainex_interfaces/lib/python3.12/site-packages/ainex_interfaces/srv/__init__.py
[35.610s] -- Installing: /home/vgi/ainex_ws/install/ainex_interfaces/lib/python3.12/site-packages/ainex_interfaces/srv/_run_gesture.py
[35.610s] -- Installing: /home/vgi/ainex_ws/install/ainex_interfaces/lib/python3.12/site-packages/ainex_interfaces/srv/_move_hand_s.c
[35.614s] -- Up-to-date: /home/vgi/ainex_ws/install/ainex_interfaces/lib/python3.12/site-packages/ainex_interfaces/action
[35.614s] -- Installing: /home/vgi/ainex_ws/install/ainex_interfaces/lib/python3.12/site-packages/ainex_interfaces/action/_execute_gesture.py
[35.615s] -- Installing: /home/vgi/ainex_ws/install/ainex_interfaces/lib/python3.12/site-packages/ainex_interfaces/action/_execute_gesture_s.c
[35.615s] -- Installing: /home/vgi/ainex_ws/install/ainex_interfaces/lib/python3.12/site-packages/ainex_interfaces/action/__init__.py
[35.615s] -- Installing: /home/vgi/ainex_ws/install/ainex_interfaces/lib/python3.12/site-packages/ainex_interfaces/_ainex_interfaces_s.ep.rosidl_typesupport_introspection_c.c
[35.615s] -- Installing: /home/vgi/ainex_ws/install/ainex_interfaces/lib/python3.12/site-packages/ainex_interfaces/__init__.py
[35.617s] -- Installing: /home/vgi/ainex_ws/install/ainex_interfaces/lib/python3.12/site-packages/ainex_interfaces/_ainex_interfaces_s.ep.rosidl_typesupport_c.c
[35.618s] -- Installing: /home/vgi/ainex_ws/install/ainex_interfaces/lib/python3.12/site-packages/ainex_interfaces/ainex_interfaces_s__rosidl_typesupport_c.so
[35.618s] -- Installing: /home/vgi/ainex_ws/install/ainex_interfaces/lib/python3.12/site-packages/ainex_interfaces/_ainex_interfaces_s.ep.rosidl_typesupport_fastrtps_c.c
[35.813s] Listing '/home/vgi/ainex_ws/install/ainex_interfaces/lib/python3.12/site-packages/ainex_interfaces'...
[35.814s] Compiling '/home/vgi/ainex_ws/install/ainex_interfaces/lib/python3.12/site-packages/ainex_interfaces/__init__.py'...
[35.814s] Listing '/home/vgi/ainex_ws/install/ainex_interfaces/lib/python3.12/site-packages/ainex_interfaces/action'...
[35.814s] Compiling '/home/vgi/ainex_ws/install/ainex_interfaces/lib/python3.12/site-packages/ainex_interfaces/action/__init__.py'...
[35.814s] Compiling '/home/vgi/ainex_ws/install/ainex_interfaces/lib/python3.12/site-packages/ainex_interfaces/action/_execute_gesture.py'...
[35.817s] Listing '/home/vgi/ainex_ws/install/ainex_interfaces/lib/python3.12/site-packages/ainex_interfaces/srv'...
[35.818s] Compiling '/home/vgi/ainex_ws/install/ainex_interfaces/lib/python3.12/site-packages/ainex_interfaces/srv/__init__.py'...
[35.821s] Compiling '/home/vgi/ainex_ws/install/ainex_interfaces/lib/python3.12/site-packages/ainex_interfaces/srv/_move_hand.py'...
[35.821s] Compiling '/home/vgi/ainex_ws/install/ainex_interfaces/lib/python3.12/site-packages/ainex_interfaces/srv/_run_gesture.py'...
[35.821s] Compiling '/home/vgi/ainex_ws/install/ainex_interfaces/lib/python3.12/site-packages/ainex_interfaces/srv/_set_motion_params.py'...
[35.864s] -- Installing: /home/vgi/ainex_ws/install/ainex_interfaces/lib/python3.12/site-packages/ainex_interfaces/ainex_interfaces_s__rosidl_typesupport_fastrtps_c.so
[35.864s] -- Set non-toolchain portion of runtime path of "/home/vgi/ainex_ws/install/ainex_interfaces/lib/python3.12/site-packages/ainex_interfaces/ainex_interfaces_s__rosidl_typesupport_fastrtps_c.so" to ""
[35.870s] -- Installing: /home/vgi/ainex_ws/install/ainex_interfaces/lib/python3.12/site-packages/ainex_interfaces/ainex_interfaces_s__rosidl_typesupport_introspection_c.so
[35.870s] -- Set non-toolchain portion of runtime path of "/home/vgi/ainex_ws/install/ainex_interfaces/lib/python3.12/site-packages/ainex_interfaces/ainex_interfaces_s__rosidl_typesupport_introspection_c.so" to ""
[35.871s] -- Installing: /home/vgi/ainex_ws/install/ainex_interfaces/lib/python3.12/site-packages/ainex_interfaces/ainex_interfaces_s__rosidl_typesupport_c.so
[35.871s] -- Set non-toolchain portion of runtime path of "/home/vgi/ainex_ws/install/ainex_interfaces/lib/python3.12/site-packages/ainex_interfaces/ainex_interfaces_s__rosidl_typesupport_c.so" to ""
[35.871s] -- Installing: /home/vgi/ainex_ws/install/ainex_interfaces/lib/libainex_interfaces__rosidl_generator_py.so
[35.875s] -- Set non-toolchain portion of runtime path of "/home/vgi/ainex_ws/install/ainex_interfaces/lib/libainex_interfaces__rosidl_generator_py.so" to ""
[35.876s] -- Up-to-date: /home/vgi/ainex_ws/install/ainex_interfaces/share/ainex_interfaces/srv/MoveHand.idl
[35.876s] -- Up-to-date: /home/vgi/ainex_ws/install/ainex_interfaces/share/ainex_interfaces/srv/RunGesture.idl
[35.876s] -- Installing: /home/vgi/ainex_ws/install/ainex_interfaces/share/ainex_interfaces/srv/SetMotionParams.idl
[35.876s] -- Up-to-date: /home/vgi/ainex_ws/install/ainex_interfaces/share/ainex_interfaces/action/ExecuteGesture.idl
[35.876s] -- Up-to-date: /home/vgi/ainex_ws/install/ainex_interfaces/share/ainex_interfaces/srv/MoveHand.srv
[35.876s] -- Up-to-date: /home/vgi/ainex_ws/install/ainex_interfaces/share/ainex_interfaces/srv/RunGesture.srv
[35.881s] -- Installing: /home/vgi/ainex_ws/install/ainex_interfaces/share/ainex_interfaces/srv/SetMotionParams.srv
[35.882s] -- Up-to-date: /home/vgi/ainex_ws/install/ainex_interfaces/share/ainex_interfaces/action/ExecuteGesture.action
[35.883s] -- Up-to-date: /home/vgi/ainex_ws/install/ainex_interfaces/share/ament_index/resource_index/package_run_dependencies/ainex_interfaces
[35.883s] -- Up-to-date: /home/vgi/ainex_ws/install/ainex_interfaces/share/ament_index/resource_index/parent_prefix_path/ainex_interfaces
[35.883s] -- Up-to-date: /home/vgi/ainex_ws/install/ainex_interfaces/share/ainex_interfaces/environment/ament_prefix_path.sh
[35.885s] -- Up-to-date: /home/vgi/ainex_ws/install/ainex_interfaces/share/ainex_interfaces/environment/ament_prefix_path.dsv
[35.885s] -- Up-to-date: /home/vgi/ainex_ws/install/ainex_interfaces/share/ainex_interfaces/environment/path.sh
[35.886s] -- Up-to-date: /home/vgi/ainex_ws/install/ainex_interfaces/share/ainex_interfaces/environment/path.dsv
[35.886s] -- Up-to-date: /home/vgi/ainex_ws/install/ainex_interfaces/share/ainex_interfaces/local_setup.bash
[35.886s] -- Up-to-date: /home/vgi/ainex_ws/install/ainex_interfaces/share/ainex_interfaces/local_setup.sh
[35.886s] -- Up-to-date: /home/vgi/ainex_ws/install/ainex_interfaces/share/ainex_interfaces/local_setup.zsh
[35.886s] -- Up-to-date: /home/vgi/ainex_ws/install/ainex_interfaces/share/ainex_interfaces/local_setup.dsv
[35.889s] -- Installing: /home/vgi/ainex_ws/install/ainex_interfaces/share/ainex_interfaces/package.dsv
[35.890s] -- Up-to-date: /home/vgi/ainex_ws/install/ainex_interfaces/share/ament_index/resource_index/packages/ainex_interfaces
[35.895s] -- Up-to-date: /home/vgi/ainex_ws/install/ainex_interfaces/share/ainex_interfaces/cmake/export_ainex_interfaces__rosidl_generator_cExport.cmake
[35.896s] -- Up-to-date: /home/vgi/ainex_ws/install/ainex_interfaces/share/ainex_interfaces/cmake/export_ainex_interfaces__rosidl_generator_cExport-noconfig.cmake
[35.896s] -- Up-to-date: /home/vgi/ainex_ws/install/ainex_interfaces/share/ainex_interfaces/cmake/export_ainex_interfaces__rosidl_typesupport_fastrtps_cExport.cmake
[35.897s] -- Up-to-date: /home/vgi/ainex_ws/install/ainex_interfaces/share/ainex_interfaces/cmake/export_ainex_interfaces__rosidl_typesupport_fastrtps_cExport-noconfig.cmake
[35.900s] -- Up-to-date: /home/vgi/ainex_ws/install/ainex_interfaces/share/ainex_interfaces/cmake/ainex_interfaces__rosidl_typesupport_introspection_cExport.cmake
[35.900s] -- Up-to-date: /home/vgi/ainex_ws/install/ainex_interfaces/share/ainex_interfaces/cmake/ainex_interfaces__rosidl_typesupport_introspection_cExport-noconfig.cmake
[35.900s] -- Up-to-date: /home/vgi/ainex_ws/install/ainex_interfaces/share/ainex_interfaces/cmake/ainex_interfaces__rosidl_typesupport_cExport.cmake
[35.901s] -- Up-to-date: /home/vgi/ainex_ws/install/ainex_interfaces/share/ainex_interfaces/cmake/ainex_interfaces__rosidl_typesupport_cExport-noconfig.cmake
[35.901s] -- Up-to-date: /home/vgi/ainex_ws/install/ainex_interfaces/share/ainex_interfaces/cmake/export_ainex_interfaces__rosidl_generator_cppExport.cmake
[35.901s] -- Up-to-date: /home/vgi/ainex_ws/install/ainex_interfaces/share/ainex_interfaces/cmake/export_ainex_interfaces__rosidl_typesupport_fastrtps_cppExport.cmake
[35.901s] -- Up-to-date: /home/vgi/ainex_ws/install/ainex_interfaces/share/ainex_interfaces/cmake/export_ainex_interfaces__rosidl_typesupport_fastrtps_cppExport-noconfig.cmake
[35.901s] -- Up-to-date: /home/vgi/ainex_ws/install/ainex_interfaces/share/ainex_interfaces/cmake/ainex_interfaces__rosidl_typesupport_introspection_cppExport.cmake
[35.902s] -- Up-to-date: /home/vgi/ainex_ws/install/ainex_interfaces/share/ainex_interfaces/cmake/ainex_interfaces__rosidl_typesupport_introspection_cppExport-noconfig.cmake
[35.902s] -- Up-to-date: /home/vgi/ainex_ws/install/ainex_interfaces/share/ainex_interfaces/cmake/ainex_interfaces__rosidl_typesupport_cppExport.cmake
[35.902s] -- Up-to-date: /home/vgi/ainex_ws/install/ainex_interfaces/share/ainex_interfaces/cmake/ainex_interfaces__rosidl_typesupport_cppExport-noconfig.cmake
[35.903s] -- Up-to-date: /home/vgi/ainex_ws/install/ainex_interfaces/share/ainex_interfaces/cmake/export_ainex_interfaces__rosidl_generator_pyExport.cmake
[35.907s] -- Up-to-date: /home/vgi/ainex_ws/install/ainex_interfaces/share/ainex_interfaces/cmake/export_ainex_interfaces__rosidl_generator_pyExport-noconfig.cmake
[35.908s] -- Installing: /home/vgi/ainex_ws/install/ainex_interfaces/share/ainex_interfaces/cmake/rosidl_cmake-extras.cmake
[35.909s] -- Installing: /home/vgi/ainex_ws/install/ainex_interfaces/share/ainex_interfaces/cmake/ament_cmake_export_dependencies-extras.cmake
[35.909s] -- Up-to-date: /home/vgi/ainex_ws/install/ainex_interfaces/share/ainex_interfaces/cmake/ament_cmake_export_include_directories-extras.cmake
[35.909s] -- Up-to-date: /home/vgi/ainex_ws/install/ainex_interfaces/share/ainex_interfaces/cmake/ament_cmake_export_libraries-extras.cmake
[35.911s] -- Up-to-date: /home/vgi/ainex_ws/install/ainex_interfaces/share/ainex_interfaces/cmake/ament_cmake_export_targets-extras.cmake
[35.912s] -- Up-to-date: /home/vgi/ainex_ws/install/ainex_interfaces/share/ainex_interfaces/cmake/rosidl_cmake_export_typesupport_targets-extras.cmake
[35.912s] -- Up-to-date: /home/vgi/ainex_ws/install/ainex_interfaces/share/ainex_interfaces/cmake/rosidl_cmake_export_typesupport_libraries-extras.cmake
[35.913s] -- Up-to-date: /home/vgi/ainex_ws/install/ainex_interfaces/share/ainex_interfaces/cmake/ainex_interfacesConfig.cmake
[35.914s] -- Up-to-date: /home/vgi/ainex_ws/install/ainex_interfaces/share/ainex_interfaces/cmake/ainex_interfacesConfig-version.cmake
[35.915s] -- Installing: /home/vgi/ainex_ws/install/ainex_interfaces/share/ainex_interfaces/package.xml
[35.916s] Invoked command in '/home/vgi/ainex_ws/build/ainex_interfaces' returned '0': CMAKE_PREFIX_PATH=${CMAKE_PREFIX_PATH}:/home/vgi/ainex_ws/install/ainex_arm:/home/vgi/robot_ws/install/robot_arm:/opt/ros/jazzy DEBUGINFOD_URLS=https://debuginfod.ubuntu.com /usr/bin/cmake --install /home/vgi/ainex_ws/build/ainex_interfaces
