[2.436s] Invoking command in '/home/vgi/ainex_ws/src/ainex_arm': DEBUGINFOD_URLS=https://debuginfod.ubuntu.com PYTHONPATH=/home/vgi/ainex_ws/build/ainex_arm/prefix_override:/usr/lib/python3/dist-packages/colcon_core/task/python/colcon_distutils_commands:/home/vgi/ainex_ws/install/ainex_arm/lib/python3.12/site-packages:${PYTHONPATH} /usr/bin/python3 -W ignore:setup.py install is deprecated -W ignore:easy_install command is deprecated setup.py egg_info --egg-base ../../build/ainex_arm build --build-base /home/vgi/ainex_ws/build/ainex_arm/build install --record /home/vgi/ainex_ws/build/ainex_arm/install.log --single-version-externally-managed install_data
[2.927s] running egg_info
[2.962s] writing ../../build/ainex_arm/ainex_arm.egg-info/PKG-INFO
[2.963s] writing dependency_links to ../../build/ainex_arm/ainex_arm.egg-info/dependency_links.txt
[2.964s] writing entry points to ../../build/ainex_arm/ainex_arm.egg-info/entry_points.txt
[2.965s] writing requirements to ../../build/ainex_arm/ainex_arm.egg-info/requires.txt
[2.966s] writing top-level names to ../../build/ainex_arm/ainex_arm.egg-info/top_level.txt
[3.034s] reading manifest file '../../build/ainex_arm/ainex_arm.egg-info/SOURCES.txt'
[3.036s] writing manifest file '../../build/ainex_arm/ainex_arm.egg-info/SOURCES.txt'
[3.038s] running build
[3.038s] running build_py
[3.038s] copying ainex_arm/hand_node.py -> /home/vgi/ainex_ws/build/ainex_arm/build/lib/ainex_arm
[3.040s] running install
[3.053s] running install_lib
[3.086s] copying /home/vgi/ainex_ws/build/ainex_arm/build/lib/ainex_arm/hand_node.py -> /home/vgi/ainex_ws/install/ainex_arm/lib/python3.12/site-packages/ainex_arm
[3.087s] byte-compiling /home/vgi/ainex_ws/install/ainex_arm/lib/python3.12/site-packages/ainex_arm/hand_node.py to hand_node.cpython-312.pyc
[3.101s] running install_data
[3.101s] running install_egg_info
[3.145s] removing '/home/vgi/ainex_ws/install/ainex_arm/lib/python3.12/site-packages/ainex_arm-0.0.0-py3.12.egg-info' (and everything under it)
[3.145s] Copying ../../build/ainex_arm/ainex_arm.egg-info to /home/vgi/ainex_ws/install/ainex_arm/lib/python3.12/site-packages/ainex_arm-0.0.0-py3.12.egg-info
[3.146s] running install_scripts
[3.389s] Installing hand_node script to /home/vgi/ainex_ws/install/ainex_arm/lib/ainex_arm
[3.389s] Installing left_hand_salute script to /home/vgi/ainex_ws/install/ainex_arm/lib/ainex_arm
[3.394s] Installing left_hand_wave script to /home/vgi/ainex_ws/install/ainex_arm/lib/ainex_arm
[3.395s] Installing salute_node script to /home/vgi/ainex_ws/install/ainex_arm/lib/ainex_arm
[3.396s] Installing wave_node script to /home/vgi/ainex_ws/install/ainex_arm/lib/ainex_arm
[3.398s] writing list of installed files to '/home/vgi/ainex_ws/build/ainex_arm/install.log'
[3.515s] Invoked command in '/home/vgi/ainex_ws/src/ainex_arm' returned '0': DEBUGINFOD_URLS=https://debuginfod.ubuntu.com PYTHONPATH=/home/vgi/ainex_ws/build/ainex_arm/prefix_override:/usr/lib/python3/dist-packages/colcon_core/task/python/colcon_distutils_commands:/home/vgi/ainex_ws/install/ainex_arm/lib/python3.12/site-packages:${PYTHONPATH} /usr/bin/python3 -W ignore:setup.py install is deprecated -W ignore:easy_install command is deprecated setup.py egg_info --egg-base ../../build/ainex_arm build --build-base /home/vgi/ainex_ws/build/ainex_arm/build install --record /home/vgi/ainex_ws/build/ainex_arm/install.log --single-version-externally-managed install_data
