[20.059s] Invoking command in '/home/vgi/ainex_ws/src/ainex_arm': DEBUGINFOD_URLS=https://debuginfod.ubuntu.com PYTHONPATH=/home/vgi/ainex_ws/build/ainex_arm/prefix_override:/usr/lib/python3/dist-packages/colcon_core/task/python/colcon_distutils_commands:/home/vgi/ainex_ws/install/ainex_arm/lib/python3.12/site-packages:${PYTHONPATH} /usr/bin/python3 -W ignore:setup.py install is deprecated -W ignore:easy_install command is deprecated setup.py egg_info --egg-base ../../build/ainex_arm build --build-base /home/vgi/ainex_ws/build/ainex_arm/build install --record /home/vgi/ainex_ws/build/ainex_arm/install.log --single-version-externally-managed install_data
[20.433s] running egg_info
[20.459s] writing ../../build/ainex_arm/ainex_arm.egg-info/PKG-INFO
[20.459s] writing dependency_links to ../../build/ainex_arm/ainex_arm.egg-info/dependency_links.txt
[20.461s] writing entry points to ../../build/ainex_arm/ainex_arm.egg-info/entry_points.txt
[20.463s] writing requirements to ../../build/ainex_arm/ainex_arm.egg-info/requires.txt
[20.463s] writing top-level names to ../../build/ainex_arm/ainex_arm.egg-info/top_level.txt
[20.519s] reading manifest file '../../build/ainex_arm/ainex_arm.egg-info/SOURCES.txt'
[20.520s] writing manifest file '../../build/ainex_arm/ainex_arm.egg-info/SOURCES.txt'
[20.521s] running build
[20.521s] running build_py
[20.521s] copying ainex_arm/wave_node.py -> /home/vgi/ainex_ws/build/ainex_arm/build/lib/ainex_arm
[20.522s] running install
[20.533s] running install_lib
[20.558s] copying /home/vgi/ainex_ws/build/ainex_arm/build/lib/ainex_arm/wave_node.py -> /home/vgi/ainex_ws/install/ainex_arm/lib/python3.12/site-packages/ainex_arm
[20.559s] byte-compiling /home/vgi/ainex_ws/install/ainex_arm/lib/python3.12/site-packages/ainex_arm/wave_node.py to wave_node.cpython-312.pyc
[20.560s] running install_data
[20.560s] running install_egg_info
[20.596s] removing '/home/vgi/ainex_ws/install/ainex_arm/lib/python3.12/site-packages/ainex_arm-0.0.0-py3.12.egg-info' (and everything under it)
[20.597s] Copying ../../build/ainex_arm/ainex_arm.egg-info to /home/vgi/ainex_ws/install/ainex_arm/lib/python3.12/site-packages/ainex_arm-0.0.0-py3.12.egg-info
[20.598s] running install_scripts
[20.818s] Installing hand_node script to /home/vgi/ainex_ws/install/ainex_arm/lib/ainex_arm
[20.818s] Installing wave_node script to /home/vgi/ainex_ws/install/ainex_arm/lib/ainex_arm
[20.820s] writing list of installed files to '/home/vgi/ainex_ws/build/ainex_arm/install.log'
[20.904s] Invoked command in '/home/vgi/ainex_ws/src/ainex_arm' returned '0': DEBUGINFOD_URLS=https://debuginfod.ubuntu.com PYTHONPATH=/home/vgi/ainex_ws/build/ainex_arm/prefix_override:/usr/lib/python3/dist-packages/colcon_core/task/python/colcon_distutils_commands:/home/vgi/ainex_ws/install/ainex_arm/lib/python3.12/site-packages:${PYTHONPATH} /usr/bin/python3 -W ignore:setup.py install is deprecated -W ignore:easy_install command is deprecated setup.py egg_info --egg-base ../../build/ainex_arm build --build-base /home/vgi/ainex_ws/build/ainex_arm/build install --record /home/vgi/ainex_ws/build/ainex_arm/install.log --single-version-externally-managed install_data
