[1.326s] Invoking command in '/home/vgi/ainex_ws/src/ainex_arm': DEBUGINFOD_URLS=https://debuginfod.ubuntu.com PYTHONPATH=/home/vgi/ainex_ws/build/ainex_arm/prefix_override:/usr/lib/python3/dist-packages/colcon_core/task/python/colcon_distutils_commands:/home/vgi/ainex_ws/install/ainex_arm/lib/python3.12/site-packages:${PYTHONPATH} /usr/bin/python3 -W ignore:setup.py install is deprecated -W ignore:easy_install command is deprecated setup.py egg_info --egg-base ../../build/ainex_arm build --build-base /home/vgi/ainex_ws/build/ainex_arm/build install --record /home/vgi/ainex_ws/build/ainex_arm/install.log --single-version-externally-managed install_data
[1.699s] running egg_info
[1.731s] writing ../../build/ainex_arm/ainex_arm.egg-info/PKG-INFO
[1.742s] writing dependency_links to ../../build/ainex_arm/ainex_arm.egg-info/dependency_links.txt
[1.743s] writing entry points to ../../build/ainex_arm/ainex_arm.egg-info/entry_points.txt
[1.743s] writing requirements to ../../build/ainex_arm/ainex_arm.egg-info/requires.txt
[1.743s] writing top-level names to ../../build/ainex_arm/ainex_arm.egg-info/top_level.txt
[1.800s] reading manifest file '../../build/ainex_arm/ainex_arm.egg-info/SOURCES.txt'
[1.801s] writing manifest file '../../build/ainex_arm/ainex_arm.egg-info/SOURCES.txt'
[1.801s] running build
[1.802s] running build_py
[1.802s] running install
[1.812s] running install_lib
[1.840s] running install_data
[1.840s] running install_egg_info
[1.868s] removing '/home/vgi/ainex_ws/install/ainex_arm/lib/python3.12/site-packages/ainex_arm-0.0.0-py3.12.egg-info' (and everything under it)
[1.868s] Copying ../../build/ainex_arm/ainex_arm.egg-info to /home/vgi/ainex_ws/install/ainex_arm/lib/python3.12/site-packages/ainex_arm-0.0.0-py3.12.egg-info
[1.869s] running install_scripts
[2.062s] Installing hand_node script to /home/vgi/ainex_ws/install/ainex_arm/lib/ainex_arm
[2.062s] Installing left_hand_salute script to /home/vgi/ainex_ws/install/ainex_arm/lib/ainex_arm
[2.065s] Installing left_hand_wave script to /home/vgi/ainex_ws/install/ainex_arm/lib/ainex_arm
[2.065s] Installing salute_node script to /home/vgi/ainex_ws/install/ainex_arm/lib/ainex_arm
[2.066s] Installing wave_node script to /home/vgi/ainex_ws/install/ainex_arm/lib/ainex_arm
[2.067s] writing list of installed files to '/home/vgi/ainex_ws/build/ainex_arm/install.log'
[2.148s] Invoked command in '/home/vgi/ainex_ws/src/ainex_arm' returned '0': DEBUGINFOD_URLS=https://debuginfod.ubuntu.com PYTHONPATH=/home/vgi/ainex_ws/build/ainex_arm/prefix_override:/usr/lib/python3/dist-packages/colcon_core/task/python/colcon_distutils_commands:/home/vgi/ainex_ws/install/ainex_arm/lib/python3.12/site-packages:${PYTHONPATH} /usr/bin/python3 -W ignore:setup.py install is deprecated -W ignore:easy_install command is deprecated setup.py egg_info --egg-base ../../build/ainex_arm build --build-base /home/vgi/ainex_ws/build/ainex_arm/build install --record /home/vgi/ainex_ws/build/ainex_arm/install.log --single-version-externally-managed install_data
