[0.362s] Invoking command in '/home/vgi/ainex_ws/build/ainex_interfaces': CMAKE_PREFIX_PATH=${CMAKE_PREFIX_PATH}:/home/vgi/ainex_ws/install/ainex_arm:/home/vgi/robot_ws/install/robot_arm:/opt/ros/jazzy DEBUGINFOD_URLS=https://debuginfod.ubuntu.com /usr/bin/cmake --build /home/vgi/ainex_ws/build/ainex_interfaces -- -j4 -l4
[0.535s] [  1%] Built target ainex_interfaces__rosidl_generator_type_description
[0.570s] [  1%] Built target ament_cmake_python_copy_ainex_interfaces
[0.617s] [  3%] Built target ainex_interfaces__cpp
[0.624s] [ 24%] Built target ainex_interfaces__rosidl_generator_c
[0.720s] [ 33%] Built target ainex_interfaces__rosidl_typesupport_fastrtps_c
[0.731s] [ 42%] Built target ainex_interfaces__rosidl_typesupport_cpp
[0.738s] [ 51%] Built target ainex_interfaces__rosidl_typesupport_introspection_c
[0.815s] [ 61%] Built target ainex_interfaces__rosidl_typesupport_c
[0.816s] [ 70%] Built target ainex_interfaces__rosidl_typesupport_fastrtps_cpp
[0.831s] [ 79%] Built target ainex_interfaces__rosidl_typesupport_introspection_cpp
[0.919s] [ 79%] Built target ainex_interfaces
[0.981s] [ 81%] Built target ainex_interfaces__py
[1.050s] [ 88%] Built target ainex_interfaces__rosidl_generator_py
[1.157s] [ 92%] Built target ainex_interfaces_s__rosidl_typesupport_introspection_c
[1.157s] [ 96%] Built target ainex_interfaces_s__rosidl_typesupport_c
[1.159s] [100%] Built target ainex_interfaces_s__rosidl_typesupport_fastrtps_c
[1.200s] running egg_info
[1.237s] writing ainex_interfaces.egg-info/PKG-INFO
[1.237s] writing dependency_links to ainex_interfaces.egg-info/dependency_links.txt
[1.239s] writing top-level names to ainex_interfaces.egg-info/top_level.txt
[1.332s] reading manifest file 'ainex_interfaces.egg-info/SOURCES.txt'
[1.333s] writing manifest file 'ainex_interfaces.egg-info/SOURCES.txt'
[1.429s] [100%] Built target ament_cmake_python_build_ainex_interfaces_egg
[1.455s] Invoked command in '/home/vgi/ainex_ws/build/ainex_interfaces' returned '0': CMAKE_PREFIX_PATH=${CMAKE_PREFIX_PATH}:/home/vgi/ainex_ws/install/ainex_arm:/home/vgi/robot_ws/install/robot_arm:/opt/ros/jazzy DEBUGINFOD_URLS=https://debuginfod.ubuntu.com /usr/bin/cmake --build /home/vgi/ainex_ws/build/ainex_interfaces -- -j4 -l4
[1.482s] Invoking command in '/home/vgi/ainex_ws/build/ainex_interfaces': CMAKE_PREFIX_PATH=${CMAKE_PREFIX_PATH}:/home/vgi/ainex_ws/install/ainex_arm:/home/vgi/robot_ws/install/robot_arm:/opt/ros/jazzy DEBUGINFOD_URLS=https://debuginfod.ubuntu.com /usr/bin/cmake --install /home/vgi/ainex_ws/build/ainex_interfaces
[1.505s] -- Install configuration: ""
[1.506s] -- Up-to-date: /home/vgi/ainex_ws/install/ainex_interfaces/share/ament_index/resource_index/rosidl_interfaces/ainex_interfaces
[1.506s] -- Up-to-date: /home/vgi/ainex_ws/install/ainex_interfaces/share/ainex_interfaces/srv/MoveHand.json
[1.507s] -- Up-to-date: /home/vgi/ainex_ws/install/ainex_interfaces/share/ainex_interfaces/srv/RunGesture.json
[1.507s] -- Up-to-date: /home/vgi/ainex_ws/install/ainex_interfaces/share/ainex_interfaces/action/ExecuteGesture.json
[1.508s] -- Up-to-date: /home/vgi/ainex_ws/install/ainex_interfaces/include/ainex_interfaces/ainex_interfaces
[1.508s] -- Up-to-date: /home/vgi/ainex_ws/install/ainex_interfaces/include/ainex_interfaces/ainex_interfaces/srv
[1.510s] -- Up-to-date: /home/vgi/ainex_ws/install/ainex_interfaces/include/ainex_interfaces/ainex_interfaces/srv/detail
[1.510s] -- Up-to-date: /home/vgi/ainex_ws/install/ainex_interfaces/include/ainex_interfaces/ainex_interfaces/srv/detail/run_gesture__functions.h
[1.511s] -- Up-to-date: /home/vgi/ainex_ws/install/ainex_interfaces/include/ainex_interfaces/ainex_interfaces/srv/detail/move_hand__description.c
[1.511s] -- Installing: /home/vgi/ainex_ws/install/ainex_interfaces/include/ainex_interfaces/ainex_interfaces/srv/detail/run_gesture__type_support.c
[1.511s] -- Up-to-date: /home/vgi/ainex_ws/install/ainex_interfaces/include/ainex_interfaces/ainex_interfaces/srv/detail/move_hand__struct.h
[1.512s] -- Up-to-date: /home/vgi/ainex_ws/install/ainex_interfaces/include/ainex_interfaces/ainex_interfaces/srv/detail/run_gesture__type_support.h
[1.512s] -- Up-to-date: /home/vgi/ainex_ws/install/ainex_interfaces/include/ainex_interfaces/ainex_interfaces/srv/detail/run_gesture__description.c
[1.513s] -- Up-to-date: /home/vgi/ainex_ws/install/ainex_interfaces/include/ainex_interfaces/ainex_interfaces/srv/detail/move_hand__type_support.h
[1.514s] -- Up-to-date: /home/vgi/ainex_ws/install/ainex_interfaces/include/ainex_interfaces/ainex_interfaces/srv/detail/run_gesture__struct.h
[1.514s] -- Installing: /home/vgi/ainex_ws/install/ainex_interfaces/include/ainex_interfaces/ainex_interfaces/srv/detail/move_hand__type_support.c
[1.515s] -- Up-to-date: /home/vgi/ainex_ws/install/ainex_interfaces/include/ainex_interfaces/ainex_interfaces/srv/detail/move_hand__functions.c
[1.515s] -- Up-to-date: /home/vgi/ainex_ws/install/ainex_interfaces/include/ainex_interfaces/ainex_interfaces/srv/detail/run_gesture__functions.c
[1.516s] -- Up-to-date: /home/vgi/ainex_ws/install/ainex_interfaces/include/ainex_interfaces/ainex_interfaces/srv/detail/move_hand__functions.h
[1.516s] -- Up-to-date: /home/vgi/ainex_ws/install/ainex_interfaces/include/ainex_interfaces/ainex_interfaces/srv/move_hand.h
[1.517s] -- Up-to-date: /home/vgi/ainex_ws/install/ainex_interfaces/include/ainex_interfaces/ainex_interfaces/srv/run_gesture.h
[1.517s] -- Up-to-date: /home/vgi/ainex_ws/install/ainex_interfaces/include/ainex_interfaces/ainex_interfaces/action
[1.520s] -- Up-to-date: /home/vgi/ainex_ws/install/ainex_interfaces/include/ainex_interfaces/ainex_interfaces/action/detail
[1.521s] -- Up-to-date: /home/vgi/ainex_ws/install/ainex_interfaces/include/ainex_interfaces/ainex_interfaces/action/detail/execute_gesture__struct.h
[1.521s] -- Up-to-date: /home/vgi/ainex_ws/install/ainex_interfaces/include/ainex_interfaces/ainex_interfaces/action/detail/execute_gesture__functions.h
[1.521s] -- Up-to-date: /home/vgi/ainex_ws/install/ainex_interfaces/include/ainex_interfaces/ainex_interfaces/action/detail/execute_gesture__functions.c
[1.521s] -- Installing: /home/vgi/ainex_ws/install/ainex_interfaces/include/ainex_interfaces/ainex_interfaces/action/detail/execute_gesture__type_support.c
[1.521s] -- Up-to-date: /home/vgi/ainex_ws/install/ainex_interfaces/include/ainex_interfaces/ainex_interfaces/action/detail/execute_gesture__type_support.h
[1.521s] -- Up-to-date: /home/vgi/ainex_ws/install/ainex_interfaces/include/ainex_interfaces/ainex_interfaces/action/detail/execute_gesture__description.c
[1.521s] -- Up-to-date: /home/vgi/ainex_ws/install/ainex_interfaces/include/ainex_interfaces/ainex_interfaces/action/execute_gesture.h
[1.522s] -- Up-to-date: /home/vgi/ainex_ws/install/ainex_interfaces/include/ainex_interfaces/ainex_interfaces/msg
[1.522s] -- Up-to-date: /home/vgi/ainex_ws/install/ainex_interfaces/include/ainex_interfaces/ainex_interfaces/msg/rosidl_generator_c__visibility_control.h
[1.522s] -- Up-to-date: /home/vgi/ainex_ws/install/ainex_interfaces/share/ainex_interfaces/environment/library_path.sh
[1.522s] -- Up-to-date: /home/vgi/ainex_ws/install/ainex_interfaces/share/ainex_interfaces/environment/library_path.dsv
[1.522s] -- Up-to-date: /home/vgi/ainex_ws/install/ainex_interfaces/lib/libainex_interfaces__rosidl_generator_c.so
[1.522s] -- Up-to-date: /home/vgi/ainex_ws/install/ainex_interfaces/include/ainex_interfaces/ainex_interfaces
[1.522s] -- Up-to-date: /home/vgi/ainex_ws/install/ainex_interfaces/include/ainex_interfaces/ainex_interfaces/srv
[1.522s] -- Up-to-date: /home/vgi/ainex_ws/install/ainex_interfaces/include/ainex_interfaces/ainex_interfaces/srv/detail
[1.522s] -- Up-to-date: /home/vgi/ainex_ws/install/ainex_interfaces/include/ainex_interfaces/ainex_interfaces/srv/detail/run_gesture__rosidl_typesupport_fastrtps_c.h
[1.523s] -- Up-to-date: /home/vgi/ainex_ws/install/ainex_interfaces/include/ainex_interfaces/ainex_interfaces/srv/detail/move_hand__rosidl_typesupport_fastrtps_c.h
[1.523s] -- Up-to-date: /home/vgi/ainex_ws/install/ainex_interfaces/include/ainex_interfaces/ainex_interfaces/action
[1.523s] -- Up-to-date: /home/vgi/ainex_ws/install/ainex_interfaces/include/ainex_interfaces/ainex_interfaces/action/detail
[1.523s] -- Up-to-date: /home/vgi/ainex_ws/install/ainex_interfaces/include/ainex_interfaces/ainex_interfaces/action/detail/execute_gesture__rosidl_typesupport_fastrtps_c.h
[1.523s] -- Up-to-date: /home/vgi/ainex_ws/install/ainex_interfaces/include/ainex_interfaces/ainex_interfaces/msg
[1.523s] -- Up-to-date: /home/vgi/ainex_ws/install/ainex_interfaces/include/ainex_interfaces/ainex_interfaces/msg/rosidl_typesupport_fastrtps_c__visibility_control.h
[1.523s] -- Up-to-date: /home/vgi/ainex_ws/install/ainex_interfaces/lib/libainex_interfaces__rosidl_typesupport_fastrtps_c.so
[1.523s] -- Up-to-date: /home/vgi/ainex_ws/install/ainex_interfaces/include/ainex_interfaces/ainex_interfaces
[1.524s] -- Up-to-date: /home/vgi/ainex_ws/install/ainex_interfaces/include/ainex_interfaces/ainex_interfaces/srv
[1.524s] -- Up-to-date: /home/vgi/ainex_ws/install/ainex_interfaces/include/ainex_interfaces/ainex_interfaces/srv/detail
[1.524s] -- Installing: /home/vgi/ainex_ws/install/ainex_interfaces/include/ainex_interfaces/ainex_interfaces/srv/detail/run_gesture__type_support.c
[1.524s] -- Installing: /home/vgi/ainex_ws/install/ainex_interfaces/include/ainex_interfaces/ainex_interfaces/srv/detail/move_hand__type_support.c
[1.524s] -- Up-to-date: /home/vgi/ainex_ws/install/ainex_interfaces/include/ainex_interfaces/ainex_interfaces/srv/detail/move_hand__rosidl_typesupport_introspection_c.h
[1.524s] -- Up-to-date: /home/vgi/ainex_ws/install/ainex_interfaces/include/ainex_interfaces/ainex_interfaces/srv/detail/run_gesture__rosidl_typesupport_introspection_c.h
[1.524s] -- Up-to-date: /home/vgi/ainex_ws/install/ainex_interfaces/include/ainex_interfaces/ainex_interfaces/action
[1.524s] -- Up-to-date: /home/vgi/ainex_ws/install/ainex_interfaces/include/ainex_interfaces/ainex_interfaces/action/detail
[1.528s] -- Installing: /home/vgi/ainex_ws/install/ainex_interfaces/include/ainex_interfaces/ainex_interfaces/action/detail/execute_gesture__type_support.c
[1.528s] -- Up-to-date: /home/vgi/ainex_ws/install/ainex_interfaces/include/ainex_interfaces/ainex_interfaces/action/detail/execute_gesture__rosidl_typesupport_introspection_c.h
[1.528s] -- Up-to-date: /home/vgi/ainex_ws/install/ainex_interfaces/include/ainex_interfaces/ainex_interfaces/msg
[1.528s] -- Up-to-date: /home/vgi/ainex_ws/install/ainex_interfaces/include/ainex_interfaces/ainex_interfaces/msg/rosidl_typesupport_introspection_c__visibility_control.h
[1.528s] -- Up-to-date: /home/vgi/ainex_ws/install/ainex_interfaces/lib/libainex_interfaces__rosidl_typesupport_introspection_c.so
[1.528s] -- Up-to-date: /home/vgi/ainex_ws/install/ainex_interfaces/lib/libainex_interfaces__rosidl_typesupport_c.so
[1.529s] -- Up-to-date: /home/vgi/ainex_ws/install/ainex_interfaces/include/ainex_interfaces/ainex_interfaces
[1.529s] -- Up-to-date: /home/vgi/ainex_ws/install/ainex_interfaces/include/ainex_interfaces/ainex_interfaces/srv
[1.529s] -- Up-to-date: /home/vgi/ainex_ws/install/ainex_interfaces/include/ainex_interfaces/ainex_interfaces/srv/move_hand.hpp
[1.529s] -- Up-to-date: /home/vgi/ainex_ws/install/ainex_interfaces/include/ainex_interfaces/ainex_interfaces/srv/detail
[1.529s] -- Up-to-date: /home/vgi/ainex_ws/install/ainex_interfaces/include/ainex_interfaces/ainex_interfaces/srv/detail/run_gesture__builder.hpp
[1.529s] -- Up-to-date: /home/vgi/ainex_ws/install/ainex_interfaces/include/ainex_interfaces/ainex_interfaces/srv/detail/move_hand__struct.hpp
[1.529s] -- Up-to-date: /home/vgi/ainex_ws/install/ainex_interfaces/include/ainex_interfaces/ainex_interfaces/srv/detail/run_gesture__type_support.hpp
[1.529s] -- Up-to-date: /home/vgi/ainex_ws/install/ainex_interfaces/include/ainex_interfaces/ainex_interfaces/srv/detail/move_hand__type_support.hpp
[1.529s] -- Up-to-date: /home/vgi/ainex_ws/install/ainex_interfaces/include/ainex_interfaces/ainex_interfaces/srv/detail/run_gesture__struct.hpp
[1.529s] -- Up-to-date: /home/vgi/ainex_ws/install/ainex_interfaces/include/ainex_interfaces/ainex_interfaces/srv/detail/move_hand__builder.hpp
[1.530s] -- Up-to-date: /home/vgi/ainex_ws/install/ainex_interfaces/include/ainex_interfaces/ainex_interfaces/srv/detail/run_gesture__traits.hpp
[1.530s] -- Up-to-date: /home/vgi/ainex_ws/install/ainex_interfaces/include/ainex_interfaces/ainex_interfaces/srv/detail/move_hand__traits.hpp
[1.530s] -- Up-to-date: /home/vgi/ainex_ws/install/ainex_interfaces/include/ainex_interfaces/ainex_interfaces/srv/run_gesture.hpp
[1.530s] -- Up-to-date: /home/vgi/ainex_ws/install/ainex_interfaces/include/ainex_interfaces/ainex_interfaces/action
[1.530s] -- Up-to-date: /home/vgi/ainex_ws/install/ainex_interfaces/include/ainex_interfaces/ainex_interfaces/action/execute_gesture.hpp
[1.530s] -- Up-to-date: /home/vgi/ainex_ws/install/ainex_interfaces/include/ainex_interfaces/ainex_interfaces/action/detail
[1.530s] -- Up-to-date: /home/vgi/ainex_ws/install/ainex_interfaces/include/ainex_interfaces/ainex_interfaces/action/detail/execute_gesture__type_support.hpp
[1.530s] -- Up-to-date: /home/vgi/ainex_ws/install/ainex_interfaces/include/ainex_interfaces/ainex_interfaces/action/detail/execute_gesture__struct.hpp
[1.534s] -- Up-to-date: /home/vgi/ainex_ws/install/ainex_interfaces/include/ainex_interfaces/ainex_interfaces/action/detail/execute_gesture__builder.hpp
[1.534s] -- Up-to-date: /home/vgi/ainex_ws/install/ainex_interfaces/include/ainex_interfaces/ainex_interfaces/action/detail/execute_gesture__traits.hpp
[1.534s] -- Up-to-date: /home/vgi/ainex_ws/install/ainex_interfaces/include/ainex_interfaces/ainex_interfaces/msg
[1.534s] -- Up-to-date: /home/vgi/ainex_ws/install/ainex_interfaces/include/ainex_interfaces/ainex_interfaces/msg/rosidl_generator_cpp__visibility_control.hpp
[1.534s] -- Up-to-date: /home/vgi/ainex_ws/install/ainex_interfaces/include/ainex_interfaces/ainex_interfaces
[1.534s] -- Up-to-date: /home/vgi/ainex_ws/install/ainex_interfaces/include/ainex_interfaces/ainex_interfaces/srv
[1.534s] -- Up-to-date: /home/vgi/ainex_ws/install/ainex_interfaces/include/ainex_interfaces/ainex_interfaces/srv/detail
[1.534s] -- Up-to-date: /home/vgi/ainex_ws/install/ainex_interfaces/include/ainex_interfaces/ainex_interfaces/srv/detail/dds_fastrtps
[1.535s] -- Up-to-date: /home/vgi/ainex_ws/install/ainex_interfaces/include/ainex_interfaces/ainex_interfaces/srv/detail/move_hand__rosidl_typesupport_fastrtps_cpp.hpp
[1.535s] -- Up-to-date: /home/vgi/ainex_ws/install/ainex_interfaces/include/ainex_interfaces/ainex_interfaces/srv/detail/run_gesture__rosidl_typesupport_fastrtps_cpp.hpp
[1.535s] -- Up-to-date: /home/vgi/ainex_ws/install/ainex_interfaces/include/ainex_interfaces/ainex_interfaces/action
[1.535s] -- Up-to-date: /home/vgi/ainex_ws/install/ainex_interfaces/include/ainex_interfaces/ainex_interfaces/action/detail
[1.535s] -- Up-to-date: /home/vgi/ainex_ws/install/ainex_interfaces/include/ainex_interfaces/ainex_interfaces/action/detail/dds_fastrtps
[1.535s] -- Up-to-date: /home/vgi/ainex_ws/install/ainex_interfaces/include/ainex_interfaces/ainex_interfaces/action/detail/execute_gesture__rosidl_typesupport_fastrtps_cpp.hpp
[1.535s] -- Up-to-date: /home/vgi/ainex_ws/install/ainex_interfaces/include/ainex_interfaces/ainex_interfaces/msg
[1.535s] -- Up-to-date: /home/vgi/ainex_ws/install/ainex_interfaces/include/ainex_interfaces/ainex_interfaces/msg/rosidl_typesupport_fastrtps_cpp__visibility_control.h
[1.535s] -- Up-to-date: /home/vgi/ainex_ws/install/ainex_interfaces/lib/libainex_interfaces__rosidl_typesupport_fastrtps_cpp.so
[1.536s] -- Up-to-date: /home/vgi/ainex_ws/install/ainex_interfaces/include/ainex_interfaces/ainex_interfaces
[1.536s] -- Up-to-date: /home/vgi/ainex_ws/install/ainex_interfaces/include/ainex_interfaces/ainex_interfaces/srv
[1.536s] -- Up-to-date: /home/vgi/ainex_ws/install/ainex_interfaces/include/ainex_interfaces/ainex_interfaces/srv/detail
[1.536s] -- Up-to-date: /home/vgi/ainex_ws/install/ainex_interfaces/include/ainex_interfaces/ainex_interfaces/srv/detail/move_hand__rosidl_typesupport_introspection_cpp.hpp
[1.536s] -- Up-to-date: /home/vgi/ainex_ws/install/ainex_interfaces/include/ainex_interfaces/ainex_interfaces/srv/detail/move_hand__type_support.cpp
[1.536s] -- Up-to-date: /home/vgi/ainex_ws/install/ainex_interfaces/include/ainex_interfaces/ainex_interfaces/srv/detail/run_gesture__type_support.cpp
[1.536s] -- Up-to-date: /home/vgi/ainex_ws/install/ainex_interfaces/include/ainex_interfaces/ainex_interfaces/srv/detail/run_gesture__rosidl_typesupport_introspection_cpp.hpp
[1.536s] -- Up-to-date: /home/vgi/ainex_ws/install/ainex_interfaces/include/ainex_interfaces/ainex_interfaces/action
[1.536s] -- Up-to-date: /home/vgi/ainex_ws/install/ainex_interfaces/include/ainex_interfaces/ainex_interfaces/action/detail
[1.540s] -- Up-to-date: /home/vgi/ainex_ws/install/ainex_interfaces/include/ainex_interfaces/ainex_interfaces/action/detail/execute_gesture__type_support.cpp
[1.541s] -- Up-to-date: /home/vgi/ainex_ws/install/ainex_interfaces/include/ainex_interfaces/ainex_interfaces/action/detail/execute_gesture__rosidl_typesupport_introspection_cpp.hpp
[1.541s] -- Up-to-date: /home/vgi/ainex_ws/install/ainex_interfaces/lib/libainex_interfaces__rosidl_typesupport_introspection_cpp.so
[1.541s] -- Up-to-date: /home/vgi/ainex_ws/install/ainex_interfaces/lib/libainex_interfaces__rosidl_typesupport_cpp.so
[1.541s] -- Up-to-date: /home/vgi/ainex_ws/install/ainex_interfaces/share/ainex_interfaces/environment/pythonpath.sh
[1.541s] -- Up-to-date: /home/vgi/ainex_ws/install/ainex_interfaces/share/ainex_interfaces/environment/pythonpath.dsv
[1.541s] -- Up-to-date: /home/vgi/ainex_ws/install/ainex_interfaces/lib/python3.12/site-packages/ainex_interfaces-0.0.0-py3.12.egg-info
[1.541s] -- Installing: /home/vgi/ainex_ws/install/ainex_interfaces/lib/python3.12/site-packages/ainex_interfaces-0.0.0-py3.12.egg-info/dependency_links.txt
[1.542s] -- Installing: /home/vgi/ainex_ws/install/ainex_interfaces/lib/python3.12/site-packages/ainex_interfaces-0.0.0-py3.12.egg-info/PKG-INFO
[1.542s] -- Installing: /home/vgi/ainex_ws/install/ainex_interfaces/lib/python3.12/site-packages/ainex_interfaces-0.0.0-py3.12.egg-info/top_level.txt
[1.542s] -- Installing: /home/vgi/ainex_ws/install/ainex_interfaces/lib/python3.12/site-packages/ainex_interfaces-0.0.0-py3.12.egg-info/SOURCES.txt
[1.542s] -- Up-to-date: /home/vgi/ainex_ws/install/ainex_interfaces/lib/python3.12/site-packages/ainex_interfaces
[1.542s] -- Up-to-date: /home/vgi/ainex_ws/install/ainex_interfaces/lib/python3.12/site-packages/ainex_interfaces/ainex_interfaces_s__rosidl_typesupport_introspection_c.so
[1.542s] -- Up-to-date: /home/vgi/ainex_ws/install/ainex_interfaces/lib/python3.12/site-packages/ainex_interfaces/ainex_interfaces_s__rosidl_typesupport_fastrtps_c.so
[1.542s] -- Up-to-date: /home/vgi/ainex_ws/install/ainex_interfaces/lib/python3.12/site-packages/ainex_interfaces/srv
[1.542s] -- Up-to-date: /home/vgi/ainex_ws/install/ainex_interfaces/lib/python3.12/site-packages/ainex_interfaces/srv/_move_hand.py
[1.543s] -- Up-to-date: /home/vgi/ainex_ws/install/ainex_interfaces/lib/python3.12/site-packages/ainex_interfaces/srv/_run_gesture_s.c
[1.543s] -- Up-to-date: /home/vgi/ainex_ws/install/ainex_interfaces/lib/python3.12/site-packages/ainex_interfaces/srv/__init__.py
[1.543s] -- Up-to-date: /home/vgi/ainex_ws/install/ainex_interfaces/lib/python3.12/site-packages/ainex_interfaces/srv/_run_gesture.py
[1.543s] -- Up-to-date: /home/vgi/ainex_ws/install/ainex_interfaces/lib/python3.12/site-packages/ainex_interfaces/srv/_move_hand_s.c
[1.543s] -- Up-to-date: /home/vgi/ainex_ws/install/ainex_interfaces/lib/python3.12/site-packages/ainex_interfaces/action
[1.543s] -- Up-to-date: /home/vgi/ainex_ws/install/ainex_interfaces/lib/python3.12/site-packages/ainex_interfaces/action/_execute_gesture.py
[1.543s] -- Up-to-date: /home/vgi/ainex_ws/install/ainex_interfaces/lib/python3.12/site-packages/ainex_interfaces/action/_execute_gesture_s.c
[1.543s] -- Up-to-date: /home/vgi/ainex_ws/install/ainex_interfaces/lib/python3.12/site-packages/ainex_interfaces/action/__init__.py
[1.543s] -- Up-to-date: /home/vgi/ainex_ws/install/ainex_interfaces/lib/python3.12/site-packages/ainex_interfaces/_ainex_interfaces_s.ep.rosidl_typesupport_introspection_c.c
[1.547s] -- Up-to-date: /home/vgi/ainex_ws/install/ainex_interfaces/lib/python3.12/site-packages/ainex_interfaces/__init__.py
[1.547s] -- Up-to-date: /home/vgi/ainex_ws/install/ainex_interfaces/lib/python3.12/site-packages/ainex_interfaces/_ainex_interfaces_s.ep.rosidl_typesupport_c.c
[1.547s] -- Up-to-date: /home/vgi/ainex_ws/install/ainex_interfaces/lib/python3.12/site-packages/ainex_interfaces/ainex_interfaces_s__rosidl_typesupport_c.so
[1.548s] -- Up-to-date: /home/vgi/ainex_ws/install/ainex_interfaces/lib/python3.12/site-packages/ainex_interfaces/_ainex_interfaces_s.ep.rosidl_typesupport_fastrtps_c.c
[1.584s] Listing '/home/vgi/ainex_ws/install/ainex_interfaces/lib/python3.12/site-packages/ainex_interfaces'...
[1.584s] Listing '/home/vgi/ainex_ws/install/ainex_interfaces/lib/python3.12/site-packages/ainex_interfaces/action'...
[1.584s] Listing '/home/vgi/ainex_ws/install/ainex_interfaces/lib/python3.12/site-packages/ainex_interfaces/srv'...
[1.600s] -- Up-to-date: /home/vgi/ainex_ws/install/ainex_interfaces/lib/python3.12/site-packages/ainex_interfaces/ainex_interfaces_s__rosidl_typesupport_fastrtps_c.so
[1.600s] -- Up-to-date: /home/vgi/ainex_ws/install/ainex_interfaces/lib/python3.12/site-packages/ainex_interfaces/ainex_interfaces_s__rosidl_typesupport_introspection_c.so
[1.601s] -- Up-to-date: /home/vgi/ainex_ws/install/ainex_interfaces/lib/python3.12/site-packages/ainex_interfaces/ainex_interfaces_s__rosidl_typesupport_c.so
[1.603s] -- Up-to-date: /home/vgi/ainex_ws/install/ainex_interfaces/lib/libainex_interfaces__rosidl_generator_py.so
[1.603s] -- Up-to-date: /home/vgi/ainex_ws/install/ainex_interfaces/share/ainex_interfaces/srv/MoveHand.idl
[1.603s] -- Up-to-date: /home/vgi/ainex_ws/install/ainex_interfaces/share/ainex_interfaces/srv/RunGesture.idl
[1.603s] -- Up-to-date: /home/vgi/ainex_ws/install/ainex_interfaces/share/ainex_interfaces/action/ExecuteGesture.idl
[1.603s] -- Up-to-date: /home/vgi/ainex_ws/install/ainex_interfaces/share/ainex_interfaces/srv/MoveHand.srv
[1.603s] -- Up-to-date: /home/vgi/ainex_ws/install/ainex_interfaces/share/ainex_interfaces/srv/RunGesture.srv
[1.603s] -- Up-to-date: /home/vgi/ainex_ws/install/ainex_interfaces/share/ainex_interfaces/action/ExecuteGesture.action
[1.603s] -- Up-to-date: /home/vgi/ainex_ws/install/ainex_interfaces/share/ament_index/resource_index/package_run_dependencies/ainex_interfaces
[1.604s] -- Up-to-date: /home/vgi/ainex_ws/install/ainex_interfaces/share/ament_index/resource_index/parent_prefix_path/ainex_interfaces
[1.604s] -- Up-to-date: /home/vgi/ainex_ws/install/ainex_interfaces/share/ainex_interfaces/environment/ament_prefix_path.sh
[1.604s] -- Up-to-date: /home/vgi/ainex_ws/install/ainex_interfaces/share/ainex_interfaces/environment/ament_prefix_path.dsv
[1.604s] -- Up-to-date: /home/vgi/ainex_ws/install/ainex_interfaces/share/ainex_interfaces/environment/path.sh
[1.604s] -- Up-to-date: /home/vgi/ainex_ws/install/ainex_interfaces/share/ainex_interfaces/environment/path.dsv
[1.604s] -- Up-to-date: /home/vgi/ainex_ws/install/ainex_interfaces/share/ainex_interfaces/local_setup.bash
[1.605s] -- Up-to-date: /home/vgi/ainex_ws/install/ainex_interfaces/share/ainex_interfaces/local_setup.sh
[1.605s] -- Up-to-date: /home/vgi/ainex_ws/install/ainex_interfaces/share/ainex_interfaces/local_setup.zsh
[1.605s] -- Up-to-date: /home/vgi/ainex_ws/install/ainex_interfaces/share/ainex_interfaces/local_setup.dsv
[1.606s] -- Installing: /home/vgi/ainex_ws/install/ainex_interfaces/share/ainex_interfaces/package.dsv
[1.606s] -- Up-to-date: /home/vgi/ainex_ws/install/ainex_interfaces/share/ament_index/resource_index/packages/ainex_interfaces
[1.607s] -- Up-to-date: /home/vgi/ainex_ws/install/ainex_interfaces/share/ainex_interfaces/cmake/export_ainex_interfaces__rosidl_generator_cExport.cmake
[1.607s] -- Up-to-date: /home/vgi/ainex_ws/install/ainex_interfaces/share/ainex_interfaces/cmake/export_ainex_interfaces__rosidl_generator_cExport-noconfig.cmake
[1.607s] -- Up-to-date: /home/vgi/ainex_ws/install/ainex_interfaces/share/ainex_interfaces/cmake/export_ainex_interfaces__rosidl_typesupport_fastrtps_cExport.cmake
[1.608s] -- Up-to-date: /home/vgi/ainex_ws/install/ainex_interfaces/share/ainex_interfaces/cmake/export_ainex_interfaces__rosidl_typesupport_fastrtps_cExport-noconfig.cmake
[1.608s] -- Up-to-date: /home/vgi/ainex_ws/install/ainex_interfaces/share/ainex_interfaces/cmake/ainex_interfaces__rosidl_typesupport_introspection_cExport.cmake
[1.609s] -- Up-to-date: /home/vgi/ainex_ws/install/ainex_interfaces/share/ainex_interfaces/cmake/ainex_interfaces__rosidl_typesupport_introspection_cExport-noconfig.cmake
[1.609s] -- Up-to-date: /home/vgi/ainex_ws/install/ainex_interfaces/share/ainex_interfaces/cmake/ainex_interfaces__rosidl_typesupport_cExport.cmake
[1.610s] -- Up-to-date: /home/vgi/ainex_ws/install/ainex_interfaces/share/ainex_interfaces/cmake/ainex_interfaces__rosidl_typesupport_cExport-noconfig.cmake
[1.610s] -- Up-to-date: /home/vgi/ainex_ws/install/ainex_interfaces/share/ainex_interfaces/cmake/export_ainex_interfaces__rosidl_generator_cppExport.cmake
[1.611s] -- Up-to-date: /home/vgi/ainex_ws/install/ainex_interfaces/share/ainex_interfaces/cmake/export_ainex_interfaces__rosidl_typesupport_fastrtps_cppExport.cmake
[1.611s] -- Up-to-date: /home/vgi/ainex_ws/install/ainex_interfaces/share/ainex_interfaces/cmake/export_ainex_interfaces__rosidl_typesupport_fastrtps_cppExport-noconfig.cmake
[1.611s] -- Up-to-date: /home/vgi/ainex_ws/install/ainex_interfaces/share/ainex_interfaces/cmake/ainex_interfaces__rosidl_typesupport_introspection_cppExport.cmake
[1.611s] -- Up-to-date: /home/vgi/ainex_ws/install/ainex_interfaces/share/ainex_interfaces/cmake/ainex_interfaces__rosidl_typesupport_introspection_cppExport-noconfig.cmake
[1.611s] -- Up-to-date: /home/vgi/ainex_ws/install/ainex_interfaces/share/ainex_interfaces/cmake/ainex_interfaces__rosidl_typesupport_cppExport.cmake
[1.612s] -- Up-to-date: /home/vgi/ainex_ws/install/ainex_interfaces/share/ainex_interfaces/cmake/ainex_interfaces__rosidl_typesupport_cppExport-noconfig.cmake
[1.612s] -- Up-to-date: /home/vgi/ainex_ws/install/ainex_interfaces/share/ainex_interfaces/cmake/export_ainex_interfaces__rosidl_generator_pyExport.cmake
[1.613s] -- Up-to-date: /home/vgi/ainex_ws/install/ainex_interfaces/share/ainex_interfaces/cmake/export_ainex_interfaces__rosidl_generator_pyExport-noconfig.cmake
[1.613s] -- Up-to-date: /home/vgi/ainex_ws/install/ainex_interfaces/share/ainex_interfaces/cmake/rosidl_cmake-extras.cmake
[1.613s] -- Up-to-date: /home/vgi/ainex_ws/install/ainex_interfaces/share/ainex_interfaces/cmake/ament_cmake_export_dependencies-extras.cmake
[1.613s] -- Up-to-date: /home/vgi/ainex_ws/install/ainex_interfaces/share/ainex_interfaces/cmake/ament_cmake_export_include_directories-extras.cmake
[1.614s] -- Up-to-date: /home/vgi/ainex_ws/install/ainex_interfaces/share/ainex_interfaces/cmake/ament_cmake_export_libraries-extras.cmake
[1.614s] -- Up-to-date: /home/vgi/ainex_ws/install/ainex_interfaces/share/ainex_interfaces/cmake/ament_cmake_export_targets-extras.cmake
[1.614s] -- Up-to-date: /home/vgi/ainex_ws/install/ainex_interfaces/share/ainex_interfaces/cmake/rosidl_cmake_export_typesupport_targets-extras.cmake
[1.615s] -- Up-to-date: /home/vgi/ainex_ws/install/ainex_interfaces/share/ainex_interfaces/cmake/rosidl_cmake_export_typesupport_libraries-extras.cmake
[1.617s] -- Up-to-date: /home/vgi/ainex_ws/install/ainex_interfaces/share/ainex_interfaces/cmake/ainex_interfacesConfig.cmake
[1.617s] -- Up-to-date: /home/vgi/ainex_ws/install/ainex_interfaces/share/ainex_interfaces/cmake/ainex_interfacesConfig-version.cmake
[1.617s] -- Up-to-date: /home/vgi/ainex_ws/install/ainex_interfaces/share/ainex_interfaces/package.xml
[1.630s] Invoked command in '/home/vgi/ainex_ws/build/ainex_interfaces' returned '0': CMAKE_PREFIX_PATH=${CMAKE_PREFIX_PATH}:/home/vgi/ainex_ws/install/ainex_arm:/home/vgi/robot_ws/install/robot_arm:/opt/ros/jazzy DEBUGINFOD_URLS=https://debuginfod.ubuntu.com /usr/bin/cmake --install /home/vgi/ainex_ws/build/ainex_interfaces
