[1.996s] Invoking command in '/home/vgi/ainex_ws/src/ainex_arm': DEBUGINFOD_URLS=https://debuginfod.ubuntu.com PYTHONPATH=/home/vgi/ainex_ws/build/ainex_arm/prefix_override:/usr/lib/python3/dist-packages/colcon_core/task/python/colcon_distutils_commands:/home/vgi/ainex_ws/install/ainex_arm/lib/python3.12/site-packages:${PYTHONPATH} /usr/bin/python3 -W ignore:setup.py install is deprecated -W ignore:easy_install command is deprecated setup.py egg_info --egg-base ../../build/ainex_arm build --build-base /home/vgi/ainex_ws/build/ainex_arm/build install --record /home/vgi/ainex_ws/build/ainex_arm/install.log --single-version-externally-managed install_data
[2.433s] running egg_info
[2.464s] writing ../../build/ainex_arm/ainex_arm.egg-info/PKG-INFO
[2.465s] writing dependency_links to ../../build/ainex_arm/ainex_arm.egg-info/dependency_links.txt
[2.465s] writing entry points to ../../build/ainex_arm/ainex_arm.egg-info/entry_points.txt
[2.466s] writing requirements to ../../build/ainex_arm/ainex_arm.egg-info/requires.txt
[2.467s] writing top-level names to ../../build/ainex_arm/ainex_arm.egg-info/top_level.txt
[2.527s] reading manifest file '../../build/ainex_arm/ainex_arm.egg-info/SOURCES.txt'
[2.528s] writing manifest file '../../build/ainex_arm/ainex_arm.egg-info/SOURCES.txt'
[2.529s] running build
[2.529s] running build_py
[2.530s] creating /home/vgi/ainex_ws/build/ainex_arm/build/lib/ainex_arm/scservo_sdk
[2.530s] copying ainex_arm/scservo_sdk/scservo_def.py -> /home/vgi/ainex_ws/build/ainex_arm/build/lib/ainex_arm/scservo_sdk
[2.530s] copying ainex_arm/scservo_sdk/packet_handler.py -> /home/vgi/ainex_ws/build/ainex_arm/build/lib/ainex_arm/scservo_sdk
[2.530s] copying ainex_arm/scservo_sdk/group_sync_write.py -> /home/vgi/ainex_ws/build/ainex_arm/build/lib/ainex_arm/scservo_sdk
[2.530s] copying ainex_arm/scservo_sdk/group_sync_read.py -> /home/vgi/ainex_ws/build/ainex_arm/build/lib/ainex_arm/scservo_sdk
[2.531s] copying ainex_arm/scservo_sdk/__init__.py -> /home/vgi/ainex_ws/build/ainex_arm/build/lib/ainex_arm/scservo_sdk
[2.531s] copying ainex_arm/scservo_sdk/port_handler.py -> /home/vgi/ainex_ws/build/ainex_arm/build/lib/ainex_arm/scservo_sdk
[2.531s] copying ainex_arm/scservo_sdk/protocol_packet_handler.py -> /home/vgi/ainex_ws/build/ainex_arm/build/lib/ainex_arm/scservo_sdk
[2.531s] running install
[2.541s] running install_lib
[2.571s] creating /home/vgi/ainex_ws/install/ainex_arm/lib/python3.12/site-packages/ainex_arm/scservo_sdk
[2.574s] copying /home/vgi/ainex_ws/build/ainex_arm/build/lib/ainex_arm/scservo_sdk/scservo_def.py -> /home/vgi/ainex_ws/install/ainex_arm/lib/python3.12/site-packages/ainex_arm/scservo_sdk
[2.575s] copying /home/vgi/ainex_ws/build/ainex_arm/build/lib/ainex_arm/scservo_sdk/packet_handler.py -> /home/vgi/ainex_ws/install/ainex_arm/lib/python3.12/site-packages/ainex_arm/scservo_sdk
[2.575s] copying /home/vgi/ainex_ws/build/ainex_arm/build/lib/ainex_arm/scservo_sdk/group_sync_write.py -> /home/vgi/ainex_ws/install/ainex_arm/lib/python3.12/site-packages/ainex_arm/scservo_sdk
[2.575s] copying /home/vgi/ainex_ws/build/ainex_arm/build/lib/ainex_arm/scservo_sdk/group_sync_read.py -> /home/vgi/ainex_ws/install/ainex_arm/lib/python3.12/site-packages/ainex_arm/scservo_sdk
[2.575s] copying /home/vgi/ainex_ws/build/ainex_arm/build/lib/ainex_arm/scservo_sdk/__init__.py -> /home/vgi/ainex_ws/install/ainex_arm/lib/python3.12/site-packages/ainex_arm/scservo_sdk
[2.575s] copying /home/vgi/ainex_ws/build/ainex_arm/build/lib/ainex_arm/scservo_sdk/port_handler.py -> /home/vgi/ainex_ws/install/ainex_arm/lib/python3.12/site-packages/ainex_arm/scservo_sdk
[2.575s] copying /home/vgi/ainex_ws/build/ainex_arm/build/lib/ainex_arm/scservo_sdk/protocol_packet_handler.py -> /home/vgi/ainex_ws/install/ainex_arm/lib/python3.12/site-packages/ainex_arm/scservo_sdk
[2.575s] byte-compiling /home/vgi/ainex_ws/install/ainex_arm/lib/python3.12/site-packages/ainex_arm/scservo_sdk/scservo_def.py to scservo_def.cpython-312.pyc
[2.575s] byte-compiling /home/vgi/ainex_ws/install/ainex_arm/lib/python3.12/site-packages/ainex_arm/scservo_sdk/packet_handler.py to packet_handler.cpython-312.pyc
[2.576s] byte-compiling /home/vgi/ainex_ws/install/ainex_arm/lib/python3.12/site-packages/ainex_arm/scservo_sdk/group_sync_write.py to group_sync_write.cpython-312.pyc
[2.576s] byte-compiling /home/vgi/ainex_ws/install/ainex_arm/lib/python3.12/site-packages/ainex_arm/scservo_sdk/group_sync_read.py to group_sync_read.cpython-312.pyc
[2.578s] byte-compiling /home/vgi/ainex_ws/install/ainex_arm/lib/python3.12/site-packages/ainex_arm/scservo_sdk/__init__.py to __init__.cpython-312.pyc
[2.578s] byte-compiling /home/vgi/ainex_ws/install/ainex_arm/lib/python3.12/site-packages/ainex_arm/scservo_sdk/port_handler.py to port_handler.cpython-312.pyc
[2.580s] byte-compiling /home/vgi/ainex_ws/install/ainex_arm/lib/python3.12/site-packages/ainex_arm/scservo_sdk/protocol_packet_handler.py to protocol_packet_handler.cpython-312.pyc
[2.587s] running install_data
[2.587s] running install_egg_info
[2.622s] removing '/home/vgi/ainex_ws/install/ainex_arm/lib/python3.12/site-packages/ainex_arm-0.0.0-py3.12.egg-info' (and everything under it)
[2.624s] Copying ../../build/ainex_arm/ainex_arm.egg-info to /home/vgi/ainex_ws/install/ainex_arm/lib/python3.12/site-packages/ainex_arm-0.0.0-py3.12.egg-info
[2.624s] running install_scripts
[2.905s] Installing hand_node script to /home/vgi/ainex_ws/install/ainex_arm/lib/ainex_arm
[2.909s] Installing left_hand_salute script to /home/vgi/ainex_ws/install/ainex_arm/lib/ainex_arm
[2.909s] Installing left_hand_wave script to /home/vgi/ainex_ws/install/ainex_arm/lib/ainex_arm
[2.910s] Installing salute_node script to /home/vgi/ainex_ws/install/ainex_arm/lib/ainex_arm
[2.910s] Installing wave_node script to /home/vgi/ainex_ws/install/ainex_arm/lib/ainex_arm
[2.914s] writing list of installed files to '/home/vgi/ainex_ws/build/ainex_arm/install.log'
[3.064s] Invoked command in '/home/vgi/ainex_ws/src/ainex_arm' returned '0': DEBUGINFOD_URLS=https://debuginfod.ubuntu.com PYTHONPATH=/home/vgi/ainex_ws/build/ainex_arm/prefix_override:/usr/lib/python3/dist-packages/colcon_core/task/python/colcon_distutils_commands:/home/vgi/ainex_ws/install/ainex_arm/lib/python3.12/site-packages:${PYTHONPATH} /usr/bin/python3 -W ignore:setup.py install is deprecated -W ignore:easy_install command is deprecated setup.py egg_info --egg-base ../../build/ainex_arm build --build-base /home/vgi/ainex_ws/build/ainex_arm/build install --record /home/vgi/ainex_ws/build/ainex_arm/install.log --single-version-externally-managed install_data
