[1.329s] Invoking command in '/home/vgi/ainex_ws/src/ainex_arm': DEBUGINFOD_URLS=https://debuginfod.ubuntu.com PYTHONPATH=/home/vgi/ainex_ws/build/ainex_arm/prefix_override:/usr/lib/python3/dist-packages/colcon_core/task/python/colcon_distutils_commands:/home/vgi/ainex_ws/install/ainex_arm/lib/python3.12/site-packages:${PYTHONPATH} /usr/bin/python3 -W ignore:setup.py install is deprecated -W ignore:easy_install command is deprecated setup.py egg_info --egg-base ../../build/ainex_arm build --build-base /home/vgi/ainex_ws/build/ainex_arm/build install --record /home/vgi/ainex_ws/build/ainex_arm/install.log --single-version-externally-managed install_data
[1.714s] running egg_info
[1.742s] writing ../../build/ainex_arm/ainex_arm.egg-info/PKG-INFO
[1.743s] writing dependency_links to ../../build/ainex_arm/ainex_arm.egg-info/dependency_links.txt
[1.744s] writing entry points to ../../build/ainex_arm/ainex_arm.egg-info/entry_points.txt
[1.744s] writing requirements to ../../build/ainex_arm/ainex_arm.egg-info/requires.txt
[1.745s] writing top-level names to ../../build/ainex_arm/ainex_arm.egg-info/top_level.txt
[1.804s] reading manifest file '../../build/ainex_arm/ainex_arm.egg-info/SOURCES.txt'
[1.807s] writing manifest file '../../build/ainex_arm/ainex_arm.egg-info/SOURCES.txt'
[1.808s] running build
[1.809s] running build_py
[1.811s] copying ainex_arm/left_hand_salute_node.py -> /home/vgi/ainex_ws/build/ainex_arm/build/lib/ainex_arm
[1.811s] copying ainex_arm/left_hand_wave_node.py -> /home/vgi/ainex_ws/build/ainex_arm/build/lib/ainex_arm
[1.812s] running install
[1.822s] running install_lib
[1.849s] copying /home/vgi/ainex_ws/build/ainex_arm/build/lib/ainex_arm/left_hand_salute_node.py -> /home/vgi/ainex_ws/install/ainex_arm/lib/python3.12/site-packages/ainex_arm
[1.849s] copying /home/vgi/ainex_ws/build/ainex_arm/build/lib/ainex_arm/left_hand_wave_node.py -> /home/vgi/ainex_ws/install/ainex_arm/lib/python3.12/site-packages/ainex_arm
[1.850s] byte-compiling /home/vgi/ainex_ws/install/ainex_arm/lib/python3.12/site-packages/ainex_arm/left_hand_salute_node.py to left_hand_salute_node.cpython-312.pyc
[1.851s] byte-compiling /home/vgi/ainex_ws/install/ainex_arm/lib/python3.12/site-packages/ainex_arm/left_hand_wave_node.py to left_hand_wave_node.cpython-312.pyc
[1.853s] running install_data
[1.853s] running install_egg_info
[1.882s] removing '/home/vgi/ainex_ws/install/ainex_arm/lib/python3.12/site-packages/ainex_arm-0.0.0-py3.12.egg-info' (and everything under it)
[1.883s] Copying ../../build/ainex_arm/ainex_arm.egg-info to /home/vgi/ainex_ws/install/ainex_arm/lib/python3.12/site-packages/ainex_arm-0.0.0-py3.12.egg-info
[1.884s] running install_scripts
[2.089s] Installing hand_node script to /home/vgi/ainex_ws/install/ainex_arm/lib/ainex_arm
[2.089s] Installing left_hand_salute script to /home/vgi/ainex_ws/install/ainex_arm/lib/ainex_arm
[2.091s] Installing left_hand_wave script to /home/vgi/ainex_ws/install/ainex_arm/lib/ainex_arm
[2.092s] Installing salute_node script to /home/vgi/ainex_ws/install/ainex_arm/lib/ainex_arm
[2.093s] Installing wave_node script to /home/vgi/ainex_ws/install/ainex_arm/lib/ainex_arm
[2.094s] writing list of installed files to '/home/vgi/ainex_ws/build/ainex_arm/install.log'
[2.186s] Invoked command in '/home/vgi/ainex_ws/src/ainex_arm' returned '0': DEBUGINFOD_URLS=https://debuginfod.ubuntu.com PYTHONPATH=/home/vgi/ainex_ws/build/ainex_arm/prefix_override:/usr/lib/python3/dist-packages/colcon_core/task/python/colcon_distutils_commands:/home/vgi/ainex_ws/install/ainex_arm/lib/python3.12/site-packages:${PYTHONPATH} /usr/bin/python3 -W ignore:setup.py install is deprecated -W ignore:easy_install command is deprecated setup.py egg_info --egg-base ../../build/ainex_arm build --build-base /home/vgi/ainex_ws/build/ainex_arm/build install --record /home/vgi/ainex_ws/build/ainex_arm/install.log --single-version-externally-managed install_data
