[6.980s] Invoking command in '/home/vgi/ainex_ws/src/ainex_arm': DEBUGINFOD_URLS=https://debuginfod.ubuntu.com PYTHONPATH=/home/vgi/ainex_ws/build/ainex_arm/prefix_override:/usr/lib/python3/dist-packages/colcon_core/task/python/colcon_distutils_commands:/home/vgi/ainex_ws/install/ainex_arm/lib/python3.12/site-packages:${PYTHONPATH} /usr/bin/python3 -W ignore:setup.py install is deprecated -W ignore:easy_install command is deprecated setup.py egg_info --egg-base ../../build/ainex_arm build --build-base /home/vgi/ainex_ws/build/ainex_arm/build install --record /home/vgi/ainex_ws/build/ainex_arm/install.log --single-version-externally-managed install_data
[7.541s] running egg_info
[7.559s] creating ../../build/ainex_arm/ainex_arm.egg-info
[7.590s] writing ../../build/ainex_arm/ainex_arm.egg-info/PKG-INFO
[7.590s] writing dependency_links to ../../build/ainex_arm/ainex_arm.egg-info/dependency_links.txt
[7.590s] writing entry points to ../../build/ainex_arm/ainex_arm.egg-info/entry_points.txt
[7.590s] writing requirements to ../../build/ainex_arm/ainex_arm.egg-info/requires.txt
[7.591s] writing top-level names to ../../build/ainex_arm/ainex_arm.egg-info/top_level.txt
[7.591s] writing manifest file '../../build/ainex_arm/ainex_arm.egg-info/SOURCES.txt'
[7.651s] reading manifest file '../../build/ainex_arm/ainex_arm.egg-info/SOURCES.txt'
[7.651s] writing manifest file '../../build/ainex_arm/ainex_arm.egg-info/SOURCES.txt'
[7.652s] running build
[7.652s] running build_py
[7.652s] creating /home/vgi/ainex_ws/build/ainex_arm/build
[7.652s] creating /home/vgi/ainex_ws/build/ainex_arm/build/lib
[7.652s] creating /home/vgi/ainex_ws/build/ainex_arm/build/lib/ainex_arm
[7.652s] copying ainex_arm/salute_node.py -> /home/vgi/ainex_ws/build/ainex_arm/build/lib/ainex_arm
[7.653s] copying ainex_arm/wave_node.py -> /home/vgi/ainex_ws/build/ainex_arm/build/lib/ainex_arm
[7.653s] copying ainex_arm/__init__.py -> /home/vgi/ainex_ws/build/ainex_arm/build/lib/ainex_arm
[7.653s] copying ainex_arm/hand_node.py -> /home/vgi/ainex_ws/build/ainex_arm/build/lib/ainex_arm
[7.653s] running install
[7.664s] running install_lib
[7.696s] creating /home/vgi/ainex_ws/install/ainex_arm/lib/python3.12/site-packages/ainex_arm
[7.696s] copying /home/vgi/ainex_ws/build/ainex_arm/build/lib/ainex_arm/salute_node.py -> /home/vgi/ainex_ws/install/ainex_arm/lib/python3.12/site-packages/ainex_arm
[7.696s] copying /home/vgi/ainex_ws/build/ainex_arm/build/lib/ainex_arm/wave_node.py -> /home/vgi/ainex_ws/install/ainex_arm/lib/python3.12/site-packages/ainex_arm
[7.696s] copying /home/vgi/ainex_ws/build/ainex_arm/build/lib/ainex_arm/__init__.py -> /home/vgi/ainex_ws/install/ainex_arm/lib/python3.12/site-packages/ainex_arm
[7.696s] copying /home/vgi/ainex_ws/build/ainex_arm/build/lib/ainex_arm/hand_node.py -> /home/vgi/ainex_ws/install/ainex_arm/lib/python3.12/site-packages/ainex_arm
[7.697s] byte-compiling /home/vgi/ainex_ws/install/ainex_arm/lib/python3.12/site-packages/ainex_arm/salute_node.py to salute_node.cpython-312.pyc
[7.697s] byte-compiling /home/vgi/ainex_ws/install/ainex_arm/lib/python3.12/site-packages/ainex_arm/wave_node.py to wave_node.cpython-312.pyc
[7.697s] byte-compiling /home/vgi/ainex_ws/install/ainex_arm/lib/python3.12/site-packages/ainex_arm/__init__.py to __init__.cpython-312.pyc
[7.697s] byte-compiling /home/vgi/ainex_ws/install/ainex_arm/lib/python3.12/site-packages/ainex_arm/hand_node.py to hand_node.cpython-312.pyc
[7.699s] running install_data
[7.699s] creating /home/vgi/ainex_ws/install/ainex_arm/share/ament_index
[7.700s] creating /home/vgi/ainex_ws/install/ainex_arm/share/ament_index/resource_index
[7.700s] creating /home/vgi/ainex_ws/install/ainex_arm/share/ament_index/resource_index/packages
[7.700s] copying resource/ainex_arm -> /home/vgi/ainex_ws/install/ainex_arm/share/ament_index/resource_index/packages
[7.700s] copying package.xml -> /home/vgi/ainex_ws/install/ainex_arm/share/ainex_arm
[7.700s] running install_egg_info
[7.732s] Copying ../../build/ainex_arm/ainex_arm.egg-info to /home/vgi/ainex_ws/install/ainex_arm/lib/python3.12/site-packages/ainex_arm-0.0.0-py3.12.egg-info
[7.734s] running install_scripts
[7.949s] Installing hand_node script to /home/vgi/ainex_ws/install/ainex_arm/lib/ainex_arm
[7.950s] Installing wave_node script to /home/vgi/ainex_ws/install/ainex_arm/lib/ainex_arm
[7.951s] writing list of installed files to '/home/vgi/ainex_ws/build/ainex_arm/install.log'
[8.026s] Invoked command in '/home/vgi/ainex_ws/src/ainex_arm' returned '0': DEBUGINFOD_URLS=https://debuginfod.ubuntu.com PYTHONPATH=/home/vgi/ainex_ws/build/ainex_arm/prefix_override:/usr/lib/python3/dist-packages/colcon_core/task/python/colcon_distutils_commands:/home/vgi/ainex_ws/install/ainex_arm/lib/python3.12/site-packages:${PYTHONPATH} /usr/bin/python3 -W ignore:setup.py install is deprecated -W ignore:easy_install command is deprecated setup.py egg_info --egg-base ../../build/ainex_arm build --build-base /home/vgi/ainex_ws/build/ainex_arm/build install --record /home/vgi/ainex_ws/build/ainex_arm/install.log --single-version-externally-managed install_data
