[0.593s] DEBUG:colcon:Command line arguments: ['/usr/bin/colcon', 'list', '-p', '--base-paths', '/home/vgi/ainex_ws']
[0.593s] DEBUG:colcon:Parsed command line arguments: Namespace(log_base=None, log_level=None, verb_name='list', build_base='build', ignore_user_meta=False, metas=['./colcon.meta'], base_paths=['/home/vgi/ainex_ws'], packages_ignore=None, packages_ignore_regex=None, paths=None, packages_up_to=None, packages_up_to_regex=None, packages_above=None, packages_above_and_dependencies=None, packages_above_depth=None, packages_select_by_dep=None, packages_skip_by_dep=None, packages_skip_up_to=None, packages_select_build_failed=False, packages_skip_build_finished=False, packages_select_test_failures=False, packages_skip_test_passed=False, packages_select=None, packages_skip=None, packages_select_regex=None, packages_skip_regex=None, packages_start=None, packages_end=None, allow_overriding=[], topological_order=False, names_only=False, paths_only=True, topological_graph=False, topological_graph_dot=False, topological_graph_density=False, topological_graph_legend=False, topological_graph_dot_cluster=False, topological_graph_dot_include_skipped=False, mixin_files=None, mixin=None, verb_parser=<colcon_mixin.mixin.mixin_argument.MixinArgumentDecorator object at 0xffff9053d1c0>, verb_extension=<colcon_package_information.verb.list.ListVerb object at 0xffff9050fec0>, main=<bound method ListVerb.main of <colcon_package_information.verb.list.ListVerb object at 0xffff9050fec0>>, mixin_verb=('list',))
[0.804s] Level 1:colcon.colcon_core.package_discovery:discover_packages(colcon_meta) check parameters
[0.805s] Level 1:colcon.colcon_core.package_discovery:discover_packages(recursive) check parameters
[0.805s] Level 1:colcon.colcon_core.package_discovery:discover_packages(ignore) check parameters
[0.805s] Level 1:colcon.colcon_core.package_discovery:discover_packages(path) check parameters
[0.805s] Level 1:colcon.colcon_core.package_discovery:discover_packages(recursive) discover
[0.805s] INFO:colcon.colcon_core.package_discovery:Crawling recursively for packages in '/home/vgi/ainex_ws'
[0.806s] Level 1:colcon.colcon_core.package_identification:_identify(/home/vgi/ainex_ws) by extensions ['ignore', 'ignore_ament_install']
[0.806s] Level 1:colcon.colcon_core.package_identification:_identify(/home/vgi/ainex_ws) by extension 'ignore'
[0.806s] Level 1:colcon.colcon_core.package_identification:_identify(/home/vgi/ainex_ws) by extension 'ignore_ament_install'
[0.807s] Level 1:colcon.colcon_core.package_identification:_identify(/home/vgi/ainex_ws) by extensions ['colcon_pkg']
[0.807s] Level 1:colcon.colcon_core.package_identification:_identify(/home/vgi/ainex_ws) by extension 'colcon_pkg'
[0.807s] Level 1:colcon.colcon_core.package_identification:_identify(/home/vgi/ainex_ws) by extensions ['colcon_meta']
[0.807s] Level 1:colcon.colcon_core.package_identification:_identify(/home/vgi/ainex_ws) by extension 'colcon_meta'
[0.807s] Level 1:colcon.colcon_core.package_identification:_identify(/home/vgi/ainex_ws) by extensions ['ros']
[0.807s] Level 1:colcon.colcon_core.package_identification:_identify(/home/vgi/ainex_ws) by extension 'ros'
[0.892s] Level 1:colcon.colcon_core.package_identification:_identify(/home/vgi/ainex_ws) by extensions ['cmake', 'python']
[0.892s] Level 1:colcon.colcon_core.package_identification:_identify(/home/vgi/ainex_ws) by extension 'cmake'
[0.892s] Level 1:colcon.colcon_core.package_identification:_identify(/home/vgi/ainex_ws) by extension 'python'
[0.892s] Level 1:colcon.colcon_core.package_identification:_identify(/home/vgi/ainex_ws) by extensions ['python_setup_py']
[0.893s] Level 1:colcon.colcon_core.package_identification:_identify(/home/vgi/ainex_ws) by extension 'python_setup_py'
[0.893s] Level 1:colcon.colcon_core.package_identification:_identify(/home/vgi/ainex_ws/build) by extensions ['ignore', 'ignore_ament_install']
[0.893s] Level 1:colcon.colcon_core.package_identification:_identify(/home/vgi/ainex_ws/build) by extension 'ignore'
[0.894s] Level 1:colcon.colcon_core.package_identification:_identify(/home/vgi/ainex_ws/build) ignored
[0.894s] Level 1:colcon.colcon_core.package_identification:_identify(/home/vgi/ainex_ws/install) by extensions ['ignore', 'ignore_ament_install']
[0.895s] Level 1:colcon.colcon_core.package_identification:_identify(/home/vgi/ainex_ws/install) by extension 'ignore'
[0.895s] Level 1:colcon.colcon_core.package_identification:_identify(/home/vgi/ainex_ws/install) ignored
[0.895s] Level 1:colcon.colcon_core.package_identification:_identify(/home/vgi/ainex_ws/log) by extensions ['ignore', 'ignore_ament_install']
[0.896s] Level 1:colcon.colcon_core.package_identification:_identify(/home/vgi/ainex_ws/log) by extension 'ignore'
[0.896s] Level 1:colcon.colcon_core.package_identification:_identify(/home/vgi/ainex_ws/log) ignored
[0.896s] Level 1:colcon.colcon_core.package_identification:_identify(/home/vgi/ainex_ws/src) by extensions ['ignore', 'ignore_ament_install']
[0.897s] Level 1:colcon.colcon_core.package_identification:_identify(/home/vgi/ainex_ws/src) by extension 'ignore'
[0.897s] Level 1:colcon.colcon_core.package_identification:_identify(/home/vgi/ainex_ws/src) by extension 'ignore_ament_install'
[0.897s] Level 1:colcon.colcon_core.package_identification:_identify(/home/vgi/ainex_ws/src) by extensions ['colcon_pkg']
[0.897s] Level 1:colcon.colcon_core.package_identification:_identify(/home/vgi/ainex_ws/src) by extension 'colcon_pkg'
[0.897s] Level 1:colcon.colcon_core.package_identification:_identify(/home/vgi/ainex_ws/src) by extensions ['colcon_meta']
[0.898s] Level 1:colcon.colcon_core.package_identification:_identify(/home/vgi/ainex_ws/src) by extension 'colcon_meta'
[0.898s] Level 1:colcon.colcon_core.package_identification:_identify(/home/vgi/ainex_ws/src) by extensions ['ros']
[0.898s] Level 1:colcon.colcon_core.package_identification:_identify(/home/vgi/ainex_ws/src) by extension 'ros'
[0.898s] Level 1:colcon.colcon_core.package_identification:_identify(/home/vgi/ainex_ws/src) by extensions ['cmake', 'python']
[0.898s] Level 1:colcon.colcon_core.package_identification:_identify(/home/vgi/ainex_ws/src) by extension 'cmake'
[0.898s] Level 1:colcon.colcon_core.package_identification:_identify(/home/vgi/ainex_ws/src) by extension 'python'
[0.899s] Level 1:colcon.colcon_core.package_identification:_identify(/home/vgi/ainex_ws/src) by extensions ['python_setup_py']
[0.899s] Level 1:colcon.colcon_core.package_identification:_identify(/home/vgi/ainex_ws/src) by extension 'python_setup_py'
[0.899s] Level 1:colcon.colcon_core.package_identification:_identify(/home/vgi/ainex_ws/src/ainex_arm) by extensions ['ignore', 'ignore_ament_install']
[0.899s] Level 1:colcon.colcon_core.package_identification:_identify(/home/vgi/ainex_ws/src/ainex_arm) by extension 'ignore'
[0.900s] Level 1:colcon.colcon_core.package_identification:_identify(/home/vgi/ainex_ws/src/ainex_arm) by extension 'ignore_ament_install'
[0.900s] Level 1:colcon.colcon_core.package_identification:_identify(/home/vgi/ainex_ws/src/ainex_arm) by extensions ['colcon_pkg']
[0.900s] Level 1:colcon.colcon_core.package_identification:_identify(/home/vgi/ainex_ws/src/ainex_arm) by extension 'colcon_pkg'
[0.900s] Level 1:colcon.colcon_core.package_identification:_identify(/home/vgi/ainex_ws/src/ainex_arm) by extensions ['colcon_meta']
[0.900s] Level 1:colcon.colcon_core.package_identification:_identify(/home/vgi/ainex_ws/src/ainex_arm) by extension 'colcon_meta'
[0.900s] Level 1:colcon.colcon_core.package_identification:_identify(/home/vgi/ainex_ws/src/ainex_arm) by extensions ['ros']
[0.900s] Level 1:colcon.colcon_core.package_identification:_identify(/home/vgi/ainex_ws/src/ainex_arm) by extension 'ros'
[0.908s] DEBUG:colcon.colcon_core.package_identification:Package '/home/vgi/ainex_ws/src/ainex_arm' with type 'ros.ament_python' and name 'ainex_arm'
[0.908s] Level 1:colcon.colcon_core.package_discovery:discover_packages(recursive) using defaults
