[0.149s] DEBUG:colcon:Command line arguments: ['/usr/bin/colcon', 'build']
[0.149s] DEBUG:colcon:Parsed command line arguments: Namespace(log_base=None, log_level=None, verb_name='build', build_base='build', install_base='install', merge_install=False, symlink_install=False, test_result_base=None, continue_on_error=False, executor='parallel', parallel_workers=4, event_handlers=None, ignore_user_meta=False, metas=['./colcon.meta'], base_paths=['.'], packages_ignore=None, packages_ignore_regex=None, paths=None, packages_up_to=None, packages_up_to_regex=None, packages_above=None, packages_above_and_dependencies=None, packages_above_depth=None, packages_select_by_dep=None, packages_skip_by_dep=None, packages_skip_up_to=None, packages_select_build_failed=False, packages_skip_build_finished=False, packages_select_test_failures=False, packages_skip_test_passed=False, packages_select=None, packages_skip=None, packages_select_regex=None, packages_skip_regex=None, packages_start=None, packages_end=None, allow_overriding=[], cmake_args=None, cmake_target=None, cmake_target_skip_unavailable=False, cmake_clean_cache=False, cmake_clean_first=False, cmake_force_configure=False, ament_cmake_args=None, catkin_cmake_args=None, catkin_skip_building_tests=False, mixin_files=None, mixin=None, verb_parser=<colcon_mixin.mixin.mixin_argument.MixinArgumentDecorator object at 0xffffa386c1a0>, verb_extension=<colcon_core.verb.build.BuildVerb object at 0xffffa3a28aa0>, main=<bound method BuildVerb.main of <colcon_core.verb.build.BuildVerb object at 0xffffa3a28aa0>>, mixin_verb=('build',))
[0.206s] Level 1:colcon.colcon_core.package_discovery:discover_packages(colcon_meta) check parameters
[0.206s] Level 1:colcon.colcon_core.package_discovery:discover_packages(recursive) check parameters
[0.206s] Level 1:colcon.colcon_core.package_discovery:discover_packages(ignore) check parameters
[0.206s] Level 1:colcon.colcon_core.package_discovery:discover_packages(path) check parameters
[0.206s] Level 1:colcon.colcon_core.package_discovery:discover_packages(colcon_meta) discover
[0.206s] Level 1:colcon.colcon_core.package_discovery:discover_packages(recursive) discover
[0.207s] INFO:colcon.colcon_core.package_discovery:Crawling recursively for packages in '/home/vgi/ainex_ws'
[0.207s] Level 1:colcon.colcon_core.package_identification:_identify(.) by extensions ['ignore', 'ignore_ament_install']
[0.207s] Level 1:colcon.colcon_core.package_identification:_identify(.) by extension 'ignore'
[0.207s] Level 1:colcon.colcon_core.package_identification:_identify(.) by extension 'ignore_ament_install'
[0.207s] Level 1:colcon.colcon_core.package_identification:_identify(.) by extensions ['colcon_pkg']
[0.207s] Level 1:colcon.colcon_core.package_identification:_identify(.) by extension 'colcon_pkg'
[0.207s] Level 1:colcon.colcon_core.package_identification:_identify(.) by extensions ['colcon_meta']
[0.207s] Level 1:colcon.colcon_core.package_identification:_identify(.) by extension 'colcon_meta'
[0.207s] Level 1:colcon.colcon_core.package_identification:_identify(.) by extensions ['ros']
[0.207s] Level 1:colcon.colcon_core.package_identification:_identify(.) by extension 'ros'
[0.246s] Level 1:colcon.colcon_core.package_identification:_identify(.) by extensions ['cmake', 'python']
[0.246s] Level 1:colcon.colcon_core.package_identification:_identify(.) by extension 'cmake'
[0.246s] Level 1:colcon.colcon_core.package_identification:_identify(.) by extension 'python'
[0.246s] Level 1:colcon.colcon_core.package_identification:_identify(.) by extensions ['python_setup_py']
[0.246s] Level 1:colcon.colcon_core.package_identification:_identify(.) by extension 'python_setup_py'
[0.247s] Level 1:colcon.colcon_core.package_identification:_identify(build) by extensions ['ignore', 'ignore_ament_install']
[0.247s] Level 1:colcon.colcon_core.package_identification:_identify(build) by extension 'ignore'
[0.247s] Level 1:colcon.colcon_core.package_identification:_identify(build) ignored
[0.247s] Level 1:colcon.colcon_core.package_identification:_identify(install) by extensions ['ignore', 'ignore_ament_install']
[0.247s] Level 1:colcon.colcon_core.package_identification:_identify(install) by extension 'ignore'
[0.247s] Level 1:colcon.colcon_core.package_identification:_identify(install) ignored
[0.247s] Level 1:colcon.colcon_core.package_identification:_identify(log) by extensions ['ignore', 'ignore_ament_install']
[0.247s] Level 1:colcon.colcon_core.package_identification:_identify(log) by extension 'ignore'
[0.247s] Level 1:colcon.colcon_core.package_identification:_identify(log) ignored
[0.247s] Level 1:colcon.colcon_core.package_identification:_identify(src) by extensions ['ignore', 'ignore_ament_install']
[0.248s] Level 1:colcon.colcon_core.package_identification:_identify(src) by extension 'ignore'
[0.248s] Level 1:colcon.colcon_core.package_identification:_identify(src) by extension 'ignore_ament_install'
[0.248s] Level 1:colcon.colcon_core.package_identification:_identify(src) by extensions ['colcon_pkg']
[0.248s] Level 1:colcon.colcon_core.package_identification:_identify(src) by extension 'colcon_pkg'
[0.248s] Level 1:colcon.colcon_core.package_identification:_identify(src) by extensions ['colcon_meta']
[0.248s] Level 1:colcon.colcon_core.package_identification:_identify(src) by extension 'colcon_meta'
[0.248s] Level 1:colcon.colcon_core.package_identification:_identify(src) by extensions ['ros']
[0.248s] Level 1:colcon.colcon_core.package_identification:_identify(src) by extension 'ros'
[0.248s] Level 1:colcon.colcon_core.package_identification:_identify(src) by extensions ['cmake', 'python']
[0.248s] Level 1:colcon.colcon_core.package_identification:_identify(src) by extension 'cmake'
[0.248s] Level 1:colcon.colcon_core.package_identification:_identify(src) by extension 'python'
[0.248s] Level 1:colcon.colcon_core.package_identification:_identify(src) by extensions ['python_setup_py']
[0.248s] Level 1:colcon.colcon_core.package_identification:_identify(src) by extension 'python_setup_py'
[0.248s] Level 1:colcon.colcon_core.package_identification:_identify(src/ainex_arm) by extensions ['ignore', 'ignore_ament_install']
[0.248s] Level 1:colcon.colcon_core.package_identification:_identify(src/ainex_arm) by extension 'ignore'
[0.248s] Level 1:colcon.colcon_core.package_identification:_identify(src/ainex_arm) by extension 'ignore_ament_install'
[0.248s] Level 1:colcon.colcon_core.package_identification:_identify(src/ainex_arm) by extensions ['colcon_pkg']
[0.248s] Level 1:colcon.colcon_core.package_identification:_identify(src/ainex_arm) by extension 'colcon_pkg'
[0.248s] Level 1:colcon.colcon_core.package_identification:_identify(src/ainex_arm) by extensions ['colcon_meta']
[0.249s] Level 1:colcon.colcon_core.package_identification:_identify(src/ainex_arm) by extension 'colcon_meta'
[0.249s] Level 1:colcon.colcon_core.package_identification:_identify(src/ainex_arm) by extensions ['ros']
[0.249s] Level 1:colcon.colcon_core.package_identification:_identify(src/ainex_arm) by extension 'ros'
[0.252s] DEBUG:colcon.colcon_core.package_identification:Package 'src/ainex_arm' with type 'ros.ament_python' and name 'ainex_arm'
[0.252s] Level 1:colcon.colcon_core.package_discovery:discover_packages(recursive) using defaults
[0.252s] Level 1:colcon.colcon_core.package_discovery:discover_packages(ignore) discover
[0.252s] Level 1:colcon.colcon_core.package_discovery:discover_packages(ignore) using defaults
[0.252s] Level 1:colcon.colcon_core.package_discovery:discover_packages(path) discover
[0.252s] Level 1:colcon.colcon_core.package_discovery:discover_packages(path) using defaults
[0.276s] Level 1:colcon.colcon_core.package_discovery:discover_packages(prefix_path) check parameters
[0.276s] Level 1:colcon.colcon_core.package_discovery:discover_packages(prefix_path) discover
[0.278s] DEBUG:colcon.colcon_installed_package_information.package_discovery:Found 1 installed packages in /home/vgi/robot_ws/install
[0.278s] DEBUG:colcon.colcon_installed_package_information.package_discovery:Found 0 installed packages in /home/vgi/ainex_ws/install
[0.280s] DEBUG:colcon.colcon_installed_package_information.package_discovery:Found 290 installed packages in /opt/ros/jazzy
[0.281s] Level 1:colcon.colcon_core.package_discovery:discover_packages(prefix_path) using defaults
[0.343s] Level 5:colcon.colcon_core.verb:set package 'ainex_arm' build argument 'cmake_args' from command line to 'None'
[0.356s] Level 5:colcon.colcon_core.verb:set package 'ainex_arm' build argument 'cmake_target' from command line to 'None'
[0.356s] Level 5:colcon.colcon_core.verb:set package 'ainex_arm' build argument 'cmake_target_skip_unavailable' from command line to 'False'
[0.356s] Level 5:colcon.colcon_core.verb:set package 'ainex_arm' build argument 'cmake_clean_cache' from command line to 'False'
[0.356s] Level 5:colcon.colcon_core.verb:set package 'ainex_arm' build argument 'cmake_clean_first' from command line to 'False'
[0.356s] Level 5:colcon.colcon_core.verb:set package 'ainex_arm' build argument 'cmake_force_configure' from command line to 'False'
[0.356s] Level 5:colcon.colcon_core.verb:set package 'ainex_arm' build argument 'ament_cmake_args' from command line to 'None'
[0.356s] Level 5:colcon.colcon_core.verb:set package 'ainex_arm' build argument 'catkin_cmake_args' from command line to 'None'
[0.356s] Level 5:colcon.colcon_core.verb:set package 'ainex_arm' build argument 'catkin_skip_building_tests' from command line to 'False'
[0.356s] DEBUG:colcon.colcon_core.verb:Building package 'ainex_arm' with the following arguments: {'ament_cmake_args': None, 'build_base': '/home/vgi/ainex_ws/build/ainex_arm', 'catkin_cmake_args': None, 'catkin_skip_building_tests': False, 'cmake_args': None, 'cmake_clean_cache': False, 'cmake_clean_first': False, 'cmake_force_configure': False, 'cmake_target': None, 'cmake_target_skip_unavailable': False, 'install_base': '/home/vgi/ainex_ws/install/ainex_arm', 'merge_install': False, 'path': '/home/vgi/ainex_ws/src/ainex_arm', 'symlink_install': False, 'test_result_base': None}
[0.357s] INFO:colcon.colcon_core.executor:Executing jobs using 'parallel' executor
[0.359s] DEBUG:colcon.colcon_parallel_executor.executor.parallel:run_until_complete
[0.360s] INFO:colcon.colcon_ros.task.ament_python.build:Building ROS package in '/home/vgi/ainex_ws/src/ainex_arm' with build type 'ament_python'
[0.361s] Level 1:colcon.colcon_core.shell:create_environment_hook('ainex_arm', 'ament_prefix_path')
[0.368s] INFO:colcon.colcon_core.plugin_system:Skipping extension 'colcon_core.shell.bat': Not used on non-Windows systems
[0.369s] INFO:colcon.colcon_core.shell:Creating environment hook '/home/vgi/ainex_ws/install/ainex_arm/share/ainex_arm/hook/ament_prefix_path.ps1'
[0.386s] INFO:colcon.colcon_core.shell:Creating environment descriptor '/home/vgi/ainex_ws/install/ainex_arm/share/ainex_arm/hook/ament_prefix_path.dsv'
[0.426s] INFO:colcon.colcon_core.shell:Creating environment hook '/home/vgi/ainex_ws/install/ainex_arm/share/ainex_arm/hook/ament_prefix_path.sh'
[0.441s] INFO:colcon.colcon_core.shell:Skip shell extension 'powershell' for command environment: Not usable outside of PowerShell
[0.441s] DEBUG:colcon.colcon_core.shell:Skip shell extension 'dsv' for command environment
[0.961s] INFO:colcon.colcon_core.task.python.build:Building Python package in '/home/vgi/ainex_ws/src/ainex_arm'
[0.961s] INFO:colcon.colcon_core.shell:Skip shell extension 'powershell' for command environment: Not usable outside of PowerShell
[0.961s] DEBUG:colcon.colcon_core.shell:Skip shell extension 'dsv' for command environment
[7.342s] DEBUG:colcon.colcon_core.event_handler.log_command:Invoking command in '/home/vgi/ainex_ws/src/ainex_arm': DEBUGINFOD_URLS=https://debuginfod.ubuntu.com PYTHONPATH=/home/vgi/ainex_ws/build/ainex_arm/prefix_override:/usr/lib/python3/dist-packages/colcon_core/task/python/colcon_distutils_commands:/home/vgi/ainex_ws/install/ainex_arm/lib/python3.12/site-packages:${PYTHONPATH} /usr/bin/python3 -W ignore:setup.py install is deprecated -W ignore:easy_install command is deprecated setup.py egg_info --egg-base ../../build/ainex_arm build --build-base /home/vgi/ainex_ws/build/ainex_arm/build install --record /home/vgi/ainex_ws/build/ainex_arm/install.log --single-version-externally-managed install_data
[8.388s] DEBUG:colcon.colcon_core.event_handler.log_command:Invoked command in '/home/vgi/ainex_ws/src/ainex_arm' returned '0': DEBUGINFOD_URLS=https://debuginfod.ubuntu.com PYTHONPATH=/home/vgi/ainex_ws/build/ainex_arm/prefix_override:/usr/lib/python3/dist-packages/colcon_core/task/python/colcon_distutils_commands:/home/vgi/ainex_ws/install/ainex_arm/lib/python3.12/site-packages:${PYTHONPATH} /usr/bin/python3 -W ignore:setup.py install is deprecated -W ignore:easy_install command is deprecated setup.py egg_info --egg-base ../../build/ainex_arm build --build-base /home/vgi/ainex_ws/build/ainex_arm/build install --record /home/vgi/ainex_ws/build/ainex_arm/install.log --single-version-externally-managed install_data
[8.394s] Level 1:colcon.colcon_core.environment:checking '/home/vgi/ainex_ws/install/ainex_arm' for CMake module files
[8.395s] Level 1:colcon.colcon_core.environment:checking '/home/vgi/ainex_ws/install/ainex_arm' for CMake config files
[8.396s] Level 1:colcon.colcon_core.environment:checking '/home/vgi/ainex_ws/install/ainex_arm/lib'
[8.397s] Level 1:colcon.colcon_core.environment:checking '/home/vgi/ainex_ws/install/ainex_arm/bin'
[8.397s] Level 1:colcon.colcon_core.environment:checking '/home/vgi/ainex_ws/install/ainex_arm/lib/pkgconfig/ainex_arm.pc'
[8.397s] Level 1:colcon.colcon_core.environment:checking '/home/vgi/ainex_ws/install/ainex_arm/lib/python3.12/site-packages'
[8.397s] Level 1:colcon.colcon_core.shell:create_environment_hook('ainex_arm', 'pythonpath')
[8.398s] INFO:colcon.colcon_core.shell:Creating environment hook '/home/vgi/ainex_ws/install/ainex_arm/share/ainex_arm/hook/pythonpath.ps1'
[8.399s] INFO:colcon.colcon_core.shell:Creating environment descriptor '/home/vgi/ainex_ws/install/ainex_arm/share/ainex_arm/hook/pythonpath.dsv'
[8.399s] INFO:colcon.colcon_core.shell:Creating environment hook '/home/vgi/ainex_ws/install/ainex_arm/share/ainex_arm/hook/pythonpath.sh'
[8.400s] Level 1:colcon.colcon_core.environment:checking '/home/vgi/ainex_ws/install/ainex_arm/bin'
[8.400s] Level 1:colcon.colcon_core.environment:create_environment_scripts_only(ainex_arm)
[8.401s] INFO:colcon.colcon_core.shell:Creating package script '/home/vgi/ainex_ws/install/ainex_arm/share/ainex_arm/package.ps1'
[8.403s] INFO:colcon.colcon_core.shell:Creating package descriptor '/home/vgi/ainex_ws/install/ainex_arm/share/ainex_arm/package.dsv'
[8.404s] INFO:colcon.colcon_core.shell:Creating package script '/home/vgi/ainex_ws/install/ainex_arm/share/ainex_arm/package.sh'
[8.406s] INFO:colcon.colcon_core.shell:Creating package script '/home/vgi/ainex_ws/install/ainex_arm/share/ainex_arm/package.bash'
[8.409s] INFO:colcon.colcon_core.shell:Creating package script '/home/vgi/ainex_ws/install/ainex_arm/share/ainex_arm/package.zsh'
[8.413s] Level 1:colcon.colcon_core.environment:create_file_with_runtime_dependencies(/home/vgi/ainex_ws/install/ainex_arm/share/colcon-core/packages/ainex_arm)
[8.413s] DEBUG:colcon.colcon_parallel_executor.executor.parallel:closing loop
[8.414s] DEBUG:colcon.colcon_parallel_executor.executor.parallel:loop closed
[8.415s] DEBUG:colcon.colcon_parallel_executor.executor.parallel:run_until_complete finished with '0'
[8.415s] DEBUG:colcon.colcon_core.event_reactor:joining thread
[8.423s] INFO:colcon.colcon_core.plugin_system:Skipping extension 'colcon_notification.desktop_notification.terminal_notifier': Not used on non-Darwin systems
[8.424s] INFO:colcon.colcon_core.plugin_system:Skipping extension 'colcon_notification.desktop_notification.win32': Not used on non-Windows systems
[8.424s] INFO:colcon.colcon_notification.desktop_notification:Sending desktop notification using 'notify2'
[8.453s] DEBUG:colcon.colcon_core.event_reactor:joined thread
[8.454s] INFO:colcon.colcon_core.shell:Creating prefix script '/home/vgi/ainex_ws/install/local_setup.ps1'
[8.456s] INFO:colcon.colcon_core.shell:Creating prefix util module '/home/vgi/ainex_ws/install/_local_setup_util_ps1.py'
[8.458s] INFO:colcon.colcon_core.shell:Creating prefix chain script '/home/vgi/ainex_ws/install/setup.ps1'
[8.460s] INFO:colcon.colcon_core.shell:Creating prefix script '/home/vgi/ainex_ws/install/local_setup.sh'
[8.462s] INFO:colcon.colcon_core.shell:Creating prefix util module '/home/vgi/ainex_ws/install/_local_setup_util_sh.py'
[8.464s] INFO:colcon.colcon_core.shell:Creating prefix chain script '/home/vgi/ainex_ws/install/setup.sh'
[8.467s] INFO:colcon.colcon_core.shell:Creating prefix script '/home/vgi/ainex_ws/install/local_setup.bash'
[8.468s] INFO:colcon.colcon_core.shell:Creating prefix chain script '/home/vgi/ainex_ws/install/setup.bash'
[8.470s] INFO:colcon.colcon_core.shell:Creating prefix script '/home/vgi/ainex_ws/install/local_setup.zsh'
[8.471s] INFO:colcon.colcon_core.shell:Creating prefix chain script '/home/vgi/ainex_ws/install/setup.zsh'
