[1.388s] Invoking command in '/home/vgi/ainex_ws/src/ainex_arm': DEBUGINFOD_URLS=https://debuginfod.ubuntu.com PYTHONPATH=/home/vgi/ainex_ws/build/ainex_arm/prefix_override:/usr/lib/python3/dist-packages/colcon_core/task/python/colcon_distutils_commands:/home/vgi/ainex_ws/install/ainex_arm/lib/python3.12/site-packages:${PYTHONPATH} /usr/bin/python3 -W ignore:setup.py install is deprecated -W ignore:easy_install command is deprecated setup.py egg_info --egg-base ../../build/ainex_arm build --build-base /home/vgi/ainex_ws/build/ainex_arm/build install --record /home/vgi/ainex_ws/build/ainex_arm/install.log --single-version-externally-managed install_data
[1.773s] running egg_info
[1.774s] creating ../../build/ainex_arm/ainex_arm.egg-info
[1.800s] writing ../../build/ainex_arm/ainex_arm.egg-info/PKG-INFO
[1.800s] writing dependency_links to ../../build/ainex_arm/ainex_arm.egg-info/dependency_links.txt
[1.800s] writing entry points to ../../build/ainex_arm/ainex_arm.egg-info/entry_points.txt
[1.800s] writing requirements to ../../build/ainex_arm/ainex_arm.egg-info/requires.txt
[1.800s] writing top-level names to ../../build/ainex_arm/ainex_arm.egg-info/top_level.txt
[1.801s] writing manifest file '../../build/ainex_arm/ainex_arm.egg-info/SOURCES.txt'
[1.857s] reading manifest file '../../build/ainex_arm/ainex_arm.egg-info/SOURCES.txt'
[1.858s] writing manifest file '../../build/ainex_arm/ainex_arm.egg-info/SOURCES.txt'
[1.858s] running build
[1.858s] running build_py
[1.859s] creating /home/vgi/ainex_ws/build/ainex_arm/build
[1.859s] creating /home/vgi/ainex_ws/build/ainex_arm/build/lib
[1.859s] creating /home/vgi/ainex_ws/build/ainex_arm/build/lib/ainex_arm
[1.859s] copying ainex_arm/__init__.py -> /home/vgi/ainex_ws/build/ainex_arm/build/lib/ainex_arm
[1.859s] copying ainex_arm/hand_node.py -> /home/vgi/ainex_ws/build/ainex_arm/build/lib/ainex_arm
[1.859s] running install
[1.869s] running install_lib
[1.896s] creating /home/vgi/ainex_ws/install/ainex_arm/lib/python3.12/site-packages/ainex_arm
[1.896s] copying /home/vgi/ainex_ws/build/ainex_arm/build/lib/ainex_arm/__init__.py -> /home/vgi/ainex_ws/install/ainex_arm/lib/python3.12/site-packages/ainex_arm
[1.896s] copying /home/vgi/ainex_ws/build/ainex_arm/build/lib/ainex_arm/hand_node.py -> /home/vgi/ainex_ws/install/ainex_arm/lib/python3.12/site-packages/ainex_arm
[1.897s] byte-compiling /home/vgi/ainex_ws/install/ainex_arm/lib/python3.12/site-packages/ainex_arm/__init__.py to __init__.cpython-312.pyc
[1.898s] byte-compiling /home/vgi/ainex_ws/install/ainex_arm/lib/python3.12/site-packages/ainex_arm/hand_node.py to hand_node.cpython-312.pyc
[1.904s] running install_data
[1.904s] creating /home/vgi/ainex_ws/install/ainex_arm/share/ament_index
[1.904s] creating /home/vgi/ainex_ws/install/ainex_arm/share/ament_index/resource_index
[1.904s] creating /home/vgi/ainex_ws/install/ainex_arm/share/ament_index/resource_index/packages
[1.904s] copying resource/ainex_arm -> /home/vgi/ainex_ws/install/ainex_arm/share/ament_index/resource_index/packages
[1.904s] copying package.xml -> /home/vgi/ainex_ws/install/ainex_arm/share/ainex_arm
[1.904s] running install_egg_info
[1.936s] Copying ../../build/ainex_arm/ainex_arm.egg-info to /home/vgi/ainex_ws/install/ainex_arm/lib/python3.12/site-packages/ainex_arm-0.0.0-py3.12.egg-info
[1.938s] running install_scripts
[2.136s] Installing hand_node script to /home/vgi/ainex_ws/install/ainex_arm/lib/ainex_arm
[2.136s] Installing left_hand_salute script to /home/vgi/ainex_ws/install/ainex_arm/lib/ainex_arm
[2.136s] Installing left_hand_wave script to /home/vgi/ainex_ws/install/ainex_arm/lib/ainex_arm
[2.137s] Installing salute_node script to /home/vgi/ainex_ws/install/ainex_arm/lib/ainex_arm
[2.137s] Installing wave_node script to /home/vgi/ainex_ws/install/ainex_arm/lib/ainex_arm
[2.137s] writing list of installed files to '/home/vgi/ainex_ws/build/ainex_arm/install.log'
[2.220s] Invoked command in '/home/vgi/ainex_ws/src/ainex_arm' returned '0': DEBUGINFOD_URLS=https://debuginfod.ubuntu.com PYTHONPATH=/home/vgi/ainex_ws/build/ainex_arm/prefix_override:/usr/lib/python3/dist-packages/colcon_core/task/python/colcon_distutils_commands:/home/vgi/ainex_ws/install/ainex_arm/lib/python3.12/site-packages:${PYTHONPATH} /usr/bin/python3 -W ignore:setup.py install is deprecated -W ignore:easy_install command is deprecated setup.py egg_info --egg-base ../../build/ainex_arm build --build-base /home/vgi/ainex_ws/build/ainex_arm/build install --record /home/vgi/ainex_ws/build/ainex_arm/install.log --single-version-externally-managed install_data
