[1.281s] Invoking command in '/home/vgi/ainex_ws/src/ainex_arm': DEBUGINFOD_URLS=https://debuginfod.ubuntu.com PYTHONPATH=/home/vgi/ainex_ws/build/ainex_arm/prefix_override:/usr/lib/python3/dist-packages/colcon_core/task/python/colcon_distutils_commands:/home/vgi/ainex_ws/install/ainex_arm/lib/python3.12/site-packages:${PYTHONPATH} /usr/bin/python3 -W ignore:setup.py install is deprecated -W ignore:easy_install command is deprecated setup.py egg_info --egg-base ../../build/ainex_arm build --build-base /home/vgi/ainex_ws/build/ainex_arm/build install --record /home/vgi/ainex_ws/build/ainex_arm/install.log --single-version-externally-managed install_data
[1.649s] running egg_info
[1.674s] writing ../../build/ainex_arm/ainex_arm.egg-info/PKG-INFO
[1.674s] writing dependency_links to ../../build/ainex_arm/ainex_arm.egg-info/dependency_links.txt
[1.675s] writing entry points to ../../build/ainex_arm/ainex_arm.egg-info/entry_points.txt
[1.676s] writing requirements to ../../build/ainex_arm/ainex_arm.egg-info/requires.txt
[1.676s] writing top-level names to ../../build/ainex_arm/ainex_arm.egg-info/top_level.txt
[1.731s] reading manifest file '../../build/ainex_arm/ainex_arm.egg-info/SOURCES.txt'
[1.732s] writing manifest file '../../build/ainex_arm/ainex_arm.egg-info/SOURCES.txt'
[1.732s] running build
[1.732s] running build_py
[1.733s] running install
[1.742s] running install_lib
[1.768s] running install_data
[1.769s] running install_egg_info
[1.795s] removing '/home/vgi/ainex_ws/install/ainex_arm/lib/python3.12/site-packages/ainex_arm-0.0.0-py3.12.egg-info' (and everything under it)
[1.796s] Copying ../../build/ainex_arm/ainex_arm.egg-info to /home/vgi/ainex_ws/install/ainex_arm/lib/python3.12/site-packages/ainex_arm-0.0.0-py3.12.egg-info
[1.797s] running install_scripts
[1.985s] Installing hand_node script to /home/vgi/ainex_ws/install/ainex_arm/lib/ainex_arm
[1.985s] Installing wave_node script to /home/vgi/ainex_ws/install/ainex_arm/lib/ainex_arm
[1.986s] writing list of installed files to '/home/vgi/ainex_ws/build/ainex_arm/install.log'
[2.068s] Invoked command in '/home/vgi/ainex_ws/src/ainex_arm' returned '0': DEBUGINFOD_URLS=https://debuginfod.ubuntu.com PYTHONPATH=/home/vgi/ainex_ws/build/ainex_arm/prefix_override:/usr/lib/python3/dist-packages/colcon_core/task/python/colcon_distutils_commands:/home/vgi/ainex_ws/install/ainex_arm/lib/python3.12/site-packages:${PYTHONPATH} /usr/bin/python3 -W ignore:setup.py install is deprecated -W ignore:easy_install command is deprecated setup.py egg_info --egg-base ../../build/ainex_arm build --build-base /home/vgi/ainex_ws/build/ainex_arm/build install --record /home/vgi/ainex_ws/build/ainex_arm/install.log --single-version-externally-managed install_data
