[0.354s] Invoking command in '/home/vgi/ainex_ws/build/ainex_interfaces': CMAKE_PREFIX_PATH=${CMAKE_PREFIX_PATH}:/home/vgi/ainex_ws/install/ainex_arm:/home/vgi/robot_ws/install/robot_arm:/opt/ros/jazzy DEBUGINFOD_URLS=https://debuginfod.ubuntu.com /usr/bin/cmake --build /home/vgi/ainex_ws/build/ainex_interfaces -- -j4 -l4
[0.536s] [  1%] Built target ainex_interfaces__rosidl_generator_type_description
[0.541s] [  1%] Built target ament_cmake_python_copy_ainex_interfaces
[0.631s] [  3%] Built target ainex_interfaces__cpp
[0.646s] [ 24%] Built target ainex_interfaces__rosidl_generator_c
[0.775s] [ 33%] Built target ainex_interfaces__rosidl_typesupport_introspection_c
[0.778s] [ 42%] Built target ainex_interfaces__rosidl_typesupport_cpp
[0.793s] [ 51%] Built target ainex_interfaces__rosidl_typesupport_fastrtps_c
[0.870s] [ 61%] Built target ainex_interfaces__rosidl_typesupport_c
[0.893s] [ 70%] Built target ainex_interfaces__rosidl_typesupport_fastrtps_cpp
[0.905s] [ 79%] Built target ainex_interfaces__rosidl_typesupport_introspection_cpp
[0.967s] [ 79%] Built target ainex_interfaces
[1.037s] [ 81%] Built target ainex_interfaces__py
[1.102s] [ 88%] Built target ainex_interfaces__rosidl_generator_py
[1.163s] running egg_info
[1.207s] [ 92%] Built target ainex_interfaces_s__rosidl_typesupport_c
[1.216s] [ 96%] Built target ainex_interfaces_s__rosidl_typesupport_introspection_c
[1.220s] [100%] Built target ainex_interfaces_s__rosidl_typesupport_fastrtps_c
[1.220s] writing ainex_interfaces.egg-info/PKG-INFO
[1.221s] writing dependency_links to ainex_interfaces.egg-info/dependency_links.txt
[1.221s] writing top-level names to ainex_interfaces.egg-info/top_level.txt
[1.315s] reading manifest file 'ainex_interfaces.egg-info/SOURCES.txt'
[1.316s] writing manifest file 'ainex_interfaces.egg-info/SOURCES.txt'
[1.413s] [100%] Built target ament_cmake_python_build_ainex_interfaces_egg
[1.439s] Invoked command in '/home/vgi/ainex_ws/build/ainex_interfaces' returned '0': CMAKE_PREFIX_PATH=${CMAKE_PREFIX_PATH}:/home/vgi/ainex_ws/install/ainex_arm:/home/vgi/robot_ws/install/robot_arm:/opt/ros/jazzy DEBUGINFOD_URLS=https://debuginfod.ubuntu.com /usr/bin/cmake --build /home/vgi/ainex_ws/build/ainex_interfaces -- -j4 -l4
[1.462s] Invoking command in '/home/vgi/ainex_ws/build/ainex_interfaces': CMAKE_PREFIX_PATH=${CMAKE_PREFIX_PATH}:/home/vgi/ainex_ws/install/ainex_arm:/home/vgi/robot_ws/install/robot_arm:/opt/ros/jazzy DEBUGINFOD_URLS=https://debuginfod.ubuntu.com /usr/bin/cmake --install /home/vgi/ainex_ws/build/ainex_interfaces
[1.478s] -- Install configuration: ""
[1.479s] -- Up-to-date: /home/vgi/ainex_ws/install/ainex_interfaces/share/ament_index/resource_index/rosidl_interfaces/ainex_interfaces
[1.479s] -- Up-to-date: /home/vgi/ainex_ws/install/ainex_interfaces/share/ainex_interfaces/srv/MoveHand.json
[1.480s] -- Up-to-date: /home/vgi/ainex_ws/install/ainex_interfaces/share/ainex_interfaces/srv/RunGesture.json
[1.481s] -- Up-to-date: /home/vgi/ainex_ws/install/ainex_interfaces/share/ainex_interfaces/action/ExecuteGesture.json
[1.481s] -- Up-to-date: /home/vgi/ainex_ws/install/ainex_interfaces/include/ainex_interfaces/ainex_interfaces
[1.482s] -- Up-to-date: /home/vgi/ainex_ws/install/ainex_interfaces/include/ainex_interfaces/ainex_interfaces/srv
[1.482s] -- Up-to-date: /home/vgi/ainex_ws/install/ainex_interfaces/include/ainex_interfaces/ainex_interfaces/srv/detail
[1.483s] -- Up-to-date: /home/vgi/ainex_ws/install/ainex_interfaces/include/ainex_interfaces/ainex_interfaces/srv/detail/run_gesture__functions.h
[1.483s] -- Up-to-date: /home/vgi/ainex_ws/install/ainex_interfaces/include/ainex_interfaces/ainex_interfaces/srv/detail/move_hand__description.c
[1.484s] -- Installing: /home/vgi/ainex_ws/install/ainex_interfaces/include/ainex_interfaces/ainex_interfaces/srv/detail/run_gesture__type_support.c
[1.484s] -- Up-to-date: /home/vgi/ainex_ws/install/ainex_interfaces/include/ainex_interfaces/ainex_interfaces/srv/detail/move_hand__struct.h
[1.484s] -- Up-to-date: /home/vgi/ainex_ws/install/ainex_interfaces/include/ainex_interfaces/ainex_interfaces/srv/detail/run_gesture__type_support.h
[1.485s] -- Up-to-date: /home/vgi/ainex_ws/install/ainex_interfaces/include/ainex_interfaces/ainex_interfaces/srv/detail/run_gesture__description.c
[1.485s] -- Up-to-date: /home/vgi/ainex_ws/install/ainex_interfaces/include/ainex_interfaces/ainex_interfaces/srv/detail/move_hand__type_support.h
[1.486s] -- Up-to-date: /home/vgi/ainex_ws/install/ainex_interfaces/include/ainex_interfaces/ainex_interfaces/srv/detail/run_gesture__struct.h
[1.487s] -- Installing: /home/vgi/ainex_ws/install/ainex_interfaces/include/ainex_interfaces/ainex_interfaces/srv/detail/move_hand__type_support.c
[1.487s] -- Up-to-date: /home/vgi/ainex_ws/install/ainex_interfaces/include/ainex_interfaces/ainex_interfaces/srv/detail/move_hand__functions.c
[1.488s] -- Up-to-date: /home/vgi/ainex_ws/install/ainex_interfaces/include/ainex_interfaces/ainex_interfaces/srv/detail/run_gesture__functions.c
[1.488s] -- Up-to-date: /home/vgi/ainex_ws/install/ainex_interfaces/include/ainex_interfaces/ainex_interfaces/srv/detail/move_hand__functions.h
[1.489s] -- Up-to-date: /home/vgi/ainex_ws/install/ainex_interfaces/include/ainex_interfaces/ainex_interfaces/srv/move_hand.h
[1.489s] -- Up-to-date: /home/vgi/ainex_ws/install/ainex_interfaces/include/ainex_interfaces/ainex_interfaces/srv/run_gesture.h
[1.490s] -- Up-to-date: /home/vgi/ainex_ws/install/ainex_interfaces/include/ainex_interfaces/ainex_interfaces/action
[1.491s] -- Up-to-date: /home/vgi/ainex_ws/install/ainex_interfaces/include/ainex_interfaces/ainex_interfaces/action/detail
[1.494s] -- Up-to-date: /home/vgi/ainex_ws/install/ainex_interfaces/include/ainex_interfaces/ainex_interfaces/action/detail/execute_gesture__struct.h
[1.494s] -- Up-to-date: /home/vgi/ainex_ws/install/ainex_interfaces/include/ainex_interfaces/ainex_interfaces/action/detail/execute_gesture__functions.h
[1.494s] -- Up-to-date: /home/vgi/ainex_ws/install/ainex_interfaces/include/ainex_interfaces/ainex_interfaces/action/detail/execute_gesture__functions.c
[1.494s] -- Installing: /home/vgi/ainex_ws/install/ainex_interfaces/include/ainex_interfaces/ainex_interfaces/action/detail/execute_gesture__type_support.c
[1.495s] -- Up-to-date: /home/vgi/ainex_ws/install/ainex_interfaces/include/ainex_interfaces/ainex_interfaces/action/detail/execute_gesture__type_support.h
[1.495s] -- Up-to-date: /home/vgi/ainex_ws/install/ainex_interfaces/include/ainex_interfaces/ainex_interfaces/action/detail/execute_gesture__description.c
[1.495s] -- Up-to-date: /home/vgi/ainex_ws/install/ainex_interfaces/include/ainex_interfaces/ainex_interfaces/action/execute_gesture.h
[1.495s] -- Up-to-date: /home/vgi/ainex_ws/install/ainex_interfaces/include/ainex_interfaces/ainex_interfaces/msg
[1.495s] -- Up-to-date: /home/vgi/ainex_ws/install/ainex_interfaces/include/ainex_interfaces/ainex_interfaces/msg/rosidl_generator_c__visibility_control.h
[1.495s] -- Up-to-date: /home/vgi/ainex_ws/install/ainex_interfaces/share/ainex_interfaces/environment/library_path.sh
[1.495s] -- Up-to-date: /home/vgi/ainex_ws/install/ainex_interfaces/share/ainex_interfaces/environment/library_path.dsv
[1.495s] -- Up-to-date: /home/vgi/ainex_ws/install/ainex_interfaces/lib/libainex_interfaces__rosidl_generator_c.so
[1.496s] -- Up-to-date: /home/vgi/ainex_ws/install/ainex_interfaces/include/ainex_interfaces/ainex_interfaces
[1.496s] -- Up-to-date: /home/vgi/ainex_ws/install/ainex_interfaces/include/ainex_interfaces/ainex_interfaces/srv
[1.496s] -- Up-to-date: /home/vgi/ainex_ws/install/ainex_interfaces/include/ainex_interfaces/ainex_interfaces/srv/detail
[1.496s] -- Up-to-date: /home/vgi/ainex_ws/install/ainex_interfaces/include/ainex_interfaces/ainex_interfaces/srv/detail/run_gesture__rosidl_typesupport_fastrtps_c.h
[1.496s] -- Up-to-date: /home/vgi/ainex_ws/install/ainex_interfaces/include/ainex_interfaces/ainex_interfaces/srv/detail/move_hand__rosidl_typesupport_fastrtps_c.h
[1.496s] -- Up-to-date: /home/vgi/ainex_ws/install/ainex_interfaces/include/ainex_interfaces/ainex_interfaces/action
[1.496s] -- Up-to-date: /home/vgi/ainex_ws/install/ainex_interfaces/include/ainex_interfaces/ainex_interfaces/action/detail
[1.496s] -- Up-to-date: /home/vgi/ainex_ws/install/ainex_interfaces/include/ainex_interfaces/ainex_interfaces/action/detail/execute_gesture__rosidl_typesupport_fastrtps_c.h
[1.497s] -- Up-to-date: /home/vgi/ainex_ws/install/ainex_interfaces/include/ainex_interfaces/ainex_interfaces/msg
[1.497s] -- Up-to-date: /home/vgi/ainex_ws/install/ainex_interfaces/include/ainex_interfaces/ainex_interfaces/msg/rosidl_typesupport_fastrtps_c__visibility_control.h
[1.497s] -- Up-to-date: /home/vgi/ainex_ws/install/ainex_interfaces/lib/libainex_interfaces__rosidl_typesupport_fastrtps_c.so
[1.498s] -- Up-to-date: /home/vgi/ainex_ws/install/ainex_interfaces/include/ainex_interfaces/ainex_interfaces
[1.500s] -- Up-to-date: /home/vgi/ainex_ws/install/ainex_interfaces/include/ainex_interfaces/ainex_interfaces/srv
[1.500s] -- Up-to-date: /home/vgi/ainex_ws/install/ainex_interfaces/include/ainex_interfaces/ainex_interfaces/srv/detail
[1.500s] -- Installing: /home/vgi/ainex_ws/install/ainex_interfaces/include/ainex_interfaces/ainex_interfaces/srv/detail/run_gesture__type_support.c
[1.501s] -- Installing: /home/vgi/ainex_ws/install/ainex_interfaces/include/ainex_interfaces/ainex_interfaces/srv/detail/move_hand__type_support.c
[1.501s] -- Up-to-date: /home/vgi/ainex_ws/install/ainex_interfaces/include/ainex_interfaces/ainex_interfaces/srv/detail/move_hand__rosidl_typesupport_introspection_c.h
[1.501s] -- Up-to-date: /home/vgi/ainex_ws/install/ainex_interfaces/include/ainex_interfaces/ainex_interfaces/srv/detail/run_gesture__rosidl_typesupport_introspection_c.h
[1.503s] -- Up-to-date: /home/vgi/ainex_ws/install/ainex_interfaces/include/ainex_interfaces/ainex_interfaces/action
[1.504s] -- Up-to-date: /home/vgi/ainex_ws/install/ainex_interfaces/include/ainex_interfaces/ainex_interfaces/action/detail
[1.505s] -- Installing: /home/vgi/ainex_ws/install/ainex_interfaces/include/ainex_interfaces/ainex_interfaces/action/detail/execute_gesture__type_support.c
[1.506s] -- Up-to-date: /home/vgi/ainex_ws/install/ainex_interfaces/include/ainex_interfaces/ainex_interfaces/action/detail/execute_gesture__rosidl_typesupport_introspection_c.h
[1.506s] -- Up-to-date: /home/vgi/ainex_ws/install/ainex_interfaces/include/ainex_interfaces/ainex_interfaces/msg
[1.506s] -- Up-to-date: /home/vgi/ainex_ws/install/ainex_interfaces/include/ainex_interfaces/ainex_interfaces/msg/rosidl_typesupport_introspection_c__visibility_control.h
[1.506s] -- Up-to-date: /home/vgi/ainex_ws/install/ainex_interfaces/lib/libainex_interfaces__rosidl_typesupport_introspection_c.so
[1.508s] -- Up-to-date: /home/vgi/ainex_ws/install/ainex_interfaces/lib/libainex_interfaces__rosidl_typesupport_c.so
[1.508s] -- Up-to-date: /home/vgi/ainex_ws/install/ainex_interfaces/include/ainex_interfaces/ainex_interfaces
[1.508s] -- Up-to-date: /home/vgi/ainex_ws/install/ainex_interfaces/include/ainex_interfaces/ainex_interfaces/srv
[1.508s] -- Up-to-date: /home/vgi/ainex_ws/install/ainex_interfaces/include/ainex_interfaces/ainex_interfaces/srv/move_hand.hpp
[1.509s] -- Up-to-date: /home/vgi/ainex_ws/install/ainex_interfaces/include/ainex_interfaces/ainex_interfaces/srv/detail
[1.509s] -- Up-to-date: /home/vgi/ainex_ws/install/ainex_interfaces/include/ainex_interfaces/ainex_interfaces/srv/detail/run_gesture__builder.hpp
[1.509s] -- Up-to-date: /home/vgi/ainex_ws/install/ainex_interfaces/include/ainex_interfaces/ainex_interfaces/srv/detail/move_hand__struct.hpp
[1.509s] -- Up-to-date: /home/vgi/ainex_ws/install/ainex_interfaces/include/ainex_interfaces/ainex_interfaces/srv/detail/run_gesture__type_support.hpp
[1.509s] -- Up-to-date: /home/vgi/ainex_ws/install/ainex_interfaces/include/ainex_interfaces/ainex_interfaces/srv/detail/move_hand__type_support.hpp
[1.509s] -- Up-to-date: /home/vgi/ainex_ws/install/ainex_interfaces/include/ainex_interfaces/ainex_interfaces/srv/detail/run_gesture__struct.hpp
[1.509s] -- Up-to-date: /home/vgi/ainex_ws/install/ainex_interfaces/include/ainex_interfaces/ainex_interfaces/srv/detail/move_hand__builder.hpp
[1.509s] -- Up-to-date: /home/vgi/ainex_ws/install/ainex_interfaces/include/ainex_interfaces/ainex_interfaces/srv/detail/run_gesture__traits.hpp
[1.509s] -- Up-to-date: /home/vgi/ainex_ws/install/ainex_interfaces/include/ainex_interfaces/ainex_interfaces/srv/detail/move_hand__traits.hpp
[1.510s] -- Up-to-date: /home/vgi/ainex_ws/install/ainex_interfaces/include/ainex_interfaces/ainex_interfaces/srv/run_gesture.hpp
[1.510s] -- Up-to-date: /home/vgi/ainex_ws/install/ainex_interfaces/include/ainex_interfaces/ainex_interfaces/action
[1.513s] -- Up-to-date: /home/vgi/ainex_ws/install/ainex_interfaces/include/ainex_interfaces/ainex_interfaces/action/execute_gesture.hpp
[1.513s] -- Up-to-date: /home/vgi/ainex_ws/install/ainex_interfaces/include/ainex_interfaces/ainex_interfaces/action/detail
[1.513s] -- Up-to-date: /home/vgi/ainex_ws/install/ainex_interfaces/include/ainex_interfaces/ainex_interfaces/action/detail/execute_gesture__type_support.hpp
[1.513s] -- Up-to-date: /home/vgi/ainex_ws/install/ainex_interfaces/include/ainex_interfaces/ainex_interfaces/action/detail/execute_gesture__struct.hpp
[1.513s] -- Up-to-date: /home/vgi/ainex_ws/install/ainex_interfaces/include/ainex_interfaces/ainex_interfaces/action/detail/execute_gesture__builder.hpp
[1.513s] -- Up-to-date: /home/vgi/ainex_ws/install/ainex_interfaces/include/ainex_interfaces/ainex_interfaces/action/detail/execute_gesture__traits.hpp
[1.514s] -- Up-to-date: /home/vgi/ainex_ws/install/ainex_interfaces/include/ainex_interfaces/ainex_interfaces/msg
[1.514s] -- Up-to-date: /home/vgi/ainex_ws/install/ainex_interfaces/include/ainex_interfaces/ainex_interfaces/msg/rosidl_generator_cpp__visibility_control.hpp
[1.514s] -- Up-to-date: /home/vgi/ainex_ws/install/ainex_interfaces/include/ainex_interfaces/ainex_interfaces
[1.514s] -- Up-to-date: /home/vgi/ainex_ws/install/ainex_interfaces/include/ainex_interfaces/ainex_interfaces/srv
[1.514s] -- Up-to-date: /home/vgi/ainex_ws/install/ainex_interfaces/include/ainex_interfaces/ainex_interfaces/srv/detail
[1.514s] -- Up-to-date: /home/vgi/ainex_ws/install/ainex_interfaces/include/ainex_interfaces/ainex_interfaces/srv/detail/dds_fastrtps
[1.514s] -- Up-to-date: /home/vgi/ainex_ws/install/ainex_interfaces/include/ainex_interfaces/ainex_interfaces/srv/detail/move_hand__rosidl_typesupport_fastrtps_cpp.hpp
[1.514s] -- Up-to-date: /home/vgi/ainex_ws/install/ainex_interfaces/include/ainex_interfaces/ainex_interfaces/srv/detail/run_gesture__rosidl_typesupport_fastrtps_cpp.hpp
[1.515s] -- Up-to-date: /home/vgi/ainex_ws/install/ainex_interfaces/include/ainex_interfaces/ainex_interfaces/action
[1.515s] -- Up-to-date: /home/vgi/ainex_ws/install/ainex_interfaces/include/ainex_interfaces/ainex_interfaces/action/detail
[1.515s] -- Up-to-date: /home/vgi/ainex_ws/install/ainex_interfaces/include/ainex_interfaces/ainex_interfaces/action/detail/dds_fastrtps
[1.515s] -- Up-to-date: /home/vgi/ainex_ws/install/ainex_interfaces/include/ainex_interfaces/ainex_interfaces/action/detail/execute_gesture__rosidl_typesupport_fastrtps_cpp.hpp
[1.515s] -- Up-to-date: /home/vgi/ainex_ws/install/ainex_interfaces/include/ainex_interfaces/ainex_interfaces/msg
[1.515s] -- Up-to-date: /home/vgi/ainex_ws/install/ainex_interfaces/include/ainex_interfaces/ainex_interfaces/msg/rosidl_typesupport_fastrtps_cpp__visibility_control.h
[1.515s] -- Up-to-date: /home/vgi/ainex_ws/install/ainex_interfaces/lib/libainex_interfaces__rosidl_typesupport_fastrtps_cpp.so
[1.515s] -- Up-to-date: /home/vgi/ainex_ws/install/ainex_interfaces/include/ainex_interfaces/ainex_interfaces
[1.515s] -- Up-to-date: /home/vgi/ainex_ws/install/ainex_interfaces/include/ainex_interfaces/ainex_interfaces/srv
[1.515s] -- Up-to-date: /home/vgi/ainex_ws/install/ainex_interfaces/include/ainex_interfaces/ainex_interfaces/srv/detail
[1.516s] -- Up-to-date: /home/vgi/ainex_ws/install/ainex_interfaces/include/ainex_interfaces/ainex_interfaces/srv/detail/move_hand__rosidl_typesupport_introspection_cpp.hpp
[1.516s] -- Up-to-date: /home/vgi/ainex_ws/install/ainex_interfaces/include/ainex_interfaces/ainex_interfaces/srv/detail/move_hand__type_support.cpp
[1.516s] -- Up-to-date: /home/vgi/ainex_ws/install/ainex_interfaces/include/ainex_interfaces/ainex_interfaces/srv/detail/run_gesture__type_support.cpp
[1.519s] -- Up-to-date: /home/vgi/ainex_ws/install/ainex_interfaces/include/ainex_interfaces/ainex_interfaces/srv/detail/run_gesture__rosidl_typesupport_introspection_cpp.hpp
[1.519s] -- Up-to-date: /home/vgi/ainex_ws/install/ainex_interfaces/include/ainex_interfaces/ainex_interfaces/action
[1.519s] -- Up-to-date: /home/vgi/ainex_ws/install/ainex_interfaces/include/ainex_interfaces/ainex_interfaces/action/detail
[1.519s] -- Up-to-date: /home/vgi/ainex_ws/install/ainex_interfaces/include/ainex_interfaces/ainex_interfaces/action/detail/execute_gesture__type_support.cpp
[1.519s] -- Up-to-date: /home/vgi/ainex_ws/install/ainex_interfaces/include/ainex_interfaces/ainex_interfaces/action/detail/execute_gesture__rosidl_typesupport_introspection_cpp.hpp
[1.519s] -- Up-to-date: /home/vgi/ainex_ws/install/ainex_interfaces/lib/libainex_interfaces__rosidl_typesupport_introspection_cpp.so
[1.519s] -- Up-to-date: /home/vgi/ainex_ws/install/ainex_interfaces/lib/libainex_interfaces__rosidl_typesupport_cpp.so
[1.519s] -- Up-to-date: /home/vgi/ainex_ws/install/ainex_interfaces/share/ainex_interfaces/environment/pythonpath.sh
[1.519s] -- Up-to-date: /home/vgi/ainex_ws/install/ainex_interfaces/share/ainex_interfaces/environment/pythonpath.dsv
[1.520s] -- Up-to-date: /home/vgi/ainex_ws/install/ainex_interfaces/lib/python3.12/site-packages/ainex_interfaces-0.0.0-py3.12.egg-info
[1.520s] -- Installing: /home/vgi/ainex_ws/install/ainex_interfaces/lib/python3.12/site-packages/ainex_interfaces-0.0.0-py3.12.egg-info/dependency_links.txt
[1.520s] -- Installing: /home/vgi/ainex_ws/install/ainex_interfaces/lib/python3.12/site-packages/ainex_interfaces-0.0.0-py3.12.egg-info/PKG-INFO
[1.520s] -- Installing: /home/vgi/ainex_ws/install/ainex_interfaces/lib/python3.12/site-packages/ainex_interfaces-0.0.0-py3.12.egg-info/top_level.txt
[1.520s] -- Installing: /home/vgi/ainex_ws/install/ainex_interfaces/lib/python3.12/site-packages/ainex_interfaces-0.0.0-py3.12.egg-info/SOURCES.txt
[1.520s] -- Up-to-date: /home/vgi/ainex_ws/install/ainex_interfaces/lib/python3.12/site-packages/ainex_interfaces
[1.520s] -- Up-to-date: /home/vgi/ainex_ws/install/ainex_interfaces/lib/python3.12/site-packages/ainex_interfaces/ainex_interfaces_s__rosidl_typesupport_introspection_c.so
[1.520s] -- Up-to-date: /home/vgi/ainex_ws/install/ainex_interfaces/lib/python3.12/site-packages/ainex_interfaces/ainex_interfaces_s__rosidl_typesupport_fastrtps_c.so
[1.521s] -- Up-to-date: /home/vgi/ainex_ws/install/ainex_interfaces/lib/python3.12/site-packages/ainex_interfaces/srv
[1.521s] -- Up-to-date: /home/vgi/ainex_ws/install/ainex_interfaces/lib/python3.12/site-packages/ainex_interfaces/srv/_move_hand.py
[1.521s] -- Up-to-date: /home/vgi/ainex_ws/install/ainex_interfaces/lib/python3.12/site-packages/ainex_interfaces/srv/_run_gesture_s.c
[1.525s] -- Up-to-date: /home/vgi/ainex_ws/install/ainex_interfaces/lib/python3.12/site-packages/ainex_interfaces/srv/__init__.py
[1.525s] -- Up-to-date: /home/vgi/ainex_ws/install/ainex_interfaces/lib/python3.12/site-packages/ainex_interfaces/srv/_run_gesture.py
[1.525s] -- Up-to-date: /home/vgi/ainex_ws/install/ainex_interfaces/lib/python3.12/site-packages/ainex_interfaces/srv/_move_hand_s.c
[1.525s] -- Up-to-date: /home/vgi/ainex_ws/install/ainex_interfaces/lib/python3.12/site-packages/ainex_interfaces/action
[1.525s] -- Up-to-date: /home/vgi/ainex_ws/install/ainex_interfaces/lib/python3.12/site-packages/ainex_interfaces/action/_execute_gesture.py
[1.526s] -- Up-to-date: /home/vgi/ainex_ws/install/ainex_interfaces/lib/python3.12/site-packages/ainex_interfaces/action/_execute_gesture_s.c
[1.526s] -- Up-to-date: /home/vgi/ainex_ws/install/ainex_interfaces/lib/python3.12/site-packages/ainex_interfaces/action/__init__.py
[1.526s] -- Up-to-date: /home/vgi/ainex_ws/install/ainex_interfaces/lib/python3.12/site-packages/ainex_interfaces/_ainex_interfaces_s.ep.rosidl_typesupport_introspection_c.c
[1.526s] -- Up-to-date: /home/vgi/ainex_ws/install/ainex_interfaces/lib/python3.12/site-packages/ainex_interfaces/__init__.py
[1.526s] -- Up-to-date: /home/vgi/ainex_ws/install/ainex_interfaces/lib/python3.12/site-packages/ainex_interfaces/_ainex_interfaces_s.ep.rosidl_typesupport_c.c
[1.526s] -- Up-to-date: /home/vgi/ainex_ws/install/ainex_interfaces/lib/python3.12/site-packages/ainex_interfaces/ainex_interfaces_s__rosidl_typesupport_c.so
[1.526s] -- Up-to-date: /home/vgi/ainex_ws/install/ainex_interfaces/lib/python3.12/site-packages/ainex_interfaces/_ainex_interfaces_s.ep.rosidl_typesupport_fastrtps_c.c
[1.559s] Listing '/home/vgi/ainex_ws/install/ainex_interfaces/lib/python3.12/site-packages/ainex_interfaces'...
[1.559s] Listing '/home/vgi/ainex_ws/install/ainex_interfaces/lib/python3.12/site-packages/ainex_interfaces/action'...
[1.559s] Listing '/home/vgi/ainex_ws/install/ainex_interfaces/lib/python3.12/site-packages/ainex_interfaces/srv'...
[1.574s] -- Up-to-date: /home/vgi/ainex_ws/install/ainex_interfaces/lib/python3.12/site-packages/ainex_interfaces/ainex_interfaces_s__rosidl_typesupport_fastrtps_c.so
[1.575s] -- Up-to-date: /home/vgi/ainex_ws/install/ainex_interfaces/lib/python3.12/site-packages/ainex_interfaces/ainex_interfaces_s__rosidl_typesupport_introspection_c.so
[1.575s] -- Up-to-date: /home/vgi/ainex_ws/install/ainex_interfaces/lib/python3.12/site-packages/ainex_interfaces/ainex_interfaces_s__rosidl_typesupport_c.so
[1.576s] -- Up-to-date: /home/vgi/ainex_ws/install/ainex_interfaces/lib/libainex_interfaces__rosidl_generator_py.so
[1.576s] -- Up-to-date: /home/vgi/ainex_ws/install/ainex_interfaces/share/ainex_interfaces/srv/MoveHand.idl
[1.576s] -- Up-to-date: /home/vgi/ainex_ws/install/ainex_interfaces/share/ainex_interfaces/srv/RunGesture.idl
[1.576s] -- Up-to-date: /home/vgi/ainex_ws/install/ainex_interfaces/share/ainex_interfaces/action/ExecuteGesture.idl
[1.576s] -- Up-to-date: /home/vgi/ainex_ws/install/ainex_interfaces/share/ainex_interfaces/srv/MoveHand.srv
[1.579s] -- Up-to-date: /home/vgi/ainex_ws/install/ainex_interfaces/share/ainex_interfaces/srv/RunGesture.srv
[1.579s] -- Up-to-date: /home/vgi/ainex_ws/install/ainex_interfaces/share/ainex_interfaces/action/ExecuteGesture.action
[1.579s] -- Up-to-date: /home/vgi/ainex_ws/install/ainex_interfaces/share/ament_index/resource_index/package_run_dependencies/ainex_interfaces
[1.579s] -- Up-to-date: /home/vgi/ainex_ws/install/ainex_interfaces/share/ament_index/resource_index/parent_prefix_path/ainex_interfaces
[1.579s] -- Up-to-date: /home/vgi/ainex_ws/install/ainex_interfaces/share/ainex_interfaces/environment/ament_prefix_path.sh
[1.579s] -- Up-to-date: /home/vgi/ainex_ws/install/ainex_interfaces/share/ainex_interfaces/environment/ament_prefix_path.dsv
[1.579s] -- Up-to-date: /home/vgi/ainex_ws/install/ainex_interfaces/share/ainex_interfaces/environment/path.sh
[1.579s] -- Up-to-date: /home/vgi/ainex_ws/install/ainex_interfaces/share/ainex_interfaces/environment/path.dsv
[1.579s] -- Up-to-date: /home/vgi/ainex_ws/install/ainex_interfaces/share/ainex_interfaces/local_setup.bash
[1.580s] -- Up-to-date: /home/vgi/ainex_ws/install/ainex_interfaces/share/ainex_interfaces/local_setup.sh
[1.580s] -- Up-to-date: /home/vgi/ainex_ws/install/ainex_interfaces/share/ainex_interfaces/local_setup.zsh
[1.580s] -- Up-to-date: /home/vgi/ainex_ws/install/ainex_interfaces/share/ainex_interfaces/local_setup.dsv
[1.580s] -- Installing: /home/vgi/ainex_ws/install/ainex_interfaces/share/ainex_interfaces/package.dsv
[1.580s] -- Up-to-date: /home/vgi/ainex_ws/install/ainex_interfaces/share/ament_index/resource_index/packages/ainex_interfaces
[1.580s] -- Up-to-date: /home/vgi/ainex_ws/install/ainex_interfaces/share/ainex_interfaces/cmake/export_ainex_interfaces__rosidl_generator_cExport.cmake
[1.580s] -- Up-to-date: /home/vgi/ainex_ws/install/ainex_interfaces/share/ainex_interfaces/cmake/export_ainex_interfaces__rosidl_generator_cExport-noconfig.cmake
[1.580s] -- Up-to-date: /home/vgi/ainex_ws/install/ainex_interfaces/share/ainex_interfaces/cmake/export_ainex_interfaces__rosidl_typesupport_fastrtps_cExport.cmake
[1.580s] -- Up-to-date: /home/vgi/ainex_ws/install/ainex_interfaces/share/ainex_interfaces/cmake/export_ainex_interfaces__rosidl_typesupport_fastrtps_cExport-noconfig.cmake
[1.580s] -- Up-to-date: /home/vgi/ainex_ws/install/ainex_interfaces/share/ainex_interfaces/cmake/ainex_interfaces__rosidl_typesupport_introspection_cExport.cmake
[1.583s] -- Up-to-date: /home/vgi/ainex_ws/install/ainex_interfaces/share/ainex_interfaces/cmake/ainex_interfaces__rosidl_typesupport_introspection_cExport-noconfig.cmake
[1.583s] -- Up-to-date: /home/vgi/ainex_ws/install/ainex_interfaces/share/ainex_interfaces/cmake/ainex_interfaces__rosidl_typesupport_cExport.cmake
[1.583s] -- Up-to-date: /home/vgi/ainex_ws/install/ainex_interfaces/share/ainex_interfaces/cmake/ainex_interfaces__rosidl_typesupport_cExport-noconfig.cmake
[1.583s] -- Up-to-date: /home/vgi/ainex_ws/install/ainex_interfaces/share/ainex_interfaces/cmake/export_ainex_interfaces__rosidl_generator_cppExport.cmake
[1.583s] -- Up-to-date: /home/vgi/ainex_ws/install/ainex_interfaces/share/ainex_interfaces/cmake/export_ainex_interfaces__rosidl_typesupport_fastrtps_cppExport.cmake
[1.583s] -- Up-to-date: /home/vgi/ainex_ws/install/ainex_interfaces/share/ainex_interfaces/cmake/export_ainex_interfaces__rosidl_typesupport_fastrtps_cppExport-noconfig.cmake
[1.583s] -- Up-to-date: /home/vgi/ainex_ws/install/ainex_interfaces/share/ainex_interfaces/cmake/ainex_interfaces__rosidl_typesupport_introspection_cppExport.cmake
[1.583s] -- Up-to-date: /home/vgi/ainex_ws/install/ainex_interfaces/share/ainex_interfaces/cmake/ainex_interfaces__rosidl_typesupport_introspection_cppExport-noconfig.cmake
[1.584s] -- Up-to-date: /home/vgi/ainex_ws/install/ainex_interfaces/share/ainex_interfaces/cmake/ainex_interfaces__rosidl_typesupport_cppExport.cmake
[1.584s] -- Up-to-date: /home/vgi/ainex_ws/install/ainex_interfaces/share/ainex_interfaces/cmake/ainex_interfaces__rosidl_typesupport_cppExport-noconfig.cmake
[1.584s] -- Up-to-date: /home/vgi/ainex_ws/install/ainex_interfaces/share/ainex_interfaces/cmake/export_ainex_interfaces__rosidl_generator_pyExport.cmake
[1.585s] -- Up-to-date: /home/vgi/ainex_ws/install/ainex_interfaces/share/ainex_interfaces/cmake/export_ainex_interfaces__rosidl_generator_pyExport-noconfig.cmake
[1.585s] -- Up-to-date: /home/vgi/ainex_ws/install/ainex_interfaces/share/ainex_interfaces/cmake/rosidl_cmake-extras.cmake
[1.585s] -- Up-to-date: /home/vgi/ainex_ws/install/ainex_interfaces/share/ainex_interfaces/cmake/ament_cmake_export_dependencies-extras.cmake
[1.585s] -- Up-to-date: /home/vgi/ainex_ws/install/ainex_interfaces/share/ainex_interfaces/cmake/ament_cmake_export_include_directories-extras.cmake
[1.585s] -- Up-to-date: /home/vgi/ainex_ws/install/ainex_interfaces/share/ainex_interfaces/cmake/ament_cmake_export_libraries-extras.cmake
[1.586s] -- Up-to-date: /home/vgi/ainex_ws/install/ainex_interfaces/share/ainex_interfaces/cmake/ament_cmake_export_targets-extras.cmake
[1.586s] -- Up-to-date: /home/vgi/ainex_ws/install/ainex_interfaces/share/ainex_interfaces/cmake/rosidl_cmake_export_typesupport_targets-extras.cmake
[1.586s] -- Up-to-date: /home/vgi/ainex_ws/install/ainex_interfaces/share/ainex_interfaces/cmake/rosidl_cmake_export_typesupport_libraries-extras.cmake
[1.587s] -- Up-to-date: /home/vgi/ainex_ws/install/ainex_interfaces/share/ainex_interfaces/cmake/ainex_interfacesConfig.cmake
[1.587s] -- Up-to-date: /home/vgi/ainex_ws/install/ainex_interfaces/share/ainex_interfaces/cmake/ainex_interfacesConfig-version.cmake
[1.587s] -- Up-to-date: /home/vgi/ainex_ws/install/ainex_interfaces/share/ainex_interfaces/package.xml
[1.592s] Invoked command in '/home/vgi/ainex_ws/build/ainex_interfaces' returned '0': CMAKE_PREFIX_PATH=${CMAKE_PREFIX_PATH}:/home/vgi/ainex_ws/install/ainex_arm:/home/vgi/robot_ws/install/robot_arm:/opt/ros/jazzy DEBUGINFOD_URLS=https://debuginfod.ubuntu.com /usr/bin/cmake --install /home/vgi/ainex_ws/build/ainex_interfaces
