[0.021s] Invoking command in '/home/vgi/ainex_ws/build/ainex_interfaces': CMAKE_PREFIX_PATH=${CMAKE_PREFIX_PATH}:/home/vgi/ainex_ws/install/ainex_arm:/home/vgi/robot_ws/install/robot_arm:/opt/ros/jazzy DEBUGINFOD_URLS=https://debuginfod.ubuntu.com /usr/bin/cmake --build /home/vgi/ainex_ws/build/ainex_interfaces -- -j4 -l4
[0.075s] -- Found ament_cmake: 2.5.4 (/opt/ros/jazzy/share/ament_cmake/cmake)
[0.123s] -- Found Python3: /usr/bin/python3 (found version "3.12.3") found components: Interpreter 
[0.295s] -- Found rosidl_default_generators: 1.6.0 (/opt/ros/jazzy/share/rosidl_default_generators/cmake)
[0.300s] -- Using all available rosidl_typesupport_c: rosidl_typesupport_fastrtps_c;rosidl_typesupport_introspection_c
[0.360s] -- Using all available rosidl_typesupport_cpp: rosidl_typesupport_fastrtps_cpp;rosidl_typesupport_introspection_cpp
[0.427s] -- Found rosidl_adapter: 4.6.5 (/opt/ros/jazzy/share/rosidl_adapter/cmake)
[1.317s] -- Found ament_cmake_ros: 0.12.0 (/opt/ros/jazzy/share/ament_cmake_ros/cmake)
[1.494s] -- Using all available rosidl_typesupport_c: rosidl_typesupport_fastrtps_c;rosidl_typesupport_introspection_c
[1.752s] -- Using all available rosidl_typesupport_cpp: rosidl_typesupport_fastrtps_cpp;rosidl_typesupport_introspection_cpp
[1.754s] -- Found python_cmake_module: 0.11.1 (/opt/ros/jazzy/share/python_cmake_module/cmake)
[2.329s] -- Found Python3: /usr/bin/python3 (found version "3.12.3") found components: Interpreter Development NumPy Development.Module Development.Embed 
[2.352s] -- Found ament_lint_auto: 0.17.2 (/opt/ros/jazzy/share/ament_lint_auto/cmake)
[2.365s] -- Added test 'lint_cmake' to check CMake code style
[2.367s] -- Added test 'xmllint' to check XML markup files
[2.371s] -- Configuring done (2.3s)
[2.510s] -- Generating done (0.1s)
[2.555s] -- Build files have been written to: /home/vgi/ainex_ws/build/ainex_interfaces
[2.642s] [  1%] [34m[1mGenerating type hashes for ROS interfaces[0m
[2.670s] [  1%] Built target ament_cmake_python_copy_ainex_interfaces
[3.411s] running egg_info
[3.457s] [  1%] Built target ainex_interfaces__rosidl_generator_type_description
[3.512s] writing ainex_interfaces.egg-info/PKG-INFO
[3.519s] writing dependency_links to ainex_interfaces.egg-info/dependency_links.txt
[3.520s] writing top-level names to ainex_interfaces.egg-info/top_level.txt
[3.530s] [  2%] [34m[1mGenerating C code for ROS interfaces[0m
[3.555s] [  4%] [34m[1mGenerating C++ code for ROS interfaces[0m
[3.814s] reading manifest file 'ainex_interfaces.egg-info/SOURCES.txt'
[3.820s] writing manifest file 'ainex_interfaces.egg-info/SOURCES.txt'
[4.256s] [  4%] Built target ament_cmake_python_build_ainex_interfaces_egg
[5.762s] [  4%] Built target ainex_interfaces__cpp
[6.401s] [  5%] [32mBuilding C object CMakeFiles/ainex_interfaces__rosidl_generator_c.dir/rosidl_generator_c/ainex_interfaces/srv/detail/move_hand__functions.c.o[0m
[6.402s] [  6%] [32mBuilding C object CMakeFiles/ainex_interfaces__rosidl_generator_c.dir/rosidl_generator_c/ainex_interfaces/srv/detail/move_hand__description.c.o[0m
[6.411s] [  8%] [32mBuilding C object CMakeFiles/ainex_interfaces__rosidl_generator_c.dir/rosidl_generator_c/ainex_interfaces/srv/detail/move_hand__type_support.c.o[0m
[6.418s] [  9%] [32mBuilding C object CMakeFiles/ainex_interfaces__rosidl_generator_c.dir/rosidl_generator_c/ainex_interfaces/srv/detail/run_gesture__description.c.o[0m
[6.597s] [ 10%] [32mBuilding C object CMakeFiles/ainex_interfaces__rosidl_generator_c.dir/rosidl_generator_c/ainex_interfaces/srv/detail/run_gesture__functions.c.o[0m
[6.626s] [ 12%] [32mBuilding C object CMakeFiles/ainex_interfaces__rosidl_generator_c.dir/rosidl_generator_c/ainex_interfaces/srv/detail/run_gesture__type_support.c.o[0m
[6.636s] [ 13%] [32mBuilding C object CMakeFiles/ainex_interfaces__rosidl_generator_c.dir/rosidl_generator_c/ainex_interfaces/srv/detail/set_motion_params__description.c.o[0m
[6.888s] [ 14%] [32mBuilding C object CMakeFiles/ainex_interfaces__rosidl_generator_c.dir/rosidl_generator_c/ainex_interfaces/srv/detail/set_motion_params__type_support.c.o[0m
[6.897s] [ 16%] [32mBuilding C object CMakeFiles/ainex_interfaces__rosidl_generator_c.dir/rosidl_generator_c/ainex_interfaces/srv/detail/set_motion_params__functions.c.o[0m
[6.958s] [ 17%] [32mBuilding C object CMakeFiles/ainex_interfaces__rosidl_generator_c.dir/rosidl_generator_c/ainex_interfaces/srv/detail/get_servo_status__description.c.o[0m
[7.077s] [ 18%] [32mBuilding C object CMakeFiles/ainex_interfaces__rosidl_generator_c.dir/rosidl_generator_c/ainex_interfaces/srv/detail/get_servo_status__functions.c.o[0m
[7.088s] [ 20%] [32mBuilding C object CMakeFiles/ainex_interfaces__rosidl_generator_c.dir/rosidl_generator_c/ainex_interfaces/srv/detail/get_servo_status__type_support.c.o[0m
[7.153s] [ 21%] [32mBuilding C object CMakeFiles/ainex_interfaces__rosidl_generator_c.dir/rosidl_generator_c/ainex_interfaces/action/detail/execute_gesture__description.c.o[0m
[7.259s] [ 22%] [32mBuilding C object CMakeFiles/ainex_interfaces__rosidl_generator_c.dir/rosidl_generator_c/ainex_interfaces/action/detail/execute_gesture__functions.c.o[0m
[7.283s] [ 24%] [32mBuilding C object CMakeFiles/ainex_interfaces__rosidl_generator_c.dir/rosidl_generator_c/ainex_interfaces/action/detail/execute_gesture__type_support.c.o[0m
[7.738s] [ 25%] [32m[1mLinking C shared library libainex_interfaces__rosidl_generator_c.so[0m
[7.855s] [ 25%] Built target ainex_interfaces__rosidl_generator_c
[7.886s] [ 27%] [34m[1mGenerating C++ type support dispatch for ROS interfaces[0m
[7.894s] [ 28%] [34m[1mGenerating C type support dispatch for ROS interfaces[0m
[7.906s] [ 29%] [34m[1mGenerating C type support for eProsima Fast-RTPS[0m
[7.917s] [ 31%] [34m[1mGenerating C introspection for ROS interfaces[0m
[9.105s] [ 32%] [32mBuilding CXX object CMakeFiles/ainex_interfaces__rosidl_typesupport_cpp.dir/rosidl_typesupport_cpp/ainex_interfaces/srv/move_hand__type_support.cpp.o[0m
[9.429s] [ 33%] [32mBuilding CXX object CMakeFiles/ainex_interfaces__rosidl_typesupport_c.dir/rosidl_typesupport_c/ainex_interfaces/srv/move_hand__type_support.cpp.o[0m
[9.652s] [ 35%] [32mBuilding CXX object CMakeFiles/ainex_interfaces__rosidl_typesupport_c.dir/rosidl_typesupport_c/ainex_interfaces/srv/run_gesture__type_support.cpp.o[0m
[9.909s] [ 36%] [32mBuilding CXX object CMakeFiles/ainex_interfaces__rosidl_typesupport_c.dir/rosidl_typesupport_c/ainex_interfaces/srv/set_motion_params__type_support.cpp.o[0m
[10.551s] [ 37%] [32mBuilding CXX object CMakeFiles/ainex_interfaces__rosidl_typesupport_c.dir/rosidl_typesupport_c/ainex_interfaces/srv/get_servo_status__type_support.cpp.o[0m
[10.659s] [ 39%] [32mBuilding CXX object CMakeFiles/ainex_interfaces__rosidl_typesupport_cpp.dir/rosidl_typesupport_cpp/ainex_interfaces/srv/run_gesture__type_support.cpp.o[0m
[10.786s] [ 40%] [32mBuilding CXX object CMakeFiles/ainex_interfaces__rosidl_typesupport_c.dir/rosidl_typesupport_c/ainex_interfaces/action/execute_gesture__type_support.cpp.o[0m
[10.919s] [ 41%] [32mBuilding C object CMakeFiles/ainex_interfaces__rosidl_typesupport_introspection_c.dir/rosidl_typesupport_introspection_c/ainex_interfaces/srv/detail/move_hand__type_support.c.o[0m
[11.038s] [ 43%] [32m[1mLinking CXX shared library libainex_interfaces__rosidl_typesupport_c.so[0m
[11.128s] [ 44%] [32mBuilding C object CMakeFiles/ainex_interfaces__rosidl_typesupport_introspection_c.dir/rosidl_typesupport_introspection_c/ainex_interfaces/srv/detail/run_gesture__type_support.c.o[0m
[11.269s] [ 44%] Built target ainex_interfaces__rosidl_typesupport_c
[11.337s] [ 45%] [34m[1mGenerating C++ type support for eProsima Fast-RTPS[0m
[11.360s] [ 47%] [32mBuilding C object CMakeFiles/ainex_interfaces__rosidl_typesupport_introspection_c.dir/rosidl_typesupport_introspection_c/ainex_interfaces/srv/detail/set_motion_params__type_support.c.o[0m
[11.367s] [ 48%] [32mBuilding CXX object CMakeFiles/ainex_interfaces__rosidl_typesupport_fastrtps_c.dir/rosidl_typesupport_fastrtps_c/ainex_interfaces/srv/detail/move_hand__type_support_c.cpp.o[0m
[11.588s] [ 50%] [32mBuilding C object CMakeFiles/ainex_interfaces__rosidl_typesupport_introspection_c.dir/rosidl_typesupport_introspection_c/ainex_interfaces/srv/detail/get_servo_status__type_support.c.o[0m
[11.969s] [ 51%] [32mBuilding C object CMakeFiles/ainex_interfaces__rosidl_typesupport_introspection_c.dir/rosidl_typesupport_introspection_c/ainex_interfaces/action/detail/execute_gesture__type_support.c.o[0m
[12.249s] [ 52%] [32m[1mLinking C shared library libainex_interfaces__rosidl_typesupport_introspection_c.so[0m
[12.479s] [ 54%] [32mBuilding CXX object CMakeFiles/ainex_interfaces__rosidl_typesupport_cpp.dir/rosidl_typesupport_cpp/ainex_interfaces/srv/set_motion_params__type_support.cpp.o[0m
[12.500s] [ 54%] Built target ainex_interfaces__rosidl_typesupport_introspection_c
[12.553s] [ 55%] [34m[1mGenerating C++ introspection for ROS interfaces[0m
[14.822s] [ 56%] [32mBuilding CXX object CMakeFiles/ainex_interfaces__rosidl_typesupport_fastrtps_cpp.dir/rosidl_typesupport_fastrtps_cpp/ainex_interfaces/srv/detail/dds_fastrtps/move_hand__type_support.cpp.o[0m
[14.835s] [ 58%] [32mBuilding CXX object CMakeFiles/ainex_interfaces__rosidl_typesupport_introspection_cpp.dir/rosidl_typesupport_introspection_cpp/ainex_interfaces/srv/detail/move_hand__type_support.cpp.o[0m
[15.122s] [ 59%] [32mBuilding CXX object CMakeFiles/ainex_interfaces__rosidl_typesupport_cpp.dir/rosidl_typesupport_cpp/ainex_interfaces/srv/get_servo_status__type_support.cpp.o[0m
[15.683s] [ 60%] [32mBuilding CXX object CMakeFiles/ainex_interfaces__rosidl_typesupport_fastrtps_c.dir/rosidl_typesupport_fastrtps_c/ainex_interfaces/srv/detail/run_gesture__type_support_c.cpp.o[0m
[16.409s] [ 62%] [32mBuilding CXX object CMakeFiles/ainex_interfaces__rosidl_typesupport_introspection_cpp.dir/rosidl_typesupport_introspection_cpp/ainex_interfaces/srv/detail/run_gesture__type_support.cpp.o[0m
[17.209s] [ 63%] [32mBuilding CXX object CMakeFiles/ainex_interfaces__rosidl_typesupport_cpp.dir/rosidl_typesupport_cpp/ainex_interfaces/action/execute_gesture__type_support.cpp.o[0m
[17.351s] [ 64%] [32mBuilding CXX object CMakeFiles/ainex_interfaces__rosidl_typesupport_fastrtps_c.dir/rosidl_typesupport_fastrtps_c/ainex_interfaces/srv/detail/set_motion_params__type_support_c.cpp.o[0m
[17.855s] [ 66%] [32mBuilding CXX object CMakeFiles/ainex_interfaces__rosidl_typesupport_fastrtps_cpp.dir/rosidl_typesupport_fastrtps_cpp/ainex_interfaces/srv/detail/dds_fastrtps/run_gesture__type_support.cpp.o[0m
[18.603s] [ 67%] [32mBuilding CXX object CMakeFiles/ainex_interfaces__rosidl_typesupport_introspection_cpp.dir/rosidl_typesupport_introspection_cpp/ainex_interfaces/srv/detail/set_motion_params__type_support.cpp.o[0m
[19.079s] [ 68%] [32mBuilding CXX object CMakeFiles/ainex_interfaces__rosidl_typesupport_fastrtps_c.dir/rosidl_typesupport_fastrtps_c/ainex_interfaces/srv/detail/get_servo_status__type_support_c.cpp.o[0m
[20.411s] [ 70%] [32mBuilding CXX object CMakeFiles/ainex_interfaces__rosidl_typesupport_fastrtps_cpp.dir/rosidl_typesupport_fastrtps_cpp/ainex_interfaces/srv/detail/dds_fastrtps/set_motion_params__type_support.cpp.o[0m
[20.428s] [ 71%] [32m[1mLinking CXX shared library libainex_interfaces__rosidl_typesupport_cpp.so[0m
[20.715s] [ 72%] [32mBuilding CXX object CMakeFiles/ainex_interfaces__rosidl_typesupport_introspection_cpp.dir/rosidl_typesupport_introspection_cpp/ainex_interfaces/srv/detail/get_servo_status__type_support.cpp.o[0m
[20.862s] [ 72%] Built target ainex_interfaces__rosidl_typesupport_cpp
[21.602s] [ 74%] [32mBuilding CXX object CMakeFiles/ainex_interfaces__rosidl_typesupport_fastrtps_c.dir/rosidl_typesupport_fastrtps_c/ainex_interfaces/action/detail/execute_gesture__type_support_c.cpp.o[0m
[22.565s] [ 75%] [32mBuilding CXX object CMakeFiles/ainex_interfaces__rosidl_typesupport_introspection_cpp.dir/rosidl_typesupport_introspection_cpp/ainex_interfaces/action/detail/execute_gesture__type_support.cpp.o[0m
[22.744s] [ 77%] [32mBuilding CXX object CMakeFiles/ainex_interfaces__rosidl_typesupport_fastrtps_cpp.dir/rosidl_typesupport_fastrtps_cpp/ainex_interfaces/srv/detail/dds_fastrtps/get_servo_status__type_support.cpp.o[0m
[23.693s] [ 78%] [32m[1mLinking CXX shared library libainex_interfaces__rosidl_typesupport_fastrtps_c.so[0m
[24.004s] [ 78%] Built target ainex_interfaces__rosidl_typesupport_fastrtps_c
[24.897s] [ 79%] [32mBuilding CXX object CMakeFiles/ainex_interfaces__rosidl_typesupport_fastrtps_cpp.dir/rosidl_typesupport_fastrtps_cpp/ainex_interfaces/action/detail/dds_fastrtps/execute_gesture__type_support.cpp.o[0m
[25.050s] [ 81%] [32m[1mLinking CXX shared library libainex_interfaces__rosidl_typesupport_introspection_cpp.so[0m
[25.379s] [ 81%] Built target ainex_interfaces__rosidl_typesupport_introspection_cpp
[27.116s] [ 82%] [32m[1mLinking CXX shared library libainex_interfaces__rosidl_typesupport_fastrtps_cpp.so[0m
[27.373s] [ 82%] Built target ainex_interfaces__rosidl_typesupport_fastrtps_cpp
[27.424s] [ 82%] Built target ainex_interfaces
[27.472s] [ 83%] [34m[1mGenerating Python code for ROS interfaces[0m
[30.260s] [ 83%] Built target ainex_interfaces__py
[30.333s] [ 85%] [32mBuilding C object CMakeFiles/ainex_interfaces__rosidl_generator_py.dir/rosidl_generator_py/ainex_interfaces/srv/_move_hand_s.c.o[0m
[30.764s] [ 86%] [32mBuilding C object CMakeFiles/ainex_interfaces__rosidl_generator_py.dir/rosidl_generator_py/ainex_interfaces/srv/_get_servo_status_s.c.o[0m
[31.143s] [ 87%] [32mBuilding C object CMakeFiles/ainex_interfaces__rosidl_generator_py.dir/rosidl_generator_py/ainex_interfaces/action/_execute_gesture_s.c.o[0m
[31.662s] [ 89%] [32mBuilding C object CMakeFiles/ainex_interfaces__rosidl_generator_py.dir/rosidl_generator_py/ainex_interfaces/srv/_set_motion_params_s.c.o[0m
[32.163s] [ 90%] [32mBuilding C object CMakeFiles/ainex_interfaces__rosidl_generator_py.dir/rosidl_generator_py/ainex_interfaces/srv/_run_gesture_s.c.o[0m
[32.532s] [ 91%] [32m[1mLinking C shared library libainex_interfaces__rosidl_generator_py.so[0m
[32.657s] [ 91%] Built target ainex_interfaces__rosidl_generator_py
[32.716s] [ 93%] [32mBuilding C object CMakeFiles/ainex_interfaces_s__rosidl_typesupport_fastrtps_c.dir/rosidl_generator_py/ainex_interfaces/_ainex_interfaces_s.ep.rosidl_typesupport_fastrtps_c.c.o[0m
[33.114s] [ 94%] [32m[1mLinking C shared module rosidl_generator_py/ainex_interfaces/ainex_interfaces_s__rosidl_typesupport_fastrtps_c.so[0m
[33.186s] [ 94%] Built target ainex_interfaces_s__rosidl_typesupport_fastrtps_c
[33.246s] [ 95%] [32mBuilding C object CMakeFiles/ainex_interfaces_s__rosidl_typesupport_c.dir/rosidl_generator_py/ainex_interfaces/_ainex_interfaces_s.ep.rosidl_typesupport_c.c.o[0m
[33.620s] [ 97%] [32m[1mLinking C shared module rosidl_generator_py/ainex_interfaces/ainex_interfaces_s__rosidl_typesupport_c.so[0m
[33.700s] [ 97%] Built target ainex_interfaces_s__rosidl_typesupport_c
[33.754s] [ 98%] [32mBuilding C object CMakeFiles/ainex_interfaces_s__rosidl_typesupport_introspection_c.dir/rosidl_generator_py/ainex_interfaces/_ainex_interfaces_s.ep.rosidl_typesupport_introspection_c.c.o[0m
[34.135s] [100%] [32m[1mLinking C shared module rosidl_generator_py/ainex_interfaces/ainex_interfaces_s__rosidl_typesupport_introspection_c.so[0m
[34.212s] [100%] Built target ainex_interfaces_s__rosidl_typesupport_introspection_c
[34.246s] Invoked command in '/home/vgi/ainex_ws/build/ainex_interfaces' returned '0': CMAKE_PREFIX_PATH=${CMAKE_PREFIX_PATH}:/home/vgi/ainex_ws/install/ainex_arm:/home/vgi/robot_ws/install/robot_arm:/opt/ros/jazzy DEBUGINFOD_URLS=https://debuginfod.ubuntu.com /usr/bin/cmake --build /home/vgi/ainex_ws/build/ainex_interfaces -- -j4 -l4
[34.272s] Invoking command in '/home/vgi/ainex_ws/build/ainex_interfaces': CMAKE_PREFIX_PATH=${CMAKE_PREFIX_PATH}:/home/vgi/ainex_ws/install/ainex_arm:/home/vgi/robot_ws/install/robot_arm:/opt/ros/jazzy DEBUGINFOD_URLS=https://debuginfod.ubuntu.com /usr/bin/cmake --install /home/vgi/ainex_ws/build/ainex_interfaces
[34.298s] -- Install configuration: ""
[34.298s] -- Up-to-date: /home/vgi/ainex_ws/install/ainex_interfaces/share/ament_index/resource_index/rosidl_interfaces/ainex_interfaces
[34.298s] -- Installing: /home/vgi/ainex_ws/install/ainex_interfaces/share/ainex_interfaces/srv/MoveHand.json
[34.299s] -- Installing: /home/vgi/ainex_ws/install/ainex_interfaces/share/ainex_interfaces/srv/RunGesture.json
[34.299s] -- Installing: /home/vgi/ainex_ws/install/ainex_interfaces/share/ainex_interfaces/srv/SetMotionParams.json
[34.299s] -- Installing: /home/vgi/ainex_ws/install/ainex_interfaces/share/ainex_interfaces/srv/GetServoStatus.json
[34.299s] -- Installing: /home/vgi/ainex_ws/install/ainex_interfaces/share/ainex_interfaces/action/ExecuteGesture.json
[34.299s] -- Up-to-date: /home/vgi/ainex_ws/install/ainex_interfaces/include/ainex_interfaces/ainex_interfaces
[34.299s] -- Up-to-date: /home/vgi/ainex_ws/install/ainex_interfaces/include/ainex_interfaces/ainex_interfaces/srv
[34.299s] -- Installing: /home/vgi/ainex_ws/install/ainex_interfaces/include/ainex_interfaces/ainex_interfaces/srv/get_servo_status.h
[34.300s] -- Installing: /home/vgi/ainex_ws/install/ainex_interfaces/include/ainex_interfaces/ainex_interfaces/srv/set_motion_params.h
[34.300s] -- Up-to-date: /home/vgi/ainex_ws/install/ainex_interfaces/include/ainex_interfaces/ainex_interfaces/srv/detail
[34.300s] -- Installing: /home/vgi/ainex_ws/install/ainex_interfaces/include/ainex_interfaces/ainex_interfaces/srv/detail/run_gesture__functions.h
[34.300s] -- Installing: /home/vgi/ainex_ws/install/ainex_interfaces/include/ainex_interfaces/ainex_interfaces/srv/detail/set_motion_params__type_support.c
[34.300s] -- Installing: /home/vgi/ainex_ws/install/ainex_interfaces/include/ainex_interfaces/ainex_interfaces/srv/detail/move_hand__description.c
[34.301s] -- Installing: /home/vgi/ainex_ws/install/ainex_interfaces/include/ainex_interfaces/ainex_interfaces/srv/detail/get_servo_status__type_support.h
[34.301s] -- Installing: /home/vgi/ainex_ws/install/ainex_interfaces/include/ainex_interfaces/ainex_interfaces/srv/detail/run_gesture__type_support.c
[34.302s] -- Installing: /home/vgi/ainex_ws/install/ainex_interfaces/include/ainex_interfaces/ainex_interfaces/srv/detail/move_hand__struct.h
[34.303s] -- Installing: /home/vgi/ainex_ws/install/ainex_interfaces/include/ainex_interfaces/ainex_interfaces/srv/detail/get_servo_status__struct.h
[34.305s] -- Installing: /home/vgi/ainex_ws/install/ainex_interfaces/include/ainex_interfaces/ainex_interfaces/srv/detail/set_motion_params__description.c
[34.307s] -- Installing: /home/vgi/ainex_ws/install/ainex_interfaces/include/ainex_interfaces/ainex_interfaces/srv/detail/run_gesture__type_support.h
[34.307s] -- Installing: /home/vgi/ainex_ws/install/ainex_interfaces/include/ainex_interfaces/ainex_interfaces/srv/detail/set_motion_params__functions.c
[34.307s] -- Installing: /home/vgi/ainex_ws/install/ainex_interfaces/include/ainex_interfaces/ainex_interfaces/srv/detail/run_gesture__description.c
[34.307s] -- Installing: /home/vgi/ainex_ws/install/ainex_interfaces/include/ainex_interfaces/ainex_interfaces/srv/detail/move_hand__type_support.h
[34.307s] -- Installing: /home/vgi/ainex_ws/install/ainex_interfaces/include/ainex_interfaces/ainex_interfaces/srv/detail/set_motion_params__type_support.h
[34.308s] -- Installing: /home/vgi/ainex_ws/install/ainex_interfaces/include/ainex_interfaces/ainex_interfaces/srv/detail/get_servo_status__functions.h
[34.310s] -- Installing: /home/vgi/ainex_ws/install/ainex_interfaces/include/ainex_interfaces/ainex_interfaces/srv/detail/get_servo_status__type_support.c
[34.310s] -- Installing: /home/vgi/ainex_ws/install/ainex_interfaces/include/ainex_interfaces/ainex_interfaces/srv/detail/run_gesture__struct.h
[34.311s] -- Installing: /home/vgi/ainex_ws/install/ainex_interfaces/include/ainex_interfaces/ainex_interfaces/srv/detail/move_hand__type_support.c
[34.311s] -- Installing: /home/vgi/ainex_ws/install/ainex_interfaces/include/ainex_interfaces/ainex_interfaces/srv/detail/get_servo_status__functions.c
[34.311s] -- Installing: /home/vgi/ainex_ws/install/ainex_interfaces/include/ainex_interfaces/ainex_interfaces/srv/detail/move_hand__functions.c
[34.311s] -- Installing: /home/vgi/ainex_ws/install/ainex_interfaces/include/ainex_interfaces/ainex_interfaces/srv/detail/set_motion_params__functions.h
[34.311s] -- Installing: /home/vgi/ainex_ws/install/ainex_interfaces/include/ainex_interfaces/ainex_interfaces/srv/detail/run_gesture__functions.c
[34.311s] -- Installing: /home/vgi/ainex_ws/install/ainex_interfaces/include/ainex_interfaces/ainex_interfaces/srv/detail/set_motion_params__struct.h
[34.311s] -- Installing: /home/vgi/ainex_ws/install/ainex_interfaces/include/ainex_interfaces/ainex_interfaces/srv/detail/move_hand__functions.h
[34.312s] -- Installing: /home/vgi/ainex_ws/install/ainex_interfaces/include/ainex_interfaces/ainex_interfaces/srv/detail/get_servo_status__description.c
[34.312s] -- Installing: /home/vgi/ainex_ws/install/ainex_interfaces/include/ainex_interfaces/ainex_interfaces/srv/move_hand.h
[34.312s] -- Installing: /home/vgi/ainex_ws/install/ainex_interfaces/include/ainex_interfaces/ainex_interfaces/srv/run_gesture.h
[34.312s] -- Up-to-date: /home/vgi/ainex_ws/install/ainex_interfaces/include/ainex_interfaces/ainex_interfaces/action
[34.312s] -- Up-to-date: /home/vgi/ainex_ws/install/ainex_interfaces/include/ainex_interfaces/ainex_interfaces/action/detail
[34.312s] -- Installing: /home/vgi/ainex_ws/install/ainex_interfaces/include/ainex_interfaces/ainex_interfaces/action/detail/execute_gesture__struct.h
[34.312s] -- Installing: /home/vgi/ainex_ws/install/ainex_interfaces/include/ainex_interfaces/ainex_interfaces/action/detail/execute_gesture__functions.h
[34.312s] -- Installing: /home/vgi/ainex_ws/install/ainex_interfaces/include/ainex_interfaces/ainex_interfaces/action/detail/execute_gesture__functions.c
[34.312s] -- Installing: /home/vgi/ainex_ws/install/ainex_interfaces/include/ainex_interfaces/ainex_interfaces/action/detail/execute_gesture__type_support.c
[34.315s] -- Installing: /home/vgi/ainex_ws/install/ainex_interfaces/include/ainex_interfaces/ainex_interfaces/action/detail/execute_gesture__type_support.h
[34.317s] -- Installing: /home/vgi/ainex_ws/install/ainex_interfaces/include/ainex_interfaces/ainex_interfaces/action/detail/execute_gesture__description.c
[34.317s] -- Installing: /home/vgi/ainex_ws/install/ainex_interfaces/include/ainex_interfaces/ainex_interfaces/action/execute_gesture.h
[34.317s] -- Up-to-date: /home/vgi/ainex_ws/install/ainex_interfaces/include/ainex_interfaces/ainex_interfaces/msg
[34.317s] -- Up-to-date: /home/vgi/ainex_ws/install/ainex_interfaces/include/ainex_interfaces/ainex_interfaces/msg/rosidl_generator_c__visibility_control.h
[34.317s] -- Up-to-date: /home/vgi/ainex_ws/install/ainex_interfaces/share/ainex_interfaces/environment/library_path.sh
[34.318s] -- Up-to-date: /home/vgi/ainex_ws/install/ainex_interfaces/share/ainex_interfaces/environment/library_path.dsv
[34.318s] -- Installing: /home/vgi/ainex_ws/install/ainex_interfaces/lib/libainex_interfaces__rosidl_generator_c.so
[34.318s] -- Set non-toolchain portion of runtime path of "/home/vgi/ainex_ws/install/ainex_interfaces/lib/libainex_interfaces__rosidl_generator_c.so" to ""
[34.318s] -- Up-to-date: /home/vgi/ainex_ws/install/ainex_interfaces/include/ainex_interfaces/ainex_interfaces
[34.318s] -- Up-to-date: /home/vgi/ainex_ws/install/ainex_interfaces/include/ainex_interfaces/ainex_interfaces/srv
[34.318s] -- Up-to-date: /home/vgi/ainex_ws/install/ainex_interfaces/include/ainex_interfaces/ainex_interfaces/srv/detail
[34.318s] -- Installing: /home/vgi/ainex_ws/install/ainex_interfaces/include/ainex_interfaces/ainex_interfaces/srv/detail/run_gesture__rosidl_typesupport_fastrtps_c.h
[34.318s] -- Installing: /home/vgi/ainex_ws/install/ainex_interfaces/include/ainex_interfaces/ainex_interfaces/srv/detail/get_servo_status__rosidl_typesupport_fastrtps_c.h
[34.318s] -- Installing: /home/vgi/ainex_ws/install/ainex_interfaces/include/ainex_interfaces/ainex_interfaces/srv/detail/move_hand__rosidl_typesupport_fastrtps_c.h
[34.319s] -- Installing: /home/vgi/ainex_ws/install/ainex_interfaces/include/ainex_interfaces/ainex_interfaces/srv/detail/set_motion_params__rosidl_typesupport_fastrtps_c.h
[34.319s] -- Up-to-date: /home/vgi/ainex_ws/install/ainex_interfaces/include/ainex_interfaces/ainex_interfaces/action
[34.319s] -- Up-to-date: /home/vgi/ainex_ws/install/ainex_interfaces/include/ainex_interfaces/ainex_interfaces/action/detail
[34.320s] -- Installing: /home/vgi/ainex_ws/install/ainex_interfaces/include/ainex_interfaces/ainex_interfaces/action/detail/execute_gesture__rosidl_typesupport_fastrtps_c.h
[34.320s] -- Up-to-date: /home/vgi/ainex_ws/install/ainex_interfaces/include/ainex_interfaces/ainex_interfaces/msg
[34.321s] -- Up-to-date: /home/vgi/ainex_ws/install/ainex_interfaces/include/ainex_interfaces/ainex_interfaces/msg/rosidl_typesupport_fastrtps_c__visibility_control.h
[34.321s] -- Installing: /home/vgi/ainex_ws/install/ainex_interfaces/lib/libainex_interfaces__rosidl_typesupport_fastrtps_c.so
[34.323s] -- Set non-toolchain portion of runtime path of "/home/vgi/ainex_ws/install/ainex_interfaces/lib/libainex_interfaces__rosidl_typesupport_fastrtps_c.so" to ""
[34.323s] -- Up-to-date: /home/vgi/ainex_ws/install/ainex_interfaces/include/ainex_interfaces/ainex_interfaces
[34.323s] -- Up-to-date: /home/vgi/ainex_ws/install/ainex_interfaces/include/ainex_interfaces/ainex_interfaces/srv
[34.323s] -- Up-to-date: /home/vgi/ainex_ws/install/ainex_interfaces/include/ainex_interfaces/ainex_interfaces/srv/detail
[34.323s] -- Installing: /home/vgi/ainex_ws/install/ainex_interfaces/include/ainex_interfaces/ainex_interfaces/srv/detail/set_motion_params__type_support.c
[34.323s] -- Installing: /home/vgi/ainex_ws/install/ainex_interfaces/include/ainex_interfaces/ainex_interfaces/srv/detail/run_gesture__type_support.c
[34.324s] -- Installing: /home/vgi/ainex_ws/install/ainex_interfaces/include/ainex_interfaces/ainex_interfaces/srv/detail/get_servo_status__type_support.c
[34.324s] -- Installing: /home/vgi/ainex_ws/install/ainex_interfaces/include/ainex_interfaces/ainex_interfaces/srv/detail/move_hand__type_support.c
[34.324s] -- Installing: /home/vgi/ainex_ws/install/ainex_interfaces/include/ainex_interfaces/ainex_interfaces/srv/detail/move_hand__rosidl_typesupport_introspection_c.h
[34.324s] -- Installing: /home/vgi/ainex_ws/install/ainex_interfaces/include/ainex_interfaces/ainex_interfaces/srv/detail/set_motion_params__rosidl_typesupport_introspection_c.h
[34.324s] -- Installing: /home/vgi/ainex_ws/install/ainex_interfaces/include/ainex_interfaces/ainex_interfaces/srv/detail/get_servo_status__rosidl_typesupport_introspection_c.h
[34.324s] -- Installing: /home/vgi/ainex_ws/install/ainex_interfaces/include/ainex_interfaces/ainex_interfaces/srv/detail/run_gesture__rosidl_typesupport_introspection_c.h
[34.324s] -- Up-to-date: /home/vgi/ainex_ws/install/ainex_interfaces/include/ainex_interfaces/ainex_interfaces/action
[34.324s] -- Up-to-date: /home/vgi/ainex_ws/install/ainex_interfaces/include/ainex_interfaces/ainex_interfaces/action/detail
[34.325s] -- Installing: /home/vgi/ainex_ws/install/ainex_interfaces/include/ainex_interfaces/ainex_interfaces/action/detail/execute_gesture__type_support.c
[34.325s] -- Installing: /home/vgi/ainex_ws/install/ainex_interfaces/include/ainex_interfaces/ainex_interfaces/action/detail/execute_gesture__rosidl_typesupport_introspection_c.h
[34.325s] -- Up-to-date: /home/vgi/ainex_ws/install/ainex_interfaces/include/ainex_interfaces/ainex_interfaces/msg
[34.325s] -- Up-to-date: /home/vgi/ainex_ws/install/ainex_interfaces/include/ainex_interfaces/ainex_interfaces/msg/rosidl_typesupport_introspection_c__visibility_control.h
[34.327s] -- Installing: /home/vgi/ainex_ws/install/ainex_interfaces/lib/libainex_interfaces__rosidl_typesupport_introspection_c.so
[34.327s] -- Set non-toolchain portion of runtime path of "/home/vgi/ainex_ws/install/ainex_interfaces/lib/libainex_interfaces__rosidl_typesupport_introspection_c.so" to ""
[34.328s] -- Installing: /home/vgi/ainex_ws/install/ainex_interfaces/lib/libainex_interfaces__rosidl_typesupport_c.so
[34.328s] -- Set non-toolchain portion of runtime path of "/home/vgi/ainex_ws/install/ainex_interfaces/lib/libainex_interfaces__rosidl_typesupport_c.so" to ""
[34.328s] -- Up-to-date: /home/vgi/ainex_ws/install/ainex_interfaces/include/ainex_interfaces/ainex_interfaces
[34.328s] -- Up-to-date: /home/vgi/ainex_ws/install/ainex_interfaces/include/ainex_interfaces/ainex_interfaces/srv
[34.328s] -- Installing: /home/vgi/ainex_ws/install/ainex_interfaces/include/ainex_interfaces/ainex_interfaces/srv/move_hand.hpp
[34.328s] -- Installing: /home/vgi/ainex_ws/install/ainex_interfaces/include/ainex_interfaces/ainex_interfaces/srv/set_motion_params.hpp
[34.328s] -- Up-to-date: /home/vgi/ainex_ws/install/ainex_interfaces/include/ainex_interfaces/ainex_interfaces/srv/detail
[34.329s] -- Installing: /home/vgi/ainex_ws/install/ainex_interfaces/include/ainex_interfaces/ainex_interfaces/srv/detail/run_gesture__builder.hpp
[34.329s] -- Installing: /home/vgi/ainex_ws/install/ainex_interfaces/include/ainex_interfaces/ainex_interfaces/srv/detail/move_hand__struct.hpp
[34.329s] -- Installing: /home/vgi/ainex_ws/install/ainex_interfaces/include/ainex_interfaces/ainex_interfaces/srv/detail/get_servo_status__struct.hpp
[34.329s] -- Installing: /home/vgi/ainex_ws/install/ainex_interfaces/include/ainex_interfaces/ainex_interfaces/srv/detail/run_gesture__type_support.hpp
[34.329s] -- Installing: /home/vgi/ainex_ws/install/ainex_interfaces/include/ainex_interfaces/ainex_interfaces/srv/detail/move_hand__type_support.hpp
[34.329s] -- Installing: /home/vgi/ainex_ws/install/ainex_interfaces/include/ainex_interfaces/ainex_interfaces/srv/detail/set_motion_params__builder.hpp
[34.329s] -- Installing: /home/vgi/ainex_ws/install/ainex_interfaces/include/ainex_interfaces/ainex_interfaces/srv/detail/get_servo_status__type_support.hpp
[34.330s] -- Installing: /home/vgi/ainex_ws/install/ainex_interfaces/include/ainex_interfaces/ainex_interfaces/srv/detail/get_servo_status__builder.hpp
[34.330s] -- Installing: /home/vgi/ainex_ws/install/ainex_interfaces/include/ainex_interfaces/ainex_interfaces/srv/detail/run_gesture__struct.hpp
[34.330s] -- Installing: /home/vgi/ainex_ws/install/ainex_interfaces/include/ainex_interfaces/ainex_interfaces/srv/detail/set_motion_params__struct.hpp
[34.330s] -- Installing: /home/vgi/ainex_ws/install/ainex_interfaces/include/ainex_interfaces/ainex_interfaces/srv/detail/get_servo_status__traits.hpp
[34.330s] -- Installing: /home/vgi/ainex_ws/install/ainex_interfaces/include/ainex_interfaces/ainex_interfaces/srv/detail/move_hand__builder.hpp
[34.330s] -- Installing: /home/vgi/ainex_ws/install/ainex_interfaces/include/ainex_interfaces/ainex_interfaces/srv/detail/run_gesture__traits.hpp
[34.331s] -- Installing: /home/vgi/ainex_ws/install/ainex_interfaces/include/ainex_interfaces/ainex_interfaces/srv/detail/set_motion_params__type_support.hpp
[34.331s] -- Installing: /home/vgi/ainex_ws/install/ainex_interfaces/include/ainex_interfaces/ainex_interfaces/srv/detail/move_hand__traits.hpp
[34.331s] -- Installing: /home/vgi/ainex_ws/install/ainex_interfaces/include/ainex_interfaces/ainex_interfaces/srv/detail/set_motion_params__traits.hpp
[34.332s] -- Installing: /home/vgi/ainex_ws/install/ainex_interfaces/include/ainex_interfaces/ainex_interfaces/srv/run_gesture.hpp
[34.332s] -- Installing: /home/vgi/ainex_ws/install/ainex_interfaces/include/ainex_interfaces/ainex_interfaces/srv/get_servo_status.hpp
[34.332s] -- Up-to-date: /home/vgi/ainex_ws/install/ainex_interfaces/include/ainex_interfaces/ainex_interfaces/action
[34.332s] -- Installing: /home/vgi/ainex_ws/install/ainex_interfaces/include/ainex_interfaces/ainex_interfaces/action/execute_gesture.hpp
[34.332s] -- Up-to-date: /home/vgi/ainex_ws/install/ainex_interfaces/include/ainex_interfaces/ainex_interfaces/action/detail
[34.333s] -- Installing: /home/vgi/ainex_ws/install/ainex_interfaces/include/ainex_interfaces/ainex_interfaces/action/detail/execute_gesture__type_support.hpp
[34.333s] -- Installing: /home/vgi/ainex_ws/install/ainex_interfaces/include/ainex_interfaces/ainex_interfaces/action/detail/execute_gesture__struct.hpp
[34.333s] -- Installing: /home/vgi/ainex_ws/install/ainex_interfaces/include/ainex_interfaces/ainex_interfaces/action/detail/execute_gesture__builder.hpp
[34.334s] -- Installing: /home/vgi/ainex_ws/install/ainex_interfaces/include/ainex_interfaces/ainex_interfaces/action/detail/execute_gesture__traits.hpp
[34.334s] -- Up-to-date: /home/vgi/ainex_ws/install/ainex_interfaces/include/ainex_interfaces/ainex_interfaces/msg
[34.334s] -- Installing: /home/vgi/ainex_ws/install/ainex_interfaces/include/ainex_interfaces/ainex_interfaces/msg/rosidl_generator_cpp__visibility_control.hpp
[34.335s] -- Up-to-date: /home/vgi/ainex_ws/install/ainex_interfaces/include/ainex_interfaces/ainex_interfaces
[34.335s] -- Up-to-date: /home/vgi/ainex_ws/install/ainex_interfaces/include/ainex_interfaces/ainex_interfaces/srv
[34.335s] -- Up-to-date: /home/vgi/ainex_ws/install/ainex_interfaces/include/ainex_interfaces/ainex_interfaces/srv/detail
[34.335s] -- Up-to-date: /home/vgi/ainex_ws/install/ainex_interfaces/include/ainex_interfaces/ainex_interfaces/srv/detail/dds_fastrtps
[34.335s] -- Installing: /home/vgi/ainex_ws/install/ainex_interfaces/include/ainex_interfaces/ainex_interfaces/srv/detail/set_motion_params__rosidl_typesupport_fastrtps_cpp.hpp
[34.335s] -- Installing: /home/vgi/ainex_ws/install/ainex_interfaces/include/ainex_interfaces/ainex_interfaces/srv/detail/move_hand__rosidl_typesupport_fastrtps_cpp.hpp
[34.336s] -- Installing: /home/vgi/ainex_ws/install/ainex_interfaces/include/ainex_interfaces/ainex_interfaces/srv/detail/get_servo_status__rosidl_typesupport_fastrtps_cpp.hpp
[34.336s] -- Installing: /home/vgi/ainex_ws/install/ainex_interfaces/include/ainex_interfaces/ainex_interfaces/srv/detail/run_gesture__rosidl_typesupport_fastrtps_cpp.hpp
[34.336s] -- Up-to-date: /home/vgi/ainex_ws/install/ainex_interfaces/include/ainex_interfaces/ainex_interfaces/action
[34.336s] -- Up-to-date: /home/vgi/ainex_ws/install/ainex_interfaces/include/ainex_interfaces/ainex_interfaces/action/detail
[34.337s] -- Up-to-date: /home/vgi/ainex_ws/install/ainex_interfaces/include/ainex_interfaces/ainex_interfaces/action/detail/dds_fastrtps
[34.337s] -- Installing: /home/vgi/ainex_ws/install/ainex_interfaces/include/ainex_interfaces/ainex_interfaces/action/detail/execute_gesture__rosidl_typesupport_fastrtps_cpp.hpp
[34.337s] -- Up-to-date: /home/vgi/ainex_ws/install/ainex_interfaces/include/ainex_interfaces/ainex_interfaces/msg
[34.337s] -- Up-to-date: /home/vgi/ainex_ws/install/ainex_interfaces/include/ainex_interfaces/ainex_interfaces/msg/rosidl_typesupport_fastrtps_cpp__visibility_control.h
[34.338s] -- Installing: /home/vgi/ainex_ws/install/ainex_interfaces/lib/libainex_interfaces__rosidl_typesupport_fastrtps_cpp.so
[34.342s] -- Set non-toolchain portion of runtime path of "/home/vgi/ainex_ws/install/ainex_interfaces/lib/libainex_interfaces__rosidl_typesupport_fastrtps_cpp.so" to ""
[34.342s] -- Up-to-date: /home/vgi/ainex_ws/install/ainex_interfaces/include/ainex_interfaces/ainex_interfaces
[34.342s] -- Up-to-date: /home/vgi/ainex_ws/install/ainex_interfaces/include/ainex_interfaces/ainex_interfaces/srv
[34.342s] -- Up-to-date: /home/vgi/ainex_ws/install/ainex_interfaces/include/ainex_interfaces/ainex_interfaces/srv/detail
[34.343s] -- Installing: /home/vgi/ainex_ws/install/ainex_interfaces/include/ainex_interfaces/ainex_interfaces/srv/detail/get_servo_status__type_support.cpp
[34.343s] -- Installing: /home/vgi/ainex_ws/install/ainex_interfaces/include/ainex_interfaces/ainex_interfaces/srv/detail/move_hand__rosidl_typesupport_introspection_cpp.hpp
[34.343s] -- Installing: /home/vgi/ainex_ws/install/ainex_interfaces/include/ainex_interfaces/ainex_interfaces/srv/detail/move_hand__type_support.cpp
[34.344s] -- Installing: /home/vgi/ainex_ws/install/ainex_interfaces/include/ainex_interfaces/ainex_interfaces/srv/detail/run_gesture__type_support.cpp
[34.344s] -- Installing: /home/vgi/ainex_ws/install/ainex_interfaces/include/ainex_interfaces/ainex_interfaces/srv/detail/set_motion_params__rosidl_typesupport_introspection_cpp.hpp
[34.344s] -- Installing: /home/vgi/ainex_ws/install/ainex_interfaces/include/ainex_interfaces/ainex_interfaces/srv/detail/get_servo_status__rosidl_typesupport_introspection_cpp.hpp
[34.345s] -- Installing: /home/vgi/ainex_ws/install/ainex_interfaces/include/ainex_interfaces/ainex_interfaces/srv/detail/run_gesture__rosidl_typesupport_introspection_cpp.hpp
[34.345s] -- Installing: /home/vgi/ainex_ws/install/ainex_interfaces/include/ainex_interfaces/ainex_interfaces/srv/detail/set_motion_params__type_support.cpp
[34.345s] -- Up-to-date: /home/vgi/ainex_ws/install/ainex_interfaces/include/ainex_interfaces/ainex_interfaces/action
[34.345s] -- Up-to-date: /home/vgi/ainex_ws/install/ainex_interfaces/include/ainex_interfaces/ainex_interfaces/action/detail
[34.345s] -- Installing: /home/vgi/ainex_ws/install/ainex_interfaces/include/ainex_interfaces/ainex_interfaces/action/detail/execute_gesture__type_support.cpp
[34.346s] -- Installing: /home/vgi/ainex_ws/install/ainex_interfaces/include/ainex_interfaces/ainex_interfaces/action/detail/execute_gesture__rosidl_typesupport_introspection_cpp.hpp
[34.347s] -- Installing: /home/vgi/ainex_ws/install/ainex_interfaces/lib/libainex_interfaces__rosidl_typesupport_introspection_cpp.so
[34.350s] -- Set non-toolchain portion of runtime path of "/home/vgi/ainex_ws/install/ainex_interfaces/lib/libainex_interfaces__rosidl_typesupport_introspection_cpp.so" to ""
[34.350s] -- Installing: /home/vgi/ainex_ws/install/ainex_interfaces/lib/libainex_interfaces__rosidl_typesupport_cpp.so
[34.352s] -- Set non-toolchain portion of runtime path of "/home/vgi/ainex_ws/install/ainex_interfaces/lib/libainex_interfaces__rosidl_typesupport_cpp.so" to ""
[34.353s] -- Up-to-date: /home/vgi/ainex_ws/install/ainex_interfaces/share/ainex_interfaces/environment/pythonpath.sh
[34.353s] -- Up-to-date: /home/vgi/ainex_ws/install/ainex_interfaces/share/ainex_interfaces/environment/pythonpath.dsv
[34.353s] -- Up-to-date: /home/vgi/ainex_ws/install/ainex_interfaces/lib/python3.12/site-packages/ainex_interfaces-0.0.0-py3.12.egg-info
[34.353s] -- Installing: /home/vgi/ainex_ws/install/ainex_interfaces/lib/python3.12/site-packages/ainex_interfaces-0.0.0-py3.12.egg-info/dependency_links.txt
[34.353s] -- Installing: /home/vgi/ainex_ws/install/ainex_interfaces/lib/python3.12/site-packages/ainex_interfaces-0.0.0-py3.12.egg-info/PKG-INFO
[34.353s] -- Installing: /home/vgi/ainex_ws/install/ainex_interfaces/lib/python3.12/site-packages/ainex_interfaces-0.0.0-py3.12.egg-info/top_level.txt
[34.354s] -- Installing: /home/vgi/ainex_ws/install/ainex_interfaces/lib/python3.12/site-packages/ainex_interfaces-0.0.0-py3.12.egg-info/SOURCES.txt
[34.354s] -- Up-to-date: /home/vgi/ainex_ws/install/ainex_interfaces/lib/python3.12/site-packages/ainex_interfaces
[34.354s] -- Installing: /home/vgi/ainex_ws/install/ainex_interfaces/lib/python3.12/site-packages/ainex_interfaces/ainex_interfaces_s__rosidl_typesupport_introspection_c.so
[34.354s] -- Installing: /home/vgi/ainex_ws/install/ainex_interfaces/lib/python3.12/site-packages/ainex_interfaces/ainex_interfaces_s__rosidl_typesupport_fastrtps_c.so
[34.355s] -- Up-to-date: /home/vgi/ainex_ws/install/ainex_interfaces/lib/python3.12/site-packages/ainex_interfaces/srv
[34.355s] -- Installing: /home/vgi/ainex_ws/install/ainex_interfaces/lib/python3.12/site-packages/ainex_interfaces/srv/_move_hand.py
[34.355s] -- Installing: /home/vgi/ainex_ws/install/ainex_interfaces/lib/python3.12/site-packages/ainex_interfaces/srv/_set_motion_params_s.c
[34.355s] -- Installing: /home/vgi/ainex_ws/install/ainex_interfaces/lib/python3.12/site-packages/ainex_interfaces/srv/_set_motion_params.py
[34.356s] -- Installing: /home/vgi/ainex_ws/install/ainex_interfaces/lib/python3.12/site-packages/ainex_interfaces/srv/_get_servo_status.py
[34.356s] -- Installing: /home/vgi/ainex_ws/install/ainex_interfaces/lib/python3.12/site-packages/ainex_interfaces/srv/_run_gesture_s.c
[34.356s] -- Installing: /home/vgi/ainex_ws/install/ainex_interfaces/lib/python3.12/site-packages/ainex_interfaces/srv/__init__.py
[34.356s] -- Installing: /home/vgi/ainex_ws/install/ainex_interfaces/lib/python3.12/site-packages/ainex_interfaces/srv/_get_servo_status_s.c
[34.357s] -- Installing: /home/vgi/ainex_ws/install/ainex_interfaces/lib/python3.12/site-packages/ainex_interfaces/srv/_run_gesture.py
[34.357s] -- Installing: /home/vgi/ainex_ws/install/ainex_interfaces/lib/python3.12/site-packages/ainex_interfaces/srv/_move_hand_s.c
[34.357s] -- Up-to-date: /home/vgi/ainex_ws/install/ainex_interfaces/lib/python3.12/site-packages/ainex_interfaces/action
[34.357s] -- Installing: /home/vgi/ainex_ws/install/ainex_interfaces/lib/python3.12/site-packages/ainex_interfaces/action/_execute_gesture.py
[34.358s] -- Installing: /home/vgi/ainex_ws/install/ainex_interfaces/lib/python3.12/site-packages/ainex_interfaces/action/_execute_gesture_s.c
[34.358s] -- Installing: /home/vgi/ainex_ws/install/ainex_interfaces/lib/python3.12/site-packages/ainex_interfaces/action/__init__.py
[34.358s] -- Installing: /home/vgi/ainex_ws/install/ainex_interfaces/lib/python3.12/site-packages/ainex_interfaces/_ainex_interfaces_s.ep.rosidl_typesupport_introspection_c.c
[34.359s] -- Installing: /home/vgi/ainex_ws/install/ainex_interfaces/lib/python3.12/site-packages/ainex_interfaces/__init__.py
[34.359s] -- Installing: /home/vgi/ainex_ws/install/ainex_interfaces/lib/python3.12/site-packages/ainex_interfaces/_ainex_interfaces_s.ep.rosidl_typesupport_c.c
[34.360s] -- Installing: /home/vgi/ainex_ws/install/ainex_interfaces/lib/python3.12/site-packages/ainex_interfaces/ainex_interfaces_s__rosidl_typesupport_c.so
[34.360s] -- Installing: /home/vgi/ainex_ws/install/ainex_interfaces/lib/python3.12/site-packages/ainex_interfaces/_ainex_interfaces_s.ep.rosidl_typesupport_fastrtps_c.c
[34.536s] Listing '/home/vgi/ainex_ws/install/ainex_interfaces/lib/python3.12/site-packages/ainex_interfaces'...
[34.536s] Compiling '/home/vgi/ainex_ws/install/ainex_interfaces/lib/python3.12/site-packages/ainex_interfaces/__init__.py'...
[34.537s] Listing '/home/vgi/ainex_ws/install/ainex_interfaces/lib/python3.12/site-packages/ainex_interfaces/action'...
[34.537s] Compiling '/home/vgi/ainex_ws/install/ainex_interfaces/lib/python3.12/site-packages/ainex_interfaces/action/__init__.py'...
[34.537s] Compiling '/home/vgi/ainex_ws/install/ainex_interfaces/lib/python3.12/site-packages/ainex_interfaces/action/_execute_gesture.py'...
[34.537s] Listing '/home/vgi/ainex_ws/install/ainex_interfaces/lib/python3.12/site-packages/ainex_interfaces/srv'...
[34.537s] Compiling '/home/vgi/ainex_ws/install/ainex_interfaces/lib/python3.12/site-packages/ainex_interfaces/srv/__init__.py'...
[34.537s] Compiling '/home/vgi/ainex_ws/install/ainex_interfaces/lib/python3.12/site-packages/ainex_interfaces/srv/_get_servo_status.py'...
[34.537s] Compiling '/home/vgi/ainex_ws/install/ainex_interfaces/lib/python3.12/site-packages/ainex_interfaces/srv/_move_hand.py'...
[34.537s] Compiling '/home/vgi/ainex_ws/install/ainex_interfaces/lib/python3.12/site-packages/ainex_interfaces/srv/_run_gesture.py'...
[34.538s] Compiling '/home/vgi/ainex_ws/install/ainex_interfaces/lib/python3.12/site-packages/ainex_interfaces/srv/_set_motion_params.py'...
[34.564s] -- Installing: /home/vgi/ainex_ws/install/ainex_interfaces/lib/python3.12/site-packages/ainex_interfaces/ainex_interfaces_s__rosidl_typesupport_fastrtps_c.so
[34.564s] -- Set non-toolchain portion of runtime path of "/home/vgi/ainex_ws/install/ainex_interfaces/lib/python3.12/site-packages/ainex_interfaces/ainex_interfaces_s__rosidl_typesupport_fastrtps_c.so" to ""
[34.564s] -- Installing: /home/vgi/ainex_ws/install/ainex_interfaces/lib/python3.12/site-packages/ainex_interfaces/ainex_interfaces_s__rosidl_typesupport_introspection_c.so
[34.565s] -- Set non-toolchain portion of runtime path of "/home/vgi/ainex_ws/install/ainex_interfaces/lib/python3.12/site-packages/ainex_interfaces/ainex_interfaces_s__rosidl_typesupport_introspection_c.so" to ""
[34.565s] -- Installing: /home/vgi/ainex_ws/install/ainex_interfaces/lib/python3.12/site-packages/ainex_interfaces/ainex_interfaces_s__rosidl_typesupport_c.so
[34.565s] -- Set non-toolchain portion of runtime path of "/home/vgi/ainex_ws/install/ainex_interfaces/lib/python3.12/site-packages/ainex_interfaces/ainex_interfaces_s__rosidl_typesupport_c.so" to ""
[34.565s] -- Installing: /home/vgi/ainex_ws/install/ainex_interfaces/lib/libainex_interfaces__rosidl_generator_py.so
[34.566s] -- Set non-toolchain portion of runtime path of "/home/vgi/ainex_ws/install/ainex_interfaces/lib/libainex_interfaces__rosidl_generator_py.so" to ""
[34.566s] -- Up-to-date: /home/vgi/ainex_ws/install/ainex_interfaces/share/ainex_interfaces/srv/MoveHand.idl
[34.566s] -- Up-to-date: /home/vgi/ainex_ws/install/ainex_interfaces/share/ainex_interfaces/srv/RunGesture.idl
[34.566s] -- Up-to-date: /home/vgi/ainex_ws/install/ainex_interfaces/share/ainex_interfaces/srv/SetMotionParams.idl
[34.567s] -- Installing: /home/vgi/ainex_ws/install/ainex_interfaces/share/ainex_interfaces/srv/GetServoStatus.idl
[34.568s] -- Up-to-date: /home/vgi/ainex_ws/install/ainex_interfaces/share/ainex_interfaces/action/ExecuteGesture.idl
[34.569s] -- Up-to-date: /home/vgi/ainex_ws/install/ainex_interfaces/share/ainex_interfaces/srv/MoveHand.srv
[34.569s] -- Up-to-date: /home/vgi/ainex_ws/install/ainex_interfaces/share/ainex_interfaces/srv/RunGesture.srv
[34.570s] -- Up-to-date: /home/vgi/ainex_ws/install/ainex_interfaces/share/ainex_interfaces/srv/SetMotionParams.srv
[34.570s] -- Installing: /home/vgi/ainex_ws/install/ainex_interfaces/share/ainex_interfaces/srv/GetServoStatus.srv
[34.570s] -- Up-to-date: /home/vgi/ainex_ws/install/ainex_interfaces/share/ainex_interfaces/action/ExecuteGesture.action
[34.571s] -- Up-to-date: /home/vgi/ainex_ws/install/ainex_interfaces/share/ament_index/resource_index/package_run_dependencies/ainex_interfaces
[34.571s] -- Up-to-date: /home/vgi/ainex_ws/install/ainex_interfaces/share/ament_index/resource_index/parent_prefix_path/ainex_interfaces
[34.571s] -- Up-to-date: /home/vgi/ainex_ws/install/ainex_interfaces/share/ainex_interfaces/environment/ament_prefix_path.sh
[34.572s] -- Up-to-date: /home/vgi/ainex_ws/install/ainex_interfaces/share/ainex_interfaces/environment/ament_prefix_path.dsv
[34.573s] -- Up-to-date: /home/vgi/ainex_ws/install/ainex_interfaces/share/ainex_interfaces/environment/path.sh
[34.573s] -- Up-to-date: /home/vgi/ainex_ws/install/ainex_interfaces/share/ainex_interfaces/environment/path.dsv
[34.573s] -- Up-to-date: /home/vgi/ainex_ws/install/ainex_interfaces/share/ainex_interfaces/local_setup.bash
[34.573s] -- Up-to-date: /home/vgi/ainex_ws/install/ainex_interfaces/share/ainex_interfaces/local_setup.sh
[34.573s] -- Up-to-date: /home/vgi/ainex_ws/install/ainex_interfaces/share/ainex_interfaces/local_setup.zsh
[34.573s] -- Up-to-date: /home/vgi/ainex_ws/install/ainex_interfaces/share/ainex_interfaces/local_setup.dsv
[34.573s] -- Installing: /home/vgi/ainex_ws/install/ainex_interfaces/share/ainex_interfaces/package.dsv
[34.573s] -- Up-to-date: /home/vgi/ainex_ws/install/ainex_interfaces/share/ament_index/resource_index/packages/ainex_interfaces
[34.574s] -- Up-to-date: /home/vgi/ainex_ws/install/ainex_interfaces/share/ainex_interfaces/cmake/export_ainex_interfaces__rosidl_generator_cExport.cmake
[34.574s] -- Up-to-date: /home/vgi/ainex_ws/install/ainex_interfaces/share/ainex_interfaces/cmake/export_ainex_interfaces__rosidl_generator_cExport-noconfig.cmake
[34.574s] -- Up-to-date: /home/vgi/ainex_ws/install/ainex_interfaces/share/ainex_interfaces/cmake/export_ainex_interfaces__rosidl_typesupport_fastrtps_cExport.cmake
[34.574s] -- Up-to-date: /home/vgi/ainex_ws/install/ainex_interfaces/share/ainex_interfaces/cmake/export_ainex_interfaces__rosidl_typesupport_fastrtps_cExport-noconfig.cmake
[34.577s] -- Up-to-date: /home/vgi/ainex_ws/install/ainex_interfaces/share/ainex_interfaces/cmake/ainex_interfaces__rosidl_typesupport_introspection_cExport.cmake
[34.578s] -- Up-to-date: /home/vgi/ainex_ws/install/ainex_interfaces/share/ainex_interfaces/cmake/ainex_interfaces__rosidl_typesupport_introspection_cExport-noconfig.cmake
[34.578s] -- Up-to-date: /home/vgi/ainex_ws/install/ainex_interfaces/share/ainex_interfaces/cmake/ainex_interfaces__rosidl_typesupport_cExport.cmake
[34.578s] -- Up-to-date: /home/vgi/ainex_ws/install/ainex_interfaces/share/ainex_interfaces/cmake/ainex_interfaces__rosidl_typesupport_cExport-noconfig.cmake
[34.579s] -- Up-to-date: /home/vgi/ainex_ws/install/ainex_interfaces/share/ainex_interfaces/cmake/export_ainex_interfaces__rosidl_generator_cppExport.cmake
[34.579s] -- Up-to-date: /home/vgi/ainex_ws/install/ainex_interfaces/share/ainex_interfaces/cmake/export_ainex_interfaces__rosidl_typesupport_fastrtps_cppExport.cmake
[34.579s] -- Up-to-date: /home/vgi/ainex_ws/install/ainex_interfaces/share/ainex_interfaces/cmake/export_ainex_interfaces__rosidl_typesupport_fastrtps_cppExport-noconfig.cmake
[34.579s] -- Up-to-date: /home/vgi/ainex_ws/install/ainex_interfaces/share/ainex_interfaces/cmake/ainex_interfaces__rosidl_typesupport_introspection_cppExport.cmake
[34.579s] -- Up-to-date: /home/vgi/ainex_ws/install/ainex_interfaces/share/ainex_interfaces/cmake/ainex_interfaces__rosidl_typesupport_introspection_cppExport-noconfig.cmake
[34.579s] -- Up-to-date: /home/vgi/ainex_ws/install/ainex_interfaces/share/ainex_interfaces/cmake/ainex_interfaces__rosidl_typesupport_cppExport.cmake
[34.580s] -- Up-to-date: /home/vgi/ainex_ws/install/ainex_interfaces/share/ainex_interfaces/cmake/ainex_interfaces__rosidl_typesupport_cppExport-noconfig.cmake
[34.580s] -- Up-to-date: /home/vgi/ainex_ws/install/ainex_interfaces/share/ainex_interfaces/cmake/export_ainex_interfaces__rosidl_generator_pyExport.cmake
[34.580s] -- Up-to-date: /home/vgi/ainex_ws/install/ainex_interfaces/share/ainex_interfaces/cmake/export_ainex_interfaces__rosidl_generator_pyExport-noconfig.cmake
[34.580s] -- Up-to-date: /home/vgi/ainex_ws/install/ainex_interfaces/share/ainex_interfaces/cmake/rosidl_cmake-extras.cmake
[34.580s] -- Up-to-date: /home/vgi/ainex_ws/install/ainex_interfaces/share/ainex_interfaces/cmake/ament_cmake_export_dependencies-extras.cmake
[34.581s] -- Up-to-date: /home/vgi/ainex_ws/install/ainex_interfaces/share/ainex_interfaces/cmake/ament_cmake_export_include_directories-extras.cmake
[34.581s] -- Up-to-date: /home/vgi/ainex_ws/install/ainex_interfaces/share/ainex_interfaces/cmake/ament_cmake_export_libraries-extras.cmake
[34.581s] -- Up-to-date: /home/vgi/ainex_ws/install/ainex_interfaces/share/ainex_interfaces/cmake/ament_cmake_export_targets-extras.cmake
[34.581s] -- Up-to-date: /home/vgi/ainex_ws/install/ainex_interfaces/share/ainex_interfaces/cmake/rosidl_cmake_export_typesupport_targets-extras.cmake
[34.582s] -- Up-to-date: /home/vgi/ainex_ws/install/ainex_interfaces/share/ainex_interfaces/cmake/rosidl_cmake_export_typesupport_libraries-extras.cmake
[34.582s] -- Up-to-date: /home/vgi/ainex_ws/install/ainex_interfaces/share/ainex_interfaces/cmake/ainex_interfacesConfig.cmake
[34.582s] -- Up-to-date: /home/vgi/ainex_ws/install/ainex_interfaces/share/ainex_interfaces/cmake/ainex_interfacesConfig-version.cmake
[34.582s] -- Up-to-date: /home/vgi/ainex_ws/install/ainex_interfaces/share/ainex_interfaces/package.xml
[34.591s] Invoked command in '/home/vgi/ainex_ws/build/ainex_interfaces' returned '0': CMAKE_PREFIX_PATH=${CMAKE_PREFIX_PATH}:/home/vgi/ainex_ws/install/ainex_arm:/home/vgi/robot_ws/install/robot_arm:/opt/ros/jazzy DEBUGINFOD_URLS=https://debuginfod.ubuntu.com /usr/bin/cmake --install /home/vgi/ainex_ws/build/ainex_interfaces
