[0.024s] Invoking command in '/home/vgi/ainex_ws/build/ainex_interfaces': CMAKE_PREFIX_PATH=${CMAKE_PREFIX_PATH}:/home/vgi/ainex_ws/install/ainex_arm:/home/vgi/robot_ws/install/robot_arm:/opt/ros/jazzy DEBUGINFOD_URLS=https://debuginfod.ubuntu.com /usr/bin/cmake --build /home/vgi/ainex_ws/build/ainex_interfaces -- -j4 -l4
[0.092s] -- Found ament_cmake: 2.5.4 (/opt/ros/jazzy/share/ament_cmake/cmake)
[0.152s] -- Found Python3: /usr/bin/python3 (found version "3.12.3") found components: Interpreter 
[0.373s] -- Found rosidl_default_generators: 1.6.0 (/opt/ros/jazzy/share/rosidl_default_generators/cmake)
[0.388s] -- Using all available rosidl_typesupport_c: rosidl_typesupport_fastrtps_c;rosidl_typesupport_introspection_c
[0.539s] -- Using all available rosidl_typesupport_cpp: rosidl_typesupport_fastrtps_cpp;rosidl_typesupport_introspection_cpp
[0.642s] -- Found rosidl_adapter: 4.6.5 (/opt/ros/jazzy/share/rosidl_adapter/cmake)
[1.361s] -- Found ament_cmake_ros: 0.12.0 (/opt/ros/jazzy/share/ament_cmake_ros/cmake)
[1.539s] -- Using all available rosidl_typesupport_c: rosidl_typesupport_fastrtps_c;rosidl_typesupport_introspection_c
[1.780s] -- Using all available rosidl_typesupport_cpp: rosidl_typesupport_fastrtps_cpp;rosidl_typesupport_introspection_cpp
[1.783s] -- Found python_cmake_module: 0.11.1 (/opt/ros/jazzy/share/python_cmake_module/cmake)
[2.303s] -- Found Python3: /usr/bin/python3 (found version "3.12.3") found components: Interpreter Development NumPy Development.Module Development.Embed 
[2.329s] -- Found ament_lint_auto: 0.17.2 (/opt/ros/jazzy/share/ament_lint_auto/cmake)
[2.368s] -- Added test 'lint_cmake' to check CMake code style
[2.371s] -- Added test 'xmllint' to check XML markup files
[2.381s] -- Configuring done (2.3s)
[2.639s] -- Generating done (0.2s)
[2.696s] -- Build files have been written to: /home/vgi/ainex_ws/build/ainex_interfaces
[2.774s] [  1%] [34m[1mGenerating type hashes for ROS interfaces[0m
[2.806s] [  1%] Built target ament_cmake_python_copy_ainex_interfaces
[3.496s] running egg_info
[3.557s] writing ainex_interfaces.egg-info/PKG-INFO
[3.558s] writing dependency_links to ainex_interfaces.egg-info/dependency_links.txt
[3.564s] writing top-level names to ainex_interfaces.egg-info/top_level.txt
[3.577s] [  1%] Built target ainex_interfaces__rosidl_generator_type_description
[3.626s] [  2%] [34m[1mGenerating C code for ROS interfaces[0m
[3.670s] [  4%] [34m[1mGenerating C++ code for ROS interfaces[0m
[3.747s] reading manifest file 'ainex_interfaces.egg-info/SOURCES.txt'
[3.757s] writing manifest file 'ainex_interfaces.egg-info/SOURCES.txt'
[3.965s] [  4%] Built target ament_cmake_python_build_ainex_interfaces_egg
[6.045s] [  4%] Built target ainex_interfaces__cpp
[6.409s] [  5%] [32mBuilding C object CMakeFiles/ainex_interfaces__rosidl_generator_c.dir/rosidl_generator_c/ainex_interfaces/srv/detail/move_hand__description.c.o[0m
[6.411s] [  6%] [32mBuilding C object CMakeFiles/ainex_interfaces__rosidl_generator_c.dir/rosidl_generator_c/ainex_interfaces/srv/detail/move_hand__functions.c.o[0m
[6.430s] [  8%] [32mBuilding C object CMakeFiles/ainex_interfaces__rosidl_generator_c.dir/rosidl_generator_c/ainex_interfaces/srv/detail/move_hand__type_support.c.o[0m
[6.432s] [  9%] [32mBuilding C object CMakeFiles/ainex_interfaces__rosidl_generator_c.dir/rosidl_generator_c/ainex_interfaces/srv/detail/run_gesture__description.c.o[0m
[6.879s] [ 10%] [32mBuilding C object CMakeFiles/ainex_interfaces__rosidl_generator_c.dir/rosidl_generator_c/ainex_interfaces/srv/detail/run_gesture__functions.c.o[0m
[6.887s] [ 12%] [32mBuilding C object CMakeFiles/ainex_interfaces__rosidl_generator_c.dir/rosidl_generator_c/ainex_interfaces/srv/detail/run_gesture__type_support.c.o[0m
[6.906s] [ 13%] [32mBuilding C object CMakeFiles/ainex_interfaces__rosidl_generator_c.dir/rosidl_generator_c/ainex_interfaces/srv/detail/set_motion_params__description.c.o[0m
[6.932s] [ 14%] [32mBuilding C object CMakeFiles/ainex_interfaces__rosidl_generator_c.dir/rosidl_generator_c/ainex_interfaces/srv/detail/set_motion_params__functions.c.o[0m
[7.000s] [ 16%] [32mBuilding C object CMakeFiles/ainex_interfaces__rosidl_generator_c.dir/rosidl_generator_c/ainex_interfaces/srv/detail/set_motion_params__type_support.c.o[0m
[7.073s] [ 17%] [32mBuilding C object CMakeFiles/ainex_interfaces__rosidl_generator_c.dir/rosidl_generator_c/ainex_interfaces/srv/detail/get_servo_status__description.c.o[0m
[7.139s] [ 18%] [32mBuilding C object CMakeFiles/ainex_interfaces__rosidl_generator_c.dir/rosidl_generator_c/ainex_interfaces/srv/detail/get_servo_status__functions.c.o[0m
[7.146s] [ 20%] [32mBuilding C object CMakeFiles/ainex_interfaces__rosidl_generator_c.dir/rosidl_generator_c/ainex_interfaces/srv/detail/get_servo_status__type_support.c.o[0m
[7.216s] [ 21%] [32mBuilding C object CMakeFiles/ainex_interfaces__rosidl_generator_c.dir/rosidl_generator_c/ainex_interfaces/action/detail/execute_gesture__description.c.o[0m
[7.274s] [ 22%] [32mBuilding C object CMakeFiles/ainex_interfaces__rosidl_generator_c.dir/rosidl_generator_c/ainex_interfaces/action/detail/execute_gesture__functions.c.o[0m
[7.308s] [ 24%] [32mBuilding C object CMakeFiles/ainex_interfaces__rosidl_generator_c.dir/rosidl_generator_c/ainex_interfaces/action/detail/execute_gesture__type_support.c.o[0m
[7.696s] [ 25%] [32m[1mLinking C shared library libainex_interfaces__rosidl_generator_c.so[0m
[7.862s] [ 25%] Built target ainex_interfaces__rosidl_generator_c
[7.888s] [ 27%] [34m[1mGenerating C introspection for ROS interfaces[0m
[7.892s] [ 28%] [34m[1mGenerating C++ type support dispatch for ROS interfaces[0m
[7.904s] [ 31%] [34m[1mGenerating C type support dispatch for ROS interfaces[0m
[7.904s] [ 31%] [34m[1mGenerating C type support for eProsima Fast-RTPS[0m
[9.394s] [ 32%] [32mBuilding CXX object CMakeFiles/ainex_interfaces__rosidl_typesupport_cpp.dir/rosidl_typesupport_cpp/ainex_interfaces/srv/move_hand__type_support.cpp.o[0m
[9.474s] [ 33%] [32mBuilding CXX object CMakeFiles/ainex_interfaces__rosidl_typesupport_c.dir/rosidl_typesupport_c/ainex_interfaces/srv/move_hand__type_support.cpp.o[0m
[9.989s] [ 35%] [32mBuilding CXX object CMakeFiles/ainex_interfaces__rosidl_typesupport_c.dir/rosidl_typesupport_c/ainex_interfaces/srv/run_gesture__type_support.cpp.o[0m
[10.195s] [ 36%] [32mBuilding CXX object CMakeFiles/ainex_interfaces__rosidl_typesupport_c.dir/rosidl_typesupport_c/ainex_interfaces/srv/set_motion_params__type_support.cpp.o[0m
[10.221s] [ 37%] [32mBuilding C object CMakeFiles/ainex_interfaces__rosidl_typesupport_introspection_c.dir/rosidl_typesupport_introspection_c/ainex_interfaces/srv/detail/move_hand__type_support.c.o[0m
[10.364s] [ 39%] [32mBuilding CXX object CMakeFiles/ainex_interfaces__rosidl_typesupport_c.dir/rosidl_typesupport_c/ainex_interfaces/srv/get_servo_status__type_support.cpp.o[0m
[10.501s] [ 40%] [32mBuilding C object CMakeFiles/ainex_interfaces__rosidl_typesupport_introspection_c.dir/rosidl_typesupport_introspection_c/ainex_interfaces/srv/detail/run_gesture__type_support.c.o[0m
[10.616s] [ 41%] [32mBuilding CXX object CMakeFiles/ainex_interfaces__rosidl_typesupport_c.dir/rosidl_typesupport_c/ainex_interfaces/action/execute_gesture__type_support.cpp.o[0m
[10.734s] [ 43%] [32mBuilding C object CMakeFiles/ainex_interfaces__rosidl_typesupport_introspection_c.dir/rosidl_typesupport_introspection_c/ainex_interfaces/srv/detail/set_motion_params__type_support.c.o[0m
[10.872s] [ 44%] [32mBuilding CXX object CMakeFiles/ainex_interfaces__rosidl_typesupport_fastrtps_c.dir/rosidl_typesupport_fastrtps_c/ainex_interfaces/srv/detail/move_hand__type_support_c.cpp.o[0m
[10.933s] [ 45%] [32m[1mLinking CXX shared library libainex_interfaces__rosidl_typesupport_c.so[0m
[11.099s] [ 45%] Built target ainex_interfaces__rosidl_typesupport_c
[11.132s] [ 47%] [32mBuilding C object CMakeFiles/ainex_interfaces__rosidl_typesupport_introspection_c.dir/rosidl_typesupport_introspection_c/ainex_interfaces/srv/detail/get_servo_status__type_support.c.o[0m
[11.139s] [ 48%] [34m[1mGenerating C++ type support for eProsima Fast-RTPS[0m
[11.363s] [ 50%] [32mBuilding C object CMakeFiles/ainex_interfaces__rosidl_typesupport_introspection_c.dir/rosidl_typesupport_introspection_c/ainex_interfaces/action/detail/execute_gesture__type_support.c.o[0m
[11.798s] [ 51%] [32m[1mLinking C shared library libainex_interfaces__rosidl_typesupport_introspection_c.so[0m
[11.854s] [ 52%] [32mBuilding CXX object CMakeFiles/ainex_interfaces__rosidl_typesupport_cpp.dir/rosidl_typesupport_cpp/ainex_interfaces/srv/run_gesture__type_support.cpp.o[0m
[11.921s] [ 52%] Built target ainex_interfaces__rosidl_typesupport_introspection_c
[11.979s] [ 54%] [32mBuilding CXX object CMakeFiles/ainex_interfaces__rosidl_typesupport_fastrtps_c.dir/rosidl_typesupport_fastrtps_c/ainex_interfaces/srv/detail/run_gesture__type_support_c.cpp.o[0m
[13.443s] [ 55%] [32mBuilding CXX object CMakeFiles/ainex_interfaces__rosidl_typesupport_cpp.dir/rosidl_typesupport_cpp/ainex_interfaces/srv/set_motion_params__type_support.cpp.o[0m
[13.950s] [ 56%] [32mBuilding CXX object CMakeFiles/ainex_interfaces__rosidl_typesupport_cpp.dir/rosidl_typesupport_cpp/ainex_interfaces/srv/get_servo_status__type_support.cpp.o[0m
[14.358s] [ 58%] [32mBuilding CXX object CMakeFiles/ainex_interfaces__rosidl_typesupport_fastrtps_c.dir/rosidl_typesupport_fastrtps_c/ainex_interfaces/srv/detail/set_motion_params__type_support_c.cpp.o[0m
[15.042s] [ 59%] [32mBuilding CXX object CMakeFiles/ainex_interfaces__rosidl_typesupport_cpp.dir/rosidl_typesupport_cpp/ainex_interfaces/action/execute_gesture__type_support.cpp.o[0m
[15.156s] [ 60%] [32mBuilding CXX object CMakeFiles/ainex_interfaces__rosidl_typesupport_fastrtps_cpp.dir/rosidl_typesupport_fastrtps_cpp/ainex_interfaces/srv/detail/dds_fastrtps/move_hand__type_support.cpp.o[0m
[15.809s] [ 62%] [32mBuilding CXX object CMakeFiles/ainex_interfaces__rosidl_typesupport_fastrtps_cpp.dir/rosidl_typesupport_fastrtps_cpp/ainex_interfaces/srv/detail/dds_fastrtps/run_gesture__type_support.cpp.o[0m
[16.056s] [ 63%] [32mBuilding CXX object CMakeFiles/ainex_interfaces__rosidl_typesupport_fastrtps_c.dir/rosidl_typesupport_fastrtps_c/ainex_interfaces/srv/detail/get_servo_status__type_support_c.cpp.o[0m
[18.060s] [ 64%] [32mBuilding CXX object CMakeFiles/ainex_interfaces__rosidl_typesupport_fastrtps_cpp.dir/rosidl_typesupport_fastrtps_cpp/ainex_interfaces/srv/detail/dds_fastrtps/set_motion_params__type_support.cpp.o[0m
[18.147s] [ 66%] [32mBuilding CXX object CMakeFiles/ainex_interfaces__rosidl_typesupport_fastrtps_cpp.dir/rosidl_typesupport_fastrtps_cpp/ainex_interfaces/srv/detail/dds_fastrtps/get_servo_status__type_support.cpp.o[0m
[18.808s] [ 67%] [32mBuilding CXX object CMakeFiles/ainex_interfaces__rosidl_typesupport_fastrtps_c.dir/rosidl_typesupport_fastrtps_c/ainex_interfaces/action/detail/execute_gesture__type_support_c.cpp.o[0m
[19.043s] [ 68%] [32m[1mLinking CXX shared library libainex_interfaces__rosidl_typesupport_cpp.so[0m
[19.603s] [ 68%] Built target ainex_interfaces__rosidl_typesupport_cpp
[19.659s] [ 70%] [32mBuilding CXX object CMakeFiles/ainex_interfaces__rosidl_typesupport_fastrtps_cpp.dir/rosidl_typesupport_fastrtps_cpp/ainex_interfaces/action/detail/dds_fastrtps/execute_gesture__type_support.cpp.o[0m
[21.134s] [ 71%] [32m[1mLinking CXX shared library libainex_interfaces__rosidl_typesupport_fastrtps_c.so[0m
[21.597s] [ 71%] Built target ainex_interfaces__rosidl_typesupport_fastrtps_c
[22.785s] [ 72%] [32m[1mLinking CXX shared library libainex_interfaces__rosidl_typesupport_fastrtps_cpp.so[0m
[23.037s] [ 72%] Built target ainex_interfaces__rosidl_typesupport_fastrtps_cpp
[23.060s] [ 74%] [34m[1mGenerating C++ introspection for ROS interfaces[0m
[24.169s] [ 75%] [32mBuilding CXX object CMakeFiles/ainex_interfaces__rosidl_typesupport_introspection_cpp.dir/rosidl_typesupport_introspection_cpp/ainex_interfaces/srv/detail/move_hand__type_support.cpp.o[0m
[25.172s] [ 77%] [32mBuilding CXX object CMakeFiles/ainex_interfaces__rosidl_typesupport_introspection_cpp.dir/rosidl_typesupport_introspection_cpp/ainex_interfaces/srv/detail/set_motion_params__type_support.cpp.o[0m
[25.172s] [ 78%] [32mBuilding CXX object CMakeFiles/ainex_interfaces__rosidl_typesupport_introspection_cpp.dir/rosidl_typesupport_introspection_cpp/ainex_interfaces/srv/detail/get_servo_status__type_support.cpp.o[0m
[26.208s] [ 79%] [32mBuilding CXX object CMakeFiles/ainex_interfaces__rosidl_typesupport_introspection_cpp.dir/rosidl_typesupport_introspection_cpp/ainex_interfaces/action/detail/execute_gesture__type_support.cpp.o[0m
[26.438s] [ 81%] [32mBuilding CXX object CMakeFiles/ainex_interfaces__rosidl_typesupport_introspection_cpp.dir/rosidl_typesupport_introspection_cpp/ainex_interfaces/srv/detail/run_gesture__type_support.cpp.o[0m
[27.969s] [ 82%] [32m[1mLinking CXX shared library libainex_interfaces__rosidl_typesupport_introspection_cpp.so[0m
[28.209s] [ 82%] Built target ainex_interfaces__rosidl_typesupport_introspection_cpp
[28.252s] [ 82%] Built target ainex_interfaces
[28.298s] [ 83%] [34m[1mGenerating Python code for ROS interfaces[0m
[30.616s] [ 83%] Built target ainex_interfaces__py
[30.684s] [ 85%] [32mBuilding C object CMakeFiles/ainex_interfaces__rosidl_generator_py.dir/rosidl_generator_py/ainex_interfaces/srv/_run_gesture_s.c.o[0m
[30.684s] [ 86%] [32mBuilding C object CMakeFiles/ainex_interfaces__rosidl_generator_py.dir/rosidl_generator_py/ainex_interfaces/srv/_move_hand_s.c.o[0m
[31.726s] [ 87%] [32mBuilding C object CMakeFiles/ainex_interfaces__rosidl_generator_py.dir/rosidl_generator_py/ainex_interfaces/srv/_get_servo_status_s.c.o[0m
[31.824s] [ 89%] [32mBuilding C object CMakeFiles/ainex_interfaces__rosidl_generator_py.dir/rosidl_generator_py/ainex_interfaces/action/_execute_gesture_s.c.o[0m
[31.833s] [ 90%] [32mBuilding C object CMakeFiles/ainex_interfaces__rosidl_generator_py.dir/rosidl_generator_py/ainex_interfaces/srv/_set_motion_params_s.c.o[0m
[32.841s] [ 91%] [32m[1mLinking C shared library libainex_interfaces__rosidl_generator_py.so[0m
[33.064s] [ 91%] Built target ainex_interfaces__rosidl_generator_py
[33.197s] [ 93%] [32mBuilding C object CMakeFiles/ainex_interfaces_s__rosidl_typesupport_fastrtps_c.dir/rosidl_generator_py/ainex_interfaces/_ainex_interfaces_s.ep.rosidl_typesupport_fastrtps_c.c.o[0m
[33.231s] [ 94%] [32mBuilding C object CMakeFiles/ainex_interfaces_s__rosidl_typesupport_introspection_c.dir/rosidl_generator_py/ainex_interfaces/_ainex_interfaces_s.ep.rosidl_typesupport_introspection_c.c.o[0m
[33.867s] [ 95%] [32m[1mLinking C shared module rosidl_generator_py/ainex_interfaces/ainex_interfaces_s__rosidl_typesupport_introspection_c.so[0m
[34.126s] [ 95%] Built target ainex_interfaces_s__rosidl_typesupport_introspection_c
[34.183s] [ 97%] [32m[1mLinking C shared module rosidl_generator_py/ainex_interfaces/ainex_interfaces_s__rosidl_typesupport_fastrtps_c.so[0m
[34.387s] [ 98%] [32mBuilding C object CMakeFiles/ainex_interfaces_s__rosidl_typesupport_c.dir/rosidl_generator_py/ainex_interfaces/_ainex_interfaces_s.ep.rosidl_typesupport_c.c.o[0m
[39.780s] [ 98%] Built target ainex_interfaces_s__rosidl_typesupport_fastrtps_c
[40.043s] [100%] [32m[1mLinking C shared module rosidl_generator_py/ainex_interfaces/ainex_interfaces_s__rosidl_typesupport_c.so[0m
[40.127s] [100%] Built target ainex_interfaces_s__rosidl_typesupport_c
[40.191s] Invoked command in '/home/vgi/ainex_ws/build/ainex_interfaces' returned '0': CMAKE_PREFIX_PATH=${CMAKE_PREFIX_PATH}:/home/vgi/ainex_ws/install/ainex_arm:/home/vgi/robot_ws/install/robot_arm:/opt/ros/jazzy DEBUGINFOD_URLS=https://debuginfod.ubuntu.com /usr/bin/cmake --build /home/vgi/ainex_ws/build/ainex_interfaces -- -j4 -l4
[40.230s] Invoking command in '/home/vgi/ainex_ws/build/ainex_interfaces': CMAKE_PREFIX_PATH=${CMAKE_PREFIX_PATH}:/home/vgi/ainex_ws/install/ainex_arm:/home/vgi/robot_ws/install/robot_arm:/opt/ros/jazzy DEBUGINFOD_URLS=https://debuginfod.ubuntu.com /usr/bin/cmake --install /home/vgi/ainex_ws/build/ainex_interfaces
[40.264s] -- Install configuration: ""
[40.265s] -- Installing: /home/vgi/ainex_ws/install/ainex_interfaces/share/ament_index/resource_index/rosidl_interfaces/ainex_interfaces
[40.265s] -- Installing: /home/vgi/ainex_ws/install/ainex_interfaces/share/ainex_interfaces/srv/MoveHand.json
[40.265s] -- Installing: /home/vgi/ainex_ws/install/ainex_interfaces/share/ainex_interfaces/srv/RunGesture.json
[40.274s] -- Installing: /home/vgi/ainex_ws/install/ainex_interfaces/share/ainex_interfaces/srv/SetMotionParams.json
[40.275s] -- Installing: /home/vgi/ainex_ws/install/ainex_interfaces/share/ainex_interfaces/srv/GetServoStatus.json
[40.275s] -- Installing: /home/vgi/ainex_ws/install/ainex_interfaces/share/ainex_interfaces/action/ExecuteGesture.json
[40.275s] -- Up-to-date: /home/vgi/ainex_ws/install/ainex_interfaces/include/ainex_interfaces/ainex_interfaces
[40.275s] -- Up-to-date: /home/vgi/ainex_ws/install/ainex_interfaces/include/ainex_interfaces/ainex_interfaces/srv
[40.275s] -- Installing: /home/vgi/ainex_ws/install/ainex_interfaces/include/ainex_interfaces/ainex_interfaces/srv/get_servo_status.h
[40.275s] -- Installing: /home/vgi/ainex_ws/install/ainex_interfaces/include/ainex_interfaces/ainex_interfaces/srv/set_motion_params.h
[40.275s] -- Up-to-date: /home/vgi/ainex_ws/install/ainex_interfaces/include/ainex_interfaces/ainex_interfaces/srv/detail
[40.275s] -- Installing: /home/vgi/ainex_ws/install/ainex_interfaces/include/ainex_interfaces/ainex_interfaces/srv/detail/run_gesture__functions.h
[40.276s] -- Installing: /home/vgi/ainex_ws/install/ainex_interfaces/include/ainex_interfaces/ainex_interfaces/srv/detail/set_motion_params__type_support.c
[40.303s] -- Installing: /home/vgi/ainex_ws/install/ainex_interfaces/include/ainex_interfaces/ainex_interfaces/srv/detail/move_hand__description.c
[40.304s] -- Installing: /home/vgi/ainex_ws/install/ainex_interfaces/include/ainex_interfaces/ainex_interfaces/srv/detail/get_servo_status__type_support.h
[40.304s] -- Installing: /home/vgi/ainex_ws/install/ainex_interfaces/include/ainex_interfaces/ainex_interfaces/srv/detail/run_gesture__type_support.c
[40.304s] -- Installing: /home/vgi/ainex_ws/install/ainex_interfaces/include/ainex_interfaces/ainex_interfaces/srv/detail/move_hand__struct.h
[40.304s] -- Installing: /home/vgi/ainex_ws/install/ainex_interfaces/include/ainex_interfaces/ainex_interfaces/srv/detail/get_servo_status__struct.h
[40.304s] -- Installing: /home/vgi/ainex_ws/install/ainex_interfaces/include/ainex_interfaces/ainex_interfaces/srv/detail/set_motion_params__description.c
[40.304s] -- Installing: /home/vgi/ainex_ws/install/ainex_interfaces/include/ainex_interfaces/ainex_interfaces/srv/detail/run_gesture__type_support.h
[40.304s] -- Installing: /home/vgi/ainex_ws/install/ainex_interfaces/include/ainex_interfaces/ainex_interfaces/srv/detail/set_motion_params__functions.c
[40.305s] -- Installing: /home/vgi/ainex_ws/install/ainex_interfaces/include/ainex_interfaces/ainex_interfaces/srv/detail/run_gesture__description.c
[40.326s] -- Installing: /home/vgi/ainex_ws/install/ainex_interfaces/include/ainex_interfaces/ainex_interfaces/srv/detail/move_hand__type_support.h
[40.327s] -- Installing: /home/vgi/ainex_ws/install/ainex_interfaces/include/ainex_interfaces/ainex_interfaces/srv/detail/set_motion_params__type_support.h
[40.328s] -- Installing: /home/vgi/ainex_ws/install/ainex_interfaces/include/ainex_interfaces/ainex_interfaces/srv/detail/get_servo_status__functions.h
[40.330s] -- Installing: /home/vgi/ainex_ws/install/ainex_interfaces/include/ainex_interfaces/ainex_interfaces/srv/detail/get_servo_status__type_support.c
[40.332s] -- Installing: /home/vgi/ainex_ws/install/ainex_interfaces/include/ainex_interfaces/ainex_interfaces/srv/detail/run_gesture__struct.h
[40.333s] -- Installing: /home/vgi/ainex_ws/install/ainex_interfaces/include/ainex_interfaces/ainex_interfaces/srv/detail/move_hand__type_support.c
[40.334s] -- Installing: /home/vgi/ainex_ws/install/ainex_interfaces/include/ainex_interfaces/ainex_interfaces/srv/detail/get_servo_status__functions.c
[40.334s] -- Installing: /home/vgi/ainex_ws/install/ainex_interfaces/include/ainex_interfaces/ainex_interfaces/srv/detail/move_hand__functions.c
[40.334s] -- Installing: /home/vgi/ainex_ws/install/ainex_interfaces/include/ainex_interfaces/ainex_interfaces/srv/detail/set_motion_params__functions.h
[40.335s] -- Installing: /home/vgi/ainex_ws/install/ainex_interfaces/include/ainex_interfaces/ainex_interfaces/srv/detail/run_gesture__functions.c
[40.335s] -- Installing: /home/vgi/ainex_ws/install/ainex_interfaces/include/ainex_interfaces/ainex_interfaces/srv/detail/set_motion_params__struct.h
[40.335s] -- Installing: /home/vgi/ainex_ws/install/ainex_interfaces/include/ainex_interfaces/ainex_interfaces/srv/detail/move_hand__functions.h
[40.335s] -- Installing: /home/vgi/ainex_ws/install/ainex_interfaces/include/ainex_interfaces/ainex_interfaces/srv/detail/get_servo_status__description.c
[40.336s] -- Installing: /home/vgi/ainex_ws/install/ainex_interfaces/include/ainex_interfaces/ainex_interfaces/srv/move_hand.h
[40.336s] -- Installing: /home/vgi/ainex_ws/install/ainex_interfaces/include/ainex_interfaces/ainex_interfaces/srv/run_gesture.h
[40.336s] -- Up-to-date: /home/vgi/ainex_ws/install/ainex_interfaces/include/ainex_interfaces/ainex_interfaces/action
[40.338s] -- Up-to-date: /home/vgi/ainex_ws/install/ainex_interfaces/include/ainex_interfaces/ainex_interfaces/action/detail
[40.338s] -- Installing: /home/vgi/ainex_ws/install/ainex_interfaces/include/ainex_interfaces/ainex_interfaces/action/detail/execute_gesture__struct.h
[40.339s] -- Installing: /home/vgi/ainex_ws/install/ainex_interfaces/include/ainex_interfaces/ainex_interfaces/action/detail/execute_gesture__functions.h
[40.339s] -- Installing: /home/vgi/ainex_ws/install/ainex_interfaces/include/ainex_interfaces/ainex_interfaces/action/detail/execute_gesture__functions.c
[40.339s] -- Installing: /home/vgi/ainex_ws/install/ainex_interfaces/include/ainex_interfaces/ainex_interfaces/action/detail/execute_gesture__type_support.c
[40.339s] -- Installing: /home/vgi/ainex_ws/install/ainex_interfaces/include/ainex_interfaces/ainex_interfaces/action/detail/execute_gesture__type_support.h
[40.339s] -- Installing: /home/vgi/ainex_ws/install/ainex_interfaces/include/ainex_interfaces/ainex_interfaces/action/detail/execute_gesture__description.c
[40.340s] -- Installing: /home/vgi/ainex_ws/install/ainex_interfaces/include/ainex_interfaces/ainex_interfaces/action/execute_gesture.h
[40.340s] -- Up-to-date: /home/vgi/ainex_ws/install/ainex_interfaces/include/ainex_interfaces/ainex_interfaces/msg
[40.340s] -- Up-to-date: /home/vgi/ainex_ws/install/ainex_interfaces/include/ainex_interfaces/ainex_interfaces/msg/rosidl_generator_c__visibility_control.h
[40.340s] -- Up-to-date: /home/vgi/ainex_ws/install/ainex_interfaces/share/ainex_interfaces/environment/library_path.sh
[40.340s] -- Up-to-date: /home/vgi/ainex_ws/install/ainex_interfaces/share/ainex_interfaces/environment/library_path.dsv
[40.340s] -- Installing: /home/vgi/ainex_ws/install/ainex_interfaces/lib/libainex_interfaces__rosidl_generator_c.so
[40.341s] -- Set non-toolchain portion of runtime path of "/home/vgi/ainex_ws/install/ainex_interfaces/lib/libainex_interfaces__rosidl_generator_c.so" to ""
[40.341s] -- Up-to-date: /home/vgi/ainex_ws/install/ainex_interfaces/include/ainex_interfaces/ainex_interfaces
[40.341s] -- Up-to-date: /home/vgi/ainex_ws/install/ainex_interfaces/include/ainex_interfaces/ainex_interfaces/srv
[40.342s] -- Up-to-date: /home/vgi/ainex_ws/install/ainex_interfaces/include/ainex_interfaces/ainex_interfaces/srv/detail
[40.342s] -- Installing: /home/vgi/ainex_ws/install/ainex_interfaces/include/ainex_interfaces/ainex_interfaces/srv/detail/run_gesture__rosidl_typesupport_fastrtps_c.h
[40.342s] -- Installing: /home/vgi/ainex_ws/install/ainex_interfaces/include/ainex_interfaces/ainex_interfaces/srv/detail/get_servo_status__rosidl_typesupport_fastrtps_c.h
[40.343s] -- Installing: /home/vgi/ainex_ws/install/ainex_interfaces/include/ainex_interfaces/ainex_interfaces/srv/detail/move_hand__rosidl_typesupport_fastrtps_c.h
[40.343s] -- Installing: /home/vgi/ainex_ws/install/ainex_interfaces/include/ainex_interfaces/ainex_interfaces/srv/detail/set_motion_params__rosidl_typesupport_fastrtps_c.h
[40.349s] -- Up-to-date: /home/vgi/ainex_ws/install/ainex_interfaces/include/ainex_interfaces/ainex_interfaces/action
[40.350s] -- Up-to-date: /home/vgi/ainex_ws/install/ainex_interfaces/include/ainex_interfaces/ainex_interfaces/action/detail
[40.350s] -- Installing: /home/vgi/ainex_ws/install/ainex_interfaces/include/ainex_interfaces/ainex_interfaces/action/detail/execute_gesture__rosidl_typesupport_fastrtps_c.h
[40.351s] -- Up-to-date: /home/vgi/ainex_ws/install/ainex_interfaces/include/ainex_interfaces/ainex_interfaces/msg
[40.351s] -- Up-to-date: /home/vgi/ainex_ws/install/ainex_interfaces/include/ainex_interfaces/ainex_interfaces/msg/rosidl_typesupport_fastrtps_c__visibility_control.h
[40.351s] -- Installing: /home/vgi/ainex_ws/install/ainex_interfaces/lib/libainex_interfaces__rosidl_typesupport_fastrtps_c.so
[40.351s] -- Set non-toolchain portion of runtime path of "/home/vgi/ainex_ws/install/ainex_interfaces/lib/libainex_interfaces__rosidl_typesupport_fastrtps_c.so" to ""
[40.351s] -- Up-to-date: /home/vgi/ainex_ws/install/ainex_interfaces/include/ainex_interfaces/ainex_interfaces
[40.351s] -- Up-to-date: /home/vgi/ainex_ws/install/ainex_interfaces/include/ainex_interfaces/ainex_interfaces/srv
[40.352s] -- Up-to-date: /home/vgi/ainex_ws/install/ainex_interfaces/include/ainex_interfaces/ainex_interfaces/srv/detail
[40.352s] -- Installing: /home/vgi/ainex_ws/install/ainex_interfaces/include/ainex_interfaces/ainex_interfaces/srv/detail/set_motion_params__type_support.c
[40.352s] -- Installing: /home/vgi/ainex_ws/install/ainex_interfaces/include/ainex_interfaces/ainex_interfaces/srv/detail/run_gesture__type_support.c
[40.352s] -- Installing: /home/vgi/ainex_ws/install/ainex_interfaces/include/ainex_interfaces/ainex_interfaces/srv/detail/get_servo_status__type_support.c
[40.352s] -- Installing: /home/vgi/ainex_ws/install/ainex_interfaces/include/ainex_interfaces/ainex_interfaces/srv/detail/move_hand__type_support.c
[40.352s] -- Installing: /home/vgi/ainex_ws/install/ainex_interfaces/include/ainex_interfaces/ainex_interfaces/srv/detail/move_hand__rosidl_typesupport_introspection_c.h
[40.353s] -- Installing: /home/vgi/ainex_ws/install/ainex_interfaces/include/ainex_interfaces/ainex_interfaces/srv/detail/set_motion_params__rosidl_typesupport_introspection_c.h
[40.353s] -- Installing: /home/vgi/ainex_ws/install/ainex_interfaces/include/ainex_interfaces/ainex_interfaces/srv/detail/get_servo_status__rosidl_typesupport_introspection_c.h
[40.354s] -- Installing: /home/vgi/ainex_ws/install/ainex_interfaces/include/ainex_interfaces/ainex_interfaces/srv/detail/run_gesture__rosidl_typesupport_introspection_c.h
[40.354s] -- Up-to-date: /home/vgi/ainex_ws/install/ainex_interfaces/include/ainex_interfaces/ainex_interfaces/action
[40.354s] -- Up-to-date: /home/vgi/ainex_ws/install/ainex_interfaces/include/ainex_interfaces/ainex_interfaces/action/detail
[40.354s] -- Installing: /home/vgi/ainex_ws/install/ainex_interfaces/include/ainex_interfaces/ainex_interfaces/action/detail/execute_gesture__type_support.c
[40.355s] -- Installing: /home/vgi/ainex_ws/install/ainex_interfaces/include/ainex_interfaces/ainex_interfaces/action/detail/execute_gesture__rosidl_typesupport_introspection_c.h
[40.355s] -- Up-to-date: /home/vgi/ainex_ws/install/ainex_interfaces/include/ainex_interfaces/ainex_interfaces/msg
[40.355s] -- Up-to-date: /home/vgi/ainex_ws/install/ainex_interfaces/include/ainex_interfaces/ainex_interfaces/msg/rosidl_typesupport_introspection_c__visibility_control.h
[40.355s] -- Installing: /home/vgi/ainex_ws/install/ainex_interfaces/lib/libainex_interfaces__rosidl_typesupport_introspection_c.so
[40.356s] -- Set non-toolchain portion of runtime path of "/home/vgi/ainex_ws/install/ainex_interfaces/lib/libainex_interfaces__rosidl_typesupport_introspection_c.so" to ""
[40.357s] -- Installing: /home/vgi/ainex_ws/install/ainex_interfaces/lib/libainex_interfaces__rosidl_typesupport_c.so
[40.358s] -- Set non-toolchain portion of runtime path of "/home/vgi/ainex_ws/install/ainex_interfaces/lib/libainex_interfaces__rosidl_typesupport_c.so" to ""
[40.358s] -- Up-to-date: /home/vgi/ainex_ws/install/ainex_interfaces/include/ainex_interfaces/ainex_interfaces
[40.360s] -- Up-to-date: /home/vgi/ainex_ws/install/ainex_interfaces/include/ainex_interfaces/ainex_interfaces/srv
[40.360s] -- Installing: /home/vgi/ainex_ws/install/ainex_interfaces/include/ainex_interfaces/ainex_interfaces/srv/move_hand.hpp
[40.362s] -- Installing: /home/vgi/ainex_ws/install/ainex_interfaces/include/ainex_interfaces/ainex_interfaces/srv/set_motion_params.hpp
[40.412s] -- Up-to-date: /home/vgi/ainex_ws/install/ainex_interfaces/include/ainex_interfaces/ainex_interfaces/srv/detail
[40.412s] -- Installing: /home/vgi/ainex_ws/install/ainex_interfaces/include/ainex_interfaces/ainex_interfaces/srv/detail/run_gesture__builder.hpp
[40.412s] -- Installing: /home/vgi/ainex_ws/install/ainex_interfaces/include/ainex_interfaces/ainex_interfaces/srv/detail/move_hand__struct.hpp
[40.419s] -- Installing: /home/vgi/ainex_ws/install/ainex_interfaces/include/ainex_interfaces/ainex_interfaces/srv/detail/get_servo_status__struct.hpp
[40.420s] -- Installing: /home/vgi/ainex_ws/install/ainex_interfaces/include/ainex_interfaces/ainex_interfaces/srv/detail/run_gesture__type_support.hpp
[40.420s] -- Installing: /home/vgi/ainex_ws/install/ainex_interfaces/include/ainex_interfaces/ainex_interfaces/srv/detail/move_hand__type_support.hpp
[40.420s] -- Installing: /home/vgi/ainex_ws/install/ainex_interfaces/include/ainex_interfaces/ainex_interfaces/srv/detail/set_motion_params__builder.hpp
[40.421s] -- Installing: /home/vgi/ainex_ws/install/ainex_interfaces/include/ainex_interfaces/ainex_interfaces/srv/detail/get_servo_status__type_support.hpp
[40.428s] -- Installing: /home/vgi/ainex_ws/install/ainex_interfaces/include/ainex_interfaces/ainex_interfaces/srv/detail/get_servo_status__builder.hpp
[40.428s] -- Installing: /home/vgi/ainex_ws/install/ainex_interfaces/include/ainex_interfaces/ainex_interfaces/srv/detail/run_gesture__struct.hpp
[40.429s] -- Installing: /home/vgi/ainex_ws/install/ainex_interfaces/include/ainex_interfaces/ainex_interfaces/srv/detail/set_motion_params__struct.hpp
[40.429s] -- Installing: /home/vgi/ainex_ws/install/ainex_interfaces/include/ainex_interfaces/ainex_interfaces/srv/detail/get_servo_status__traits.hpp
[40.429s] -- Installing: /home/vgi/ainex_ws/install/ainex_interfaces/include/ainex_interfaces/ainex_interfaces/srv/detail/move_hand__builder.hpp
[40.440s] -- Installing: /home/vgi/ainex_ws/install/ainex_interfaces/include/ainex_interfaces/ainex_interfaces/srv/detail/run_gesture__traits.hpp
[40.441s] -- Installing: /home/vgi/ainex_ws/install/ainex_interfaces/include/ainex_interfaces/ainex_interfaces/srv/detail/set_motion_params__type_support.hpp
[40.441s] -- Installing: /home/vgi/ainex_ws/install/ainex_interfaces/include/ainex_interfaces/ainex_interfaces/srv/detail/move_hand__traits.hpp
[40.441s] -- Installing: /home/vgi/ainex_ws/install/ainex_interfaces/include/ainex_interfaces/ainex_interfaces/srv/detail/set_motion_params__traits.hpp
[40.441s] -- Installing: /home/vgi/ainex_ws/install/ainex_interfaces/include/ainex_interfaces/ainex_interfaces/srv/run_gesture.hpp
[40.441s] -- Installing: /home/vgi/ainex_ws/install/ainex_interfaces/include/ainex_interfaces/ainex_interfaces/srv/get_servo_status.hpp
[40.442s] -- Up-to-date: /home/vgi/ainex_ws/install/ainex_interfaces/include/ainex_interfaces/ainex_interfaces/action
[40.442s] -- Installing: /home/vgi/ainex_ws/install/ainex_interfaces/include/ainex_interfaces/ainex_interfaces/action/execute_gesture.hpp
[40.458s] -- Up-to-date: /home/vgi/ainex_ws/install/ainex_interfaces/include/ainex_interfaces/ainex_interfaces/action/detail
[40.459s] -- Installing: /home/vgi/ainex_ws/install/ainex_interfaces/include/ainex_interfaces/ainex_interfaces/action/detail/execute_gesture__type_support.hpp
[40.459s] -- Installing: /home/vgi/ainex_ws/install/ainex_interfaces/include/ainex_interfaces/ainex_interfaces/action/detail/execute_gesture__struct.hpp
[40.459s] -- Installing: /home/vgi/ainex_ws/install/ainex_interfaces/include/ainex_interfaces/ainex_interfaces/action/detail/execute_gesture__builder.hpp
[40.459s] -- Installing: /home/vgi/ainex_ws/install/ainex_interfaces/include/ainex_interfaces/ainex_interfaces/action/detail/execute_gesture__traits.hpp
[40.460s] -- Up-to-date: /home/vgi/ainex_ws/install/ainex_interfaces/include/ainex_interfaces/ainex_interfaces/msg
[40.460s] -- Installing: /home/vgi/ainex_ws/install/ainex_interfaces/include/ainex_interfaces/ainex_interfaces/msg/rosidl_generator_cpp__visibility_control.hpp
[40.460s] -- Up-to-date: /home/vgi/ainex_ws/install/ainex_interfaces/include/ainex_interfaces/ainex_interfaces
[40.460s] -- Up-to-date: /home/vgi/ainex_ws/install/ainex_interfaces/include/ainex_interfaces/ainex_interfaces/srv
[40.460s] -- Up-to-date: /home/vgi/ainex_ws/install/ainex_interfaces/include/ainex_interfaces/ainex_interfaces/srv/detail
[40.460s] -- Up-to-date: /home/vgi/ainex_ws/install/ainex_interfaces/include/ainex_interfaces/ainex_interfaces/srv/detail/dds_fastrtps
[40.460s] -- Installing: /home/vgi/ainex_ws/install/ainex_interfaces/include/ainex_interfaces/ainex_interfaces/srv/detail/set_motion_params__rosidl_typesupport_fastrtps_cpp.hpp
[40.460s] -- Installing: /home/vgi/ainex_ws/install/ainex_interfaces/include/ainex_interfaces/ainex_interfaces/srv/detail/move_hand__rosidl_typesupport_fastrtps_cpp.hpp
[40.461s] -- Installing: /home/vgi/ainex_ws/install/ainex_interfaces/include/ainex_interfaces/ainex_interfaces/srv/detail/get_servo_status__rosidl_typesupport_fastrtps_cpp.hpp
[40.461s] -- Installing: /home/vgi/ainex_ws/install/ainex_interfaces/include/ainex_interfaces/ainex_interfaces/srv/detail/run_gesture__rosidl_typesupport_fastrtps_cpp.hpp
[40.461s] -- Up-to-date: /home/vgi/ainex_ws/install/ainex_interfaces/include/ainex_interfaces/ainex_interfaces/action
[40.461s] -- Up-to-date: /home/vgi/ainex_ws/install/ainex_interfaces/include/ainex_interfaces/ainex_interfaces/action/detail
[40.464s] -- Up-to-date: /home/vgi/ainex_ws/install/ainex_interfaces/include/ainex_interfaces/ainex_interfaces/action/detail/dds_fastrtps
[40.465s] -- Installing: /home/vgi/ainex_ws/install/ainex_interfaces/include/ainex_interfaces/ainex_interfaces/action/detail/execute_gesture__rosidl_typesupport_fastrtps_cpp.hpp
[40.465s] -- Up-to-date: /home/vgi/ainex_ws/install/ainex_interfaces/include/ainex_interfaces/ainex_interfaces/msg
[40.466s] -- Up-to-date: /home/vgi/ainex_ws/install/ainex_interfaces/include/ainex_interfaces/ainex_interfaces/msg/rosidl_typesupport_fastrtps_cpp__visibility_control.h
[40.467s] -- Installing: /home/vgi/ainex_ws/install/ainex_interfaces/lib/libainex_interfaces__rosidl_typesupport_fastrtps_cpp.so
[40.486s] -- Set non-toolchain portion of runtime path of "/home/vgi/ainex_ws/install/ainex_interfaces/lib/libainex_interfaces__rosidl_typesupport_fastrtps_cpp.so" to ""
[40.487s] -- Up-to-date: /home/vgi/ainex_ws/install/ainex_interfaces/include/ainex_interfaces/ainex_interfaces
[40.487s] -- Up-to-date: /home/vgi/ainex_ws/install/ainex_interfaces/include/ainex_interfaces/ainex_interfaces/srv
[40.487s] -- Up-to-date: /home/vgi/ainex_ws/install/ainex_interfaces/include/ainex_interfaces/ainex_interfaces/srv/detail
[40.490s] -- Installing: /home/vgi/ainex_ws/install/ainex_interfaces/include/ainex_interfaces/ainex_interfaces/srv/detail/get_servo_status__type_support.cpp
[40.490s] -- Installing: /home/vgi/ainex_ws/install/ainex_interfaces/include/ainex_interfaces/ainex_interfaces/srv/detail/move_hand__rosidl_typesupport_introspection_cpp.hpp
[40.491s] -- Installing: /home/vgi/ainex_ws/install/ainex_interfaces/include/ainex_interfaces/ainex_interfaces/srv/detail/move_hand__type_support.cpp
[40.491s] -- Installing: /home/vgi/ainex_ws/install/ainex_interfaces/include/ainex_interfaces/ainex_interfaces/srv/detail/run_gesture__type_support.cpp
[40.491s] -- Installing: /home/vgi/ainex_ws/install/ainex_interfaces/include/ainex_interfaces/ainex_interfaces/srv/detail/set_motion_params__rosidl_typesupport_introspection_cpp.hpp
[40.491s] -- Installing: /home/vgi/ainex_ws/install/ainex_interfaces/include/ainex_interfaces/ainex_interfaces/srv/detail/get_servo_status__rosidl_typesupport_introspection_cpp.hpp
[40.491s] -- Installing: /home/vgi/ainex_ws/install/ainex_interfaces/include/ainex_interfaces/ainex_interfaces/srv/detail/run_gesture__rosidl_typesupport_introspection_cpp.hpp
[40.491s] -- Installing: /home/vgi/ainex_ws/install/ainex_interfaces/include/ainex_interfaces/ainex_interfaces/srv/detail/set_motion_params__type_support.cpp
[40.491s] -- Up-to-date: /home/vgi/ainex_ws/install/ainex_interfaces/include/ainex_interfaces/ainex_interfaces/action
[40.491s] -- Up-to-date: /home/vgi/ainex_ws/install/ainex_interfaces/include/ainex_interfaces/ainex_interfaces/action/detail
[40.491s] -- Installing: /home/vgi/ainex_ws/install/ainex_interfaces/include/ainex_interfaces/ainex_interfaces/action/detail/execute_gesture__type_support.cpp
[40.502s] -- Installing: /home/vgi/ainex_ws/install/ainex_interfaces/include/ainex_interfaces/ainex_interfaces/action/detail/execute_gesture__rosidl_typesupport_introspection_cpp.hpp
[40.502s] -- Installing: /home/vgi/ainex_ws/install/ainex_interfaces/lib/libainex_interfaces__rosidl_typesupport_introspection_cpp.so
[40.507s] -- Set non-toolchain portion of runtime path of "/home/vgi/ainex_ws/install/ainex_interfaces/lib/libainex_interfaces__rosidl_typesupport_introspection_cpp.so" to ""
[40.508s] -- Installing: /home/vgi/ainex_ws/install/ainex_interfaces/lib/libainex_interfaces__rosidl_typesupport_cpp.so
[40.525s] -- Set non-toolchain portion of runtime path of "/home/vgi/ainex_ws/install/ainex_interfaces/lib/libainex_interfaces__rosidl_typesupport_cpp.so" to ""
[40.525s] -- Up-to-date: /home/vgi/ainex_ws/install/ainex_interfaces/share/ainex_interfaces/environment/pythonpath.sh
[40.526s] -- Up-to-date: /home/vgi/ainex_ws/install/ainex_interfaces/share/ainex_interfaces/environment/pythonpath.dsv
[40.528s] -- Up-to-date: /home/vgi/ainex_ws/install/ainex_interfaces/lib/python3.12/site-packages/ainex_interfaces-0.0.0-py3.12.egg-info
[40.528s] -- Installing: /home/vgi/ainex_ws/install/ainex_interfaces/lib/python3.12/site-packages/ainex_interfaces-0.0.0-py3.12.egg-info/dependency_links.txt
[40.528s] -- Installing: /home/vgi/ainex_ws/install/ainex_interfaces/lib/python3.12/site-packages/ainex_interfaces-0.0.0-py3.12.egg-info/PKG-INFO
[40.528s] -- Installing: /home/vgi/ainex_ws/install/ainex_interfaces/lib/python3.12/site-packages/ainex_interfaces-0.0.0-py3.12.egg-info/top_level.txt
[40.529s] -- Installing: /home/vgi/ainex_ws/install/ainex_interfaces/lib/python3.12/site-packages/ainex_interfaces-0.0.0-py3.12.egg-info/SOURCES.txt
[40.529s] -- Up-to-date: /home/vgi/ainex_ws/install/ainex_interfaces/lib/python3.12/site-packages/ainex_interfaces
[40.529s] -- Installing: /home/vgi/ainex_ws/install/ainex_interfaces/lib/python3.12/site-packages/ainex_interfaces/ainex_interfaces_s__rosidl_typesupport_introspection_c.so
[40.529s] -- Installing: /home/vgi/ainex_ws/install/ainex_interfaces/lib/python3.12/site-packages/ainex_interfaces/ainex_interfaces_s__rosidl_typesupport_fastrtps_c.so
[40.530s] -- Up-to-date: /home/vgi/ainex_ws/install/ainex_interfaces/lib/python3.12/site-packages/ainex_interfaces/srv
[40.530s] -- Installing: /home/vgi/ainex_ws/install/ainex_interfaces/lib/python3.12/site-packages/ainex_interfaces/srv/_move_hand.py
[40.531s] -- Installing: /home/vgi/ainex_ws/install/ainex_interfaces/lib/python3.12/site-packages/ainex_interfaces/srv/_set_motion_params_s.c
[40.531s] -- Installing: /home/vgi/ainex_ws/install/ainex_interfaces/lib/python3.12/site-packages/ainex_interfaces/srv/_set_motion_params.py
[40.531s] -- Installing: /home/vgi/ainex_ws/install/ainex_interfaces/lib/python3.12/site-packages/ainex_interfaces/srv/_get_servo_status.py
[40.533s] -- Installing: /home/vgi/ainex_ws/install/ainex_interfaces/lib/python3.12/site-packages/ainex_interfaces/srv/_run_gesture_s.c
[40.533s] -- Installing: /home/vgi/ainex_ws/install/ainex_interfaces/lib/python3.12/site-packages/ainex_interfaces/srv/__init__.py
[40.534s] -- Installing: /home/vgi/ainex_ws/install/ainex_interfaces/lib/python3.12/site-packages/ainex_interfaces/srv/_get_servo_status_s.c
[40.534s] -- Installing: /home/vgi/ainex_ws/install/ainex_interfaces/lib/python3.12/site-packages/ainex_interfaces/srv/_run_gesture.py
[40.534s] -- Installing: /home/vgi/ainex_ws/install/ainex_interfaces/lib/python3.12/site-packages/ainex_interfaces/srv/_move_hand_s.c
[40.534s] -- Up-to-date: /home/vgi/ainex_ws/install/ainex_interfaces/lib/python3.12/site-packages/ainex_interfaces/action
[40.541s] -- Installing: /home/vgi/ainex_ws/install/ainex_interfaces/lib/python3.12/site-packages/ainex_interfaces/action/_execute_gesture.py
[40.541s] -- Installing: /home/vgi/ainex_ws/install/ainex_interfaces/lib/python3.12/site-packages/ainex_interfaces/action/_execute_gesture_s.c
[40.541s] -- Installing: /home/vgi/ainex_ws/install/ainex_interfaces/lib/python3.12/site-packages/ainex_interfaces/action/__init__.py
[40.541s] -- Installing: /home/vgi/ainex_ws/install/ainex_interfaces/lib/python3.12/site-packages/ainex_interfaces/_ainex_interfaces_s.ep.rosidl_typesupport_introspection_c.c
[40.542s] -- Installing: /home/vgi/ainex_ws/install/ainex_interfaces/lib/python3.12/site-packages/ainex_interfaces/__init__.py
[40.542s] -- Installing: /home/vgi/ainex_ws/install/ainex_interfaces/lib/python3.12/site-packages/ainex_interfaces/_ainex_interfaces_s.ep.rosidl_typesupport_c.c
[40.542s] -- Installing: /home/vgi/ainex_ws/install/ainex_interfaces/lib/python3.12/site-packages/ainex_interfaces/ainex_interfaces_s__rosidl_typesupport_c.so
[40.542s] -- Installing: /home/vgi/ainex_ws/install/ainex_interfaces/lib/python3.12/site-packages/ainex_interfaces/_ainex_interfaces_s.ep.rosidl_typesupport_fastrtps_c.c
[40.867s] Listing '/home/vgi/ainex_ws/install/ainex_interfaces/lib/python3.12/site-packages/ainex_interfaces'...
[40.867s] Compiling '/home/vgi/ainex_ws/install/ainex_interfaces/lib/python3.12/site-packages/ainex_interfaces/__init__.py'...
[40.868s] Listing '/home/vgi/ainex_ws/install/ainex_interfaces/lib/python3.12/site-packages/ainex_interfaces/action'...
[40.868s] Compiling '/home/vgi/ainex_ws/install/ainex_interfaces/lib/python3.12/site-packages/ainex_interfaces/action/__init__.py'...
[40.868s] Compiling '/home/vgi/ainex_ws/install/ainex_interfaces/lib/python3.12/site-packages/ainex_interfaces/action/_execute_gesture.py'...
[40.868s] Listing '/home/vgi/ainex_ws/install/ainex_interfaces/lib/python3.12/site-packages/ainex_interfaces/srv'...
[40.868s] Compiling '/home/vgi/ainex_ws/install/ainex_interfaces/lib/python3.12/site-packages/ainex_interfaces/srv/__init__.py'...
[40.869s] Compiling '/home/vgi/ainex_ws/install/ainex_interfaces/lib/python3.12/site-packages/ainex_interfaces/srv/_get_servo_status.py'...
[40.869s] Compiling '/home/vgi/ainex_ws/install/ainex_interfaces/lib/python3.12/site-packages/ainex_interfaces/srv/_move_hand.py'...
[40.873s] Compiling '/home/vgi/ainex_ws/install/ainex_interfaces/lib/python3.12/site-packages/ainex_interfaces/srv/_run_gesture.py'...
[40.873s] Compiling '/home/vgi/ainex_ws/install/ainex_interfaces/lib/python3.12/site-packages/ainex_interfaces/srv/_set_motion_params.py'...
[40.909s] -- Installing: /home/vgi/ainex_ws/install/ainex_interfaces/lib/python3.12/site-packages/ainex_interfaces/ainex_interfaces_s__rosidl_typesupport_fastrtps_c.so
[40.915s] -- Set non-toolchain portion of runtime path of "/home/vgi/ainex_ws/install/ainex_interfaces/lib/python3.12/site-packages/ainex_interfaces/ainex_interfaces_s__rosidl_typesupport_fastrtps_c.so" to ""
[40.915s] -- Installing: /home/vgi/ainex_ws/install/ainex_interfaces/lib/python3.12/site-packages/ainex_interfaces/ainex_interfaces_s__rosidl_typesupport_introspection_c.so
[40.916s] -- Set non-toolchain portion of runtime path of "/home/vgi/ainex_ws/install/ainex_interfaces/lib/python3.12/site-packages/ainex_interfaces/ainex_interfaces_s__rosidl_typesupport_introspection_c.so" to ""
[40.917s] -- Installing: /home/vgi/ainex_ws/install/ainex_interfaces/lib/python3.12/site-packages/ainex_interfaces/ainex_interfaces_s__rosidl_typesupport_c.so
[40.917s] -- Set non-toolchain portion of runtime path of "/home/vgi/ainex_ws/install/ainex_interfaces/lib/python3.12/site-packages/ainex_interfaces/ainex_interfaces_s__rosidl_typesupport_c.so" to ""
[40.917s] -- Installing: /home/vgi/ainex_ws/install/ainex_interfaces/lib/libainex_interfaces__rosidl_generator_py.so
[40.918s] -- Set non-toolchain portion of runtime path of "/home/vgi/ainex_ws/install/ainex_interfaces/lib/libainex_interfaces__rosidl_generator_py.so" to ""
[40.918s] -- Up-to-date: /home/vgi/ainex_ws/install/ainex_interfaces/share/ainex_interfaces/srv/MoveHand.idl
[40.918s] -- Up-to-date: /home/vgi/ainex_ws/install/ainex_interfaces/share/ainex_interfaces/srv/RunGesture.idl
[40.918s] -- Up-to-date: /home/vgi/ainex_ws/install/ainex_interfaces/share/ainex_interfaces/srv/SetMotionParams.idl
[40.918s] -- Installing: /home/vgi/ainex_ws/install/ainex_interfaces/share/ainex_interfaces/srv/GetServoStatus.idl
[40.922s] -- Up-to-date: /home/vgi/ainex_ws/install/ainex_interfaces/share/ainex_interfaces/action/ExecuteGesture.idl
[40.923s] -- Up-to-date: /home/vgi/ainex_ws/install/ainex_interfaces/share/ainex_interfaces/srv/MoveHand.srv
[40.923s] -- Up-to-date: /home/vgi/ainex_ws/install/ainex_interfaces/share/ainex_interfaces/srv/RunGesture.srv
[40.927s] -- Up-to-date: /home/vgi/ainex_ws/install/ainex_interfaces/share/ainex_interfaces/srv/SetMotionParams.srv
[40.927s] -- Installing: /home/vgi/ainex_ws/install/ainex_interfaces/share/ainex_interfaces/srv/GetServoStatus.srv
[40.927s] -- Up-to-date: /home/vgi/ainex_ws/install/ainex_interfaces/share/ainex_interfaces/action/ExecuteGesture.action
[40.928s] -- Up-to-date: /home/vgi/ainex_ws/install/ainex_interfaces/share/ament_index/resource_index/package_run_dependencies/ainex_interfaces
[40.928s] -- Up-to-date: /home/vgi/ainex_ws/install/ainex_interfaces/share/ament_index/resource_index/parent_prefix_path/ainex_interfaces
[40.928s] -- Up-to-date: /home/vgi/ainex_ws/install/ainex_interfaces/share/ainex_interfaces/environment/ament_prefix_path.sh
[40.928s] -- Up-to-date: /home/vgi/ainex_ws/install/ainex_interfaces/share/ainex_interfaces/environment/ament_prefix_path.dsv
[40.928s] -- Up-to-date: /home/vgi/ainex_ws/install/ainex_interfaces/share/ainex_interfaces/environment/path.sh
[40.929s] -- Up-to-date: /home/vgi/ainex_ws/install/ainex_interfaces/share/ainex_interfaces/environment/path.dsv
[40.929s] -- Up-to-date: /home/vgi/ainex_ws/install/ainex_interfaces/share/ainex_interfaces/local_setup.bash
[40.929s] -- Up-to-date: /home/vgi/ainex_ws/install/ainex_interfaces/share/ainex_interfaces/local_setup.sh
[40.929s] -- Up-to-date: /home/vgi/ainex_ws/install/ainex_interfaces/share/ainex_interfaces/local_setup.zsh
[40.929s] -- Up-to-date: /home/vgi/ainex_ws/install/ainex_interfaces/share/ainex_interfaces/local_setup.dsv
[40.929s] -- Installing: /home/vgi/ainex_ws/install/ainex_interfaces/share/ainex_interfaces/package.dsv
[40.930s] -- Up-to-date: /home/vgi/ainex_ws/install/ainex_interfaces/share/ament_index/resource_index/packages/ainex_interfaces
[40.930s] -- Up-to-date: /home/vgi/ainex_ws/install/ainex_interfaces/share/ainex_interfaces/cmake/export_ainex_interfaces__rosidl_generator_cExport.cmake
[40.933s] -- Up-to-date: /home/vgi/ainex_ws/install/ainex_interfaces/share/ainex_interfaces/cmake/export_ainex_interfaces__rosidl_generator_cExport-noconfig.cmake
[40.934s] -- Up-to-date: /home/vgi/ainex_ws/install/ainex_interfaces/share/ainex_interfaces/cmake/export_ainex_interfaces__rosidl_typesupport_fastrtps_cExport.cmake
[40.934s] -- Up-to-date: /home/vgi/ainex_ws/install/ainex_interfaces/share/ainex_interfaces/cmake/export_ainex_interfaces__rosidl_typesupport_fastrtps_cExport-noconfig.cmake
[40.934s] -- Up-to-date: /home/vgi/ainex_ws/install/ainex_interfaces/share/ainex_interfaces/cmake/ainex_interfaces__rosidl_typesupport_introspection_cExport.cmake
[40.934s] -- Up-to-date: /home/vgi/ainex_ws/install/ainex_interfaces/share/ainex_interfaces/cmake/ainex_interfaces__rosidl_typesupport_introspection_cExport-noconfig.cmake
[40.935s] -- Up-to-date: /home/vgi/ainex_ws/install/ainex_interfaces/share/ainex_interfaces/cmake/ainex_interfaces__rosidl_typesupport_cExport.cmake
[40.935s] -- Up-to-date: /home/vgi/ainex_ws/install/ainex_interfaces/share/ainex_interfaces/cmake/ainex_interfaces__rosidl_typesupport_cExport-noconfig.cmake
[40.935s] -- Up-to-date: /home/vgi/ainex_ws/install/ainex_interfaces/share/ainex_interfaces/cmake/export_ainex_interfaces__rosidl_generator_cppExport.cmake
[40.935s] -- Up-to-date: /home/vgi/ainex_ws/install/ainex_interfaces/share/ainex_interfaces/cmake/export_ainex_interfaces__rosidl_typesupport_fastrtps_cppExport.cmake
[40.935s] -- Up-to-date: /home/vgi/ainex_ws/install/ainex_interfaces/share/ainex_interfaces/cmake/export_ainex_interfaces__rosidl_typesupport_fastrtps_cppExport-noconfig.cmake
[40.935s] -- Up-to-date: /home/vgi/ainex_ws/install/ainex_interfaces/share/ainex_interfaces/cmake/ainex_interfaces__rosidl_typesupport_introspection_cppExport.cmake
[40.935s] -- Up-to-date: /home/vgi/ainex_ws/install/ainex_interfaces/share/ainex_interfaces/cmake/ainex_interfaces__rosidl_typesupport_introspection_cppExport-noconfig.cmake
[40.938s] -- Up-to-date: /home/vgi/ainex_ws/install/ainex_interfaces/share/ainex_interfaces/cmake/ainex_interfaces__rosidl_typesupport_cppExport.cmake
[40.938s] -- Up-to-date: /home/vgi/ainex_ws/install/ainex_interfaces/share/ainex_interfaces/cmake/ainex_interfaces__rosidl_typesupport_cppExport-noconfig.cmake
[40.939s] -- Up-to-date: /home/vgi/ainex_ws/install/ainex_interfaces/share/ainex_interfaces/cmake/export_ainex_interfaces__rosidl_generator_pyExport.cmake
[40.939s] -- Up-to-date: /home/vgi/ainex_ws/install/ainex_interfaces/share/ainex_interfaces/cmake/export_ainex_interfaces__rosidl_generator_pyExport-noconfig.cmake
[40.939s] -- Installing: /home/vgi/ainex_ws/install/ainex_interfaces/share/ainex_interfaces/cmake/rosidl_cmake-extras.cmake
[40.939s] -- Installing: /home/vgi/ainex_ws/install/ainex_interfaces/share/ainex_interfaces/cmake/ament_cmake_export_dependencies-extras.cmake
[40.943s] -- Up-to-date: /home/vgi/ainex_ws/install/ainex_interfaces/share/ainex_interfaces/cmake/ament_cmake_export_include_directories-extras.cmake
[40.944s] -- Up-to-date: /home/vgi/ainex_ws/install/ainex_interfaces/share/ainex_interfaces/cmake/ament_cmake_export_libraries-extras.cmake
[40.945s] -- Up-to-date: /home/vgi/ainex_ws/install/ainex_interfaces/share/ainex_interfaces/cmake/ament_cmake_export_targets-extras.cmake
[40.945s] -- Up-to-date: /home/vgi/ainex_ws/install/ainex_interfaces/share/ainex_interfaces/cmake/rosidl_cmake_export_typesupport_targets-extras.cmake
[40.945s] -- Up-to-date: /home/vgi/ainex_ws/install/ainex_interfaces/share/ainex_interfaces/cmake/rosidl_cmake_export_typesupport_libraries-extras.cmake
[40.945s] -- Up-to-date: /home/vgi/ainex_ws/install/ainex_interfaces/share/ainex_interfaces/cmake/ainex_interfacesConfig.cmake
[40.945s] -- Up-to-date: /home/vgi/ainex_ws/install/ainex_interfaces/share/ainex_interfaces/cmake/ainex_interfacesConfig-version.cmake
[40.947s] -- Up-to-date: /home/vgi/ainex_ws/install/ainex_interfaces/share/ainex_interfaces/package.xml
[40.967s] Invoked command in '/home/vgi/ainex_ws/build/ainex_interfaces' returned '0': CMAKE_PREFIX_PATH=${CMAKE_PREFIX_PATH}:/home/vgi/ainex_ws/install/ainex_arm:/home/vgi/robot_ws/install/robot_arm:/opt/ros/jazzy DEBUGINFOD_URLS=https://debuginfod.ubuntu.com /usr/bin/cmake --install /home/vgi/ainex_ws/build/ainex_interfaces
