[0.373s] Invoking command in '/home/vgi/ainex_ws/build/ainex_interfaces': CMAKE_PREFIX_PATH=${CMAKE_PREFIX_PATH}:/home/vgi/ainex_ws/install/ainex_arm:/home/vgi/robot_ws/install/robot_arm:/opt/ros/jazzy DEBUGINFOD_URLS=https://debuginfod.ubuntu.com /usr/bin/cmake --build /home/vgi/ainex_ws/build/ainex_interfaces -- -j4 -l4
[0.455s] -- Found ament_cmake: 2.5.4 (/opt/ros/jazzy/share/ament_cmake/cmake)
[0.538s] -- Found Python3: /usr/bin/python3 (found version "3.12.3") found components: Interpreter 
[0.741s] -- Found rosidl_default_generators: 1.6.0 (/opt/ros/jazzy/share/rosidl_default_generators/cmake)
[0.744s] -- Using all available rosidl_typesupport_c: rosidl_typesupport_fastrtps_c;rosidl_typesupport_introspection_c
[0.795s] -- Using all available rosidl_typesupport_cpp: rosidl_typesupport_fastrtps_cpp;rosidl_typesupport_introspection_cpp
[0.836s] -- Found rosidl_adapter: 4.6.5 (/opt/ros/jazzy/share/rosidl_adapter/cmake)
[1.350s] -- Found ament_cmake_ros: 0.12.0 (/opt/ros/jazzy/share/ament_cmake_ros/cmake)
[1.530s] -- Using all available rosidl_typesupport_c: rosidl_typesupport_fastrtps_c;rosidl_typesupport_introspection_c
[1.767s] -- Using all available rosidl_typesupport_cpp: rosidl_typesupport_fastrtps_cpp;rosidl_typesupport_introspection_cpp
[1.770s] -- Found python_cmake_module: 0.11.1 (/opt/ros/jazzy/share/python_cmake_module/cmake)
[2.291s] -- Found Python3: /usr/bin/python3 (found version "3.12.3") found components: Interpreter Development NumPy Development.Module Development.Embed 
[2.308s] -- Found ament_lint_auto: 0.17.2 (/opt/ros/jazzy/share/ament_lint_auto/cmake)
[2.322s] -- Added test 'lint_cmake' to check CMake code style
[2.323s] -- Added test 'xmllint' to check XML markup files
[2.326s] -- Configuring done (1.9s)
[2.495s] -- Generating done (0.2s)
[2.551s] -- Build files have been written to: /home/vgi/ainex_ws/build/ainex_interfaces
[2.635s] [  2%] [34m[1mGenerating type hashes for ROS interfaces[0m
[2.652s] [  2%] Built target ament_cmake_python_copy_ainex_interfaces
[3.051s] [  2%] Built target ainex_interfaces__rosidl_generator_type_description
[3.097s] [  4%] [34m[1mGenerating C code for ROS interfaces[0m
[3.101s] [  6%] [34m[1mGenerating C++ code for ROS interfaces[0m
[3.105s] running egg_info
[3.154s] writing ainex_interfaces.egg-info/PKG-INFO
[3.154s] writing dependency_links to ainex_interfaces.egg-info/dependency_links.txt
[3.156s] writing top-level names to ainex_interfaces.egg-info/top_level.txt
[3.284s] reading manifest file 'ainex_interfaces.egg-info/SOURCES.txt'
[3.286s] writing manifest file 'ainex_interfaces.egg-info/SOURCES.txt'
[3.375s] [  6%] Built target ament_cmake_python_build_ainex_interfaces_egg
[3.792s] [  6%] Built target ainex_interfaces__cpp
[3.912s] [  9%] [32mBuilding C object CMakeFiles/ainex_interfaces__rosidl_generator_c.dir/rosidl_generator_c/ainex_interfaces/srv/detail/move_hand__functions.c.o[0m
[3.922s] [ 13%] [32mBuilding C object CMakeFiles/ainex_interfaces__rosidl_generator_c.dir/rosidl_generator_c/ainex_interfaces/srv/detail/move_hand__type_support.c.o[0m
[3.922s] [ 11%] [32mBuilding C object CMakeFiles/ainex_interfaces__rosidl_generator_c.dir/rosidl_generator_c/ainex_interfaces/srv/detail/move_hand__description.c.o[0m
[3.932s] [ 15%] [32mBuilding C object CMakeFiles/ainex_interfaces__rosidl_generator_c.dir/rosidl_generator_c/ainex_interfaces/srv/detail/run_gesture__description.c.o[0m
[4.047s] [ 18%] [32mBuilding C object CMakeFiles/ainex_interfaces__rosidl_generator_c.dir/rosidl_generator_c/ainex_interfaces/srv/detail/run_gesture__functions.c.o[0m
[4.063s] [ 20%] [32mBuilding C object CMakeFiles/ainex_interfaces__rosidl_generator_c.dir/rosidl_generator_c/ainex_interfaces/srv/detail/run_gesture__type_support.c.o[0m
[4.187s] [ 22%] [32m[1mLinking C shared library libainex_interfaces__rosidl_generator_c.so[0m
[4.272s] [ 22%] Built target ainex_interfaces__rosidl_generator_c
[4.297s] [ 25%] [34m[1mGenerating C++ type support dispatch for ROS interfaces[0m
[4.297s] [ 27%] [34m[1mGenerating C introspection for ROS interfaces[0m
[4.299s] [ 29%] [34m[1mGenerating C type support for eProsima Fast-RTPS[0m
[4.310s] [ 31%] [34m[1mGenerating C type support dispatch for ROS interfaces[0m
[4.878s] [ 34%] [32mBuilding CXX object CMakeFiles/ainex_interfaces__rosidl_typesupport_c.dir/rosidl_typesupport_c/ainex_interfaces/srv/move_hand__type_support.cpp.o[0m
[4.951s] [ 36%] [32mBuilding CXX object CMakeFiles/ainex_interfaces__rosidl_typesupport_cpp.dir/rosidl_typesupport_cpp/ainex_interfaces/srv/move_hand__type_support.cpp.o[0m
[5.035s] [ 38%] [32mBuilding CXX object CMakeFiles/ainex_interfaces__rosidl_typesupport_c.dir/rosidl_typesupport_c/ainex_interfaces/srv/run_gesture__type_support.cpp.o[0m
[5.180s] [ 40%] [32m[1mLinking CXX shared library libainex_interfaces__rosidl_typesupport_c.so[0m
[5.255s] [ 43%] [32mBuilding CXX object CMakeFiles/ainex_interfaces__rosidl_typesupport_fastrtps_c.dir/rosidl_typesupport_fastrtps_c/ainex_interfaces/srv/detail/move_hand__type_support_c.cpp.o[0m
[5.324s] [ 43%] Built target ainex_interfaces__rosidl_typesupport_c
[5.368s] [ 45%] [32mBuilding CXX object CMakeFiles/ainex_interfaces__rosidl_typesupport_fastrtps_c.dir/rosidl_typesupport_fastrtps_c/ainex_interfaces/srv/detail/run_gesture__type_support_c.cpp.o[0m
[5.380s] [ 47%] [32mBuilding C object CMakeFiles/ainex_interfaces__rosidl_typesupport_introspection_c.dir/rosidl_typesupport_introspection_c/ainex_interfaces/srv/detail/move_hand__type_support.c.o[0m
[5.537s] [ 50%] [32mBuilding C object CMakeFiles/ainex_interfaces__rosidl_typesupport_introspection_c.dir/rosidl_typesupport_introspection_c/ainex_interfaces/srv/detail/run_gesture__type_support.c.o[0m
[5.701s] [ 52%] [32m[1mLinking C shared library libainex_interfaces__rosidl_typesupport_introspection_c.so[0m
[5.870s] [ 52%] Built target ainex_interfaces__rosidl_typesupport_introspection_c
[5.910s] [ 54%] [34m[1mGenerating C++ type support for eProsima Fast-RTPS[0m
[6.263s] [ 56%] [32mBuilding CXX object CMakeFiles/ainex_interfaces__rosidl_typesupport_cpp.dir/rosidl_typesupport_cpp/ainex_interfaces/srv/run_gesture__type_support.cpp.o[0m
[6.724s] [ 59%] [34m[1mGenerating C++ introspection for ROS interfaces[0m
[7.292s] [ 61%] [32mBuilding CXX object CMakeFiles/ainex_interfaces__rosidl_typesupport_fastrtps_cpp.dir/rosidl_typesupport_fastrtps_cpp/ainex_interfaces/srv/detail/dds_fastrtps/move_hand__type_support.cpp.o[0m
[7.338s] [ 63%] [32m[1mLinking CXX shared library libainex_interfaces__rosidl_typesupport_fastrtps_c.so[0m
[7.501s] [ 65%] [32m[1mLinking CXX shared library libainex_interfaces__rosidl_typesupport_cpp.so[0m
[7.666s] [ 65%] Built target ainex_interfaces__rosidl_typesupport_fastrtps_c
[7.713s] [ 68%] [32mBuilding CXX object CMakeFiles/ainex_interfaces__rosidl_typesupport_fastrtps_cpp.dir/rosidl_typesupport_fastrtps_cpp/ainex_interfaces/srv/detail/dds_fastrtps/run_gesture__type_support.cpp.o[0m
[7.756s] [ 70%] [32mBuilding CXX object CMakeFiles/ainex_interfaces__rosidl_typesupport_introspection_cpp.dir/rosidl_typesupport_introspection_cpp/ainex_interfaces/srv/detail/move_hand__type_support.cpp.o[0m
[7.894s] [ 70%] Built target ainex_interfaces__rosidl_typesupport_cpp
[7.928s] [ 72%] [32mBuilding CXX object CMakeFiles/ainex_interfaces__rosidl_typesupport_introspection_cpp.dir/rosidl_typesupport_introspection_cpp/ainex_interfaces/srv/detail/run_gesture__type_support.cpp.o[0m
[9.387s] [ 75%] [32m[1mLinking CXX shared library libainex_interfaces__rosidl_typesupport_fastrtps_cpp.so[0m
[9.646s] [ 75%] Built target ainex_interfaces__rosidl_typesupport_fastrtps_cpp
[9.679s] [ 77%] [32m[1mLinking CXX shared library libainex_interfaces__rosidl_typesupport_introspection_cpp.so[0m
[9.866s] [ 77%] Built target ainex_interfaces__rosidl_typesupport_introspection_cpp
[9.921s] [ 77%] Built target ainex_interfaces
[9.969s] [ 79%] [34m[1mGenerating Python code for ROS interfaces[0m
[10.871s] [ 79%] Built target ainex_interfaces__py
[10.922s] [ 84%] [32mBuilding C object CMakeFiles/ainex_interfaces__rosidl_generator_py.dir/rosidl_generator_py/ainex_interfaces/srv/_run_gesture_s.c.o[0m
[10.922s] [ 84%] [32mBuilding C object CMakeFiles/ainex_interfaces__rosidl_generator_py.dir/rosidl_generator_py/ainex_interfaces/srv/_move_hand_s.c.o[0m
[11.250s] [ 86%] [32m[1mLinking C shared library libainex_interfaces__rosidl_generator_py.so[0m
[11.343s] [ 86%] Built target ainex_interfaces__rosidl_generator_py
[11.404s] [ 88%] [32mBuilding C object CMakeFiles/ainex_interfaces_s__rosidl_typesupport_introspection_c.dir/rosidl_generator_py/ainex_interfaces/_ainex_interfaces_s.ep.rosidl_typesupport_introspection_c.c.o[0m
[11.425s] [ 90%] [32mBuilding C object CMakeFiles/ainex_interfaces_s__rosidl_typesupport_fastrtps_c.dir/rosidl_generator_py/ainex_interfaces/_ainex_interfaces_s.ep.rosidl_typesupport_fastrtps_c.c.o[0m
[11.426s] [ 93%] [32mBuilding C object CMakeFiles/ainex_interfaces_s__rosidl_typesupport_c.dir/rosidl_generator_py/ainex_interfaces/_ainex_interfaces_s.ep.rosidl_typesupport_c.c.o[0m
[11.734s] [ 97%] [32m[1mLinking C shared module rosidl_generator_py/ainex_interfaces/ainex_interfaces_s__rosidl_typesupport_introspection_c.so[0m
[11.734s] [ 97%] [32m[1mLinking C shared module rosidl_generator_py/ainex_interfaces/ainex_interfaces_s__rosidl_typesupport_fastrtps_c.so[0m
[11.806s] [100%] [32m[1mLinking C shared module rosidl_generator_py/ainex_interfaces/ainex_interfaces_s__rosidl_typesupport_c.so[0m
[11.840s] [100%] Built target ainex_interfaces_s__rosidl_typesupport_fastrtps_c
[11.861s] [100%] Built target ainex_interfaces_s__rosidl_typesupport_introspection_c
[11.891s] [100%] Built target ainex_interfaces_s__rosidl_typesupport_c
[11.918s] Invoked command in '/home/vgi/ainex_ws/build/ainex_interfaces' returned '0': CMAKE_PREFIX_PATH=${CMAKE_PREFIX_PATH}:/home/vgi/ainex_ws/install/ainex_arm:/home/vgi/robot_ws/install/robot_arm:/opt/ros/jazzy DEBUGINFOD_URLS=https://debuginfod.ubuntu.com /usr/bin/cmake --build /home/vgi/ainex_ws/build/ainex_interfaces -- -j4 -l4
[11.944s] Invoking command in '/home/vgi/ainex_ws/build/ainex_interfaces': CMAKE_PREFIX_PATH=${CMAKE_PREFIX_PATH}:/home/vgi/ainex_ws/install/ainex_arm:/home/vgi/robot_ws/install/robot_arm:/opt/ros/jazzy DEBUGINFOD_URLS=https://debuginfod.ubuntu.com /usr/bin/cmake --install /home/vgi/ainex_ws/build/ainex_interfaces
[11.960s] -- Install configuration: ""
[11.961s] -- Installing: /home/vgi/ainex_ws/install/ainex_interfaces/share/ament_index/resource_index/rosidl_interfaces/ainex_interfaces
[11.961s] -- Installing: /home/vgi/ainex_ws/install/ainex_interfaces/share/ainex_interfaces/srv/MoveHand.json
[11.961s] -- Installing: /home/vgi/ainex_ws/install/ainex_interfaces/share/ainex_interfaces/srv/RunGesture.json
[11.962s] -- Up-to-date: /home/vgi/ainex_ws/install/ainex_interfaces/include/ainex_interfaces/ainex_interfaces
[11.962s] -- Up-to-date: /home/vgi/ainex_ws/install/ainex_interfaces/include/ainex_interfaces/ainex_interfaces/srv
[11.963s] -- Up-to-date: /home/vgi/ainex_ws/install/ainex_interfaces/include/ainex_interfaces/ainex_interfaces/srv/detail
[11.963s] -- Installing: /home/vgi/ainex_ws/install/ainex_interfaces/include/ainex_interfaces/ainex_interfaces/srv/detail/run_gesture__functions.h
[11.963s] -- Installing: /home/vgi/ainex_ws/install/ainex_interfaces/include/ainex_interfaces/ainex_interfaces/srv/detail/move_hand__description.c
[11.964s] -- Installing: /home/vgi/ainex_ws/install/ainex_interfaces/include/ainex_interfaces/ainex_interfaces/srv/detail/run_gesture__type_support.c
[11.964s] -- Installing: /home/vgi/ainex_ws/install/ainex_interfaces/include/ainex_interfaces/ainex_interfaces/srv/detail/move_hand__struct.h
[11.964s] -- Installing: /home/vgi/ainex_ws/install/ainex_interfaces/include/ainex_interfaces/ainex_interfaces/srv/detail/run_gesture__type_support.h
[11.964s] -- Installing: /home/vgi/ainex_ws/install/ainex_interfaces/include/ainex_interfaces/ainex_interfaces/srv/detail/run_gesture__description.c
[11.964s] -- Installing: /home/vgi/ainex_ws/install/ainex_interfaces/include/ainex_interfaces/ainex_interfaces/srv/detail/move_hand__type_support.h
[11.965s] -- Installing: /home/vgi/ainex_ws/install/ainex_interfaces/include/ainex_interfaces/ainex_interfaces/srv/detail/run_gesture__struct.h
[11.966s] -- Installing: /home/vgi/ainex_ws/install/ainex_interfaces/include/ainex_interfaces/ainex_interfaces/srv/detail/move_hand__type_support.c
[11.966s] -- Installing: /home/vgi/ainex_ws/install/ainex_interfaces/include/ainex_interfaces/ainex_interfaces/srv/detail/move_hand__functions.c
[11.966s] -- Installing: /home/vgi/ainex_ws/install/ainex_interfaces/include/ainex_interfaces/ainex_interfaces/srv/detail/run_gesture__functions.c
[11.966s] -- Installing: /home/vgi/ainex_ws/install/ainex_interfaces/include/ainex_interfaces/ainex_interfaces/srv/detail/move_hand__functions.h
[11.966s] -- Installing: /home/vgi/ainex_ws/install/ainex_interfaces/include/ainex_interfaces/ainex_interfaces/srv/move_hand.h
[11.966s] -- Installing: /home/vgi/ainex_ws/install/ainex_interfaces/include/ainex_interfaces/ainex_interfaces/srv/run_gesture.h
[11.966s] -- Up-to-date: /home/vgi/ainex_ws/install/ainex_interfaces/include/ainex_interfaces/ainex_interfaces/msg
[11.966s] -- Up-to-date: /home/vgi/ainex_ws/install/ainex_interfaces/include/ainex_interfaces/ainex_interfaces/msg/rosidl_generator_c__visibility_control.h
[11.970s] -- Up-to-date: /home/vgi/ainex_ws/install/ainex_interfaces/share/ainex_interfaces/environment/library_path.sh
[11.970s] -- Up-to-date: /home/vgi/ainex_ws/install/ainex_interfaces/share/ainex_interfaces/environment/library_path.dsv
[11.970s] -- Installing: /home/vgi/ainex_ws/install/ainex_interfaces/lib/libainex_interfaces__rosidl_generator_c.so
[11.970s] -- Set non-toolchain portion of runtime path of "/home/vgi/ainex_ws/install/ainex_interfaces/lib/libainex_interfaces__rosidl_generator_c.so" to ""
[11.970s] -- Up-to-date: /home/vgi/ainex_ws/install/ainex_interfaces/include/ainex_interfaces/ainex_interfaces
[11.970s] -- Up-to-date: /home/vgi/ainex_ws/install/ainex_interfaces/include/ainex_interfaces/ainex_interfaces/srv
[11.970s] -- Up-to-date: /home/vgi/ainex_ws/install/ainex_interfaces/include/ainex_interfaces/ainex_interfaces/srv/detail
[11.970s] -- Installing: /home/vgi/ainex_ws/install/ainex_interfaces/include/ainex_interfaces/ainex_interfaces/srv/detail/run_gesture__rosidl_typesupport_fastrtps_c.h
[11.970s] -- Installing: /home/vgi/ainex_ws/install/ainex_interfaces/include/ainex_interfaces/ainex_interfaces/srv/detail/move_hand__rosidl_typesupport_fastrtps_c.h
[11.971s] -- Up-to-date: /home/vgi/ainex_ws/install/ainex_interfaces/include/ainex_interfaces/ainex_interfaces/msg
[11.971s] -- Up-to-date: /home/vgi/ainex_ws/install/ainex_interfaces/include/ainex_interfaces/ainex_interfaces/msg/rosidl_typesupport_fastrtps_c__visibility_control.h
[11.971s] -- Installing: /home/vgi/ainex_ws/install/ainex_interfaces/lib/libainex_interfaces__rosidl_typesupport_fastrtps_c.so
[11.971s] -- Set non-toolchain portion of runtime path of "/home/vgi/ainex_ws/install/ainex_interfaces/lib/libainex_interfaces__rosidl_typesupport_fastrtps_c.so" to ""
[11.971s] -- Up-to-date: /home/vgi/ainex_ws/install/ainex_interfaces/include/ainex_interfaces/ainex_interfaces
[11.971s] -- Up-to-date: /home/vgi/ainex_ws/install/ainex_interfaces/include/ainex_interfaces/ainex_interfaces/srv
[11.971s] -- Up-to-date: /home/vgi/ainex_ws/install/ainex_interfaces/include/ainex_interfaces/ainex_interfaces/srv/detail
[11.972s] -- Installing: /home/vgi/ainex_ws/install/ainex_interfaces/include/ainex_interfaces/ainex_interfaces/srv/detail/run_gesture__type_support.c
[11.972s] -- Installing: /home/vgi/ainex_ws/install/ainex_interfaces/include/ainex_interfaces/ainex_interfaces/srv/detail/move_hand__type_support.c
[11.972s] -- Installing: /home/vgi/ainex_ws/install/ainex_interfaces/include/ainex_interfaces/ainex_interfaces/srv/detail/move_hand__rosidl_typesupport_introspection_c.h
[11.972s] -- Installing: /home/vgi/ainex_ws/install/ainex_interfaces/include/ainex_interfaces/ainex_interfaces/srv/detail/run_gesture__rosidl_typesupport_introspection_c.h
[11.973s] -- Up-to-date: /home/vgi/ainex_ws/install/ainex_interfaces/include/ainex_interfaces/ainex_interfaces/msg
[11.973s] -- Up-to-date: /home/vgi/ainex_ws/install/ainex_interfaces/include/ainex_interfaces/ainex_interfaces/msg/rosidl_typesupport_introspection_c__visibility_control.h
[11.973s] -- Installing: /home/vgi/ainex_ws/install/ainex_interfaces/lib/libainex_interfaces__rosidl_typesupport_introspection_c.so
[11.973s] -- Set non-toolchain portion of runtime path of "/home/vgi/ainex_ws/install/ainex_interfaces/lib/libainex_interfaces__rosidl_typesupport_introspection_c.so" to ""
[11.974s] -- Installing: /home/vgi/ainex_ws/install/ainex_interfaces/lib/libainex_interfaces__rosidl_typesupport_c.so
[11.974s] -- Set non-toolchain portion of runtime path of "/home/vgi/ainex_ws/install/ainex_interfaces/lib/libainex_interfaces__rosidl_typesupport_c.so" to ""
[11.974s] -- Up-to-date: /home/vgi/ainex_ws/install/ainex_interfaces/include/ainex_interfaces/ainex_interfaces
[11.974s] -- Up-to-date: /home/vgi/ainex_ws/install/ainex_interfaces/include/ainex_interfaces/ainex_interfaces/srv
[11.974s] -- Installing: /home/vgi/ainex_ws/install/ainex_interfaces/include/ainex_interfaces/ainex_interfaces/srv/move_hand.hpp
[11.974s] -- Up-to-date: /home/vgi/ainex_ws/install/ainex_interfaces/include/ainex_interfaces/ainex_interfaces/srv/detail
[11.974s] -- Installing: /home/vgi/ainex_ws/install/ainex_interfaces/include/ainex_interfaces/ainex_interfaces/srv/detail/run_gesture__builder.hpp
[11.974s] -- Installing: /home/vgi/ainex_ws/install/ainex_interfaces/include/ainex_interfaces/ainex_interfaces/srv/detail/move_hand__struct.hpp
[11.976s] -- Installing: /home/vgi/ainex_ws/install/ainex_interfaces/include/ainex_interfaces/ainex_interfaces/srv/detail/run_gesture__type_support.hpp
[11.976s] -- Installing: /home/vgi/ainex_ws/install/ainex_interfaces/include/ainex_interfaces/ainex_interfaces/srv/detail/move_hand__type_support.hpp
[11.977s] -- Installing: /home/vgi/ainex_ws/install/ainex_interfaces/include/ainex_interfaces/ainex_interfaces/srv/detail/run_gesture__struct.hpp
[11.977s] -- Installing: /home/vgi/ainex_ws/install/ainex_interfaces/include/ainex_interfaces/ainex_interfaces/srv/detail/move_hand__builder.hpp
[11.977s] -- Installing: /home/vgi/ainex_ws/install/ainex_interfaces/include/ainex_interfaces/ainex_interfaces/srv/detail/run_gesture__traits.hpp
[11.978s] -- Installing: /home/vgi/ainex_ws/install/ainex_interfaces/include/ainex_interfaces/ainex_interfaces/srv/detail/move_hand__traits.hpp
[11.978s] -- Installing: /home/vgi/ainex_ws/install/ainex_interfaces/include/ainex_interfaces/ainex_interfaces/srv/run_gesture.hpp
[11.978s] -- Up-to-date: /home/vgi/ainex_ws/install/ainex_interfaces/include/ainex_interfaces/ainex_interfaces/msg
[11.978s] -- Installing: /home/vgi/ainex_ws/install/ainex_interfaces/include/ainex_interfaces/ainex_interfaces/msg/rosidl_generator_cpp__visibility_control.hpp
[11.978s] -- Up-to-date: /home/vgi/ainex_ws/install/ainex_interfaces/include/ainex_interfaces/ainex_interfaces
[11.978s] -- Up-to-date: /home/vgi/ainex_ws/install/ainex_interfaces/include/ainex_interfaces/ainex_interfaces/srv
[11.978s] -- Up-to-date: /home/vgi/ainex_ws/install/ainex_interfaces/include/ainex_interfaces/ainex_interfaces/srv/detail
[11.979s] -- Up-to-date: /home/vgi/ainex_ws/install/ainex_interfaces/include/ainex_interfaces/ainex_interfaces/srv/detail/dds_fastrtps
[11.980s] -- Installing: /home/vgi/ainex_ws/install/ainex_interfaces/include/ainex_interfaces/ainex_interfaces/srv/detail/move_hand__rosidl_typesupport_fastrtps_cpp.hpp
[11.980s] -- Installing: /home/vgi/ainex_ws/install/ainex_interfaces/include/ainex_interfaces/ainex_interfaces/srv/detail/run_gesture__rosidl_typesupport_fastrtps_cpp.hpp
[11.981s] -- Up-to-date: /home/vgi/ainex_ws/install/ainex_interfaces/include/ainex_interfaces/ainex_interfaces/msg
[11.981s] -- Up-to-date: /home/vgi/ainex_ws/install/ainex_interfaces/include/ainex_interfaces/ainex_interfaces/msg/rosidl_typesupport_fastrtps_cpp__visibility_control.h
[11.981s] -- Installing: /home/vgi/ainex_ws/install/ainex_interfaces/lib/libainex_interfaces__rosidl_typesupport_fastrtps_cpp.so
[11.982s] -- Set non-toolchain portion of runtime path of "/home/vgi/ainex_ws/install/ainex_interfaces/lib/libainex_interfaces__rosidl_typesupport_fastrtps_cpp.so" to ""
[11.982s] -- Up-to-date: /home/vgi/ainex_ws/install/ainex_interfaces/include/ainex_interfaces/ainex_interfaces
[11.983s] -- Up-to-date: /home/vgi/ainex_ws/install/ainex_interfaces/include/ainex_interfaces/ainex_interfaces/srv
[11.983s] -- Up-to-date: /home/vgi/ainex_ws/install/ainex_interfaces/include/ainex_interfaces/ainex_interfaces/srv/detail
[11.983s] -- Installing: /home/vgi/ainex_ws/install/ainex_interfaces/include/ainex_interfaces/ainex_interfaces/srv/detail/move_hand__rosidl_typesupport_introspection_cpp.hpp
[11.983s] -- Installing: /home/vgi/ainex_ws/install/ainex_interfaces/include/ainex_interfaces/ainex_interfaces/srv/detail/move_hand__type_support.cpp
[11.984s] -- Installing: /home/vgi/ainex_ws/install/ainex_interfaces/include/ainex_interfaces/ainex_interfaces/srv/detail/run_gesture__type_support.cpp
[11.984s] -- Installing: /home/vgi/ainex_ws/install/ainex_interfaces/include/ainex_interfaces/ainex_interfaces/srv/detail/run_gesture__rosidl_typesupport_introspection_cpp.hpp
[11.984s] -- Installing: /home/vgi/ainex_ws/install/ainex_interfaces/lib/libainex_interfaces__rosidl_typesupport_introspection_cpp.so
[11.984s] -- Set non-toolchain portion of runtime path of "/home/vgi/ainex_ws/install/ainex_interfaces/lib/libainex_interfaces__rosidl_typesupport_introspection_cpp.so" to ""
[11.984s] -- Installing: /home/vgi/ainex_ws/install/ainex_interfaces/lib/libainex_interfaces__rosidl_typesupport_cpp.so
[11.984s] -- Set non-toolchain portion of runtime path of "/home/vgi/ainex_ws/install/ainex_interfaces/lib/libainex_interfaces__rosidl_typesupport_cpp.so" to ""
[11.984s] -- Up-to-date: /home/vgi/ainex_ws/install/ainex_interfaces/share/ainex_interfaces/environment/pythonpath.sh
[11.984s] -- Up-to-date: /home/vgi/ainex_ws/install/ainex_interfaces/share/ainex_interfaces/environment/pythonpath.dsv
[11.984s] -- Up-to-date: /home/vgi/ainex_ws/install/ainex_interfaces/lib/python3.12/site-packages/ainex_interfaces-0.0.0-py3.12.egg-info
[11.984s] -- Installing: /home/vgi/ainex_ws/install/ainex_interfaces/lib/python3.12/site-packages/ainex_interfaces-0.0.0-py3.12.egg-info/dependency_links.txt
[11.984s] -- Installing: /home/vgi/ainex_ws/install/ainex_interfaces/lib/python3.12/site-packages/ainex_interfaces-0.0.0-py3.12.egg-info/PKG-INFO
[11.985s] -- Installing: /home/vgi/ainex_ws/install/ainex_interfaces/lib/python3.12/site-packages/ainex_interfaces-0.0.0-py3.12.egg-info/top_level.txt
[11.985s] -- Installing: /home/vgi/ainex_ws/install/ainex_interfaces/lib/python3.12/site-packages/ainex_interfaces-0.0.0-py3.12.egg-info/SOURCES.txt
[11.985s] -- Up-to-date: /home/vgi/ainex_ws/install/ainex_interfaces/lib/python3.12/site-packages/ainex_interfaces
[11.985s] -- Installing: /home/vgi/ainex_ws/install/ainex_interfaces/lib/python3.12/site-packages/ainex_interfaces/ainex_interfaces_s__rosidl_typesupport_introspection_c.so
[11.985s] -- Installing: /home/vgi/ainex_ws/install/ainex_interfaces/lib/python3.12/site-packages/ainex_interfaces/ainex_interfaces_s__rosidl_typesupport_fastrtps_c.so
[11.985s] -- Up-to-date: /home/vgi/ainex_ws/install/ainex_interfaces/lib/python3.12/site-packages/ainex_interfaces/srv
[11.985s] -- Installing: /home/vgi/ainex_ws/install/ainex_interfaces/lib/python3.12/site-packages/ainex_interfaces/srv/_move_hand.py
[11.988s] -- Installing: /home/vgi/ainex_ws/install/ainex_interfaces/lib/python3.12/site-packages/ainex_interfaces/srv/_run_gesture_s.c
[11.989s] -- Installing: /home/vgi/ainex_ws/install/ainex_interfaces/lib/python3.12/site-packages/ainex_interfaces/srv/__init__.py
[11.989s] -- Installing: /home/vgi/ainex_ws/install/ainex_interfaces/lib/python3.12/site-packages/ainex_interfaces/srv/_run_gesture.py
[11.989s] -- Installing: /home/vgi/ainex_ws/install/ainex_interfaces/lib/python3.12/site-packages/ainex_interfaces/srv/_move_hand_s.c
[11.989s] -- Installing: /home/vgi/ainex_ws/install/ainex_interfaces/lib/python3.12/site-packages/ainex_interfaces/_ainex_interfaces_s.ep.rosidl_typesupport_introspection_c.c
[11.989s] -- Installing: /home/vgi/ainex_ws/install/ainex_interfaces/lib/python3.12/site-packages/ainex_interfaces/__init__.py
[11.989s] -- Installing: /home/vgi/ainex_ws/install/ainex_interfaces/lib/python3.12/site-packages/ainex_interfaces/_ainex_interfaces_s.ep.rosidl_typesupport_c.c
[11.989s] -- Installing: /home/vgi/ainex_ws/install/ainex_interfaces/lib/python3.12/site-packages/ainex_interfaces/ainex_interfaces_s__rosidl_typesupport_c.so
[11.989s] -- Installing: /home/vgi/ainex_ws/install/ainex_interfaces/lib/python3.12/site-packages/ainex_interfaces/_ainex_interfaces_s.ep.rosidl_typesupport_fastrtps_c.c
[12.086s] Listing '/home/vgi/ainex_ws/install/ainex_interfaces/lib/python3.12/site-packages/ainex_interfaces'...
[12.088s] Compiling '/home/vgi/ainex_ws/install/ainex_interfaces/lib/python3.12/site-packages/ainex_interfaces/__init__.py'...
[12.089s] Listing '/home/vgi/ainex_ws/install/ainex_interfaces/lib/python3.12/site-packages/ainex_interfaces/srv'...
[12.089s] Compiling '/home/vgi/ainex_ws/install/ainex_interfaces/lib/python3.12/site-packages/ainex_interfaces/srv/__init__.py'...
[12.089s] Compiling '/home/vgi/ainex_ws/install/ainex_interfaces/lib/python3.12/site-packages/ainex_interfaces/srv/_move_hand.py'...
[12.089s] Compiling '/home/vgi/ainex_ws/install/ainex_interfaces/lib/python3.12/site-packages/ainex_interfaces/srv/_run_gesture.py'...
[12.108s] -- Installing: /home/vgi/ainex_ws/install/ainex_interfaces/lib/python3.12/site-packages/ainex_interfaces/ainex_interfaces_s__rosidl_typesupport_fastrtps_c.so
[12.108s] -- Set non-toolchain portion of runtime path of "/home/vgi/ainex_ws/install/ainex_interfaces/lib/python3.12/site-packages/ainex_interfaces/ainex_interfaces_s__rosidl_typesupport_fastrtps_c.so" to ""
[12.108s] -- Installing: /home/vgi/ainex_ws/install/ainex_interfaces/lib/python3.12/site-packages/ainex_interfaces/ainex_interfaces_s__rosidl_typesupport_introspection_c.so
[12.109s] -- Set non-toolchain portion of runtime path of "/home/vgi/ainex_ws/install/ainex_interfaces/lib/python3.12/site-packages/ainex_interfaces/ainex_interfaces_s__rosidl_typesupport_introspection_c.so" to ""
[12.110s] -- Installing: /home/vgi/ainex_ws/install/ainex_interfaces/lib/python3.12/site-packages/ainex_interfaces/ainex_interfaces_s__rosidl_typesupport_c.so
[12.111s] -- Set non-toolchain portion of runtime path of "/home/vgi/ainex_ws/install/ainex_interfaces/lib/python3.12/site-packages/ainex_interfaces/ainex_interfaces_s__rosidl_typesupport_c.so" to ""
[12.112s] -- Installing: /home/vgi/ainex_ws/install/ainex_interfaces/lib/libainex_interfaces__rosidl_generator_py.so
[12.113s] -- Set non-toolchain portion of runtime path of "/home/vgi/ainex_ws/install/ainex_interfaces/lib/libainex_interfaces__rosidl_generator_py.so" to ""
[12.113s] -- Up-to-date: /home/vgi/ainex_ws/install/ainex_interfaces/share/ainex_interfaces/srv/MoveHand.idl
[12.113s] -- Installing: /home/vgi/ainex_ws/install/ainex_interfaces/share/ainex_interfaces/srv/RunGesture.idl
[12.114s] -- Up-to-date: /home/vgi/ainex_ws/install/ainex_interfaces/share/ainex_interfaces/srv/MoveHand.srv
[12.114s] -- Installing: /home/vgi/ainex_ws/install/ainex_interfaces/share/ainex_interfaces/srv/RunGesture.srv
[12.115s] -- Up-to-date: /home/vgi/ainex_ws/install/ainex_interfaces/share/ament_index/resource_index/package_run_dependencies/ainex_interfaces
[12.115s] -- Installing: /home/vgi/ainex_ws/install/ainex_interfaces/share/ament_index/resource_index/parent_prefix_path/ainex_interfaces
[12.115s] -- Up-to-date: /home/vgi/ainex_ws/install/ainex_interfaces/share/ainex_interfaces/environment/ament_prefix_path.sh
[12.115s] -- Up-to-date: /home/vgi/ainex_ws/install/ainex_interfaces/share/ainex_interfaces/environment/ament_prefix_path.dsv
[12.116s] -- Up-to-date: /home/vgi/ainex_ws/install/ainex_interfaces/share/ainex_interfaces/environment/path.sh
[12.116s] -- Up-to-date: /home/vgi/ainex_ws/install/ainex_interfaces/share/ainex_interfaces/environment/path.dsv
[12.116s] -- Up-to-date: /home/vgi/ainex_ws/install/ainex_interfaces/share/ainex_interfaces/local_setup.bash
[12.119s] -- Up-to-date: /home/vgi/ainex_ws/install/ainex_interfaces/share/ainex_interfaces/local_setup.sh
[12.119s] -- Up-to-date: /home/vgi/ainex_ws/install/ainex_interfaces/share/ainex_interfaces/local_setup.zsh
[12.119s] -- Up-to-date: /home/vgi/ainex_ws/install/ainex_interfaces/share/ainex_interfaces/local_setup.dsv
[12.119s] -- Installing: /home/vgi/ainex_ws/install/ainex_interfaces/share/ainex_interfaces/package.dsv
[12.119s] -- Up-to-date: /home/vgi/ainex_ws/install/ainex_interfaces/share/ament_index/resource_index/packages/ainex_interfaces
[12.122s] -- Up-to-date: /home/vgi/ainex_ws/install/ainex_interfaces/share/ainex_interfaces/cmake/export_ainex_interfaces__rosidl_generator_cExport.cmake
[12.124s] -- Up-to-date: /home/vgi/ainex_ws/install/ainex_interfaces/share/ainex_interfaces/cmake/export_ainex_interfaces__rosidl_generator_cExport-noconfig.cmake
[12.125s] -- Up-to-date: /home/vgi/ainex_ws/install/ainex_interfaces/share/ainex_interfaces/cmake/export_ainex_interfaces__rosidl_typesupport_fastrtps_cExport.cmake
[12.125s] -- Up-to-date: /home/vgi/ainex_ws/install/ainex_interfaces/share/ainex_interfaces/cmake/export_ainex_interfaces__rosidl_typesupport_fastrtps_cExport-noconfig.cmake
[12.126s] -- Up-to-date: /home/vgi/ainex_ws/install/ainex_interfaces/share/ainex_interfaces/cmake/ainex_interfaces__rosidl_typesupport_introspection_cExport.cmake
[12.126s] -- Up-to-date: /home/vgi/ainex_ws/install/ainex_interfaces/share/ainex_interfaces/cmake/ainex_interfaces__rosidl_typesupport_introspection_cExport-noconfig.cmake
[12.126s] -- Up-to-date: /home/vgi/ainex_ws/install/ainex_interfaces/share/ainex_interfaces/cmake/ainex_interfaces__rosidl_typesupport_cExport.cmake
[12.129s] -- Up-to-date: /home/vgi/ainex_ws/install/ainex_interfaces/share/ainex_interfaces/cmake/ainex_interfaces__rosidl_typesupport_cExport-noconfig.cmake
[12.130s] -- Up-to-date: /home/vgi/ainex_ws/install/ainex_interfaces/share/ainex_interfaces/cmake/export_ainex_interfaces__rosidl_generator_cppExport.cmake
[12.131s] -- Up-to-date: /home/vgi/ainex_ws/install/ainex_interfaces/share/ainex_interfaces/cmake/export_ainex_interfaces__rosidl_typesupport_fastrtps_cppExport.cmake
[12.131s] -- Up-to-date: /home/vgi/ainex_ws/install/ainex_interfaces/share/ainex_interfaces/cmake/export_ainex_interfaces__rosidl_typesupport_fastrtps_cppExport-noconfig.cmake
[12.131s] -- Up-to-date: /home/vgi/ainex_ws/install/ainex_interfaces/share/ainex_interfaces/cmake/ainex_interfaces__rosidl_typesupport_introspection_cppExport.cmake
[12.132s] -- Up-to-date: /home/vgi/ainex_ws/install/ainex_interfaces/share/ainex_interfaces/cmake/ainex_interfaces__rosidl_typesupport_introspection_cppExport-noconfig.cmake
[12.132s] -- Up-to-date: /home/vgi/ainex_ws/install/ainex_interfaces/share/ainex_interfaces/cmake/ainex_interfaces__rosidl_typesupport_cppExport.cmake
[12.132s] -- Up-to-date: /home/vgi/ainex_ws/install/ainex_interfaces/share/ainex_interfaces/cmake/ainex_interfaces__rosidl_typesupport_cppExport-noconfig.cmake
[12.132s] -- Up-to-date: /home/vgi/ainex_ws/install/ainex_interfaces/share/ainex_interfaces/cmake/export_ainex_interfaces__rosidl_generator_pyExport.cmake
[12.132s] -- Up-to-date: /home/vgi/ainex_ws/install/ainex_interfaces/share/ainex_interfaces/cmake/export_ainex_interfaces__rosidl_generator_pyExport-noconfig.cmake
[12.132s] -- Installing: /home/vgi/ainex_ws/install/ainex_interfaces/share/ainex_interfaces/cmake/rosidl_cmake-extras.cmake
[12.132s] -- Installing: /home/vgi/ainex_ws/install/ainex_interfaces/share/ainex_interfaces/cmake/ament_cmake_export_dependencies-extras.cmake
[12.132s] -- Up-to-date: /home/vgi/ainex_ws/install/ainex_interfaces/share/ainex_interfaces/cmake/ament_cmake_export_include_directories-extras.cmake
[12.133s] -- Up-to-date: /home/vgi/ainex_ws/install/ainex_interfaces/share/ainex_interfaces/cmake/ament_cmake_export_libraries-extras.cmake
[12.133s] -- Up-to-date: /home/vgi/ainex_ws/install/ainex_interfaces/share/ainex_interfaces/cmake/ament_cmake_export_targets-extras.cmake
[12.133s] -- Up-to-date: /home/vgi/ainex_ws/install/ainex_interfaces/share/ainex_interfaces/cmake/rosidl_cmake_export_typesupport_targets-extras.cmake
[12.133s] -- Up-to-date: /home/vgi/ainex_ws/install/ainex_interfaces/share/ainex_interfaces/cmake/rosidl_cmake_export_typesupport_libraries-extras.cmake
[12.133s] -- Up-to-date: /home/vgi/ainex_ws/install/ainex_interfaces/share/ainex_interfaces/cmake/ainex_interfacesConfig.cmake
[12.133s] -- Up-to-date: /home/vgi/ainex_ws/install/ainex_interfaces/share/ainex_interfaces/cmake/ainex_interfacesConfig-version.cmake
[12.135s] -- Up-to-date: /home/vgi/ainex_ws/install/ainex_interfaces/share/ainex_interfaces/package.xml
[12.137s] Invoked command in '/home/vgi/ainex_ws/build/ainex_interfaces' returned '0': CMAKE_PREFIX_PATH=${CMAKE_PREFIX_PATH}:/home/vgi/ainex_ws/install/ainex_arm:/home/vgi/robot_ws/install/robot_arm:/opt/ros/jazzy DEBUGINFOD_URLS=https://debuginfod.ubuntu.com /usr/bin/cmake --install /home/vgi/ainex_ws/build/ainex_interfaces
