[8.074s] Invoking command in '/home/vgi/ainex_ws/src/ainex_arm': DEBUGINFOD_URLS=https://debuginfod.ubuntu.com PYTHONPATH=/home/vgi/ainex_ws/build/ainex_arm/prefix_override:/usr/lib/python3/dist-packages/colcon_core/task/python/colcon_distutils_commands:/home/vgi/ainex_ws/install/ainex_arm/lib/python3.12/site-packages:${PYTHONPATH} /usr/bin/python3 -W ignore:setup.py install is deprecated -W ignore:easy_install command is deprecated setup.py egg_info --egg-base ../../build/ainex_arm build --build-base /home/vgi/ainex_ws/build/ainex_arm/build install --record /home/vgi/ainex_ws/build/ainex_arm/install.log --single-version-externally-managed install_data
[10.437s] running egg_info
[10.590s] writing ../../build/ainex_arm/ainex_arm.egg-info/PKG-INFO
[10.592s] writing dependency_links to ../../build/ainex_arm/ainex_arm.egg-info/dependency_links.txt
[10.597s] writing entry points to ../../build/ainex_arm/ainex_arm.egg-info/entry_points.txt
[10.599s] writing requirements to ../../build/ainex_arm/ainex_arm.egg-info/requires.txt
[10.603s] writing top-level names to ../../build/ainex_arm/ainex_arm.egg-info/top_level.txt
[11.342s] reading manifest file '../../build/ainex_arm/ainex_arm.egg-info/SOURCES.txt'
[11.356s] writing manifest file '../../build/ainex_arm/ainex_arm.egg-info/SOURCES.txt'
[11.358s] running build
[11.362s] running build_py
[11.370s] running install
[11.416s] running install_lib
[11.777s] running install_data
[11.778s] running install_egg_info
[12.115s] removing '/home/vgi/ainex_ws/install/ainex_arm/lib/python3.12/site-packages/ainex_arm-0.0.0-py3.12.egg-info' (and everything under it)
[12.119s] Copying ../../build/ainex_arm/ainex_arm.egg-info to /home/vgi/ainex_ws/install/ainex_arm/lib/python3.12/site-packages/ainex_arm-0.0.0-py3.12.egg-info
[12.130s] running install_scripts
[13.413s] Installing hand_node script to /home/vgi/ainex_ws/install/ainex_arm/lib/ainex_arm
[13.415s] Installing left_hand_salute script to /home/vgi/ainex_ws/install/ainex_arm/lib/ainex_arm
[13.416s] Installing left_hand_wave script to /home/vgi/ainex_ws/install/ainex_arm/lib/ainex_arm
[13.418s] Installing salute_node script to /home/vgi/ainex_ws/install/ainex_arm/lib/ainex_arm
[13.419s] Installing wave_node script to /home/vgi/ainex_ws/install/ainex_arm/lib/ainex_arm
[13.422s] writing list of installed files to '/home/vgi/ainex_ws/build/ainex_arm/install.log'
[13.701s] Invoked command in '/home/vgi/ainex_ws/src/ainex_arm' returned '0': DEBUGINFOD_URLS=https://debuginfod.ubuntu.com PYTHONPATH=/home/vgi/ainex_ws/build/ainex_arm/prefix_override:/usr/lib/python3/dist-packages/colcon_core/task/python/colcon_distutils_commands:/home/vgi/ainex_ws/install/ainex_arm/lib/python3.12/site-packages:${PYTHONPATH} /usr/bin/python3 -W ignore:setup.py install is deprecated -W ignore:easy_install command is deprecated setup.py egg_info --egg-base ../../build/ainex_arm build --build-base /home/vgi/ainex_ws/build/ainex_arm/build install --record /home/vgi/ainex_ws/build/ainex_arm/install.log --single-version-externally-managed install_data
