[0.399s] Invoking command in '/home/vgi/ainex_ws/build/ainex_interfaces': CMAKE_PREFIX_PATH=${CMAKE_PREFIX_PATH}:/home/vgi/ainex_ws/install/ainex_arm:/home/vgi/robot_ws/install/robot_arm:/opt/ros/jazzy DEBUGINFOD_URLS=https://debuginfod.ubuntu.com /usr/bin/cmake --build /home/vgi/ainex_ws/build/ainex_interfaces -- -j4 -l4
[0.507s] [  2%] Built target ainex_interfaces__rosidl_generator_type_description
[0.526s] [  2%] Built target ament_cmake_python_copy_ainex_interfaces
[0.569s] [ 20%] Built target ainex_interfaces__rosidl_generator_c
[0.586s] [ 22%] Built target ainex_interfaces__cpp
[0.660s] [ 31%] Built target ainex_interfaces__rosidl_typesupport_introspection_c
[0.672s] [ 40%] Built target ainex_interfaces__rosidl_typesupport_fastrtps_c
[0.677s] [ 50%] Built target ainex_interfaces__rosidl_typesupport_c
[0.749s] [ 59%] Built target ainex_interfaces__rosidl_typesupport_introspection_cpp
[0.764s] [ 70%] Built target ainex_interfaces__rosidl_typesupport_fastrtps_cpp
[0.764s] [ 77%] Built target ainex_interfaces__rosidl_typesupport_cpp
[0.842s] [ 77%] Built target ainex_interfaces
[0.916s] [ 79%] Built target ainex_interfaces__py
[0.969s] [ 86%] Built target ainex_interfaces__rosidl_generator_py
[1.073s] [ 90%] Built target ainex_interfaces_s__rosidl_typesupport_fastrtps_c
[1.075s] [ 95%] Built target ainex_interfaces_s__rosidl_typesupport_introspection_c
[1.085s] [100%] Built target ainex_interfaces_s__rosidl_typesupport_c
[1.160s] running egg_info
[1.190s] writing ainex_interfaces.egg-info/PKG-INFO
[1.191s] writing dependency_links to ainex_interfaces.egg-info/dependency_links.txt
[1.194s] writing top-level names to ainex_interfaces.egg-info/top_level.txt
[1.308s] reading manifest file 'ainex_interfaces.egg-info/SOURCES.txt'
[1.309s] writing manifest file 'ainex_interfaces.egg-info/SOURCES.txt'
[1.408s] [100%] Built target ament_cmake_python_build_ainex_interfaces_egg
[1.437s] Invoked command in '/home/vgi/ainex_ws/build/ainex_interfaces' returned '0': CMAKE_PREFIX_PATH=${CMAKE_PREFIX_PATH}:/home/vgi/ainex_ws/install/ainex_arm:/home/vgi/robot_ws/install/robot_arm:/opt/ros/jazzy DEBUGINFOD_URLS=https://debuginfod.ubuntu.com /usr/bin/cmake --build /home/vgi/ainex_ws/build/ainex_interfaces -- -j4 -l4
[1.463s] Invoking command in '/home/vgi/ainex_ws/build/ainex_interfaces': CMAKE_PREFIX_PATH=${CMAKE_PREFIX_PATH}:/home/vgi/ainex_ws/install/ainex_arm:/home/vgi/robot_ws/install/robot_arm:/opt/ros/jazzy DEBUGINFOD_URLS=https://debuginfod.ubuntu.com /usr/bin/cmake --install /home/vgi/ainex_ws/build/ainex_interfaces
[1.484s] -- Install configuration: ""
[1.484s] -- Up-to-date: /home/vgi/ainex_ws/install/ainex_interfaces/share/ament_index/resource_index/rosidl_interfaces/ainex_interfaces
[1.484s] -- Up-to-date: /home/vgi/ainex_ws/install/ainex_interfaces/share/ainex_interfaces/srv/MoveHand.json
[1.484s] -- Up-to-date: /home/vgi/ainex_ws/install/ainex_interfaces/share/ainex_interfaces/srv/RunGesture.json
[1.485s] -- Up-to-date: /home/vgi/ainex_ws/install/ainex_interfaces/include/ainex_interfaces/ainex_interfaces
[1.485s] -- Up-to-date: /home/vgi/ainex_ws/install/ainex_interfaces/include/ainex_interfaces/ainex_interfaces/srv
[1.485s] -- Up-to-date: /home/vgi/ainex_ws/install/ainex_interfaces/include/ainex_interfaces/ainex_interfaces/srv/detail
[1.485s] -- Up-to-date: /home/vgi/ainex_ws/install/ainex_interfaces/include/ainex_interfaces/ainex_interfaces/srv/detail/run_gesture__functions.h
[1.485s] -- Up-to-date: /home/vgi/ainex_ws/install/ainex_interfaces/include/ainex_interfaces/ainex_interfaces/srv/detail/move_hand__description.c
[1.485s] -- Up-to-date: /home/vgi/ainex_ws/install/ainex_interfaces/include/ainex_interfaces/ainex_interfaces/srv/detail/run_gesture__type_support.c
[1.486s] -- Up-to-date: /home/vgi/ainex_ws/install/ainex_interfaces/include/ainex_interfaces/ainex_interfaces/srv/detail/move_hand__struct.h
[1.486s] -- Up-to-date: /home/vgi/ainex_ws/install/ainex_interfaces/include/ainex_interfaces/ainex_interfaces/srv/detail/run_gesture__type_support.h
[1.486s] -- Up-to-date: /home/vgi/ainex_ws/install/ainex_interfaces/include/ainex_interfaces/ainex_interfaces/srv/detail/run_gesture__description.c
[1.486s] -- Up-to-date: /home/vgi/ainex_ws/install/ainex_interfaces/include/ainex_interfaces/ainex_interfaces/srv/detail/move_hand__type_support.h
[1.489s] -- Up-to-date: /home/vgi/ainex_ws/install/ainex_interfaces/include/ainex_interfaces/ainex_interfaces/srv/detail/run_gesture__struct.h
[1.489s] -- Up-to-date: /home/vgi/ainex_ws/install/ainex_interfaces/include/ainex_interfaces/ainex_interfaces/srv/detail/move_hand__type_support.c
[1.489s] -- Up-to-date: /home/vgi/ainex_ws/install/ainex_interfaces/include/ainex_interfaces/ainex_interfaces/srv/detail/move_hand__functions.c
[1.489s] -- Up-to-date: /home/vgi/ainex_ws/install/ainex_interfaces/include/ainex_interfaces/ainex_interfaces/srv/detail/run_gesture__functions.c
[1.490s] -- Up-to-date: /home/vgi/ainex_ws/install/ainex_interfaces/include/ainex_interfaces/ainex_interfaces/srv/detail/move_hand__functions.h
[1.490s] -- Up-to-date: /home/vgi/ainex_ws/install/ainex_interfaces/include/ainex_interfaces/ainex_interfaces/srv/move_hand.h
[1.490s] -- Up-to-date: /home/vgi/ainex_ws/install/ainex_interfaces/include/ainex_interfaces/ainex_interfaces/srv/run_gesture.h
[1.490s] -- Up-to-date: /home/vgi/ainex_ws/install/ainex_interfaces/include/ainex_interfaces/ainex_interfaces/msg
[1.491s] -- Up-to-date: /home/vgi/ainex_ws/install/ainex_interfaces/include/ainex_interfaces/ainex_interfaces/msg/rosidl_generator_c__visibility_control.h
[1.491s] -- Up-to-date: /home/vgi/ainex_ws/install/ainex_interfaces/share/ainex_interfaces/environment/library_path.sh
[1.491s] -- Up-to-date: /home/vgi/ainex_ws/install/ainex_interfaces/share/ainex_interfaces/environment/library_path.dsv
[1.491s] -- Up-to-date: /home/vgi/ainex_ws/install/ainex_interfaces/lib/libainex_interfaces__rosidl_generator_c.so
[1.491s] -- Up-to-date: /home/vgi/ainex_ws/install/ainex_interfaces/include/ainex_interfaces/ainex_interfaces
[1.491s] -- Up-to-date: /home/vgi/ainex_ws/install/ainex_interfaces/include/ainex_interfaces/ainex_interfaces/srv
[1.491s] -- Up-to-date: /home/vgi/ainex_ws/install/ainex_interfaces/include/ainex_interfaces/ainex_interfaces/srv/detail
[1.491s] -- Up-to-date: /home/vgi/ainex_ws/install/ainex_interfaces/include/ainex_interfaces/ainex_interfaces/srv/detail/run_gesture__rosidl_typesupport_fastrtps_c.h
[1.491s] -- Up-to-date: /home/vgi/ainex_ws/install/ainex_interfaces/include/ainex_interfaces/ainex_interfaces/srv/detail/move_hand__rosidl_typesupport_fastrtps_c.h
[1.494s] -- Up-to-date: /home/vgi/ainex_ws/install/ainex_interfaces/include/ainex_interfaces/ainex_interfaces/msg
[1.495s] -- Up-to-date: /home/vgi/ainex_ws/install/ainex_interfaces/include/ainex_interfaces/ainex_interfaces/msg/rosidl_typesupport_fastrtps_c__visibility_control.h
[1.495s] -- Up-to-date: /home/vgi/ainex_ws/install/ainex_interfaces/lib/libainex_interfaces__rosidl_typesupport_fastrtps_c.so
[1.495s] -- Up-to-date: /home/vgi/ainex_ws/install/ainex_interfaces/include/ainex_interfaces/ainex_interfaces
[1.495s] -- Up-to-date: /home/vgi/ainex_ws/install/ainex_interfaces/include/ainex_interfaces/ainex_interfaces/srv
[1.496s] -- Up-to-date: /home/vgi/ainex_ws/install/ainex_interfaces/include/ainex_interfaces/ainex_interfaces/srv/detail
[1.496s] -- Up-to-date: /home/vgi/ainex_ws/install/ainex_interfaces/include/ainex_interfaces/ainex_interfaces/srv/detail/run_gesture__type_support.c
[1.496s] -- Up-to-date: /home/vgi/ainex_ws/install/ainex_interfaces/include/ainex_interfaces/ainex_interfaces/srv/detail/move_hand__type_support.c
[1.497s] -- Up-to-date: /home/vgi/ainex_ws/install/ainex_interfaces/include/ainex_interfaces/ainex_interfaces/srv/detail/move_hand__rosidl_typesupport_introspection_c.h
[1.497s] -- Up-to-date: /home/vgi/ainex_ws/install/ainex_interfaces/include/ainex_interfaces/ainex_interfaces/srv/detail/run_gesture__rosidl_typesupport_introspection_c.h
[1.500s] -- Up-to-date: /home/vgi/ainex_ws/install/ainex_interfaces/include/ainex_interfaces/ainex_interfaces/msg
[1.500s] -- Up-to-date: /home/vgi/ainex_ws/install/ainex_interfaces/include/ainex_interfaces/ainex_interfaces/msg/rosidl_typesupport_introspection_c__visibility_control.h
[1.500s] -- Up-to-date: /home/vgi/ainex_ws/install/ainex_interfaces/lib/libainex_interfaces__rosidl_typesupport_introspection_c.so
[1.501s] -- Up-to-date: /home/vgi/ainex_ws/install/ainex_interfaces/lib/libainex_interfaces__rosidl_typesupport_c.so
[1.501s] -- Up-to-date: /home/vgi/ainex_ws/install/ainex_interfaces/include/ainex_interfaces/ainex_interfaces
[1.501s] -- Up-to-date: /home/vgi/ainex_ws/install/ainex_interfaces/include/ainex_interfaces/ainex_interfaces/srv
[1.501s] -- Up-to-date: /home/vgi/ainex_ws/install/ainex_interfaces/include/ainex_interfaces/ainex_interfaces/srv/move_hand.hpp
[1.501s] -- Up-to-date: /home/vgi/ainex_ws/install/ainex_interfaces/include/ainex_interfaces/ainex_interfaces/srv/detail
[1.501s] -- Up-to-date: /home/vgi/ainex_ws/install/ainex_interfaces/include/ainex_interfaces/ainex_interfaces/srv/detail/run_gesture__builder.hpp
[1.501s] -- Up-to-date: /home/vgi/ainex_ws/install/ainex_interfaces/include/ainex_interfaces/ainex_interfaces/srv/detail/move_hand__struct.hpp
[1.501s] -- Up-to-date: /home/vgi/ainex_ws/install/ainex_interfaces/include/ainex_interfaces/ainex_interfaces/srv/detail/run_gesture__type_support.hpp
[1.502s] -- Up-to-date: /home/vgi/ainex_ws/install/ainex_interfaces/include/ainex_interfaces/ainex_interfaces/srv/detail/move_hand__type_support.hpp
[1.502s] -- Up-to-date: /home/vgi/ainex_ws/install/ainex_interfaces/include/ainex_interfaces/ainex_interfaces/srv/detail/run_gesture__struct.hpp
[1.502s] -- Up-to-date: /home/vgi/ainex_ws/install/ainex_interfaces/include/ainex_interfaces/ainex_interfaces/srv/detail/move_hand__builder.hpp
[1.505s] -- Up-to-date: /home/vgi/ainex_ws/install/ainex_interfaces/include/ainex_interfaces/ainex_interfaces/srv/detail/run_gesture__traits.hpp
[1.505s] -- Up-to-date: /home/vgi/ainex_ws/install/ainex_interfaces/include/ainex_interfaces/ainex_interfaces/srv/detail/move_hand__traits.hpp
[1.505s] -- Up-to-date: /home/vgi/ainex_ws/install/ainex_interfaces/include/ainex_interfaces/ainex_interfaces/srv/run_gesture.hpp
[1.505s] -- Up-to-date: /home/vgi/ainex_ws/install/ainex_interfaces/include/ainex_interfaces/ainex_interfaces/msg
[1.506s] -- Up-to-date: /home/vgi/ainex_ws/install/ainex_interfaces/include/ainex_interfaces/ainex_interfaces/msg/rosidl_generator_cpp__visibility_control.hpp
[1.506s] -- Up-to-date: /home/vgi/ainex_ws/install/ainex_interfaces/include/ainex_interfaces/ainex_interfaces
[1.506s] -- Up-to-date: /home/vgi/ainex_ws/install/ainex_interfaces/include/ainex_interfaces/ainex_interfaces/srv
[1.506s] -- Up-to-date: /home/vgi/ainex_ws/install/ainex_interfaces/include/ainex_interfaces/ainex_interfaces/srv/detail
[1.506s] -- Up-to-date: /home/vgi/ainex_ws/install/ainex_interfaces/include/ainex_interfaces/ainex_interfaces/srv/detail/dds_fastrtps
[1.506s] -- Up-to-date: /home/vgi/ainex_ws/install/ainex_interfaces/include/ainex_interfaces/ainex_interfaces/srv/detail/move_hand__rosidl_typesupport_fastrtps_cpp.hpp
[1.506s] -- Up-to-date: /home/vgi/ainex_ws/install/ainex_interfaces/include/ainex_interfaces/ainex_interfaces/srv/detail/run_gesture__rosidl_typesupport_fastrtps_cpp.hpp
[1.506s] -- Up-to-date: /home/vgi/ainex_ws/install/ainex_interfaces/include/ainex_interfaces/ainex_interfaces/msg
[1.506s] -- Up-to-date: /home/vgi/ainex_ws/install/ainex_interfaces/include/ainex_interfaces/ainex_interfaces/msg/rosidl_typesupport_fastrtps_cpp__visibility_control.h
[1.506s] -- Up-to-date: /home/vgi/ainex_ws/install/ainex_interfaces/lib/libainex_interfaces__rosidl_typesupport_fastrtps_cpp.so
[1.506s] -- Up-to-date: /home/vgi/ainex_ws/install/ainex_interfaces/include/ainex_interfaces/ainex_interfaces
[1.507s] -- Up-to-date: /home/vgi/ainex_ws/install/ainex_interfaces/include/ainex_interfaces/ainex_interfaces/srv
[1.507s] -- Up-to-date: /home/vgi/ainex_ws/install/ainex_interfaces/include/ainex_interfaces/ainex_interfaces/srv/detail
[1.507s] -- Up-to-date: /home/vgi/ainex_ws/install/ainex_interfaces/include/ainex_interfaces/ainex_interfaces/srv/detail/move_hand__rosidl_typesupport_introspection_cpp.hpp
[1.507s] -- Up-to-date: /home/vgi/ainex_ws/install/ainex_interfaces/include/ainex_interfaces/ainex_interfaces/srv/detail/move_hand__type_support.cpp
[1.507s] -- Up-to-date: /home/vgi/ainex_ws/install/ainex_interfaces/include/ainex_interfaces/ainex_interfaces/srv/detail/run_gesture__type_support.cpp
[1.507s] -- Up-to-date: /home/vgi/ainex_ws/install/ainex_interfaces/include/ainex_interfaces/ainex_interfaces/srv/detail/run_gesture__rosidl_typesupport_introspection_cpp.hpp
[1.507s] -- Up-to-date: /home/vgi/ainex_ws/install/ainex_interfaces/lib/libainex_interfaces__rosidl_typesupport_introspection_cpp.so
[1.507s] -- Up-to-date: /home/vgi/ainex_ws/install/ainex_interfaces/lib/libainex_interfaces__rosidl_typesupport_cpp.so
[1.507s] -- Up-to-date: /home/vgi/ainex_ws/install/ainex_interfaces/share/ainex_interfaces/environment/pythonpath.sh
[1.507s] -- Up-to-date: /home/vgi/ainex_ws/install/ainex_interfaces/share/ainex_interfaces/environment/pythonpath.dsv
[1.508s] -- Up-to-date: /home/vgi/ainex_ws/install/ainex_interfaces/lib/python3.12/site-packages/ainex_interfaces-0.0.0-py3.12.egg-info
[1.508s] -- Installing: /home/vgi/ainex_ws/install/ainex_interfaces/lib/python3.12/site-packages/ainex_interfaces-0.0.0-py3.12.egg-info/dependency_links.txt
[1.508s] -- Installing: /home/vgi/ainex_ws/install/ainex_interfaces/lib/python3.12/site-packages/ainex_interfaces-0.0.0-py3.12.egg-info/PKG-INFO
[1.511s] -- Installing: /home/vgi/ainex_ws/install/ainex_interfaces/lib/python3.12/site-packages/ainex_interfaces-0.0.0-py3.12.egg-info/top_level.txt
[1.511s] -- Installing: /home/vgi/ainex_ws/install/ainex_interfaces/lib/python3.12/site-packages/ainex_interfaces-0.0.0-py3.12.egg-info/SOURCES.txt
[1.511s] -- Up-to-date: /home/vgi/ainex_ws/install/ainex_interfaces/lib/python3.12/site-packages/ainex_interfaces
[1.511s] -- Up-to-date: /home/vgi/ainex_ws/install/ainex_interfaces/lib/python3.12/site-packages/ainex_interfaces/ainex_interfaces_s__rosidl_typesupport_introspection_c.so
[1.511s] -- Up-to-date: /home/vgi/ainex_ws/install/ainex_interfaces/lib/python3.12/site-packages/ainex_interfaces/ainex_interfaces_s__rosidl_typesupport_fastrtps_c.so
[1.512s] -- Up-to-date: /home/vgi/ainex_ws/install/ainex_interfaces/lib/python3.12/site-packages/ainex_interfaces/srv
[1.512s] -- Up-to-date: /home/vgi/ainex_ws/install/ainex_interfaces/lib/python3.12/site-packages/ainex_interfaces/srv/_move_hand.py
[1.512s] -- Up-to-date: /home/vgi/ainex_ws/install/ainex_interfaces/lib/python3.12/site-packages/ainex_interfaces/srv/_run_gesture_s.c
[1.512s] -- Up-to-date: /home/vgi/ainex_ws/install/ainex_interfaces/lib/python3.12/site-packages/ainex_interfaces/srv/__init__.py
[1.512s] -- Up-to-date: /home/vgi/ainex_ws/install/ainex_interfaces/lib/python3.12/site-packages/ainex_interfaces/srv/_run_gesture.py
[1.512s] -- Up-to-date: /home/vgi/ainex_ws/install/ainex_interfaces/lib/python3.12/site-packages/ainex_interfaces/srv/_move_hand_s.c
[1.512s] -- Up-to-date: /home/vgi/ainex_ws/install/ainex_interfaces/lib/python3.12/site-packages/ainex_interfaces/_ainex_interfaces_s.ep.rosidl_typesupport_introspection_c.c
[1.512s] -- Up-to-date: /home/vgi/ainex_ws/install/ainex_interfaces/lib/python3.12/site-packages/ainex_interfaces/__init__.py
[1.512s] -- Up-to-date: /home/vgi/ainex_ws/install/ainex_interfaces/lib/python3.12/site-packages/ainex_interfaces/_ainex_interfaces_s.ep.rosidl_typesupport_c.c
[1.512s] -- Up-to-date: /home/vgi/ainex_ws/install/ainex_interfaces/lib/python3.12/site-packages/ainex_interfaces/ainex_interfaces_s__rosidl_typesupport_c.so
[1.513s] -- Up-to-date: /home/vgi/ainex_ws/install/ainex_interfaces/lib/python3.12/site-packages/ainex_interfaces/_ainex_interfaces_s.ep.rosidl_typesupport_fastrtps_c.c
[1.566s] Listing '/home/vgi/ainex_ws/install/ainex_interfaces/lib/python3.12/site-packages/ainex_interfaces'...
[1.566s] Listing '/home/vgi/ainex_ws/install/ainex_interfaces/lib/python3.12/site-packages/ainex_interfaces/srv'...
[1.583s] -- Up-to-date: /home/vgi/ainex_ws/install/ainex_interfaces/lib/python3.12/site-packages/ainex_interfaces/ainex_interfaces_s__rosidl_typesupport_fastrtps_c.so
[1.586s] -- Up-to-date: /home/vgi/ainex_ws/install/ainex_interfaces/lib/python3.12/site-packages/ainex_interfaces/ainex_interfaces_s__rosidl_typesupport_introspection_c.so
[1.586s] -- Up-to-date: /home/vgi/ainex_ws/install/ainex_interfaces/lib/python3.12/site-packages/ainex_interfaces/ainex_interfaces_s__rosidl_typesupport_c.so
[1.586s] -- Up-to-date: /home/vgi/ainex_ws/install/ainex_interfaces/lib/libainex_interfaces__rosidl_generator_py.so
[1.586s] -- Up-to-date: /home/vgi/ainex_ws/install/ainex_interfaces/share/ainex_interfaces/srv/MoveHand.idl
[1.587s] -- Up-to-date: /home/vgi/ainex_ws/install/ainex_interfaces/share/ainex_interfaces/srv/RunGesture.idl
[1.587s] -- Up-to-date: /home/vgi/ainex_ws/install/ainex_interfaces/share/ainex_interfaces/srv/MoveHand.srv
[1.587s] -- Up-to-date: /home/vgi/ainex_ws/install/ainex_interfaces/share/ainex_interfaces/srv/RunGesture.srv
[1.587s] -- Up-to-date: /home/vgi/ainex_ws/install/ainex_interfaces/share/ament_index/resource_index/package_run_dependencies/ainex_interfaces
[1.587s] -- Up-to-date: /home/vgi/ainex_ws/install/ainex_interfaces/share/ament_index/resource_index/parent_prefix_path/ainex_interfaces
[1.587s] -- Up-to-date: /home/vgi/ainex_ws/install/ainex_interfaces/share/ainex_interfaces/environment/ament_prefix_path.sh
[1.587s] -- Up-to-date: /home/vgi/ainex_ws/install/ainex_interfaces/share/ainex_interfaces/environment/ament_prefix_path.dsv
[1.587s] -- Up-to-date: /home/vgi/ainex_ws/install/ainex_interfaces/share/ainex_interfaces/environment/path.sh
[1.588s] -- Up-to-date: /home/vgi/ainex_ws/install/ainex_interfaces/share/ainex_interfaces/environment/path.dsv
[1.588s] -- Up-to-date: /home/vgi/ainex_ws/install/ainex_interfaces/share/ainex_interfaces/local_setup.bash
[1.588s] -- Up-to-date: /home/vgi/ainex_ws/install/ainex_interfaces/share/ainex_interfaces/local_setup.sh
[1.588s] -- Up-to-date: /home/vgi/ainex_ws/install/ainex_interfaces/share/ainex_interfaces/local_setup.zsh
[1.588s] -- Up-to-date: /home/vgi/ainex_ws/install/ainex_interfaces/share/ainex_interfaces/local_setup.dsv
[1.588s] -- Installing: /home/vgi/ainex_ws/install/ainex_interfaces/share/ainex_interfaces/package.dsv
[1.588s] -- Up-to-date: /home/vgi/ainex_ws/install/ainex_interfaces/share/ament_index/resource_index/packages/ainex_interfaces
[1.588s] -- Up-to-date: /home/vgi/ainex_ws/install/ainex_interfaces/share/ainex_interfaces/cmake/export_ainex_interfaces__rosidl_generator_cExport.cmake
[1.588s] -- Up-to-date: /home/vgi/ainex_ws/install/ainex_interfaces/share/ainex_interfaces/cmake/export_ainex_interfaces__rosidl_generator_cExport-noconfig.cmake
[1.591s] -- Up-to-date: /home/vgi/ainex_ws/install/ainex_interfaces/share/ainex_interfaces/cmake/export_ainex_interfaces__rosidl_typesupport_fastrtps_cExport.cmake
[1.591s] -- Up-to-date: /home/vgi/ainex_ws/install/ainex_interfaces/share/ainex_interfaces/cmake/export_ainex_interfaces__rosidl_typesupport_fastrtps_cExport-noconfig.cmake
[1.591s] -- Up-to-date: /home/vgi/ainex_ws/install/ainex_interfaces/share/ainex_interfaces/cmake/ainex_interfaces__rosidl_typesupport_introspection_cExport.cmake
[1.592s] -- Up-to-date: /home/vgi/ainex_ws/install/ainex_interfaces/share/ainex_interfaces/cmake/ainex_interfaces__rosidl_typesupport_introspection_cExport-noconfig.cmake
[1.592s] -- Up-to-date: /home/vgi/ainex_ws/install/ainex_interfaces/share/ainex_interfaces/cmake/ainex_interfaces__rosidl_typesupport_cExport.cmake
[1.592s] -- Up-to-date: /home/vgi/ainex_ws/install/ainex_interfaces/share/ainex_interfaces/cmake/ainex_interfaces__rosidl_typesupport_cExport-noconfig.cmake
[1.592s] -- Up-to-date: /home/vgi/ainex_ws/install/ainex_interfaces/share/ainex_interfaces/cmake/export_ainex_interfaces__rosidl_generator_cppExport.cmake
[1.592s] -- Up-to-date: /home/vgi/ainex_ws/install/ainex_interfaces/share/ainex_interfaces/cmake/export_ainex_interfaces__rosidl_typesupport_fastrtps_cppExport.cmake
[1.593s] -- Up-to-date: /home/vgi/ainex_ws/install/ainex_interfaces/share/ainex_interfaces/cmake/export_ainex_interfaces__rosidl_typesupport_fastrtps_cppExport-noconfig.cmake
[1.598s] -- Up-to-date: /home/vgi/ainex_ws/install/ainex_interfaces/share/ainex_interfaces/cmake/ainex_interfaces__rosidl_typesupport_introspection_cppExport.cmake
[1.598s] -- Up-to-date: /home/vgi/ainex_ws/install/ainex_interfaces/share/ainex_interfaces/cmake/ainex_interfaces__rosidl_typesupport_introspection_cppExport-noconfig.cmake
[1.598s] -- Up-to-date: /home/vgi/ainex_ws/install/ainex_interfaces/share/ainex_interfaces/cmake/ainex_interfaces__rosidl_typesupport_cppExport.cmake
[1.598s] -- Up-to-date: /home/vgi/ainex_ws/install/ainex_interfaces/share/ainex_interfaces/cmake/ainex_interfaces__rosidl_typesupport_cppExport-noconfig.cmake
[1.598s] -- Up-to-date: /home/vgi/ainex_ws/install/ainex_interfaces/share/ainex_interfaces/cmake/export_ainex_interfaces__rosidl_generator_pyExport.cmake
[1.599s] -- Up-to-date: /home/vgi/ainex_ws/install/ainex_interfaces/share/ainex_interfaces/cmake/export_ainex_interfaces__rosidl_generator_pyExport-noconfig.cmake
[1.599s] -- Up-to-date: /home/vgi/ainex_ws/install/ainex_interfaces/share/ainex_interfaces/cmake/rosidl_cmake-extras.cmake
[1.599s] -- Up-to-date: /home/vgi/ainex_ws/install/ainex_interfaces/share/ainex_interfaces/cmake/ament_cmake_export_dependencies-extras.cmake
[1.599s] -- Up-to-date: /home/vgi/ainex_ws/install/ainex_interfaces/share/ainex_interfaces/cmake/ament_cmake_export_include_directories-extras.cmake
[1.600s] -- Up-to-date: /home/vgi/ainex_ws/install/ainex_interfaces/share/ainex_interfaces/cmake/ament_cmake_export_libraries-extras.cmake
[1.600s] -- Up-to-date: /home/vgi/ainex_ws/install/ainex_interfaces/share/ainex_interfaces/cmake/ament_cmake_export_targets-extras.cmake
[1.600s] -- Up-to-date: /home/vgi/ainex_ws/install/ainex_interfaces/share/ainex_interfaces/cmake/rosidl_cmake_export_typesupport_targets-extras.cmake
[1.600s] -- Up-to-date: /home/vgi/ainex_ws/install/ainex_interfaces/share/ainex_interfaces/cmake/rosidl_cmake_export_typesupport_libraries-extras.cmake
[1.600s] -- Up-to-date: /home/vgi/ainex_ws/install/ainex_interfaces/share/ainex_interfaces/cmake/ainex_interfacesConfig.cmake
[1.600s] -- Up-to-date: /home/vgi/ainex_ws/install/ainex_interfaces/share/ainex_interfaces/cmake/ainex_interfacesConfig-version.cmake
[1.600s] -- Up-to-date: /home/vgi/ainex_ws/install/ainex_interfaces/share/ainex_interfaces/package.xml
[1.601s] Invoked command in '/home/vgi/ainex_ws/build/ainex_interfaces' returned '0': CMAKE_PREFIX_PATH=${CMAKE_PREFIX_PATH}:/home/vgi/ainex_ws/install/ainex_arm:/home/vgi/robot_ws/install/robot_arm:/opt/ros/jazzy DEBUGINFOD_URLS=https://debuginfod.ubuntu.com /usr/bin/cmake --install /home/vgi/ainex_ws/build/ainex_interfaces
