[0.496s] Invoking command in '/home/vgi/ainex_ws/build/ainex_interfaces': CMAKE_PREFIX_PATH=${CMAKE_PREFIX_PATH}:/home/vgi/ainex_ws/install/ainex_arm:/home/vgi/robot_ws/install/robot_arm:/opt/ros/jazzy DEBUGINFOD_URLS=https://debuginfod.ubuntu.com /usr/bin/cmake --build /home/vgi/ainex_ws/build/ainex_interfaces -- -j4 -l4
[0.799s] [  1%] Built target ainex_interfaces__rosidl_generator_type_description
[1.002s] [  1%] Built target ament_cmake_python_copy_ainex_interfaces
[1.279s] [ 23%] Built target ainex_interfaces__rosidl_generator_c
[2.274s] running egg_info
[2.304s] writing ainex_interfaces.egg-info/PKG-INFO
[2.304s] writing dependency_links to ainex_interfaces.egg-info/dependency_links.txt
[2.305s] writing top-level names to ainex_interfaces.egg-info/top_level.txt
[2.470s] reading manifest file 'ainex_interfaces.egg-info/SOURCES.txt'
[2.480s] writing manifest file 'ainex_interfaces.egg-info/SOURCES.txt'
[2.616s] [ 23%] Built target ament_cmake_python_build_ainex_interfaces_egg
[2.704s] [ 32%] Built target ainex_interfaces__rosidl_typesupport_introspection_c
[2.781s] [ 42%] Built target ainex_interfaces__rosidl_typesupport_c
[2.872s] [ 51%] Built target ainex_interfaces__rosidl_typesupport_fastrtps_c
[2.926s] [ 53%] Built target ainex_interfaces__cpp
[3.001s] [ 62%] Built target ainex_interfaces__rosidl_typesupport_fastrtps_cpp
[3.092s] [ 71%] Built target ainex_interfaces__rosidl_typesupport_cpp
[3.237s] [ 81%] Built target ainex_interfaces__rosidl_typesupport_introspection_cpp
[3.344s] [ 81%] Built target ainex_interfaces
[3.447s] [ 82%] Built target ainex_interfaces__py
[3.584s] [ 90%] Built target ainex_interfaces__rosidl_generator_py
[3.835s] [ 93%] Built target ainex_interfaces_s__rosidl_typesupport_fastrtps_c
[4.004s] [ 96%] Built target ainex_interfaces_s__rosidl_typesupport_c
[4.113s] [100%] Built target ainex_interfaces_s__rosidl_typesupport_introspection_c
[4.194s] Invoked command in '/home/vgi/ainex_ws/build/ainex_interfaces' returned '0': CMAKE_PREFIX_PATH=${CMAKE_PREFIX_PATH}:/home/vgi/ainex_ws/install/ainex_arm:/home/vgi/robot_ws/install/robot_arm:/opt/ros/jazzy DEBUGINFOD_URLS=https://debuginfod.ubuntu.com /usr/bin/cmake --build /home/vgi/ainex_ws/build/ainex_interfaces -- -j4 -l4
[4.277s] Invoking command in '/home/vgi/ainex_ws/build/ainex_interfaces': CMAKE_PREFIX_PATH=${CMAKE_PREFIX_PATH}:/home/vgi/ainex_ws/install/ainex_arm:/home/vgi/robot_ws/install/robot_arm:/opt/ros/jazzy DEBUGINFOD_URLS=https://debuginfod.ubuntu.com /usr/bin/cmake --install /home/vgi/ainex_ws/build/ainex_interfaces
[4.412s] -- Install configuration: ""
[4.412s] -- Up-to-date: /home/vgi/ainex_ws/install/ainex_interfaces/share/ament_index/resource_index/rosidl_interfaces/ainex_interfaces
[4.413s] -- Up-to-date: /home/vgi/ainex_ws/install/ainex_interfaces/share/ainex_interfaces/srv/MoveHand.json
[4.413s] -- Up-to-date: /home/vgi/ainex_ws/install/ainex_interfaces/share/ainex_interfaces/srv/RunGesture.json
[4.413s] -- Up-to-date: /home/vgi/ainex_ws/install/ainex_interfaces/share/ainex_interfaces/srv/SetMotionParams.json
[4.413s] -- Up-to-date: /home/vgi/ainex_ws/install/ainex_interfaces/share/ainex_interfaces/action/ExecuteGesture.json
[4.413s] -- Up-to-date: /home/vgi/ainex_ws/install/ainex_interfaces/include/ainex_interfaces/ainex_interfaces
[4.413s] -- Up-to-date: /home/vgi/ainex_ws/install/ainex_interfaces/include/ainex_interfaces/ainex_interfaces/srv
[4.413s] -- Up-to-date: /home/vgi/ainex_ws/install/ainex_interfaces/include/ainex_interfaces/ainex_interfaces/srv/set_motion_params.h
[4.413s] -- Up-to-date: /home/vgi/ainex_ws/install/ainex_interfaces/include/ainex_interfaces/ainex_interfaces/srv/detail
[4.413s] -- Up-to-date: /home/vgi/ainex_ws/install/ainex_interfaces/include/ainex_interfaces/ainex_interfaces/srv/detail/run_gesture__functions.h
[4.413s] -- Installing: /home/vgi/ainex_ws/install/ainex_interfaces/include/ainex_interfaces/ainex_interfaces/srv/detail/set_motion_params__type_support.c
[4.414s] -- Up-to-date: /home/vgi/ainex_ws/install/ainex_interfaces/include/ainex_interfaces/ainex_interfaces/srv/detail/move_hand__description.c
[4.414s] -- Installing: /home/vgi/ainex_ws/install/ainex_interfaces/include/ainex_interfaces/ainex_interfaces/srv/detail/run_gesture__type_support.c
[4.436s] -- Up-to-date: /home/vgi/ainex_ws/install/ainex_interfaces/include/ainex_interfaces/ainex_interfaces/srv/detail/move_hand__struct.h
[4.436s] -- Up-to-date: /home/vgi/ainex_ws/install/ainex_interfaces/include/ainex_interfaces/ainex_interfaces/srv/detail/set_motion_params__description.c
[4.436s] -- Up-to-date: /home/vgi/ainex_ws/install/ainex_interfaces/include/ainex_interfaces/ainex_interfaces/srv/detail/run_gesture__type_support.h
[4.437s] -- Up-to-date: /home/vgi/ainex_ws/install/ainex_interfaces/include/ainex_interfaces/ainex_interfaces/srv/detail/set_motion_params__functions.c
[4.437s] -- Up-to-date: /home/vgi/ainex_ws/install/ainex_interfaces/include/ainex_interfaces/ainex_interfaces/srv/detail/run_gesture__description.c
[4.437s] -- Up-to-date: /home/vgi/ainex_ws/install/ainex_interfaces/include/ainex_interfaces/ainex_interfaces/srv/detail/move_hand__type_support.h
[4.437s] -- Up-to-date: /home/vgi/ainex_ws/install/ainex_interfaces/include/ainex_interfaces/ainex_interfaces/srv/detail/set_motion_params__type_support.h
[4.437s] -- Up-to-date: /home/vgi/ainex_ws/install/ainex_interfaces/include/ainex_interfaces/ainex_interfaces/srv/detail/run_gesture__struct.h
[4.437s] -- Installing: /home/vgi/ainex_ws/install/ainex_interfaces/include/ainex_interfaces/ainex_interfaces/srv/detail/move_hand__type_support.c
[4.437s] -- Up-to-date: /home/vgi/ainex_ws/install/ainex_interfaces/include/ainex_interfaces/ainex_interfaces/srv/detail/move_hand__functions.c
[4.438s] -- Up-to-date: /home/vgi/ainex_ws/install/ainex_interfaces/include/ainex_interfaces/ainex_interfaces/srv/detail/set_motion_params__functions.h
[4.438s] -- Up-to-date: /home/vgi/ainex_ws/install/ainex_interfaces/include/ainex_interfaces/ainex_interfaces/srv/detail/run_gesture__functions.c
[4.438s] -- Up-to-date: /home/vgi/ainex_ws/install/ainex_interfaces/include/ainex_interfaces/ainex_interfaces/srv/detail/set_motion_params__struct.h
[4.438s] -- Up-to-date: /home/vgi/ainex_ws/install/ainex_interfaces/include/ainex_interfaces/ainex_interfaces/srv/detail/move_hand__functions.h
[4.448s] -- Up-to-date: /home/vgi/ainex_ws/install/ainex_interfaces/include/ainex_interfaces/ainex_interfaces/srv/move_hand.h
[4.449s] -- Up-to-date: /home/vgi/ainex_ws/install/ainex_interfaces/include/ainex_interfaces/ainex_interfaces/srv/run_gesture.h
[4.450s] -- Up-to-date: /home/vgi/ainex_ws/install/ainex_interfaces/include/ainex_interfaces/ainex_interfaces/action
[4.450s] -- Up-to-date: /home/vgi/ainex_ws/install/ainex_interfaces/include/ainex_interfaces/ainex_interfaces/action/detail
[4.451s] -- Up-to-date: /home/vgi/ainex_ws/install/ainex_interfaces/include/ainex_interfaces/ainex_interfaces/action/detail/execute_gesture__struct.h
[4.451s] -- Up-to-date: /home/vgi/ainex_ws/install/ainex_interfaces/include/ainex_interfaces/ainex_interfaces/action/detail/execute_gesture__functions.h
[4.451s] -- Up-to-date: /home/vgi/ainex_ws/install/ainex_interfaces/include/ainex_interfaces/ainex_interfaces/action/detail/execute_gesture__functions.c
[4.451s] -- Installing: /home/vgi/ainex_ws/install/ainex_interfaces/include/ainex_interfaces/ainex_interfaces/action/detail/execute_gesture__type_support.c
[4.452s] -- Up-to-date: /home/vgi/ainex_ws/install/ainex_interfaces/include/ainex_interfaces/ainex_interfaces/action/detail/execute_gesture__type_support.h
[4.452s] -- Up-to-date: /home/vgi/ainex_ws/install/ainex_interfaces/include/ainex_interfaces/ainex_interfaces/action/detail/execute_gesture__description.c
[4.453s] -- Up-to-date: /home/vgi/ainex_ws/install/ainex_interfaces/include/ainex_interfaces/ainex_interfaces/action/execute_gesture.h
[4.453s] -- Up-to-date: /home/vgi/ainex_ws/install/ainex_interfaces/include/ainex_interfaces/ainex_interfaces/msg
[4.453s] -- Up-to-date: /home/vgi/ainex_ws/install/ainex_interfaces/include/ainex_interfaces/ainex_interfaces/msg/rosidl_generator_c__visibility_control.h
[4.454s] -- Up-to-date: /home/vgi/ainex_ws/install/ainex_interfaces/share/ainex_interfaces/environment/library_path.sh
[4.454s] -- Up-to-date: /home/vgi/ainex_ws/install/ainex_interfaces/share/ainex_interfaces/environment/library_path.dsv
[4.459s] -- Up-to-date: /home/vgi/ainex_ws/install/ainex_interfaces/lib/libainex_interfaces__rosidl_generator_c.so
[4.460s] -- Up-to-date: /home/vgi/ainex_ws/install/ainex_interfaces/include/ainex_interfaces/ainex_interfaces
[4.460s] -- Up-to-date: /home/vgi/ainex_ws/install/ainex_interfaces/include/ainex_interfaces/ainex_interfaces/srv
[4.460s] -- Up-to-date: /home/vgi/ainex_ws/install/ainex_interfaces/include/ainex_interfaces/ainex_interfaces/srv/detail
[4.460s] -- Up-to-date: /home/vgi/ainex_ws/install/ainex_interfaces/include/ainex_interfaces/ainex_interfaces/srv/detail/run_gesture__rosidl_typesupport_fastrtps_c.h
[4.460s] -- Up-to-date: /home/vgi/ainex_ws/install/ainex_interfaces/include/ainex_interfaces/ainex_interfaces/srv/detail/move_hand__rosidl_typesupport_fastrtps_c.h
[4.460s] -- Up-to-date: /home/vgi/ainex_ws/install/ainex_interfaces/include/ainex_interfaces/ainex_interfaces/srv/detail/set_motion_params__rosidl_typesupport_fastrtps_c.h
[4.460s] -- Up-to-date: /home/vgi/ainex_ws/install/ainex_interfaces/include/ainex_interfaces/ainex_interfaces/action
[4.466s] -- Up-to-date: /home/vgi/ainex_ws/install/ainex_interfaces/include/ainex_interfaces/ainex_interfaces/action/detail
[4.467s] -- Up-to-date: /home/vgi/ainex_ws/install/ainex_interfaces/include/ainex_interfaces/ainex_interfaces/action/detail/execute_gesture__rosidl_typesupport_fastrtps_c.h
[4.478s] -- Up-to-date: /home/vgi/ainex_ws/install/ainex_interfaces/include/ainex_interfaces/ainex_interfaces/msg
[4.478s] -- Up-to-date: /home/vgi/ainex_ws/install/ainex_interfaces/include/ainex_interfaces/ainex_interfaces/msg/rosidl_typesupport_fastrtps_c__visibility_control.h
[4.478s] -- Up-to-date: /home/vgi/ainex_ws/install/ainex_interfaces/lib/libainex_interfaces__rosidl_typesupport_fastrtps_c.so
[4.479s] -- Up-to-date: /home/vgi/ainex_ws/install/ainex_interfaces/include/ainex_interfaces/ainex_interfaces
[4.479s] -- Up-to-date: /home/vgi/ainex_ws/install/ainex_interfaces/include/ainex_interfaces/ainex_interfaces/srv
[4.479s] -- Up-to-date: /home/vgi/ainex_ws/install/ainex_interfaces/include/ainex_interfaces/ainex_interfaces/srv/detail
[4.479s] -- Installing: /home/vgi/ainex_ws/install/ainex_interfaces/include/ainex_interfaces/ainex_interfaces/srv/detail/set_motion_params__type_support.c
[4.479s] -- Installing: /home/vgi/ainex_ws/install/ainex_interfaces/include/ainex_interfaces/ainex_interfaces/srv/detail/run_gesture__type_support.c
[4.486s] -- Installing: /home/vgi/ainex_ws/install/ainex_interfaces/include/ainex_interfaces/ainex_interfaces/srv/detail/move_hand__type_support.c
[4.490s] -- Up-to-date: /home/vgi/ainex_ws/install/ainex_interfaces/include/ainex_interfaces/ainex_interfaces/srv/detail/move_hand__rosidl_typesupport_introspection_c.h
[4.493s] -- Up-to-date: /home/vgi/ainex_ws/install/ainex_interfaces/include/ainex_interfaces/ainex_interfaces/srv/detail/set_motion_params__rosidl_typesupport_introspection_c.h
[4.494s] -- Up-to-date: /home/vgi/ainex_ws/install/ainex_interfaces/include/ainex_interfaces/ainex_interfaces/srv/detail/run_gesture__rosidl_typesupport_introspection_c.h
[4.496s] -- Up-to-date: /home/vgi/ainex_ws/install/ainex_interfaces/include/ainex_interfaces/ainex_interfaces/action
[4.496s] -- Up-to-date: /home/vgi/ainex_ws/install/ainex_interfaces/include/ainex_interfaces/ainex_interfaces/action/detail
[4.496s] -- Installing: /home/vgi/ainex_ws/install/ainex_interfaces/include/ainex_interfaces/ainex_interfaces/action/detail/execute_gesture__type_support.c
[4.497s] -- Up-to-date: /home/vgi/ainex_ws/install/ainex_interfaces/include/ainex_interfaces/ainex_interfaces/action/detail/execute_gesture__rosidl_typesupport_introspection_c.h
[4.502s] -- Up-to-date: /home/vgi/ainex_ws/install/ainex_interfaces/include/ainex_interfaces/ainex_interfaces/msg
[4.503s] -- Up-to-date: /home/vgi/ainex_ws/install/ainex_interfaces/include/ainex_interfaces/ainex_interfaces/msg/rosidl_typesupport_introspection_c__visibility_control.h
[4.513s] -- Up-to-date: /home/vgi/ainex_ws/install/ainex_interfaces/lib/libainex_interfaces__rosidl_typesupport_introspection_c.so
[4.513s] -- Up-to-date: /home/vgi/ainex_ws/install/ainex_interfaces/lib/libainex_interfaces__rosidl_typesupport_c.so
[4.517s] -- Up-to-date: /home/vgi/ainex_ws/install/ainex_interfaces/include/ainex_interfaces/ainex_interfaces
[4.524s] -- Up-to-date: /home/vgi/ainex_ws/install/ainex_interfaces/include/ainex_interfaces/ainex_interfaces/srv
[4.525s] -- Up-to-date: /home/vgi/ainex_ws/install/ainex_interfaces/include/ainex_interfaces/ainex_interfaces/srv/move_hand.hpp
[4.525s] -- Up-to-date: /home/vgi/ainex_ws/install/ainex_interfaces/include/ainex_interfaces/ainex_interfaces/srv/set_motion_params.hpp
[4.525s] -- Up-to-date: /home/vgi/ainex_ws/install/ainex_interfaces/include/ainex_interfaces/ainex_interfaces/srv/detail
[4.525s] -- Up-to-date: /home/vgi/ainex_ws/install/ainex_interfaces/include/ainex_interfaces/ainex_interfaces/srv/detail/run_gesture__builder.hpp
[4.525s] -- Up-to-date: /home/vgi/ainex_ws/install/ainex_interfaces/include/ainex_interfaces/ainex_interfaces/srv/detail/move_hand__struct.hpp
[4.526s] -- Up-to-date: /home/vgi/ainex_ws/install/ainex_interfaces/include/ainex_interfaces/ainex_interfaces/srv/detail/run_gesture__type_support.hpp
[4.526s] -- Up-to-date: /home/vgi/ainex_ws/install/ainex_interfaces/include/ainex_interfaces/ainex_interfaces/srv/detail/move_hand__type_support.hpp
[4.526s] -- Up-to-date: /home/vgi/ainex_ws/install/ainex_interfaces/include/ainex_interfaces/ainex_interfaces/srv/detail/set_motion_params__builder.hpp
[4.526s] -- Up-to-date: /home/vgi/ainex_ws/install/ainex_interfaces/include/ainex_interfaces/ainex_interfaces/srv/detail/run_gesture__struct.hpp
[4.528s] -- Up-to-date: /home/vgi/ainex_ws/install/ainex_interfaces/include/ainex_interfaces/ainex_interfaces/srv/detail/set_motion_params__struct.hpp
[4.528s] -- Up-to-date: /home/vgi/ainex_ws/install/ainex_interfaces/include/ainex_interfaces/ainex_interfaces/srv/detail/move_hand__builder.hpp
[4.528s] -- Up-to-date: /home/vgi/ainex_ws/install/ainex_interfaces/include/ainex_interfaces/ainex_interfaces/srv/detail/run_gesture__traits.hpp
[4.528s] -- Up-to-date: /home/vgi/ainex_ws/install/ainex_interfaces/include/ainex_interfaces/ainex_interfaces/srv/detail/set_motion_params__type_support.hpp
[4.529s] -- Up-to-date: /home/vgi/ainex_ws/install/ainex_interfaces/include/ainex_interfaces/ainex_interfaces/srv/detail/move_hand__traits.hpp
[4.529s] -- Up-to-date: /home/vgi/ainex_ws/install/ainex_interfaces/include/ainex_interfaces/ainex_interfaces/srv/detail/set_motion_params__traits.hpp
[4.529s] -- Up-to-date: /home/vgi/ainex_ws/install/ainex_interfaces/include/ainex_interfaces/ainex_interfaces/srv/run_gesture.hpp
[4.529s] -- Up-to-date: /home/vgi/ainex_ws/install/ainex_interfaces/include/ainex_interfaces/ainex_interfaces/action
[4.529s] -- Up-to-date: /home/vgi/ainex_ws/install/ainex_interfaces/include/ainex_interfaces/ainex_interfaces/action/execute_gesture.hpp
[4.529s] -- Up-to-date: /home/vgi/ainex_ws/install/ainex_interfaces/include/ainex_interfaces/ainex_interfaces/action/detail
[4.529s] -- Up-to-date: /home/vgi/ainex_ws/install/ainex_interfaces/include/ainex_interfaces/ainex_interfaces/action/detail/execute_gesture__type_support.hpp
[4.529s] -- Up-to-date: /home/vgi/ainex_ws/install/ainex_interfaces/include/ainex_interfaces/ainex_interfaces/action/detail/execute_gesture__struct.hpp
[4.530s] -- Up-to-date: /home/vgi/ainex_ws/install/ainex_interfaces/include/ainex_interfaces/ainex_interfaces/action/detail/execute_gesture__builder.hpp
[4.530s] -- Up-to-date: /home/vgi/ainex_ws/install/ainex_interfaces/include/ainex_interfaces/ainex_interfaces/action/detail/execute_gesture__traits.hpp
[4.530s] -- Up-to-date: /home/vgi/ainex_ws/install/ainex_interfaces/include/ainex_interfaces/ainex_interfaces/msg
[4.537s] -- Up-to-date: /home/vgi/ainex_ws/install/ainex_interfaces/include/ainex_interfaces/ainex_interfaces/msg/rosidl_generator_cpp__visibility_control.hpp
[4.539s] -- Up-to-date: /home/vgi/ainex_ws/install/ainex_interfaces/include/ainex_interfaces/ainex_interfaces
[4.539s] -- Up-to-date: /home/vgi/ainex_ws/install/ainex_interfaces/include/ainex_interfaces/ainex_interfaces/srv
[4.540s] -- Up-to-date: /home/vgi/ainex_ws/install/ainex_interfaces/include/ainex_interfaces/ainex_interfaces/srv/detail
[4.540s] -- Up-to-date: /home/vgi/ainex_ws/install/ainex_interfaces/include/ainex_interfaces/ainex_interfaces/srv/detail/dds_fastrtps
[4.540s] -- Up-to-date: /home/vgi/ainex_ws/install/ainex_interfaces/include/ainex_interfaces/ainex_interfaces/srv/detail/set_motion_params__rosidl_typesupport_fastrtps_cpp.hpp
[4.540s] -- Up-to-date: /home/vgi/ainex_ws/install/ainex_interfaces/include/ainex_interfaces/ainex_interfaces/srv/detail/move_hand__rosidl_typesupport_fastrtps_cpp.hpp
[4.540s] -- Up-to-date: /home/vgi/ainex_ws/install/ainex_interfaces/include/ainex_interfaces/ainex_interfaces/srv/detail/run_gesture__rosidl_typesupport_fastrtps_cpp.hpp
[4.540s] -- Up-to-date: /home/vgi/ainex_ws/install/ainex_interfaces/include/ainex_interfaces/ainex_interfaces/action
[4.540s] -- Up-to-date: /home/vgi/ainex_ws/install/ainex_interfaces/include/ainex_interfaces/ainex_interfaces/action/detail
[4.541s] -- Up-to-date: /home/vgi/ainex_ws/install/ainex_interfaces/include/ainex_interfaces/ainex_interfaces/action/detail/dds_fastrtps
[4.541s] -- Up-to-date: /home/vgi/ainex_ws/install/ainex_interfaces/include/ainex_interfaces/ainex_interfaces/action/detail/execute_gesture__rosidl_typesupport_fastrtps_cpp.hpp
[4.541s] -- Up-to-date: /home/vgi/ainex_ws/install/ainex_interfaces/include/ainex_interfaces/ainex_interfaces/msg
[4.541s] -- Up-to-date: /home/vgi/ainex_ws/install/ainex_interfaces/include/ainex_interfaces/ainex_interfaces/msg/rosidl_typesupport_fastrtps_cpp__visibility_control.h
[4.566s] -- Up-to-date: /home/vgi/ainex_ws/install/ainex_interfaces/lib/libainex_interfaces__rosidl_typesupport_fastrtps_cpp.so
[4.566s] -- Up-to-date: /home/vgi/ainex_ws/install/ainex_interfaces/include/ainex_interfaces/ainex_interfaces
[4.566s] -- Up-to-date: /home/vgi/ainex_ws/install/ainex_interfaces/include/ainex_interfaces/ainex_interfaces/srv
[4.566s] -- Up-to-date: /home/vgi/ainex_ws/install/ainex_interfaces/include/ainex_interfaces/ainex_interfaces/srv/detail
[4.566s] -- Up-to-date: /home/vgi/ainex_ws/install/ainex_interfaces/include/ainex_interfaces/ainex_interfaces/srv/detail/move_hand__rosidl_typesupport_introspection_cpp.hpp
[4.567s] -- Up-to-date: /home/vgi/ainex_ws/install/ainex_interfaces/include/ainex_interfaces/ainex_interfaces/srv/detail/move_hand__type_support.cpp
[4.567s] -- Up-to-date: /home/vgi/ainex_ws/install/ainex_interfaces/include/ainex_interfaces/ainex_interfaces/srv/detail/run_gesture__type_support.cpp
[4.567s] -- Up-to-date: /home/vgi/ainex_ws/install/ainex_interfaces/include/ainex_interfaces/ainex_interfaces/srv/detail/set_motion_params__rosidl_typesupport_introspection_cpp.hpp
[4.573s] -- Up-to-date: /home/vgi/ainex_ws/install/ainex_interfaces/include/ainex_interfaces/ainex_interfaces/srv/detail/run_gesture__rosidl_typesupport_introspection_cpp.hpp
[4.574s] -- Up-to-date: /home/vgi/ainex_ws/install/ainex_interfaces/include/ainex_interfaces/ainex_interfaces/srv/detail/set_motion_params__type_support.cpp
[4.574s] -- Up-to-date: /home/vgi/ainex_ws/install/ainex_interfaces/include/ainex_interfaces/ainex_interfaces/action
[4.574s] -- Up-to-date: /home/vgi/ainex_ws/install/ainex_interfaces/include/ainex_interfaces/ainex_interfaces/action/detail
[4.574s] -- Up-to-date: /home/vgi/ainex_ws/install/ainex_interfaces/include/ainex_interfaces/ainex_interfaces/action/detail/execute_gesture__type_support.cpp
[4.574s] -- Up-to-date: /home/vgi/ainex_ws/install/ainex_interfaces/include/ainex_interfaces/ainex_interfaces/action/detail/execute_gesture__rosidl_typesupport_introspection_cpp.hpp
[4.574s] -- Up-to-date: /home/vgi/ainex_ws/install/ainex_interfaces/lib/libainex_interfaces__rosidl_typesupport_introspection_cpp.so
[4.574s] -- Up-to-date: /home/vgi/ainex_ws/install/ainex_interfaces/lib/libainex_interfaces__rosidl_typesupport_cpp.so
[4.576s] -- Up-to-date: /home/vgi/ainex_ws/install/ainex_interfaces/share/ainex_interfaces/environment/pythonpath.sh
[4.577s] -- Up-to-date: /home/vgi/ainex_ws/install/ainex_interfaces/share/ainex_interfaces/environment/pythonpath.dsv
[4.577s] -- Up-to-date: /home/vgi/ainex_ws/install/ainex_interfaces/lib/python3.12/site-packages/ainex_interfaces-0.0.0-py3.12.egg-info
[4.577s] -- Installing: /home/vgi/ainex_ws/install/ainex_interfaces/lib/python3.12/site-packages/ainex_interfaces-0.0.0-py3.12.egg-info/dependency_links.txt
[4.577s] -- Installing: /home/vgi/ainex_ws/install/ainex_interfaces/lib/python3.12/site-packages/ainex_interfaces-0.0.0-py3.12.egg-info/PKG-INFO
[4.577s] -- Installing: /home/vgi/ainex_ws/install/ainex_interfaces/lib/python3.12/site-packages/ainex_interfaces-0.0.0-py3.12.egg-info/top_level.txt
[4.580s] -- Installing: /home/vgi/ainex_ws/install/ainex_interfaces/lib/python3.12/site-packages/ainex_interfaces-0.0.0-py3.12.egg-info/SOURCES.txt
[4.589s] -- Up-to-date: /home/vgi/ainex_ws/install/ainex_interfaces/lib/python3.12/site-packages/ainex_interfaces
[4.589s] -- Up-to-date: /home/vgi/ainex_ws/install/ainex_interfaces/lib/python3.12/site-packages/ainex_interfaces/ainex_interfaces_s__rosidl_typesupport_introspection_c.so
[4.589s] -- Up-to-date: /home/vgi/ainex_ws/install/ainex_interfaces/lib/python3.12/site-packages/ainex_interfaces/ainex_interfaces_s__rosidl_typesupport_fastrtps_c.so
[4.589s] -- Up-to-date: /home/vgi/ainex_ws/install/ainex_interfaces/lib/python3.12/site-packages/ainex_interfaces/srv
[4.599s] -- Up-to-date: /home/vgi/ainex_ws/install/ainex_interfaces/lib/python3.12/site-packages/ainex_interfaces/srv/_move_hand.py
[4.603s] -- Up-to-date: /home/vgi/ainex_ws/install/ainex_interfaces/lib/python3.12/site-packages/ainex_interfaces/srv/_set_motion_params_s.c
[4.603s] -- Up-to-date: /home/vgi/ainex_ws/install/ainex_interfaces/lib/python3.12/site-packages/ainex_interfaces/srv/_set_motion_params.py
[4.603s] -- Up-to-date: /home/vgi/ainex_ws/install/ainex_interfaces/lib/python3.12/site-packages/ainex_interfaces/srv/_run_gesture_s.c
[4.603s] -- Up-to-date: /home/vgi/ainex_ws/install/ainex_interfaces/lib/python3.12/site-packages/ainex_interfaces/srv/__init__.py
[4.604s] -- Up-to-date: /home/vgi/ainex_ws/install/ainex_interfaces/lib/python3.12/site-packages/ainex_interfaces/srv/_run_gesture.py
[4.605s] -- Up-to-date: /home/vgi/ainex_ws/install/ainex_interfaces/lib/python3.12/site-packages/ainex_interfaces/srv/_move_hand_s.c
[4.605s] -- Up-to-date: /home/vgi/ainex_ws/install/ainex_interfaces/lib/python3.12/site-packages/ainex_interfaces/action
[4.606s] -- Up-to-date: /home/vgi/ainex_ws/install/ainex_interfaces/lib/python3.12/site-packages/ainex_interfaces/action/_execute_gesture.py
[4.606s] -- Up-to-date: /home/vgi/ainex_ws/install/ainex_interfaces/lib/python3.12/site-packages/ainex_interfaces/action/_execute_gesture_s.c
[4.606s] -- Up-to-date: /home/vgi/ainex_ws/install/ainex_interfaces/lib/python3.12/site-packages/ainex_interfaces/action/__init__.py
[4.607s] -- Up-to-date: /home/vgi/ainex_ws/install/ainex_interfaces/lib/python3.12/site-packages/ainex_interfaces/_ainex_interfaces_s.ep.rosidl_typesupport_introspection_c.c
[4.612s] -- Up-to-date: /home/vgi/ainex_ws/install/ainex_interfaces/lib/python3.12/site-packages/ainex_interfaces/__init__.py
[4.613s] -- Up-to-date: /home/vgi/ainex_ws/install/ainex_interfaces/lib/python3.12/site-packages/ainex_interfaces/_ainex_interfaces_s.ep.rosidl_typesupport_c.c
[4.613s] -- Up-to-date: /home/vgi/ainex_ws/install/ainex_interfaces/lib/python3.12/site-packages/ainex_interfaces/ainex_interfaces_s__rosidl_typesupport_c.so
[4.613s] -- Up-to-date: /home/vgi/ainex_ws/install/ainex_interfaces/lib/python3.12/site-packages/ainex_interfaces/_ainex_interfaces_s.ep.rosidl_typesupport_fastrtps_c.c
[4.792s] Listing '/home/vgi/ainex_ws/install/ainex_interfaces/lib/python3.12/site-packages/ainex_interfaces'...
[4.793s] Listing '/home/vgi/ainex_ws/install/ainex_interfaces/lib/python3.12/site-packages/ainex_interfaces/action'...
[4.795s] Listing '/home/vgi/ainex_ws/install/ainex_interfaces/lib/python3.12/site-packages/ainex_interfaces/srv'...
[4.831s] -- Up-to-date: /home/vgi/ainex_ws/install/ainex_interfaces/lib/python3.12/site-packages/ainex_interfaces/ainex_interfaces_s__rosidl_typesupport_fastrtps_c.so
[4.831s] -- Up-to-date: /home/vgi/ainex_ws/install/ainex_interfaces/lib/python3.12/site-packages/ainex_interfaces/ainex_interfaces_s__rosidl_typesupport_introspection_c.so
[4.831s] -- Up-to-date: /home/vgi/ainex_ws/install/ainex_interfaces/lib/python3.12/site-packages/ainex_interfaces/ainex_interfaces_s__rosidl_typesupport_c.so
[4.832s] -- Up-to-date: /home/vgi/ainex_ws/install/ainex_interfaces/lib/libainex_interfaces__rosidl_generator_py.so
[4.832s] -- Up-to-date: /home/vgi/ainex_ws/install/ainex_interfaces/share/ainex_interfaces/srv/MoveHand.idl
[4.832s] -- Up-to-date: /home/vgi/ainex_ws/install/ainex_interfaces/share/ainex_interfaces/srv/RunGesture.idl
[4.832s] -- Up-to-date: /home/vgi/ainex_ws/install/ainex_interfaces/share/ainex_interfaces/srv/SetMotionParams.idl
[4.833s] -- Up-to-date: /home/vgi/ainex_ws/install/ainex_interfaces/share/ainex_interfaces/action/ExecuteGesture.idl
[4.833s] -- Up-to-date: /home/vgi/ainex_ws/install/ainex_interfaces/share/ainex_interfaces/srv/MoveHand.srv
[4.833s] -- Up-to-date: /home/vgi/ainex_ws/install/ainex_interfaces/share/ainex_interfaces/srv/RunGesture.srv
[4.833s] -- Up-to-date: /home/vgi/ainex_ws/install/ainex_interfaces/share/ainex_interfaces/srv/SetMotionParams.srv
[4.833s] -- Up-to-date: /home/vgi/ainex_ws/install/ainex_interfaces/share/ainex_interfaces/action/ExecuteGesture.action
[4.833s] -- Up-to-date: /home/vgi/ainex_ws/install/ainex_interfaces/share/ament_index/resource_index/package_run_dependencies/ainex_interfaces
[4.834s] -- Up-to-date: /home/vgi/ainex_ws/install/ainex_interfaces/share/ament_index/resource_index/parent_prefix_path/ainex_interfaces
[4.834s] -- Up-to-date: /home/vgi/ainex_ws/install/ainex_interfaces/share/ainex_interfaces/environment/ament_prefix_path.sh
[4.834s] -- Up-to-date: /home/vgi/ainex_ws/install/ainex_interfaces/share/ainex_interfaces/environment/ament_prefix_path.dsv
[4.834s] -- Up-to-date: /home/vgi/ainex_ws/install/ainex_interfaces/share/ainex_interfaces/environment/path.sh
[4.847s] -- Up-to-date: /home/vgi/ainex_ws/install/ainex_interfaces/share/ainex_interfaces/environment/path.dsv
[4.847s] -- Up-to-date: /home/vgi/ainex_ws/install/ainex_interfaces/share/ainex_interfaces/local_setup.bash
[4.847s] -- Up-to-date: /home/vgi/ainex_ws/install/ainex_interfaces/share/ainex_interfaces/local_setup.sh
[4.847s] -- Up-to-date: /home/vgi/ainex_ws/install/ainex_interfaces/share/ainex_interfaces/local_setup.zsh
[4.847s] -- Up-to-date: /home/vgi/ainex_ws/install/ainex_interfaces/share/ainex_interfaces/local_setup.dsv
[4.847s] -- Installing: /home/vgi/ainex_ws/install/ainex_interfaces/share/ainex_interfaces/package.dsv
[4.847s] -- Up-to-date: /home/vgi/ainex_ws/install/ainex_interfaces/share/ament_index/resource_index/packages/ainex_interfaces
[4.848s] -- Up-to-date: /home/vgi/ainex_ws/install/ainex_interfaces/share/ainex_interfaces/cmake/export_ainex_interfaces__rosidl_generator_cExport.cmake
[4.848s] -- Up-to-date: /home/vgi/ainex_ws/install/ainex_interfaces/share/ainex_interfaces/cmake/export_ainex_interfaces__rosidl_generator_cExport-noconfig.cmake
[4.848s] -- Up-to-date: /home/vgi/ainex_ws/install/ainex_interfaces/share/ainex_interfaces/cmake/export_ainex_interfaces__rosidl_typesupport_fastrtps_cExport.cmake
[4.848s] -- Up-to-date: /home/vgi/ainex_ws/install/ainex_interfaces/share/ainex_interfaces/cmake/export_ainex_interfaces__rosidl_typesupport_fastrtps_cExport-noconfig.cmake
[4.848s] -- Up-to-date: /home/vgi/ainex_ws/install/ainex_interfaces/share/ainex_interfaces/cmake/ainex_interfaces__rosidl_typesupport_introspection_cExport.cmake
[4.848s] -- Up-to-date: /home/vgi/ainex_ws/install/ainex_interfaces/share/ainex_interfaces/cmake/ainex_interfaces__rosidl_typesupport_introspection_cExport-noconfig.cmake
[4.848s] -- Up-to-date: /home/vgi/ainex_ws/install/ainex_interfaces/share/ainex_interfaces/cmake/ainex_interfaces__rosidl_typesupport_cExport.cmake
[4.848s] -- Up-to-date: /home/vgi/ainex_ws/install/ainex_interfaces/share/ainex_interfaces/cmake/ainex_interfaces__rosidl_typesupport_cExport-noconfig.cmake
[4.848s] -- Up-to-date: /home/vgi/ainex_ws/install/ainex_interfaces/share/ainex_interfaces/cmake/export_ainex_interfaces__rosidl_generator_cppExport.cmake
[4.849s] -- Up-to-date: /home/vgi/ainex_ws/install/ainex_interfaces/share/ainex_interfaces/cmake/export_ainex_interfaces__rosidl_typesupport_fastrtps_cppExport.cmake
[4.849s] -- Up-to-date: /home/vgi/ainex_ws/install/ainex_interfaces/share/ainex_interfaces/cmake/export_ainex_interfaces__rosidl_typesupport_fastrtps_cppExport-noconfig.cmake
[4.855s] -- Up-to-date: /home/vgi/ainex_ws/install/ainex_interfaces/share/ainex_interfaces/cmake/ainex_interfaces__rosidl_typesupport_introspection_cppExport.cmake
[4.859s] -- Up-to-date: /home/vgi/ainex_ws/install/ainex_interfaces/share/ainex_interfaces/cmake/ainex_interfaces__rosidl_typesupport_introspection_cppExport-noconfig.cmake
[4.860s] -- Up-to-date: /home/vgi/ainex_ws/install/ainex_interfaces/share/ainex_interfaces/cmake/ainex_interfaces__rosidl_typesupport_cppExport.cmake
[4.860s] -- Up-to-date: /home/vgi/ainex_ws/install/ainex_interfaces/share/ainex_interfaces/cmake/ainex_interfaces__rosidl_typesupport_cppExport-noconfig.cmake
[4.860s] -- Up-to-date: /home/vgi/ainex_ws/install/ainex_interfaces/share/ainex_interfaces/cmake/export_ainex_interfaces__rosidl_generator_pyExport.cmake
[4.860s] -- Up-to-date: /home/vgi/ainex_ws/install/ainex_interfaces/share/ainex_interfaces/cmake/export_ainex_interfaces__rosidl_generator_pyExport-noconfig.cmake
[4.860s] -- Up-to-date: /home/vgi/ainex_ws/install/ainex_interfaces/share/ainex_interfaces/cmake/rosidl_cmake-extras.cmake
[4.861s] -- Up-to-date: /home/vgi/ainex_ws/install/ainex_interfaces/share/ainex_interfaces/cmake/ament_cmake_export_dependencies-extras.cmake
[4.861s] -- Up-to-date: /home/vgi/ainex_ws/install/ainex_interfaces/share/ainex_interfaces/cmake/ament_cmake_export_include_directories-extras.cmake
[4.861s] -- Up-to-date: /home/vgi/ainex_ws/install/ainex_interfaces/share/ainex_interfaces/cmake/ament_cmake_export_libraries-extras.cmake
[4.861s] -- Up-to-date: /home/vgi/ainex_ws/install/ainex_interfaces/share/ainex_interfaces/cmake/ament_cmake_export_targets-extras.cmake
[4.870s] -- Up-to-date: /home/vgi/ainex_ws/install/ainex_interfaces/share/ainex_interfaces/cmake/rosidl_cmake_export_typesupport_targets-extras.cmake
[4.871s] -- Up-to-date: /home/vgi/ainex_ws/install/ainex_interfaces/share/ainex_interfaces/cmake/rosidl_cmake_export_typesupport_libraries-extras.cmake
[4.871s] -- Up-to-date: /home/vgi/ainex_ws/install/ainex_interfaces/share/ainex_interfaces/cmake/ainex_interfacesConfig.cmake
[4.871s] -- Up-to-date: /home/vgi/ainex_ws/install/ainex_interfaces/share/ainex_interfaces/cmake/ainex_interfacesConfig-version.cmake
[4.871s] -- Up-to-date: /home/vgi/ainex_ws/install/ainex_interfaces/share/ainex_interfaces/package.xml
[4.873s] Invoked command in '/home/vgi/ainex_ws/build/ainex_interfaces' returned '0': CMAKE_PREFIX_PATH=${CMAKE_PREFIX_PATH}:/home/vgi/ainex_ws/install/ainex_arm:/home/vgi/robot_ws/install/robot_arm:/opt/ros/jazzy DEBUGINFOD_URLS=https://debuginfod.ubuntu.com /usr/bin/cmake --install /home/vgi/ainex_ws/build/ainex_interfaces
