[1.436s] Invoking command in '/home/vgi/ainex_ws/src/ainex_arm': DEBUGINFOD_URLS=https://debuginfod.ubuntu.com PYTHONPATH=/home/vgi/ainex_ws/build/ainex_arm/prefix_override:/usr/lib/python3/dist-packages/colcon_core/task/python/colcon_distutils_commands:/home/vgi/ainex_ws/install/ainex_arm/lib/python3.12/site-packages:${PYTHONPATH} /usr/bin/python3 -W ignore:setup.py install is deprecated -W ignore:easy_install command is deprecated setup.py egg_info --egg-base ../../build/ainex_arm build --build-base /home/vgi/ainex_ws/build/ainex_arm/build install --record /home/vgi/ainex_ws/build/ainex_arm/install.log --single-version-externally-managed install_data
[1.854s] running egg_info
[1.882s] writing ../../build/ainex_arm/ainex_arm.egg-info/PKG-INFO
[1.882s] writing dependency_links to ../../build/ainex_arm/ainex_arm.egg-info/dependency_links.txt
[1.883s] writing entry points to ../../build/ainex_arm/ainex_arm.egg-info/entry_points.txt
[1.884s] writing requirements to ../../build/ainex_arm/ainex_arm.egg-info/requires.txt
[1.884s] writing top-level names to ../../build/ainex_arm/ainex_arm.egg-info/top_level.txt
[1.949s] reading manifest file '../../build/ainex_arm/ainex_arm.egg-info/SOURCES.txt'
[1.950s] writing manifest file '../../build/ainex_arm/ainex_arm.egg-info/SOURCES.txt'
[1.951s] running build
[1.951s] running build_py
[1.951s] copying ainex_arm/hand_node.py -> /home/vgi/ainex_ws/build/ainex_arm/build/lib/ainex_arm
[1.952s] running install
[1.961s] running install_lib
[1.991s] copying /home/vgi/ainex_ws/build/ainex_arm/build/lib/ainex_arm/hand_node.py -> /home/vgi/ainex_ws/install/ainex_arm/lib/python3.12/site-packages/ainex_arm
[1.992s] byte-compiling /home/vgi/ainex_ws/install/ainex_arm/lib/python3.12/site-packages/ainex_arm/hand_node.py to hand_node.cpython-312.pyc
[1.995s] running install_data
[1.995s] running install_egg_info
[2.029s] removing '/home/vgi/ainex_ws/install/ainex_arm/lib/python3.12/site-packages/ainex_arm-0.0.0-py3.12.egg-info' (and everything under it)
[2.030s] Copying ../../build/ainex_arm/ainex_arm.egg-info to /home/vgi/ainex_ws/install/ainex_arm/lib/python3.12/site-packages/ainex_arm-0.0.0-py3.12.egg-info
[2.031s] running install_scripts
[2.264s] Installing hand_node script to /home/vgi/ainex_ws/install/ainex_arm/lib/ainex_arm
[2.264s] Installing left_hand_salute script to /home/vgi/ainex_ws/install/ainex_arm/lib/ainex_arm
[2.265s] Installing left_hand_wave script to /home/vgi/ainex_ws/install/ainex_arm/lib/ainex_arm
[2.266s] Installing salute_node script to /home/vgi/ainex_ws/install/ainex_arm/lib/ainex_arm
[2.267s] Installing wave_node script to /home/vgi/ainex_ws/install/ainex_arm/lib/ainex_arm
[2.269s] writing list of installed files to '/home/vgi/ainex_ws/build/ainex_arm/install.log'
[2.368s] Invoked command in '/home/vgi/ainex_ws/src/ainex_arm' returned '0': DEBUGINFOD_URLS=https://debuginfod.ubuntu.com PYTHONPATH=/home/vgi/ainex_ws/build/ainex_arm/prefix_override:/usr/lib/python3/dist-packages/colcon_core/task/python/colcon_distutils_commands:/home/vgi/ainex_ws/install/ainex_arm/lib/python3.12/site-packages:${PYTHONPATH} /usr/bin/python3 -W ignore:setup.py install is deprecated -W ignore:easy_install command is deprecated setup.py egg_info --egg-base ../../build/ainex_arm build --build-base /home/vgi/ainex_ws/build/ainex_arm/build install --record /home/vgi/ainex_ws/build/ainex_arm/install.log --single-version-externally-managed install_data
