[1.355s] Invoking command in '/home/vgi/ainex_ws/src/ainex_arm': DEBUGINFOD_URLS=https://debuginfod.ubuntu.com PYTHONPATH=/home/vgi/ainex_ws/build/ainex_arm/prefix_override:/usr/lib/python3/dist-packages/colcon_core/task/python/colcon_distutils_commands:/home/vgi/ainex_ws/install/ainex_arm/lib/python3.12/site-packages:${PYTHONPATH} /usr/bin/python3 -W ignore:setup.py install is deprecated -W ignore:easy_install command is deprecated setup.py egg_info --egg-base ../../build/ainex_arm build --build-base /home/vgi/ainex_ws/build/ainex_arm/build install --record /home/vgi/ainex_ws/build/ainex_arm/install.log --single-version-externally-managed install_data
[1.741s] running egg_info
[1.767s] writing ../../build/ainex_arm/ainex_arm.egg-info/PKG-INFO
[1.767s] writing dependency_links to ../../build/ainex_arm/ainex_arm.egg-info/dependency_links.txt
[1.768s] writing entry points to ../../build/ainex_arm/ainex_arm.egg-info/entry_points.txt
[1.769s] writing requirements to ../../build/ainex_arm/ainex_arm.egg-info/requires.txt
[1.769s] writing top-level names to ../../build/ainex_arm/ainex_arm.egg-info/top_level.txt
[1.827s] reading manifest file '../../build/ainex_arm/ainex_arm.egg-info/SOURCES.txt'
[1.828s] writing manifest file '../../build/ainex_arm/ainex_arm.egg-info/SOURCES.txt'
[1.828s] running build
[1.828s] running build_py
[1.829s] copying ainex_arm/hand_node.py -> /home/vgi/ainex_ws/build/ainex_arm/build/lib/ainex_arm
[1.829s] running install
[1.839s] running install_lib
[1.872s] copying /home/vgi/ainex_ws/build/ainex_arm/build/lib/ainex_arm/hand_node.py -> /home/vgi/ainex_ws/install/ainex_arm/lib/python3.12/site-packages/ainex_arm
[1.873s] byte-compiling /home/vgi/ainex_ws/install/ainex_arm/lib/python3.12/site-packages/ainex_arm/hand_node.py to hand_node.cpython-312.pyc
[1.877s] running install_data
[1.877s] running install_egg_info
[1.909s] removing '/home/vgi/ainex_ws/install/ainex_arm/lib/python3.12/site-packages/ainex_arm-0.0.0-py3.12.egg-info' (and everything under it)
[1.912s] Copying ../../build/ainex_arm/ainex_arm.egg-info to /home/vgi/ainex_ws/install/ainex_arm/lib/python3.12/site-packages/ainex_arm-0.0.0-py3.12.egg-info
[1.913s] running install_scripts
[2.114s] Installing hand_node script to /home/vgi/ainex_ws/install/ainex_arm/lib/ainex_arm
[2.115s] Installing left_hand_salute script to /home/vgi/ainex_ws/install/ainex_arm/lib/ainex_arm
[2.140s] Installing left_hand_wave script to /home/vgi/ainex_ws/install/ainex_arm/lib/ainex_arm
[2.142s] Installing salute_node script to /home/vgi/ainex_ws/install/ainex_arm/lib/ainex_arm
[2.143s] Installing wave_node script to /home/vgi/ainex_ws/install/ainex_arm/lib/ainex_arm
[2.145s] writing list of installed files to '/home/vgi/ainex_ws/build/ainex_arm/install.log'
[2.226s] Invoked command in '/home/vgi/ainex_ws/src/ainex_arm' returned '0': DEBUGINFOD_URLS=https://debuginfod.ubuntu.com PYTHONPATH=/home/vgi/ainex_ws/build/ainex_arm/prefix_override:/usr/lib/python3/dist-packages/colcon_core/task/python/colcon_distutils_commands:/home/vgi/ainex_ws/install/ainex_arm/lib/python3.12/site-packages:${PYTHONPATH} /usr/bin/python3 -W ignore:setup.py install is deprecated -W ignore:easy_install command is deprecated setup.py egg_info --egg-base ../../build/ainex_arm build --build-base /home/vgi/ainex_ws/build/ainex_arm/build install --record /home/vgi/ainex_ws/build/ainex_arm/install.log --single-version-externally-managed install_data
